#
# A fatal error has been detected by the Java Runtime Environment:
#
#  SIGSEGV (0xb) at pc=0x00007f2cd1aa0720, pid=18527, tid=139830484670208
#
# JRE version: Java(TM) SE Runtime Environment (8.0_66-b17) (build 1.8.0_66-b17)
# Java VM: Java HotSpot(TM) 64-Bit Server VM (25.66-b17 mixed mode linux-amd64 compressed oops)
# Problematic frame:
# C  [libc.so.6+0x90720]
#
# Failed to write core dump. Core dumps have been disabled. To enable core dumping, try "ulimit -c unlimited" before starting Java again
#
# If you would like to submit a bug report, please visit:
#   http://bugreport.java.com/bugreport/crash.jsp
# The crash happened outside the Java Virtual Machine in native code.
# See problematic frame for where to report the bug.
#

---------------  T H R E A D  ---------------

Current thread (0x00007f2ccc009800):  JavaThread "main" [_thread_in_native, id=18528, stack(0x00007f2cd24e1000,0x00007f2cd25e2000)]

siginfo: si_signo: 11 (SIGSEGV), si_code: 1 (SEGV_MAPERR), si_addr: 0x0000000000000000

Registers:
RAX=0xffff80d32ffe2f40, RBX=0x0000000000000000, RCX=0x0000000000000080, RDX=0x0000000000000040
RSP=0x00007f2cd25e02e8, RBP=0x0000000000000003, RSI=0x0000000000000000, RDI=0x00007f2cd001d080
R8 =0x00007f2ccc2c18e0, R9 =0x0000000000000010, R10=0x0000000000000000, R11=0x0000000000000003
R12=0x0000000000000040, R13=0x0000000000000010, R14=0x00007f2ccc2c18d8, R15=0x0000000000000010
RIP=0x00007f2cd1aa0720, EFLAGS=0x0000000000010206, CSGSFS=0x0000000000000033, ERR=0x0000000000000004
  TRAPNO=0x000000000000000e

Top of Stack: (sp=0x00007f2cd25e02e8)
0x00007f2cd25e02e8:   00007f2cab1ad186 0000000000000000
0x00007f2cd25e02f8:   0000000400000100 0000000100000000
0x00007f2cd25e0308:   00007f2ccc29da78 00007f2ccc2c16c8
0x00007f2cd25e0318:   00007f2ccc2c18d8 00007f2ccc2c16f8
0x00007f2cd25e0328:   0000000000000002 0000000000000010
0x00007f2cd25e0338:   00007f2cab1adbfe ffffffffffffffff
0x00007f2cd25e0348:   00007f2ccc2c1bf0 0000000000000000
0x00007f2cd25e0358:   0000000000000000 ffffffff00000000
0x00007f2cd25e0368:   0000000300000003 00007f2ccc2c16c8
0x00007f2cd25e0378:   00007f2ccc2c16f8 ffffffffffffffff
0x00007f2cd25e0388:   ffffffffffffffff ffffffffffffffff
0x00007f2cd25e0398:   00007f2ccc29da78 0000000000000000
0x00007f2cd25e03a8:   00007f2ccc3dc4f0 0000000000000000
0x00007f2cd25e03b8:   0000000000000000 00007f2ccc3dc2b0
0x00007f2cd25e03c8:   00007f2caac7135b 0000000000000000
0x00007f2cd25e03d8:   ffffffffffffffff 1680021400000fe4
0x00007f2cd25e03e8:   00007f2cab180282 00007f2ccc29da78
0x00007f2cd25e03f8:   0000000000000000 0000000000000000
0x00007f2cd25e0408:   00007f2cab1e38fd 00007f2ccc564ed0
0x00007f2cd25e0418:   00007f2ccc3dc2b0 0000000000000000
0x00007f2cd25e0428:   0000000000000000 00007f2ccc7c74a0
0x00007f2cd25e0438:   0000000000000000 00007f2ccc3dc2b0
0x00007f2cd25e0448:   0000000000000001 00007f2ccc29da78
0x00007f2cd25e0458:   00000000000001e0 00007f2ccc3dc2b0
0x00007f2cd25e0468:   00007f2cab1e29e0 0000000000000000
0x00007f2cd25e0478:   b3a79ffe011f3500 0000000000007e40
0x00007f2cd25e0488:   00007f2ccc29da78 00007f2cab5d4218
0x00007f2cd25e0498:   0000000000000025 00007f2cd25e0610
0x00007f2cd25e04a8:   0000000000000000 00007f2cab5d4218
0x00007f2cd25e04b8:   00007f2cab1add06 0922208060003f01
0x00007f2cd25e04c8:   00007f2ccc29da78 00007f2cab5d4218
0x00007f2cd25e04d8:   0000000000000025 00007f2cd25e0610 

Instructions: (pc=0x00007f2cd1aa0720)
0x00007f2cd1aa0700:   48 89 f0 48 8d 0c 12 48 29 f8 48 29 d0 48 39 c8
0x00007f2cd1aa0710:   0f 82 07 01 00 00 48 83 fa 10 0f 86 8b 01 00 00
0x00007f2cd1aa0720:   f3 44 0f 6f 06 48 83 fa 20 f3 44 0f 7f 07 f3 44
0x00007f2cd1aa0730:   0f 6f 44 16 f0 f3 44 0f 7f 44 17 f0 77 12 48 89 

Register to memory mapping:

RAX=0xffff80d32ffe2f40 is an unknown value
RBX=0x0000000000000000 is an unknown value
RCX=0x0000000000000080 is an unknown value
RDX=0x0000000000000040 is an unknown value
RSP=0x00007f2cd25e02e8 is pointing into the stack for thread: 0x00007f2ccc009800
RBP=0x0000000000000003 is an unknown value
RSI=0x0000000000000000 is an unknown value
RDI=0x00007f2cd001d080 is an unknown value
R8 =0x00007f2ccc2c18e0 is an unknown value
R9 =0x0000000000000010 is an unknown value
R10=0x0000000000000000 is an unknown value
R11=0x0000000000000003 is an unknown value
R12=0x0000000000000040 is an unknown value
R13=0x0000000000000010 is an unknown value
R14=0x00007f2ccc2c18d8 is an unknown value
R15=0x0000000000000010 is an unknown value


Stack: [0x00007f2cd24e1000,0x00007f2cd25e2000],  sp=0x00007f2cd25e02e8,  free space=1020k
Native frames: (J=compiled Java code, j=interpreted, Vv=VM code, C=native code)
C  [libc.so.6+0x90720]

Java frames: (J=compiled Java code, j=interpreted, Vv=VM code)
j  org.lwjgl.system.JNI.callIIIV(JIII)V+0
j  org.lwjgl.opengl.GL11.glDrawArrays(III)V+11
j  ObjectRenderer.render()V+21
j  Client.render()V+52
j  Client.loop()V+22
j  Client.run()V+5
j  ClientLoader.main([Ljava/lang/String;)V+25
v  ~StubRoutines::call_stub

---------------  P R O C E S S  ---------------

Java Threads: ( => current thread )
  0x00007f2ccc195000 JavaThread "Service Thread" daemon [_thread_blocked, id=18540, stack(0x00007f2cb96e6000,0x00007f2cb97e7000)]
  0x00007f2ccc188000 JavaThread "C1 CompilerThread2" daemon [_thread_blocked, id=18539, stack(0x00007f2cb97e7000,0x00007f2cb98e8000)]
  0x00007f2ccc186800 JavaThread "C2 CompilerThread1" daemon [_thread_blocked, id=18538, stack(0x00007f2cb98e8000,0x00007f2cb99e9000)]
  0x00007f2ccc183800 JavaThread "C2 CompilerThread0" daemon [_thread_blocked, id=18537, stack(0x00007f2cb99e9000,0x00007f2cb9aea000)]
  0x00007f2ccc182000 JavaThread "Signal Dispatcher" daemon [_thread_blocked, id=18536, stack(0x00007f2cb9aea000,0x00007f2cb9beb000)]
  0x00007f2ccc145800 JavaThread "Finalizer" daemon [_thread_blocked, id=18535, stack(0x00007f2cb9d1b000,0x00007f2cb9e1c000)]
  0x00007f2ccc143800 JavaThread "Reference Handler" daemon [_thread_blocked, id=18534, stack(0x00007f2cb9e1c000,0x00007f2cb9f1d000)]
=>0x00007f2ccc009800 JavaThread "main" [_thread_in_native, id=18528, stack(0x00007f2cd24e1000,0x00007f2cd25e2000)]

Other Threads:
  0x00007f2ccc13e800 VMThread [stack: 0x00007f2cb9f1d000,0x00007f2cba01e000] [id=18533]
  0x00007f2ccc198000 WatcherThread [stack: 0x00007f2cb95e5000,0x00007f2cb96e6000] [id=18541]

VM state:not at safepoint (normal execution)

VM Mutex/Monitor currently owned by a thread: None

Heap:
 PSYoungGen      total 17920K, used 12230K [0x00000000ec780000, 0x00000000edb80000, 0x0000000100000000)
  eden space 15360K, 79% used [0x00000000ec780000,0x00000000ed371a78,0x00000000ed680000)
  from space 2560K, 0% used [0x00000000ed900000,0x00000000ed900000,0x00000000edb80000)
  to   space 2560K, 0% used [0x00000000ed680000,0x00000000ed680000,0x00000000ed900000)
 ParOldGen       total 40960K, used 0K [0x00000000c5600000, 0x00000000c7e00000, 0x00000000ec780000)
  object space 40960K, 0% used [0x00000000c5600000,0x00000000c5600000,0x00000000c7e00000)
 Metaspace       used 6986K, capacity 8280K, committed 8576K, reserved 1056768K
  class space    used 517K, capacity 584K, committed 640K, reserved 1048576K

Card table byte_map: [0x00007f2cbc018000,0x00007f2cbc1ee000] byte_map_base: 0x00007f2cbb9ed000

Marking Bits: (ParMarkBitMap*) 0x00007f2cd19e5020
 Begin Bits: [0x00007f2cb22b0000, 0x00007f2cb3158000)
 End Bits:   [0x00007f2cb3158000, 0x00007f2cb4000000)

Polling page: 0x00007f2cd260d000

CodeCache: size=245760Kb used=1920Kb max_used=1931Kb free=243839Kb
 bounds [0x00007f2cbc5ae000, 0x00007f2cbc81e000, 0x00007f2ccb5ae000]
 total_blobs=930 nmethods=285 adapters=560
 compilation: enabled

Compilation events (10 events):
Event: 0.480 Thread 0x00007f2ccc188000  280       3       java.lang.ClassLoader::loadClass (7 bytes)
Event: 0.480 Thread 0x00007f2ccc188000 nmethod 280 0x00007f2cbc788050 code [0x00007f2cbc7881c0, 0x00007f2cbc7883c8]
Event: 0.480 Thread 0x00007f2ccc188000  281       3       sun.misc.Launcher$AppClassLoader::loadClass (85 bytes)
Event: 0.480 Thread 0x00007f2ccc183800  283       4       java.util.concurrent.ConcurrentHashMap::tabAt (21 bytes)
Event: 0.481 Thread 0x00007f2ccc183800 nmethod 283 0x00007f2cbc78e1d0 code [0x00007f2cbc78e300, 0x00007f2cbc78e358]
Event: 0.481 Thread 0x00007f2ccc183800  284       4       java.util.concurrent.ConcurrentHashMap::casTabAt (20 bytes)
Event: 0.481 Thread 0x00007f2ccc188000 nmethod 281 0x00007f2cbc788c50 code [0x00007f2cbc788e80, 0x00007f2cbc789b88]
Event: 0.481 Thread 0x00007f2ccc188000  282  s    3       sun.misc.URLClassPath::knownToNotExist (24 bytes)
Event: 0.481 Thread 0x00007f2ccc188000 nmethod 282 0x00007f2cbc78f510 code [0x00007f2cbc78f680, 0x00007f2cbc78fa48]
Event: 0.482 Thread 0x00007f2ccc183800 nmethod 284 0x00007f2cbc78f310 code [0x00007f2cbc78f440, 0x00007f2cbc78f4b8]

GC Heap History (0 events):
No events

Deoptimization events (0 events):
No events

Internal exceptions (2 events):
Event: 0.029 Thread 0x00007f2ccc009800 Exception <a 'java/lang/NoSuchMethodError': Method sun.misc.Unsafe.defineClass(Ljava/lang/String;[BII)Ljava/lang/Class; name or signature does not match> (0x00000000ec792b98) thrown at [/HUDSON/workspace/8-2-build-linux-amd64/jdk8u66/4988/hotspot/src/shar
Event: 0.029 Thread 0x00007f2ccc009800 Exception <a 'java/lang/NoSuchMethodError': Method sun.misc.Unsafe.prefetchRead(Ljava/lang/Object;J)V name or signature does not match> (0x00000000ec792e80) thrown at [/HUDSON/workspace/8-2-build-linux-amd64/jdk8u66/4988/hotspot/src/share/vm/prims/jni.cpp

Events (10 events):
Event: 0.479 loading class java/io/IOException
Event: 0.479 loading class java/io/IOException done
Event: 0.481 loading class org/lwjgl/stb/STBTTAlignedQuad
Event: 0.481 loading class org/lwjgl/stb/STBTTAlignedQuad done
Event: 0.482 loading class ObjectRenderer
Event: 0.482 loading class ObjectRenderer done
Event: 0.483 loading class org/lwjgl/glfw/GLFWKeyCallback$1
Event: 0.483 loading class org/lwjgl/glfw/GLFWKeyCallback$1 done
Event: 0.485 loading class Client$1
Event: 0.485 loading class Client$1 done


Dynamic libraries:
00400000-00401000 r-xp 00000000 08:01 7085876                            /usr/lib/jvm/java-8-oracle/jre/bin/java
00600000-00601000 rw-p 00000000 08:01 7085876                            /usr/lib/jvm/java-8-oracle/jre/bin/java
008f1000-00912000 rw-p 00000000 00:00 0                                  [heap]
c5600000-c7e00000 rw-p 00000000 00:00 0 
c7e00000-ec780000 ---p 00000000 00:00 0 
ec780000-edb80000 rw-p 00000000 00:00 0 
edb80000-100000000 ---p 00000000 00:00 0 
100000000-1000a0000 rw-p 00000000 00:00 0 
1000a0000-140000000 ---p 00000000 00:00 0 
7f2c7c000000-7f2c7c021000 rw-p 00000000 00:00 0 
7f2c7c021000-7f2c80000000 ---p 00000000 00:00 0 
7f2c80000000-7f2c80021000 rw-p 00000000 00:00 0 
7f2c80021000-7f2c84000000 ---p 00000000 00:00 0 
7f2c84000000-7f2c84057000 rw-p 00000000 00:00 0 
7f2c84057000-7f2c88000000 ---p 00000000 00:00 0 
7f2c88000000-7f2c8819c000 rw-p 00000000 00:00 0 
7f2c8819c000-7f2c8c000000 ---p 00000000 00:00 0 
7f2c8c000000-7f2c8c021000 rw-p 00000000 00:00 0 
7f2c8c021000-7f2c90000000 ---p 00000000 00:00 0 
7f2c90000000-7f2c9012a000 rw-p 00000000 00:00 0 
7f2c9012a000-7f2c94000000 ---p 00000000 00:00 0 
7f2c94000000-7f2c94021000 rw-p 00000000 00:00 0 
7f2c94021000-7f2c98000000 ---p 00000000 00:00 0 
7f2c98000000-7f2c98021000 rw-p 00000000 00:00 0 
7f2c98021000-7f2c9c000000 ---p 00000000 00:00 0 
7f2c9c000000-7f2c9c021000 rw-p 00000000 00:00 0 
7f2c9c021000-7f2ca0000000 ---p 00000000 00:00 0 
7f2ca0000000-7f2ca0021000 rw-p 00000000 00:00 0 
7f2ca0021000-7f2ca4000000 ---p 00000000 00:00 0 
7f2ca4000000-7f2ca4021000 rw-p 00000000 00:00 0 
7f2ca4021000-7f2ca8000000 ---p 00000000 00:00 0 
7f2ca8b3b000-7f2ca9cd9000 rw-p 00000000 00:00 0 
7f2ca9cd9000-7f2ca9d10000 r-xp 00000000 08:01 7476861                    /usr/lib/x86_64-linux-gnu/libtxc_dxtn_s2tc.so.0.0.0
7f2ca9d10000-7f2ca9f0f000 ---p 00037000 08:01 7476861                    /usr/lib/x86_64-linux-gnu/libtxc_dxtn_s2tc.so.0.0.0
7f2ca9f0f000-7f2ca9f10000 r--p 00036000 08:01 7476861                    /usr/lib/x86_64-linux-gnu/libtxc_dxtn_s2tc.so.0.0.0
7f2ca9f10000-7f2ca9f11000 rw-p 00037000 08:01 7476861                    /usr/lib/x86_64-linux-gnu/libtxc_dxtn_s2tc.so.0.0.0
7f2ca9f11000-7f2ca9f2b000 r-xp 00000000 08:01 2361412                    /lib/x86_64-linux-gnu/libz.so.1.2.8
7f2ca9f2b000-7f2caa12a000 ---p 0001a000 08:01 2361412                    /lib/x86_64-linux-gnu/libz.so.1.2.8
7f2caa12a000-7f2caa12b000 r--p 00019000 08:01 2361412                    /lib/x86_64-linux-gnu/libz.so.1.2.8
7f2caa12b000-7f2caa12c000 rw-p 0001a000 08:01 2361412                    /lib/x86_64-linux-gnu/libz.so.1.2.8
7f2caa12c000-7f2caa134000 r-xp 00000000 08:01 7476483                    /usr/lib/x86_64-linux-gnu/libpciaccess.so.0.11.1
7f2caa134000-7f2caa334000 ---p 00008000 08:01 7476483                    /usr/lib/x86_64-linux-gnu/libpciaccess.so.0.11.1
7f2caa334000-7f2caa335000 r--p 00008000 08:01 7476483                    /usr/lib/x86_64-linux-gnu/libpciaccess.so.0.11.1
7f2caa335000-7f2caa336000 rw-p 00009000 08:01 7476483                    /usr/lib/x86_64-linux-gnu/libpciaccess.so.0.11.1
7f2caa336000-7f2caa34c000 r-xp 00000000 08:01 2361273                    /lib/x86_64-linux-gnu/libgcc_s.so.1
7f2caa34c000-7f2caa54b000 ---p 00016000 08:01 2361273                    /lib/x86_64-linux-gnu/libgcc_s.so.1
7f2caa54b000-7f2caa54c000 rw-p 00015000 08:01 2361273                    /lib/x86_64-linux-gnu/libgcc_s.so.1
7f2caa54c000-7f2caa638000 r-xp 00000000 08:01 7476755                    /usr/lib/x86_64-linux-gnu/libstdc++.so.6.0.20
7f2caa638000-7f2caa838000 ---p 000ec000 08:01 7476755                    /usr/lib/x86_64-linux-gnu/libstdc++.so.6.0.20
7f2caa838000-7f2caa840000 r--p 000ec000 08:01 7476755                    /usr/lib/x86_64-linux-gnu/libstdc++.so.6.0.20
7f2caa840000-7f2caa842000 rw-p 000f4000 08:01 7476755                    /usr/lib/x86_64-linux-gnu/libstdc++.so.6.0.20
7f2caa842000-7f2caa857000 rw-p 00000000 00:00 0 
7f2caa857000-7f2caa863000 r-xp 00000000 08:01 7475559                    /usr/lib/x86_64-linux-gnu/libdrm_radeon.so.1.0.1
7f2caa863000-7f2caaa62000 ---p 0000c000 08:01 7475559                    /usr/lib/x86_64-linux-gnu/libdrm_radeon.so.1.0.1
7f2caaa62000-7f2caaa63000 r--p 0000b000 08:01 7475559                    /usr/lib/x86_64-linux-gnu/libdrm_radeon.so.1.0.1
7f2caaa63000-7f2caaa64000 rw-p 0000c000 08:01 7475559                    /usr/lib/x86_64-linux-gnu/libdrm_radeon.so.1.0.1
7f2caaa64000-7f2caaa6a000 r-xp 00000000 08:01 7475555                    /usr/lib/x86_64-linux-gnu/libdrm_nouveau.so.2.0.0
7f2caaa6a000-7f2caac69000 ---p 00006000 08:01 7475555                    /usr/lib/x86_64-linux-gnu/libdrm_nouveau.so.2.0.0
7f2caac69000-7f2caac6a000 r--p 00005000 08:01 7475555                    /usr/lib/x86_64-linux-gnu/libdrm_nouveau.so.2.0.0
7f2caac6a000-7f2caac6b000 rw-p 00006000 08:01 7475555                    /usr/lib/x86_64-linux-gnu/libdrm_nouveau.so.2.0.0
7f2caac6b000-7f2caac8c000 r-xp 00000000 08:01 7475551                    /usr/lib/x86_64-linux-gnu/libdrm_intel.so.1.0.0
7f2caac8c000-7f2caae8b000 ---p 00021000 08:01 7475551                    /usr/lib/x86_64-linux-gnu/libdrm_intel.so.1.0.0
7f2caae8b000-7f2caae8c000 r--p 00020000 08:01 7475551                    /usr/lib/x86_64-linux-gnu/libdrm_intel.so.1.0.0
7f2caae8c000-7f2caae8d000 rw-p 00021000 08:01 7475551                    /usr/lib/x86_64-linux-gnu/libdrm_intel.so.1.0.0
7f2caae8d000-7f2cab3ab000 r-xp 00000000 08:01 7473403                    /usr/lib/x86_64-linux-gnu/dri/i965_dri.so
7f2cab3ab000-7f2cab5ab000 ---p 0051e000 08:01 7473403                    /usr/lib/x86_64-linux-gnu/dri/i965_dri.so
7f2cab5ab000-7f2cab5c7000 r--p 0051e000 08:01 7473403                    /usr/lib/x86_64-linux-gnu/dri/i965_dri.so
7f2cab5c7000-7f2cab5cd000 rw-p 0053a000 08:01 7473403                    /usr/lib/x86_64-linux-gnu/dri/i965_dri.so
7f2cab5cd000-7f2cab5d8000 rw-p 00000000 00:00 0 
7f2cab5d8000-7f2cab5e6000 r-xp 00000000 08:01 2361397                    /lib/x86_64-linux-gnu/libudev.so.1.5.0
7f2cab5e6000-7f2cab7e5000 ---p 0000e000 08:01 2361397                    /lib/x86_64-linux-gnu/libudev.so.1.5.0
7f2cab7e5000-7f2cab7e6000 r--p 0000d000 08:01 2361397                    /lib/x86_64-linux-gnu/libudev.so.1.5.0
7f2cab7e6000-7f2cab7e7000 rw-p 0000e000 08:01 2361397                    /lib/x86_64-linux-gnu/libudev.so.1.5.0
7f2cab7e7000-7f2cab7f3000 r-xp 00000000 08:01 7475547                    /usr/lib/x86_64-linux-gnu/libdrm.so.2.4.0
7f2cab7f3000-7f2cab9f2000 ---p 0000c000 08:01 7475547                    /usr/lib/x86_64-linux-gnu/libdrm.so.2.4.0
7f2cab9f2000-7f2cab9f3000 r--p 0000b000 08:01 7475547                    /usr/lib/x86_64-linux-gnu/libdrm.so.2.4.0
7f2cab9f3000-7f2cab9f4000 rw-p 0000c000 08:01 7475547                    /usr/lib/x86_64-linux-gnu/libdrm.so.2.4.0
7f2cab9f4000-7f2cab9f5000 r-xp 00000000 08:01 7477146                    /usr/lib/x86_64-linux-gnu/libxshmfence.so.1.0.0
7f2cab9f5000-7f2cabbf4000 ---p 00001000 08:01 7477146                    /usr/lib/x86_64-linux-gnu/libxshmfence.so.1.0.0
7f2cabbf4000-7f2cabbf5000 r--p 00000000 08:01 7477146                    /usr/lib/x86_64-linux-gnu/libxshmfence.so.1.0.0
7f2cabbf5000-7f2cabbf6000 rw-p 00001000 08:01 7477146                    /usr/lib/x86_64-linux-gnu/libxshmfence.so.1.0.0
7f2cabbf6000-7f2cabbfb000 r-xp 00000000 08:01 7477116                    /usr/lib/x86_64-linux-gnu/libxcb-sync.so.1.0.0
7f2cabbfb000-7f2cabdfb000 ---p 00005000 08:01 7477116                    /usr/lib/x86_64-linux-gnu/libxcb-sync.so.1.0.0
7f2cabdfb000-7f2cabdfc000 r--p 00005000 08:01 7477116                    /usr/lib/x86_64-linux-gnu/libxcb-sync.so.1.0.0
7f2cabdfc000-7f2cabdfd000 rw-p 00006000 08:01 7477116                    /usr/lib/x86_64-linux-gnu/libxcb-sync.so.1.0.0
7f2cabdfd000-7f2cabdff000 r-xp 00000000 08:01 7477094                    /usr/lib/x86_64-linux-gnu/libxcb-present.so.0.0.0
7f2cabdff000-7f2cabffe000 ---p 00002000 08:01 7477094                    /usr/lib/x86_64-linux-gnu/libxcb-present.so.0.0.0
7f2cabffe000-7f2cabfff000 r--p 00001000 08:01 7477094                    /usr/lib/x86_64-linux-gnu/libxcb-present.so.0.0.0
7f2cabfff000-7f2cac000000 rw-p 00002000 08:01 7477094                    /usr/lib/x86_64-linux-gnu/libxcb-present.so.0.0.0
7f2cac000000-7f2cac021000 rw-p 00000000 00:00 0 
7f2cac021000-7f2cb0000000 ---p 00000000 00:00 0 
7f2cb013f000-7f2cb0141000 r-xp 00000000 08:01 7477080                    /usr/lib/x86_64-linux-gnu/libxcb-dri3.so.0.0.0
7f2cb0141000-7f2cb0340000 ---p 00002000 08:01 7477080                    /usr/lib/x86_64-linux-gnu/libxcb-dri3.so.0.0.0
7f2cb0340000-7f2cb0341000 r--p 00001000 08:01 7477080                    /usr/lib/x86_64-linux-gnu/libxcb-dri3.so.0.0.0
7f2cb0341000-7f2cb0342000 rw-p 00002000 08:01 7477080                    /usr/lib/x86_64-linux-gnu/libxcb-dri3.so.0.0.0
7f2cb0342000-7f2cb0346000 r-xp 00000000 08:01 7477076                    /usr/lib/x86_64-linux-gnu/libxcb-dri2.so.0.0.0
7f2cb0346000-7f2cb0545000 ---p 00004000 08:01 7477076                    /usr/lib/x86_64-linux-gnu/libxcb-dri2.so.0.0.0
7f2cb0545000-7f2cb0546000 r--p 00003000 08:01 7477076                    /usr/lib/x86_64-linux-gnu/libxcb-dri2.so.0.0.0
7f2cb0546000-7f2cb0547000 rw-p 00004000 08:01 7477076                    /usr/lib/x86_64-linux-gnu/libxcb-dri2.so.0.0.0
7f2cb0547000-7f2cb055e000 r-xp 00000000 08:01 7477084                    /usr/lib/x86_64-linux-gnu/libxcb-glx.so.0.0.0
7f2cb055e000-7f2cb075d000 ---p 00017000 08:01 7477084                    /usr/lib/x86_64-linux-gnu/libxcb-glx.so.0.0.0
7f2cb075d000-7f2cb075f000 r--p 00016000 08:01 7477084                    /usr/lib/x86_64-linux-gnu/libxcb-glx.so.0.0.0
7f2cb075f000-7f2cb0760000 rw-p 00018000 08:01 7477084                    /usr/lib/x86_64-linux-gnu/libxcb-glx.so.0.0.0
7f2cb0760000-7f2cb0761000 r-xp 00000000 08:01 7475209                    /usr/lib/x86_64-linux-gnu/libX11-xcb.so.1.0.0
7f2cb0761000-7f2cb0960000 ---p 00001000 08:01 7475209                    /usr/lib/x86_64-linux-gnu/libX11-xcb.so.1.0.0
7f2cb0960000-7f2cb0961000 r--p 00000000 08:01 7475209                    /usr/lib/x86_64-linux-gnu/libX11-xcb.so.1.0.0
7f2cb0961000-7f2cb0962000 rw-p 00001000 08:01 7475209                    /usr/lib/x86_64-linux-gnu/libX11-xcb.so.1.0.0
7f2cb0962000-7f2cb0964000 r-xp 00000000 08:01 7475234                    /usr/lib/x86_64-linux-gnu/libXdamage.so.1.1.0
7f2cb0964000-7f2cb0b63000 ---p 00002000 08:01 7475234                    /usr/lib/x86_64-linux-gnu/libXdamage.so.1.1.0
7f2cb0b63000-7f2cb0b64000 r--p 00001000 08:01 7475234                    /usr/lib/x86_64-linux-gnu/libXdamage.so.1.1.0
7f2cb0b64000-7f2cb0b65000 rw-p 00002000 08:01 7475234                    /usr/lib/x86_64-linux-gnu/libXdamage.so.1.1.0
7f2cb0b65000-7f2cb0b8a000 r-xp 00000000 08:01 7475798                    /usr/lib/x86_64-linux-gnu/libglapi.so.0.0.0
7f2cb0b8a000-7f2cb0d8a000 ---p 00025000 08:01 7475798                    /usr/lib/x86_64-linux-gnu/libglapi.so.0.0.0
7f2cb0d8a000-7f2cb0d8d000 r--p 00025000 08:01 7475798                    /usr/lib/x86_64-linux-gnu/libglapi.so.0.0.0
7f2cb0d8d000-7f2cb0d8e000 rw-p 00028000 08:01 7475798                    /usr/lib/x86_64-linux-gnu/libglapi.so.0.0.0
7f2cb0d8e000-7f2cb0d8f000 rw-p 00000000 00:00 0 
7f2cb0d8f000-7f2cb0db5000 r-xp 00000000 08:01 2361268                    /lib/x86_64-linux-gnu/libexpat.so.1.6.0
7f2cb0db5000-7f2cb0fb4000 ---p 00026000 08:01 2361268                    /lib/x86_64-linux-gnu/libexpat.so.1.6.0
7f2cb0fb4000-7f2cb0fb7000 r--p 00025000 08:01 2361268                    /lib/x86_64-linux-gnu/libexpat.so.1.6.0
7f2cb0fb7000-7f2cb0fb8000 rw-p 00028000 08:01 2361268                    /lib/x86_64-linux-gnu/libexpat.so.1.6.0
7f2cb0fb8000-7f2cb104e000 r-xp 00000000 08:01 7475030                    /usr/lib/x86_64-linux-gnu/libGL.so.1.2.0
7f2cb104e000-7f2cb124d000 ---p 00096000 08:01 7475030                    /usr/lib/x86_64-linux-gnu/libGL.so.1.2.0
7f2cb124d000-7f2cb1250000 r--p 00095000 08:01 7475030                    /usr/lib/x86_64-linux-gnu/libGL.so.1.2.0
7f2cb1250000-7f2cb1251000 rw-p 00098000 08:01 7475030                    /usr/lib/x86_64-linux-gnu/libGL.so.1.2.0
7f2cb1251000-7f2cb1252000 rw-p 00000000 00:00 0 
7f2cb1252000-7f2cb1257000 r-xp 00000000 08:01 7475238                    /usr/lib/x86_64-linux-gnu/libXdmcp.so.6.0.0
7f2cb1257000-7f2cb1456000 ---p 00005000 08:01 7475238                    /usr/lib/x86_64-linux-gnu/libXdmcp.so.6.0.0
7f2cb1456000-7f2cb1457000 rw-p 00004000 08:01 7475238                    /usr/lib/x86_64-linux-gnu/libXdmcp.so.6.0.0
7f2cb1457000-7f2cb145a000 r-xp 00000000 08:01 7475219                    /usr/lib/x86_64-linux-gnu/libXau.so.6.0.0
7f2cb145a000-7f2cb1659000 ---p 00003000 08:01 7475219                    /usr/lib/x86_64-linux-gnu/libXau.so.6.0.0
7f2cb1659000-7f2cb165a000 r--p 00002000 08:01 7475219                    /usr/lib/x86_64-linux-gnu/libXau.so.6.0.0
7f2cb165a000-7f2cb165b000 rw-p 00003000 08:01 7475219                    /usr/lib/x86_64-linux-gnu/libXau.so.6.0.0
7f2cb165b000-7f2cb1660000 r-xp 00000000 08:01 7475246                    /usr/lib/x86_64-linux-gnu/libXfixes.so.3.1.0
7f2cb1660000-7f2cb185f000 ---p 00005000 08:01 7475246                    /usr/lib/x86_64-linux-gnu/libXfixes.so.3.1.0
7f2cb185f000-7f2cb1860000 r--p 00004000 08:01 7475246                    /usr/lib/x86_64-linux-gnu/libXfixes.so.3.1.0
7f2cb1860000-7f2cb1861000 rw-p 00005000 08:01 7475246                    /usr/lib/x86_64-linux-gnu/libXfixes.so.3.1.0
7f2cb1861000-7f2cb186a000 r-xp 00000000 08:01 7475277                    /usr/lib/x86_64-linux-gnu/libXrender.so.1.3.0
7f2cb186a000-7f2cb1a69000 ---p 00009000 08:01 7475277                    /usr/lib/x86_64-linux-gnu/libXrender.so.1.3.0
7f2cb1a69000-7f2cb1a6a000 r--p 00008000 08:01 7475277                    /usr/lib/x86_64-linux-gnu/libXrender.so.1.3.0
7f2cb1a6a000-7f2cb1a6b000 rw-p 00009000 08:01 7475277                    /usr/lib/x86_64-linux-gnu/libXrender.so.1.3.0
7f2cb1a6b000-7f2cb1a7c000 r-xp 00000000 08:01 7475242                    /usr/lib/x86_64-linux-gnu/libXext.so.6.4.0
7f2cb1a7c000-7f2cb1c7b000 ---p 00011000 08:01 7475242                    /usr/lib/x86_64-linux-gnu/libXext.so.6.4.0
7f2cb1c7b000-7f2cb1c7c000 r--p 00010000 08:01 7475242                    /usr/lib/x86_64-linux-gnu/libXext.so.6.4.0
7f2cb1c7c000-7f2cb1c7d000 rw-p 00011000 08:01 7475242                    /usr/lib/x86_64-linux-gnu/libXext.so.6.4.0
7f2cb1c7d000-7f2cb1c9e000 r-xp 00000000 08:01 7477132                    /usr/lib/x86_64-linux-gnu/libxcb.so.1.1.0
7f2cb1c9e000-7f2cb1e9d000 ---p 00021000 08:01 7477132                    /usr/lib/x86_64-linux-gnu/libxcb.so.1.1.0
7f2cb1e9d000-7f2cb1e9e000 r--p 00020000 08:01 7477132                    /usr/lib/x86_64-linux-gnu/libxcb.so.1.1.0
7f2cb1e9e000-7f2cb1e9f000 rw-p 00021000 08:01 7477132                    /usr/lib/x86_64-linux-gnu/libxcb.so.1.1.0
7f2cb1e9f000-7f2cb1ea9000 r-xp 00000000 08:01 7475230                    /usr/lib/x86_64-linux-gnu/libXcursor.so.1.0.2
7f2cb1ea9000-7f2cb20a8000 ---p 0000a000 08:01 7475230                    /usr/lib/x86_64-linux-gnu/libXcursor.so.1.0.2
7f2cb20a8000-7f2cb20a9000 r--p 00009000 08:01 7475230                    /usr/lib/x86_64-linux-gnu/libXcursor.so.1.0.2
7f2cb20a9000-7f2cb20aa000 rw-p 0000a000 08:01 7475230                    /usr/lib/x86_64-linux-gnu/libXcursor.so.1.0.2
7f2cb20aa000-7f2cb20af000 r-xp 00000000 08:01 7475297                    /usr/lib/x86_64-linux-gnu/libXxf86vm.so.1.0.0
7f2cb20af000-7f2cb22ae000 ---p 00005000 08:01 7475297                    /usr/lib/x86_64-linux-gnu/libXxf86vm.so.1.0.0
7f2cb22ae000-7f2cb22af000 r--p 00004000 08:01 7475297                    /usr/lib/x86_64-linux-gnu/libXxf86vm.so.1.0.0
7f2cb22af000-7f2cb22b0000 rw-p 00005000 08:01 7475297                    /usr/lib/x86_64-linux-gnu/libXxf86vm.so.1.0.0
7f2cb22b0000-7f2cb4000000 rw-p 00000000 00:00 0 
7f2cb4000000-7f2cb4021000 rw-p 00000000 00:00 0 
7f2cb4021000-7f2cb8000000 ---p 00000000 00:00 0 
7f2cb8087000-7f2cb8096000 r-xp 00000000 08:01 7475256                    /usr/lib/x86_64-linux-gnu/libXi.so.6.1.0
7f2cb8096000-7f2cb8295000 ---p 0000f000 08:01 7475256                    /usr/lib/x86_64-linux-gnu/libXi.so.6.1.0
7f2cb8295000-7f2cb8296000 r--p 0000e000 08:01 7475256                    /usr/lib/x86_64-linux-gnu/libXi.so.6.1.0
7f2cb8296000-7f2cb8297000 rw-p 0000f000 08:01 7475256                    /usr/lib/x86_64-linux-gnu/libXi.so.6.1.0
7f2cb8297000-7f2cb8299000 r-xp 00000000 08:01 7475260                    /usr/lib/x86_64-linux-gnu/libXinerama.so.1.0.0
7f2cb8299000-7f2cb8498000 ---p 00002000 08:01 7475260                    /usr/lib/x86_64-linux-gnu/libXinerama.so.1.0.0
7f2cb8498000-7f2cb8499000 r--p 00001000 08:01 7475260                    /usr/lib/x86_64-linux-gnu/libXinerama.so.1.0.0
7f2cb8499000-7f2cb849a000 rw-p 00002000 08:01 7475260                    /usr/lib/x86_64-linux-gnu/libXinerama.so.1.0.0
7f2cb849a000-7f2cb84a3000 r-xp 00000000 08:01 7475273                    /usr/lib/x86_64-linux-gnu/libXrandr.so.2.2.0
7f2cb84a3000-7f2cb86a2000 ---p 00009000 08:01 7475273                    /usr/lib/x86_64-linux-gnu/libXrandr.so.2.2.0
7f2cb86a2000-7f2cb86a3000 r--p 00008000 08:01 7475273                    /usr/lib/x86_64-linux-gnu/libXrandr.so.2.2.0
7f2cb86a3000-7f2cb86a4000 rw-p 00009000 08:01 7475273                    /usr/lib/x86_64-linux-gnu/libXrandr.so.2.2.0
7f2cb86a4000-7f2cb87e0000 r-xp 00000000 08:01 7475213                    /usr/lib/x86_64-linux-gnu/libX11.so.6.3.0
7f2cb87e0000-7f2cb89df000 ---p 0013c000 08:01 7475213                    /usr/lib/x86_64-linux-gnu/libX11.so.6.3.0
7f2cb89df000-7f2cb89e1000 r--p 0013b000 08:01 7475213                    /usr/lib/x86_64-linux-gnu/libX11.so.6.3.0
7f2cb89e1000-7f2cb89e6000 rw-p 0013d000 08:01 7475213                    /usr/lib/x86_64-linux-gnu/libX11.so.6.3.0
7f2cb89e6000-7f2cb89e7000 rw-p 00000000 00:00 0 
7f2cb89e7000-7f2cb89eb000 r-xp 00000000 08:01 3801170                    /root/Desktop/Programming/Java/Elements Game/lib/lwjgl/native/libglfw.so
7f2cb89eb000-7f2cb89ff000 r-xp 00000000 00:00 0 
7f2cb89ff000-7f2cb8bfe000 ---p 00018000 08:01 3801170                    /root/Desktop/Programming/Java/Elements Game/lib/lwjgl/native/libglfw.so
7f2cb8bfe000-7f2cb8bff000 rw-p 0000d000 08:01 3801170                    /root/Desktop/Programming/Java/Elements Game/lib/lwjgl/native/libglfw.so
7f2cb8bff000-7f2cb9000000 rw-p 00000000 00:00 0 
7f2cb9140000-7f2cb9143000 r-xp 00000000 08:01 3801176                    /root/Desktop/Programming/Java/Elements Game/lib/lwjgl/native/libjemalloc.so
7f2cb9143000-7f2cb917f000 r-xp 00000000 00:00 0 
7f2cb917f000-7f2cb937e000 ---p 0003f000 08:01 3801176                    /root/Desktop/Programming/Java/Elements Game/lib/lwjgl/native/libjemalloc.so
7f2cb937e000-7f2cb9380000 r--p 0001c000 08:01 3801176                    /root/Desktop/Programming/Java/Elements Game/lib/lwjgl/native/libjemalloc.so
7f2cb9380000-7f2cb9381000 rw-p 0001e000 08:01 3801176                    /root/Desktop/Programming/Java/Elements Game/lib/lwjgl/native/libjemalloc.so
7f2cb9381000-7f2cb9382000 rw-p 00000000 00:00 0 
7f2cb9382000-7f2cb938f000 r-xp 00000000 08:01 3801182                    /root/Desktop/Programming/Java/Elements Game/lib/lwjgl/native/liblwjgl.so
7f2cb938f000-7f2cb93e3000 r-xp 00000000 00:00 0 
7f2cb93e3000-7f2cb95e2000 ---p 00061000 08:01 3801182                    /root/Desktop/Programming/Java/Elements Game/lib/lwjgl/native/liblwjgl.so
7f2cb95e2000-7f2cb95e4000 rw-p 00033000 08:01 3801182                    /root/Desktop/Programming/Java/Elements Game/lib/lwjgl/native/liblwjgl.so
7f2cb95e4000-7f2cb95e5000 rw-p 00000000 00:00 0 
7f2cb95e5000-7f2cb95e6000 ---p 00000000 00:00 0 
7f2cb95e6000-7f2cb96e6000 rw-p 00000000 00:00 0                          [stack:18541]
7f2cb96e6000-7f2cb96e9000 ---p 00000000 00:00 0 
7f2cb96e9000-7f2cb97e7000 rw-p 00000000 00:00 0                          [stack:18540]
7f2cb97e7000-7f2cb97ea000 ---p 00000000 00:00 0 
7f2cb97ea000-7f2cb98e8000 rw-p 00000000 00:00 0                          [stack:18539]
7f2cb98e8000-7f2cb98eb000 ---p 00000000 00:00 0 
7f2cb98eb000-7f2cb99e9000 rw-p 00000000 00:00 0                          [stack:18538]
7f2cb99e9000-7f2cb99ec000 ---p 00000000 00:00 0 
7f2cb99ec000-7f2cb9aea000 rw-p 00000000 00:00 0                          [stack:18537]
7f2cb9aea000-7f2cb9aed000 ---p 00000000 00:00 0 
7f2cb9aed000-7f2cb9beb000 rw-p 00000000 00:00 0                          [stack:18536]
7f2cb9beb000-7f2cb9d1b000 r--p 00000000 08:01 6817861                    /usr/lib/locale/fr_LU.utf8/LC_COLLATE
7f2cb9d1b000-7f2cb9d1e000 ---p 00000000 00:00 0 
7f2cb9d1e000-7f2cb9e1c000 rw-p 00000000 00:00 0                          [stack:18535]
7f2cb9e1c000-7f2cb9e1f000 ---p 00000000 00:00 0 
7f2cb9e1f000-7f2cb9f1d000 rw-p 00000000 00:00 0                          [stack:18534]
7f2cb9f1d000-7f2cb9f1e000 ---p 00000000 00:00 0 
7f2cb9f1e000-7f2cbaf2d000 rw-p 00000000 00:00 0                          [stack:18533]
7f2cbaf2d000-7f2cbb106000 r--s 03d20000 08:01 7085982                    /usr/lib/jvm/java-8-oracle/jre/lib/rt.jar
7f2cbb106000-7f2cbb8c6000 rw-p 00000000 00:00 0 
7f2cbb8c6000-7f2cbb906000 ---p 00000000 00:00 0 
7f2cbb906000-7f2cbbadb000 rw-p 00000000 00:00 0 
7f2cbbadb000-7f2cbbadc000 ---p 00000000 00:00 0 
7f2cbbadc000-7f2cbbbdc000 rw-p 00000000 00:00 0                          [stack:18532]
7f2cbbbdc000-7f2cbbbdd000 ---p 00000000 00:00 0 
7f2cbbbdd000-7f2cbbcdd000 rw-p 00000000 00:00 0                          [stack:18531]
7f2cbbcdd000-7f2cbbcde000 ---p 00000000 00:00 0 
7f2cbbcde000-7f2cbbdde000 rw-p 00000000 00:00 0                          [stack:18530]
7f2cbbdde000-7f2cbbddf000 ---p 00000000 00:00 0 
7f2cbbddf000-7f2cbbef3000 rw-p 00000000 00:00 0                          [stack:18529]
7f2cbbef3000-7f2cbc018000 ---p 00000000 00:00 0 
7f2cbc018000-7f2cbc02c000 rw-p 00000000 00:00 0 
7f2cbc02c000-7f2cbc150000 ---p 00000000 00:00 0 
7f2cbc150000-7f2cbc15b000 rw-p 00000000 00:00 0 
7f2cbc15b000-7f2cbc1ed000 ---p 00000000 00:00 0 
7f2cbc1ed000-7f2cbc1f8000 rw-p 00000000 00:00 0 
7f2cbc1f8000-7f2cbc5ae000 ---p 00000000 00:00 0 
7f2cbc5ae000-7f2cbc81e000 rwxp 00000000 00:00 0 
7f2cbc81e000-7f2ccb5ae000 ---p 00000000 00:00 0 
7f2ccb5ae000-7f2ccb5c8000 r-xp 00000000 08:01 7216047                    /usr/lib/jvm/java-8-oracle/jre/lib/amd64/libzip.so
7f2ccb5c8000-7f2ccb7c8000 ---p 0001a000 08:01 7216047                    /usr/lib/jvm/java-8-oracle/jre/lib/amd64/libzip.so
7f2ccb7c8000-7f2ccb7c9000 rw-p 0001a000 08:01 7216047                    /usr/lib/jvm/java-8-oracle/jre/lib/amd64/libzip.so
7f2ccb7c9000-7f2ccb7d4000 r-xp 00000000 08:01 2361332                    /lib/x86_64-linux-gnu/libnss_files-2.19.so
7f2ccb7d4000-7f2ccb9d3000 ---p 0000b000 08:01 2361332                    /lib/x86_64-linux-gnu/libnss_files-2.19.so
7f2ccb9d3000-7f2ccb9d4000 r--p 0000a000 08:01 2361332                    /lib/x86_64-linux-gnu/libnss_files-2.19.so
7f2ccb9d4000-7f2ccb9d5000 rw-p 0000b000 08:01 2361332                    /lib/x86_64-linux-gnu/libnss_files-2.19.so
7f2ccb9d5000-7f2ccb9df000 r-xp 00000000 08:01 2361343                    /lib/x86_64-linux-gnu/libnss_nis-2.19.so
7f2ccb9df000-7f2ccbbde000 ---p 0000a000 08:01 2361343                    /lib/x86_64-linux-gnu/libnss_nis-2.19.so
7f2ccbbde000-7f2ccbbdf000 r--p 00009000 08:01 2361343                    /lib/x86_64-linux-gnu/libnss_nis-2.19.so
7f2ccbbdf000-7f2ccbbe0000 rw-p 0000a000 08:01 2361343                    /lib/x86_64-linux-gnu/libnss_nis-2.19.so
7f2ccbbe0000-7f2ccbbf5000 r-xp 00000000 08:01 2361326                    /lib/x86_64-linux-gnu/libnsl-2.19.so
7f2ccbbf5000-7f2ccbdf4000 ---p 00015000 08:01 2361326                    /lib/x86_64-linux-gnu/libnsl-2.19.so
7f2ccbdf4000-7f2ccbdf5000 r--p 00014000 08:01 2361326                    /lib/x86_64-linux-gnu/libnsl-2.19.so
7f2ccbdf5000-7f2ccbdf6000 rw-p 00015000 08:01 2361326                    /lib/x86_64-linux-gnu/libnsl-2.19.so
7f2ccbdf6000-7f2ccbdf8000 rw-p 00000000 00:00 0 
7f2ccbdf8000-7f2ccbdff000 r-xp 00000000 08:01 2361328                    /lib/x86_64-linux-gnu/libnss_compat-2.19.so
7f2ccbdff000-7f2ccbffe000 ---p 00007000 08:01 2361328                    /lib/x86_64-linux-gnu/libnss_compat-2.19.so
7f2ccbffe000-7f2ccbfff000 r--p 00006000 08:01 2361328                    /lib/x86_64-linux-gnu/libnss_compat-2.19.so
7f2ccbfff000-7f2ccc000000 rw-p 00007000 08:01 2361328                    /lib/x86_64-linux-gnu/libnss_compat-2.19.so
7f2ccc000000-7f2ccc80c000 rw-p 00000000 00:00 0 
7f2ccc80c000-7f2cd0000000 ---p 00000000 00:00 0 
7f2cd001a000-7f2cd001b000 rw-p 00000000 00:00 0 
7f2cd001b000-7f2cd001d000 rw-s 00000000 00:05 225630                     /drm mm object (deleted)
7f2cd001d000-7f2cd002d000 rw-s 10f0e7000 00:06 13722                     /dev/dri/card0
7f2cd002d000-7f2cd002e000 rwxp 00000000 00:00 0 
7f2cd002e000-7f2cd003e000 rw-s 10f031000 00:06 13722                     /dev/dri/card0
7f2cd003e000-7f2cd0040000 rw-s 00000000 00:05 223493                     /drm mm object (deleted)
7f2cd0040000-7f2cd0041000 rw-s 00000000 00:05 223488                     /drm mm object (deleted)
7f2cd0041000-7f2cd0042000 rwxp 00000000 00:00 0 
7f2cd0042000-7f2cd005d000 r--s 001e6000 08:01 3670575                    /root/Desktop/Programming/Java/Elements Game/lib/lwjgl/jar/lwjgl.jar
7f2cd005d000-7f2cd005e000 r--s 00000000 08:01 2106122                    /root/Desktop/Programming/Java/Elements Game/run.jar
7f2cd005e000-7f2cd009d000 r--p 00000000 08:01 6817862                    /usr/lib/locale/fr_LU.utf8/LC_CTYPE
7f2cd009d000-7f2cd009e000 r--p 00000000 08:01 6818401                    /usr/lib/locale/ig_NG/LC_NUMERIC
7f2cd009e000-7f2cd009f000 r--p 00000000 08:01 6816780                    /usr/lib/locale/en_US.utf8/LC_TIME
7f2cd009f000-7f2cd00a0000 r--p 00000000 08:01 6816775                    /usr/lib/locale/en_US.utf8/LC_MONETARY
7f2cd00a0000-7f2cd00a1000 r--p 00000000 08:01 6816774                    /usr/lib/locale/en_US.utf8/LC_MESSAGES/SYS_LC_MESSAGES
7f2cd00a1000-7f2cd00a2000 r--p 00000000 08:01 6817464                    /usr/lib/locale/es_VE.utf8/LC_PAPER
7f2cd00a2000-7f2cd00a3000 r--p 00000000 08:01 6817994                    /usr/lib/locale/gd_GB.utf8/LC_NAME
7f2cd00a3000-7f2cd00f2000 rw-p 00000000 00:00 0 
7f2cd00f2000-7f2cd011c000 r-xp 00000000 08:01 7216042                    /usr/lib/jvm/java-8-oracle/jre/lib/amd64/libjava.so
7f2cd011c000-7f2cd031c000 ---p 0002a000 08:01 7216042                    /usr/lib/jvm/java-8-oracle/jre/lib/amd64/libjava.so
7f2cd031c000-7f2cd031e000 rw-p 0002a000 08:01 7216042                    /usr/lib/jvm/java-8-oracle/jre/lib/amd64/libjava.so
7f2cd031e000-7f2cd032b000 r-xp 00000000 08:01 7216046                    /usr/lib/jvm/java-8-oracle/jre/lib/amd64/libverify.so
7f2cd032b000-7f2cd052b000 ---p 0000d000 08:01 7216046                    /usr/lib/jvm/java-8-oracle/jre/lib/amd64/libverify.so
7f2cd052b000-7f2cd052d000 rw-p 0000d000 08:01 7216046                    /usr/lib/jvm/java-8-oracle/jre/lib/amd64/libverify.so
7f2cd052d000-7f2cd0534000 r-xp 00000000 08:01 2361378                    /lib/x86_64-linux-gnu/librt-2.19.so
7f2cd0534000-7f2cd0733000 ---p 00007000 08:01 2361378                    /lib/x86_64-linux-gnu/librt-2.19.so
7f2cd0733000-7f2cd0734000 r--p 00006000 08:01 2361378                    /lib/x86_64-linux-gnu/librt-2.19.so
7f2cd0734000-7f2cd0735000 rw-p 00007000 08:01 2361378                    /lib/x86_64-linux-gnu/librt-2.19.so
7f2cd0735000-7f2cd0835000 r-xp 00000000 08:01 2361305                    /lib/x86_64-linux-gnu/libm-2.19.so
7f2cd0835000-7f2cd0a34000 ---p 00100000 08:01 2361305                    /lib/x86_64-linux-gnu/libm-2.19.so
7f2cd0a34000-7f2cd0a35000 r--p 000ff000 08:01 2361305                    /lib/x86_64-linux-gnu/libm-2.19.so
7f2cd0a35000-7f2cd0a36000 rw-p 00100000 08:01 2361305                    /lib/x86_64-linux-gnu/libm-2.19.so
7f2cd0a36000-7f2cd16f4000 r-xp 00000000 08:01 7216025                    /usr/lib/jvm/java-8-oracle/jre/lib/amd64/server/libjvm.so
7f2cd16f4000-7f2cd18f3000 ---p 00cbe000 08:01 7216025                    /usr/lib/jvm/java-8-oracle/jre/lib/amd64/server/libjvm.so
7f2cd18f3000-7f2cd19cc000 rw-p 00cbd000 08:01 7216025                    /usr/lib/jvm/java-8-oracle/jre/lib/amd64/server/libjvm.so
7f2cd19cc000-7f2cd1a10000 rw-p 00000000 00:00 0 
7f2cd1a10000-7f2cd1baf000 r-xp 00000000 08:01 2361245                    /lib/x86_64-linux-gnu/libc-2.19.so
7f2cd1baf000-7f2cd1daf000 ---p 0019f000 08:01 2361245                    /lib/x86_64-linux-gnu/libc-2.19.so
7f2cd1daf000-7f2cd1db3000 r--p 0019f000 08:01 2361245                    /lib/x86_64-linux-gnu/libc-2.19.so
7f2cd1db3000-7f2cd1db5000 rw-p 001a3000 08:01 2361245                    /lib/x86_64-linux-gnu/libc-2.19.so
7f2cd1db5000-7f2cd1db9000 rw-p 00000000 00:00 0 
7f2cd1db9000-7f2cd1dbc000 r-xp 00000000 08:01 2361261                    /lib/x86_64-linux-gnu/libdl-2.19.so
7f2cd1dbc000-7f2cd1fbb000 ---p 00003000 08:01 2361261                    /lib/x86_64-linux-gnu/libdl-2.19.so
7f2cd1fbb000-7f2cd1fbc000 r--p 00002000 08:01 2361261                    /lib/x86_64-linux-gnu/libdl-2.19.so
7f2cd1fbc000-7f2cd1fbd000 rw-p 00003000 08:01 2361261                    /lib/x86_64-linux-gnu/libdl-2.19.so
7f2cd1fbd000-7f2cd1fd2000 r-xp 00000000 08:01 7216020                    /usr/lib/jvm/java-8-oracle/jre/lib/amd64/jli/libjli.so
7f2cd1fd2000-7f2cd21d2000 ---p 00015000 08:01 7216020                    /usr/lib/jvm/java-8-oracle/jre/lib/amd64/jli/libjli.so
7f2cd21d2000-7f2cd21d3000 rw-p 00015000 08:01 7216020                    /usr/lib/jvm/java-8-oracle/jre/lib/amd64/jli/libjli.so
7f2cd21d3000-7f2cd21eb000 r-xp 00000000 08:01 2361370                    /lib/x86_64-linux-gnu/libpthread-2.19.so
7f2cd21eb000-7f2cd23ea000 ---p 00018000 08:01 2361370                    /lib/x86_64-linux-gnu/libpthread-2.19.so
7f2cd23ea000-7f2cd23eb000 r--p 00017000 08:01 2361370                    /lib/x86_64-linux-gnu/libpthread-2.19.so
7f2cd23eb000-7f2cd23ec000 rw-p 00018000 08:01 2361370                    /lib/x86_64-linux-gnu/libpthread-2.19.so
7f2cd23ec000-7f2cd23f0000 rw-p 00000000 00:00 0 
7f2cd23f0000-7f2cd2410000 r-xp 00000000 08:01 2361219                    /lib/x86_64-linux-gnu/ld-2.19.so
7f2cd2410000-7f2cd24e1000 rw-p 00000000 00:00 0 
7f2cd24e1000-7f2cd24e4000 ---p 00000000 00:00 0 
7f2cd24e4000-7f2cd25e6000 rw-p 00000000 00:00 0                          [stack:18528]
7f2cd25e6000-7f2cd25e7000 r--p 00000000 08:01 6816768                    /usr/lib/locale/en_US.utf8/LC_ADDRESS
7f2cd25e7000-7f2cd25e8000 r--p 00000000 08:01 6816779                    /usr/lib/locale/en_US.utf8/LC_TELEPHONE
7f2cd25e8000-7f2cd25e9000 r--p 00000000 08:01 6817318                    /usr/lib/locale/es_PR.utf8/LC_MEASUREMENT
7f2cd25e9000-7f2cd25f0000 r--s 00000000 08:01 7473973                    /usr/lib/x86_64-linux-gnu/gconv/gconv-modules.cache
7f2cd25f0000-7f2cd25f1000 r--p 00000000 08:01 6816771                    /usr/lib/locale/en_US.utf8/LC_IDENTIFICATION
7f2cd25f1000-7f2cd2604000 rw-p 00000000 00:00 0 
7f2cd2604000-7f2cd260c000 rw-s 00000000 08:01 4194373                    /tmp/hsperfdata_root/18527
7f2cd260c000-7f2cd260d000 rw-p 00000000 00:00 0 
7f2cd260d000-7f2cd260e000 r--p 00000000 00:00 0 
7f2cd260e000-7f2cd2610000 rw-p 00000000 00:00 0 
7f2cd2610000-7f2cd2611000 r--p 00020000 08:01 2361219                    /lib/x86_64-linux-gnu/ld-2.19.so
7f2cd2611000-7f2cd2612000 rw-p 00021000 08:01 2361219                    /lib/x86_64-linux-gnu/ld-2.19.so
7f2cd2612000-7f2cd2613000 rw-p 00000000 00:00 0 
7ffd0ff10000-7ffd0ff31000 rw-p 00000000 00:00 0                          [stack]
7ffd0ff66000-7ffd0ff68000 r--p 00000000 00:00 0                          [vvar]
7ffd0ff68000-7ffd0ff6a000 r-xp 00000000 00:00 0                          [vdso]
ffffffffff600000-ffffffffff601000 r-xp 00000000 00:00 0                  [vsyscall]

VM Arguments:
java_command: run.jar
java_class_path (initial): run.jar
Launcher Type: SUN_STANDARD

Environment Variables:
PATH=/usr/local/sbin:/usr/local/bin:/usr/sbin:/usr/bin:/sbin:/bin
USERNAME=root
SHELL=/bin/bash
DISPLAY=:0

Signal Handlers:
SIGSEGV: [libjvm.so+0xaba2a0], sa_mask[0]=11111111011111111101111111111110, sa_flags=SA_RESTART|SA_SIGINFO
SIGBUS: [libjvm.so+0xaba2a0], sa_mask[0]=11111111011111111101111111111110, sa_flags=SA_RESTART|SA_SIGINFO
SIGFPE: [libjvm.so+0x917710], sa_mask[0]=11111111011111111101111111111110, sa_flags=SA_RESTART|SA_SIGINFO
SIGPIPE: [libjvm.so+0x917710], sa_mask[0]=11111111011111111101111111111110, sa_flags=SA_RESTART|SA_SIGINFO
SIGXFSZ: [libjvm.so+0x917710], sa_mask[0]=11111111011111111101111111111110, sa_flags=SA_RESTART|SA_SIGINFO
SIGILL: [libjvm.so+0x917710], sa_mask[0]=11111111011111111101111111111110, sa_flags=SA_RESTART|SA_SIGINFO
SIGUSR1: SIG_DFL, sa_mask[0]=00000000000000000000000000000000, sa_flags=none
SIGUSR2: [libjvm.so+0x918d40], sa_mask[0]=00000000000000000000000000000000, sa_flags=SA_RESTART|SA_SIGINFO
SIGHUP: [libjvm.so+0x91a140], sa_mask[0]=11111111011111111101111111111110, sa_flags=SA_RESTART|SA_SIGINFO
SIGINT: [libjvm.so+0x91a140], sa_mask[0]=11111111011111111101111111111110, sa_flags=SA_RESTART|SA_SIGINFO
SIGTERM: [libjvm.so+0x91a140], sa_mask[0]=11111111011111111101111111111110, sa_flags=SA_RESTART|SA_SIGINFO
SIGQUIT: [libjvm.so+0x91a140], sa_mask[0]=11111111011111111101111111111110, sa_flags=SA_RESTART|SA_SIGINFO


---------------  S Y S T E M  ---------------

OS:DISTRIB_ID=Kali
DISTRIB_RELEASE=2.0
DISTRIB_CODENAME=sana
DISTRIB_DESCRIPTION="Kali GNU/Linux 2.0"

uname:Linux 4.0.0-kali1-amd64 #1 SMP Debian 4.0.4-1+kali2 (2015-06-03) x86_64
libc:glibc 2.19 NPTL 2.19 
rlimit: STACK 8192k, CORE 0k, NPROC 14918, NOFILE 65536, AS infinity
load average:0.43 0.30 0.43

/proc/meminfo:
MemTotal:        3840348 kB
MemFree:          892904 kB
MemAvailable:    2235696 kB
Buffers:          276376 kB
Cached:          1311828 kB
SwapCached:            0 kB
Active:          1960928 kB
Inactive:         776568 kB
Active(anon):    1131816 kB
Inactive(anon):   155524 kB
Active(file):     829112 kB
Inactive(file):   621044 kB
Unevictable:           0 kB
Mlocked:               0 kB
SwapTotal:       7959548 kB
SwapFree:        7950980 kB
Dirty:               144 kB
Writeback:             0 kB
AnonPages:       1149336 kB
Mapped:           220444 kB
Shmem:            138040 kB
Slab:             150992 kB
SReclaimable:     123140 kB
SUnreclaim:        27852 kB
KernelStack:        6160 kB
PageTables:        23440 kB
NFS_Unstable:          0 kB
Bounce:                0 kB
WritebackTmp:          0 kB
CommitLimit:     9879720 kB
Committed_AS:    3669528 kB
VmallocTotal:   34359738367 kB
VmallocUsed:      546724 kB
VmallocChunk:   34359185600 kB
HardwareCorrupted:     0 kB
AnonHugePages:         0 kB
HugePages_Total:       0
HugePages_Free:        0
HugePages_Rsvd:        0
HugePages_Surp:        0
Hugepagesize:       2048 kB
DirectMap4k:      124684 kB
DirectMap2M:     3856384 kB


CPU:total 4 (2 cores per cpu, 2 threads per core) family 6 model 37 stepping 5, cmov, cx8, fxsr, mmx, sse, sse2, sse3, ssse3, sse4.1, sse4.2, popcnt, aes, clmul, ht, tsc, tscinvbit

/proc/cpuinfo:
processor	: 0
vendor_id	: GenuineIntel
cpu family	: 6
model		: 37
model name	: Intel(R) Core(TM) i7 CPU       L 640  @ 2.13GHz
stepping	: 5
microcode	: 0x4
cpu MHz		: 2134.000
cache size	: 4096 KB
physical id	: 0
siblings	: 4
core id		: 0
cpu cores	: 2
apicid		: 0
initial apicid	: 0
fpu		: yes
fpu_exception	: yes
cpuid level	: 11
wp		: yes
flags		: fpu vme de pse tsc msr pae mce cx8 apic sep mtrr pge mca cmov pat pse36 clflush dts acpi mmx fxsr sse sse2 ss ht tm pbe syscall nx rdtscp lm constant_tsc arch_perfmon pebs bts rep_good nopl xtopology nonstop_tsc aperfmperf pni pclmulqdq dtes64 monitor ds_cpl vmx smx est tm2 ssse3 cx16 xtpr pdcm pcid sse4_1 sse4_2 popcnt aes lahf_lm ida arat dtherm tpr_shadow vnmi flexpriority ept vpid
bugs		:
bogomips	: 4255.88
clflush size	: 64
cache_alignment	: 64
address sizes	: 36 bits physical, 48 bits virtual
power management:

processor	: 1
vendor_id	: GenuineIntel
cpu family	: 6
model		: 37
model name	: Intel(R) Core(TM) i7 CPU       L 640  @ 2.13GHz
stepping	: 5
microcode	: 0x4
cpu MHz		: 2134.000
cache size	: 4096 KB
physical id	: 0
siblings	: 4
core id		: 0
cpu cores	: 2
apicid		: 1
initial apicid	: 1
fpu		: yes
fpu_exception	: yes
cpuid level	: 11
wp		: yes
flags		: fpu vme de pse tsc msr pae mce cx8 apic sep mtrr pge mca cmov pat pse36 clflush dts acpi mmx fxsr sse sse2 ss ht tm pbe syscall nx rdtscp lm constant_tsc arch_perfmon pebs bts rep_good nopl xtopology nonstop_tsc aperfmperf pni pclmulqdq dtes64 monitor ds_cpl vmx smx est tm2 ssse3 cx16 xtpr pdcm pcid sse4_1 sse4_2 popcnt aes lahf_lm ida arat dtherm tpr_shadow vnmi flexpriority ept vpid
bugs		:
bogomips	: 4255.88
clflush size	: 64
cache_alignment	: 64
address sizes	: 36 bits physical, 48 bits virtual
power management:

processor	: 2
vendor_id	: GenuineIntel
cpu family	: 6
model		: 37
model name	: Intel(R) Core(TM) i7 CPU       L 640  @ 2.13GHz
stepping	: 5
microcode	: 0x4
cpu MHz		: 1333.000
cache size	: 4096 KB
physical id	: 0
siblings	: 4
core id		: 2
cpu cores	: 2
apicid		: 4
initial apicid	: 4
fpu		: yes
fpu_exception	: yes
cpuid level	: 11
wp		: yes
flags		: fpu vme de pse tsc msr pae mce cx8 apic sep mtrr pge mca cmov pat pse36 clflush dts acpi mmx fxsr sse sse2 ss ht tm pbe syscall nx rdtscp lm constant_tsc arch_perfmon pebs bts rep_good nopl xtopology nonstop_tsc aperfmperf pni pclmulqdq dtes64 monitor ds_cpl vmx smx est tm2 ssse3 cx16 xtpr pdcm pcid sse4_1 sse4_2 popcnt aes lahf_lm ida arat dtherm tpr_shadow vnmi flexpriority ept vpid
bugs		:
bogomips	: 4255.88
clflush size	: 64
cache_alignment	: 64
address sizes	: 36 bits physical, 48 bits virtual
power management:

processor	: 3
vendor_id	: GenuineIntel
cpu family	: 6
model		: 37
model name	: Intel(R) Core(TM) i7 CPU       L 640  @ 2.13GHz
stepping	: 5
microcode	: 0x4
cpu MHz		: 1466.000
cache size	: 4096 KB
physical id	: 0
siblings	: 4
core id		: 2
cpu cores	: 2
apicid		: 5
initial apicid	: 5
fpu		: yes
fpu_exception	: yes
cpuid level	: 11
wp		: yes
flags		: fpu vme de pse tsc msr pae mce cx8 apic sep mtrr pge mca cmov pat pse36 clflush dts acpi mmx fxsr sse sse2 ss ht tm pbe syscall nx rdtscp lm constant_tsc arch_perfmon pebs bts rep_good nopl xtopology nonstop_tsc aperfmperf pni pclmulqdq dtes64 monitor ds_cpl vmx smx est tm2 ssse3 cx16 xtpr pdcm pcid sse4_1 sse4_2 popcnt aes lahf_lm ida arat dtherm tpr_shadow vnmi flexpriority ept vpid
bugs		:
bogomips	: 4255.88
clflush size	: 64
cache_alignment	: 64
address sizes	: 36 bits physical, 48 bits virtual
power management:



Memory: 4k page, physical 3840348k(892904k free), swap 7959548k(7950980k free)

vm_info: Java HotSpot(TM) 64-Bit Server VM (25.66-b17) for linux-amd64 JRE (1.8.0_66-b17), built on Oct  6 2015 17:28:34 by "java_re" with gcc 4.3.0 20080428 (Red Hat 4.3.0-8)

time: Sun Jan  3 09:03:26 2016
elapsed time: 0 seconds (0d 0h 0m 0s)

