#
# A fatal error has been detected by the Java Runtime Environment:
#
#  SIGSEGV (0xb) at pc=0x00007f2c74787720, pid=22862, tid=139828921140992
#
# JRE version: Java(TM) SE Runtime Environment (8.0_66-b17) (build 1.8.0_66-b17)
# Java VM: Java HotSpot(TM) 64-Bit Server VM (25.66-b17 mixed mode linux-amd64 compressed oops)
# Problematic frame:
# C  [libc.so.6+0x90720]
#
# Failed to write core dump. Core dumps have been disabled. To enable core dumping, try "ulimit -c unlimited" before starting Java again
#
# If you would like to submit a bug report, please visit:
#   http://bugreport.java.com/bugreport/crash.jsp
# The crash happened outside the Java Virtual Machine in native code.
# See problematic frame for where to report the bug.
#

---------------  T H R E A D  ---------------

Current thread (0x00007f2c6c009800):  JavaThread "main" [_thread_in_native, id=22863, stack(0x00007f2c751c8000,0x00007f2c752c9000)]

siginfo: si_signo: 11 (SIGSEGV), si_code: 1 (SEGV_MAPERR), si_addr: 0x0000000000000000

Registers:
RAX=0xffff80d38ffdae60, RBX=0x0000000000000000, RCX=0x0000000000000240, RDX=0x0000000000000120
RSP=0x00007f2c752c72e8, RBP=0x0000000000000011, RSI=0x0000000000000000, RDI=0x00007f2c70025080
R8 =0x00007f2c6c2c1868, R9 =0x0000000000000010, R10=0x0000000000023e78, R11=0x0000000000000011
R12=0x0000000000000120, R13=0x0000000000000010, R14=0x00007f2c6c2c1860, R15=0x0000000000000010
RIP=0x00007f2c74787720, EFLAGS=0x0000000000010202, CSGSFS=0x0000000000000033, ERR=0x0000000000000004
  TRAPNO=0x000000000000000e

Top of Stack: (sp=0x00007f2c752c72e8)
0x00007f2c752c72e8:   00007f2c4fbd5186 0000000000000000
0x00007f2c752c72f8:   0000001200000100 0000000100000000
0x00007f2c752c7308:   00007f2c6c29d9e8 0000000000000000
0x00007f2c752c7318:   00007f2c6c2c1668 0000000000000001
0x00007f2c752c7328:   0000000000000000 00007f2c6c2c1860
0x00007f2c752c7338:   00007f2c4fbd5a97 ffffffffffffffff
0x00007f2c752c7348:   0000000000000001 00007f2c752c7370
0x00007f2c752c7358:   0000000000000001 0000000000000000
0x00007f2c752c7368:   0000000100000011 00007f2c6c2c1668
0x00007f2c752c7378:   ffffffffffffffff ffffffffffffffff
0x00007f2c752c7388:   ffffffffffffffff ffffffffffffffff
0x00007f2c752c7398:   00007f2c6c29d9e8 0000000000000000
0x00007f2c752c73a8:   00007f2c6c3dc440 0000000000000000
0x00007f2c752c73b8:   0000000000000000 00007f2c6c3dc200
0x00007f2c752c73c8:   00007f2c4f69935b 0000000000000000
0x00007f2c752c73d8:   ffffffffffffffff 1680021400000fe4
0x00007f2c752c73e8:   00007f2c4fba8282 00007f2c6c29d9e8
0x00007f2c752c73f8:   0000000000000000 0000000000000000
0x00007f2c752c7408:   00007f2c4fc0b8fd 00007f2c6c564eb0
0x00007f2c752c7418:   00007f2c6c3dc200 0000000000000000
0x00007f2c752c7428:   0000000000000000 00007f2c6c7a7970
0x00007f2c752c7438:   0000000000000000 00007f2c6c3dc200
0x00007f2c752c7448:   0000000000000001 00007f2c6c29d9e8
0x00007f2c752c7458:   00000000000001e0 00007f2c6c3dc200
0x00007f2c752c7468:   00007f2c4fc0a9e0 0000000000000000
0x00007f2c752c7478:   40fbdc9620ed3000 0000000000007e40
0x00007f2c752c7488:   00007f2c6c29d9e8 00007f2c4fffc218
0x00007f2c752c7498:   0000000000000025 00007f2c752c7610
0x00007f2c752c74a8:   0000000000000000 00007f2c4fffc218
0x00007f2c752c74b8:   00007f2c4fbd5d06 0922208060003f01
0x00007f2c752c74c8:   00007f2c6c29d9e8 00007f2c4fffc218
0x00007f2c752c74d8:   0000000000000025 00007f2c752c7610 

Instructions: (pc=0x00007f2c74787720)
0x00007f2c74787700:   48 89 f0 48 8d 0c 12 48 29 f8 48 29 d0 48 39 c8
0x00007f2c74787710:   0f 82 07 01 00 00 48 83 fa 10 0f 86 8b 01 00 00
0x00007f2c74787720:   f3 44 0f 6f 06 48 83 fa 20 f3 44 0f 7f 07 f3 44
0x00007f2c74787730:   0f 6f 44 16 f0 f3 44 0f 7f 44 17 f0 77 12 48 89 

Register to memory mapping:

RAX=0xffff80d38ffdae60 is an unknown value
RBX=0x0000000000000000 is an unknown value
RCX=0x0000000000000240 is an unknown value
RDX=0x0000000000000120 is an unknown value
RSP=0x00007f2c752c72e8 is pointing into the stack for thread: 0x00007f2c6c009800
RBP=0x0000000000000011 is an unknown value
RSI=0x0000000000000000 is an unknown value
RDI=0x00007f2c70025080 is an unknown value
R8 =0x00007f2c6c2c1868 is an unknown value
R9 =0x0000000000000010 is an unknown value
R10=0x0000000000023e78 is an unknown value
R11=0x0000000000000011 is an unknown value
R12=0x0000000000000120 is an unknown value
R13=0x0000000000000010 is an unknown value
R14=0x00007f2c6c2c1860 is an unknown value
R15=0x0000000000000010 is an unknown value


Stack: [0x00007f2c751c8000,0x00007f2c752c9000],  sp=0x00007f2c752c72e8,  free space=1020k
Native frames: (J=compiled Java code, j=interpreted, Vv=VM code, C=native code)
C  [libc.so.6+0x90720]

Java frames: (J=compiled Java code, j=interpreted, Vv=VM code)
j  org.lwjgl.system.JNI.callIIIV(JIII)V+0
j  org.lwjgl.opengl.GL11.glDrawArrays(III)V+11
j  ObjectRenderer.render()V+38
j  Client.render()V+52
j  Client.loop()V+22
j  Client.run()V+5
j  ClientLoader.main([Ljava/lang/String;)V+25
v  ~StubRoutines::call_stub

---------------  P R O C E S S  ---------------

Java Threads: ( => current thread )
  0x00007f2c6c195000 JavaThread "Service Thread" daemon [_thread_blocked, id=22875, stack(0x00007f2c5c3c5000,0x00007f2c5c4c6000)]
  0x00007f2c6c188000 JavaThread "C1 CompilerThread2" daemon [_thread_blocked, id=22874, stack(0x00007f2c5c4c6000,0x00007f2c5c5c7000)]
  0x00007f2c6c186800 JavaThread "C2 CompilerThread1" daemon [_thread_blocked, id=22873, stack(0x00007f2c5c5c7000,0x00007f2c5c6c8000)]
  0x00007f2c6c183800 JavaThread "C2 CompilerThread0" daemon [_thread_blocked, id=22872, stack(0x00007f2c5c6c8000,0x00007f2c5c7c9000)]
  0x00007f2c6c182000 JavaThread "Signal Dispatcher" daemon [_thread_blocked, id=22871, stack(0x00007f2c5c7c9000,0x00007f2c5c8ca000)]
  0x00007f2c6c145800 JavaThread "Finalizer" daemon [_thread_blocked, id=22870, stack(0x00007f2c5c9fa000,0x00007f2c5cafb000)]
  0x00007f2c6c143800 JavaThread "Reference Handler" daemon [_thread_blocked, id=22869, stack(0x00007f2c5cafb000,0x00007f2c5cbfc000)]
=>0x00007f2c6c009800 JavaThread "main" [_thread_in_native, id=22863, stack(0x00007f2c751c8000,0x00007f2c752c9000)]

Other Threads:
  0x00007f2c6c13e800 VMThread [stack: 0x00007f2c5cbfc000,0x00007f2c5ccfd000] [id=22868]
  0x00007f2c6c198000 WatcherThread [stack: 0x00007f2c5c2c4000,0x00007f2c5c3c5000] [id=22876]

VM state:not at safepoint (normal execution)

VM Mutex/Monitor currently owned by a thread: None

Heap:
 PSYoungGen      total 17920K, used 12230K [0x00000000ec780000, 0x00000000edb80000, 0x0000000100000000)
  eden space 15360K, 79% used [0x00000000ec780000,0x00000000ed371a78,0x00000000ed680000)
  from space 2560K, 0% used [0x00000000ed900000,0x00000000ed900000,0x00000000edb80000)
  to   space 2560K, 0% used [0x00000000ed680000,0x00000000ed680000,0x00000000ed900000)
 ParOldGen       total 40960K, used 0K [0x00000000c5600000, 0x00000000c7e00000, 0x00000000ec780000)
  object space 40960K, 0% used [0x00000000c5600000,0x00000000c5600000,0x00000000c7e00000)
 Metaspace       used 6978K, capacity 8280K, committed 8576K, reserved 1056768K
  class space    used 518K, capacity 584K, committed 640K, reserved 1048576K

Card table byte_map: [0x00007f2c71df1000,0x00007f2c71fc7000] byte_map_base: 0x00007f2c717c6000

Marking Bits: (ParMarkBitMap*) 0x00007f2c746cc020
 Begin Bits: [0x00007f2c432b0000, 0x00007f2c44158000)
 End Bits:   [0x00007f2c44158000, 0x00007f2c45000000)

Polling page: 0x00007f2c752f4000

CodeCache: size=245760Kb used=1915Kb max_used=1926Kb free=243844Kb
 bounds [0x00007f2c5d000000, 0x00007f2c5d270000, 0x00007f2c6c000000]
 total_blobs=934 nmethods=289 adapters=560
 compilation: enabled

Compilation events (10 events):
Event: 0.467 Thread 0x00007f2c6c183800 nmethod 283 0x00007f2c5d1d8d50 code [0x00007f2c5d1d8ea0, 0x00007f2c5d1d90b8]
Event: 0.468 Thread 0x00007f2c6c188000 nmethod 284 0x00007f2c5d1d8950 code [0x00007f2c5d1d8ac0, 0x00007f2c5d1d8cc8]
Event: 0.468 Thread 0x00007f2c6c188000  285       3       sun.misc.Launcher$AppClassLoader::loadClass (85 bytes)
Event: 0.469 Thread 0x00007f2c6c188000 nmethod 285 0x00007f2c5d1d9550 code [0x00007f2c5d1d9780, 0x00007f2c5d1da488]
Event: 0.469 Thread 0x00007f2c6c188000  286  s    3       sun.misc.URLClassPath::knownToNotExist (24 bytes)
Event: 0.469 Thread 0x00007f2c6c188000 nmethod 286 0x00007f2c5d1dfe10 code [0x00007f2c5d1dff80, 0x00007f2c5d1e0348]
Event: 0.469 Thread 0x00007f2c6c186800  287       4       java.util.concurrent.ConcurrentHashMap::tabAt (21 bytes)
Event: 0.470 Thread 0x00007f2c6c183800  288       4       java.util.concurrent.ConcurrentHashMap::casTabAt (20 bytes)
Event: 0.470 Thread 0x00007f2c6c186800 nmethod 287 0x00007f2c5d1dfc10 code [0x00007f2c5d1dfd40, 0x00007f2c5d1dfd98]
Event: 0.470 Thread 0x00007f2c6c183800 nmethod 288 0x00007f2c5d1dfa10 code [0x00007f2c5d1dfb40, 0x00007f2c5d1dfbb8]

GC Heap History (0 events):
No events

Deoptimization events (0 events):
No events

Internal exceptions (2 events):
Event: 0.034 Thread 0x00007f2c6c009800 Exception <a 'java/lang/NoSuchMethodError': Method sun.misc.Unsafe.defineClass(Ljava/lang/String;[BII)Ljava/lang/Class; name or signature does not match> (0x00000000ec792b98) thrown at [/HUDSON/workspace/8-2-build-linux-amd64/jdk8u66/4988/hotspot/src/shar
Event: 0.034 Thread 0x00007f2c6c009800 Exception <a 'java/lang/NoSuchMethodError': Method sun.misc.Unsafe.prefetchRead(Ljava/lang/Object;J)V name or signature does not match> (0x00000000ec792e80) thrown at [/HUDSON/workspace/8-2-build-linux-amd64/jdk8u66/4988/hotspot/src/share/vm/prims/jni.cpp

Events (10 events):
Event: 0.470 loading class org/lwjgl/stb/STBTTAlignedQuad
Event: 0.470 loading class org/lwjgl/stb/STBTTAlignedQuad done
Event: 0.471 loading class ObjectRenderer
Event: 0.471 loading class ObjectRenderer done
Event: 0.472 loading class org/lwjgl/glfw/GLFWKeyCallback$1
Event: 0.472 loading class org/lwjgl/glfw/GLFWKeyCallback$1 done
Event: 0.474 loading class Client$1
Event: 0.474 loading class Client$1 done
Event: 0.474 loading class org/lwjgl/opengl/GLChecks
Event: 0.474 loading class org/lwjgl/opengl/GLChecks done


Dynamic libraries:
00400000-00401000 r-xp 00000000 08:01 7085876                            /usr/lib/jvm/java-8-oracle/jre/bin/java
00600000-00601000 rw-p 00000000 08:01 7085876                            /usr/lib/jvm/java-8-oracle/jre/bin/java
01128000-01149000 rw-p 00000000 00:00 0                                  [heap]
c5600000-c7e00000 rw-p 00000000 00:00 0 
c7e00000-ec780000 ---p 00000000 00:00 0 
ec780000-edb80000 rw-p 00000000 00:00 0 
edb80000-100000000 ---p 00000000 00:00 0 
100000000-1000a0000 rw-p 00000000 00:00 0 
1000a0000-140000000 ---p 00000000 00:00 0 
7f2c14000000-7f2c14021000 rw-p 00000000 00:00 0 
7f2c14021000-7f2c18000000 ---p 00000000 00:00 0 
7f2c1c000000-7f2c1c194000 rw-p 00000000 00:00 0 
7f2c1c194000-7f2c20000000 ---p 00000000 00:00 0 
7f2c20000000-7f2c20021000 rw-p 00000000 00:00 0 
7f2c20021000-7f2c24000000 ---p 00000000 00:00 0 
7f2c24000000-7f2c2410e000 rw-p 00000000 00:00 0 
7f2c2410e000-7f2c28000000 ---p 00000000 00:00 0 
7f2c28000000-7f2c28032000 rw-p 00000000 00:00 0 
7f2c28032000-7f2c2c000000 ---p 00000000 00:00 0 
7f2c2c000000-7f2c2c021000 rw-p 00000000 00:00 0 
7f2c2c021000-7f2c30000000 ---p 00000000 00:00 0 
7f2c30000000-7f2c30021000 rw-p 00000000 00:00 0 
7f2c30021000-7f2c34000000 ---p 00000000 00:00 0 
7f2c34000000-7f2c34021000 rw-p 00000000 00:00 0 
7f2c34021000-7f2c38000000 ---p 00000000 00:00 0 
7f2c38000000-7f2c38021000 rw-p 00000000 00:00 0 
7f2c38021000-7f2c3c000000 ---p 00000000 00:00 0 
7f2c3c000000-7f2c3c021000 rw-p 00000000 00:00 0 
7f2c3c021000-7f2c40000000 ---p 00000000 00:00 0 
7f2c432b0000-7f2c45000000 rw-p 00000000 00:00 0 
7f2c48000000-7f2c48021000 rw-p 00000000 00:00 0 
7f2c48021000-7f2c4c000000 ---p 00000000 00:00 0 
7f2c4d563000-7f2c4e701000 rw-p 00000000 00:00 0 
7f2c4e701000-7f2c4e738000 r-xp 00000000 08:01 7476861                    /usr/lib/x86_64-linux-gnu/libtxc_dxtn_s2tc.so.0.0.0
7f2c4e738000-7f2c4e937000 ---p 00037000 08:01 7476861                    /usr/lib/x86_64-linux-gnu/libtxc_dxtn_s2tc.so.0.0.0
7f2c4e937000-7f2c4e938000 r--p 00036000 08:01 7476861                    /usr/lib/x86_64-linux-gnu/libtxc_dxtn_s2tc.so.0.0.0
7f2c4e938000-7f2c4e939000 rw-p 00037000 08:01 7476861                    /usr/lib/x86_64-linux-gnu/libtxc_dxtn_s2tc.so.0.0.0
7f2c4e939000-7f2c4e953000 r-xp 00000000 08:01 2361412                    /lib/x86_64-linux-gnu/libz.so.1.2.8
7f2c4e953000-7f2c4eb52000 ---p 0001a000 08:01 2361412                    /lib/x86_64-linux-gnu/libz.so.1.2.8
7f2c4eb52000-7f2c4eb53000 r--p 00019000 08:01 2361412                    /lib/x86_64-linux-gnu/libz.so.1.2.8
7f2c4eb53000-7f2c4eb54000 rw-p 0001a000 08:01 2361412                    /lib/x86_64-linux-gnu/libz.so.1.2.8
7f2c4eb54000-7f2c4eb5c000 r-xp 00000000 08:01 7476483                    /usr/lib/x86_64-linux-gnu/libpciaccess.so.0.11.1
7f2c4eb5c000-7f2c4ed5c000 ---p 00008000 08:01 7476483                    /usr/lib/x86_64-linux-gnu/libpciaccess.so.0.11.1
7f2c4ed5c000-7f2c4ed5d000 r--p 00008000 08:01 7476483                    /usr/lib/x86_64-linux-gnu/libpciaccess.so.0.11.1
7f2c4ed5d000-7f2c4ed5e000 rw-p 00009000 08:01 7476483                    /usr/lib/x86_64-linux-gnu/libpciaccess.so.0.11.1
7f2c4ed5e000-7f2c4ed74000 r-xp 00000000 08:01 2361273                    /lib/x86_64-linux-gnu/libgcc_s.so.1
7f2c4ed74000-7f2c4ef73000 ---p 00016000 08:01 2361273                    /lib/x86_64-linux-gnu/libgcc_s.so.1
7f2c4ef73000-7f2c4ef74000 rw-p 00015000 08:01 2361273                    /lib/x86_64-linux-gnu/libgcc_s.so.1
7f2c4ef74000-7f2c4f060000 r-xp 00000000 08:01 7476755                    /usr/lib/x86_64-linux-gnu/libstdc++.so.6.0.20
7f2c4f060000-7f2c4f260000 ---p 000ec000 08:01 7476755                    /usr/lib/x86_64-linux-gnu/libstdc++.so.6.0.20
7f2c4f260000-7f2c4f268000 r--p 000ec000 08:01 7476755                    /usr/lib/x86_64-linux-gnu/libstdc++.so.6.0.20
7f2c4f268000-7f2c4f26a000 rw-p 000f4000 08:01 7476755                    /usr/lib/x86_64-linux-gnu/libstdc++.so.6.0.20
7f2c4f26a000-7f2c4f27f000 rw-p 00000000 00:00 0 
7f2c4f27f000-7f2c4f28b000 r-xp 00000000 08:01 7475559                    /usr/lib/x86_64-linux-gnu/libdrm_radeon.so.1.0.1
7f2c4f28b000-7f2c4f48a000 ---p 0000c000 08:01 7475559                    /usr/lib/x86_64-linux-gnu/libdrm_radeon.so.1.0.1
7f2c4f48a000-7f2c4f48b000 r--p 0000b000 08:01 7475559                    /usr/lib/x86_64-linux-gnu/libdrm_radeon.so.1.0.1
7f2c4f48b000-7f2c4f48c000 rw-p 0000c000 08:01 7475559                    /usr/lib/x86_64-linux-gnu/libdrm_radeon.so.1.0.1
7f2c4f48c000-7f2c4f492000 r-xp 00000000 08:01 7475555                    /usr/lib/x86_64-linux-gnu/libdrm_nouveau.so.2.0.0
7f2c4f492000-7f2c4f691000 ---p 00006000 08:01 7475555                    /usr/lib/x86_64-linux-gnu/libdrm_nouveau.so.2.0.0
7f2c4f691000-7f2c4f692000 r--p 00005000 08:01 7475555                    /usr/lib/x86_64-linux-gnu/libdrm_nouveau.so.2.0.0
7f2c4f692000-7f2c4f693000 rw-p 00006000 08:01 7475555                    /usr/lib/x86_64-linux-gnu/libdrm_nouveau.so.2.0.0
7f2c4f693000-7f2c4f6b4000 r-xp 00000000 08:01 7475551                    /usr/lib/x86_64-linux-gnu/libdrm_intel.so.1.0.0
7f2c4f6b4000-7f2c4f8b3000 ---p 00021000 08:01 7475551                    /usr/lib/x86_64-linux-gnu/libdrm_intel.so.1.0.0
7f2c4f8b3000-7f2c4f8b4000 r--p 00020000 08:01 7475551                    /usr/lib/x86_64-linux-gnu/libdrm_intel.so.1.0.0
7f2c4f8b4000-7f2c4f8b5000 rw-p 00021000 08:01 7475551                    /usr/lib/x86_64-linux-gnu/libdrm_intel.so.1.0.0
7f2c4f8b5000-7f2c4fdd3000 r-xp 00000000 08:01 7473403                    /usr/lib/x86_64-linux-gnu/dri/i965_dri.so
7f2c4fdd3000-7f2c4ffd3000 ---p 0051e000 08:01 7473403                    /usr/lib/x86_64-linux-gnu/dri/i965_dri.so
7f2c4ffd3000-7f2c4ffef000 r--p 0051e000 08:01 7473403                    /usr/lib/x86_64-linux-gnu/dri/i965_dri.so
7f2c4ffef000-7f2c4fff5000 rw-p 0053a000 08:01 7473403                    /usr/lib/x86_64-linux-gnu/dri/i965_dri.so
7f2c4fff5000-7f2c50000000 rw-p 00000000 00:00 0 
7f2c50000000-7f2c50021000 rw-p 00000000 00:00 0 
7f2c50021000-7f2c54000000 ---p 00000000 00:00 0 
7f2c540ee000-7f2c540fc000 r-xp 00000000 08:01 2361397                    /lib/x86_64-linux-gnu/libudev.so.1.5.0
7f2c540fc000-7f2c542fb000 ---p 0000e000 08:01 2361397                    /lib/x86_64-linux-gnu/libudev.so.1.5.0
7f2c542fb000-7f2c542fc000 r--p 0000d000 08:01 2361397                    /lib/x86_64-linux-gnu/libudev.so.1.5.0
7f2c542fc000-7f2c542fd000 rw-p 0000e000 08:01 2361397                    /lib/x86_64-linux-gnu/libudev.so.1.5.0
7f2c542fd000-7f2c54309000 r-xp 00000000 08:01 7475547                    /usr/lib/x86_64-linux-gnu/libdrm.so.2.4.0
7f2c54309000-7f2c54508000 ---p 0000c000 08:01 7475547                    /usr/lib/x86_64-linux-gnu/libdrm.so.2.4.0
7f2c54508000-7f2c54509000 r--p 0000b000 08:01 7475547                    /usr/lib/x86_64-linux-gnu/libdrm.so.2.4.0
7f2c54509000-7f2c5450a000 rw-p 0000c000 08:01 7475547                    /usr/lib/x86_64-linux-gnu/libdrm.so.2.4.0
7f2c5450a000-7f2c5450b000 r-xp 00000000 08:01 7477146                    /usr/lib/x86_64-linux-gnu/libxshmfence.so.1.0.0
7f2c5450b000-7f2c5470a000 ---p 00001000 08:01 7477146                    /usr/lib/x86_64-linux-gnu/libxshmfence.so.1.0.0
7f2c5470a000-7f2c5470b000 r--p 00000000 08:01 7477146                    /usr/lib/x86_64-linux-gnu/libxshmfence.so.1.0.0
7f2c5470b000-7f2c5470c000 rw-p 00001000 08:01 7477146                    /usr/lib/x86_64-linux-gnu/libxshmfence.so.1.0.0
7f2c5470c000-7f2c54711000 r-xp 00000000 08:01 7477116                    /usr/lib/x86_64-linux-gnu/libxcb-sync.so.1.0.0
7f2c54711000-7f2c54911000 ---p 00005000 08:01 7477116                    /usr/lib/x86_64-linux-gnu/libxcb-sync.so.1.0.0
7f2c54911000-7f2c54912000 r--p 00005000 08:01 7477116                    /usr/lib/x86_64-linux-gnu/libxcb-sync.so.1.0.0
7f2c54912000-7f2c54913000 rw-p 00006000 08:01 7477116                    /usr/lib/x86_64-linux-gnu/libxcb-sync.so.1.0.0
7f2c54913000-7f2c54915000 r-xp 00000000 08:01 7477094                    /usr/lib/x86_64-linux-gnu/libxcb-present.so.0.0.0
7f2c54915000-7f2c54b14000 ---p 00002000 08:01 7477094                    /usr/lib/x86_64-linux-gnu/libxcb-present.so.0.0.0
7f2c54b14000-7f2c54b15000 r--p 00001000 08:01 7477094                    /usr/lib/x86_64-linux-gnu/libxcb-present.so.0.0.0
7f2c54b15000-7f2c54b16000 rw-p 00002000 08:01 7477094                    /usr/lib/x86_64-linux-gnu/libxcb-present.so.0.0.0
7f2c54b16000-7f2c54b18000 r-xp 00000000 08:01 7477080                    /usr/lib/x86_64-linux-gnu/libxcb-dri3.so.0.0.0
7f2c54b18000-7f2c54d17000 ---p 00002000 08:01 7477080                    /usr/lib/x86_64-linux-gnu/libxcb-dri3.so.0.0.0
7f2c54d17000-7f2c54d18000 r--p 00001000 08:01 7477080                    /usr/lib/x86_64-linux-gnu/libxcb-dri3.so.0.0.0
7f2c54d18000-7f2c54d19000 rw-p 00002000 08:01 7477080                    /usr/lib/x86_64-linux-gnu/libxcb-dri3.so.0.0.0
7f2c54d19000-7f2c54d1d000 r-xp 00000000 08:01 7477076                    /usr/lib/x86_64-linux-gnu/libxcb-dri2.so.0.0.0
7f2c54d1d000-7f2c54f1c000 ---p 00004000 08:01 7477076                    /usr/lib/x86_64-linux-gnu/libxcb-dri2.so.0.0.0
7f2c54f1c000-7f2c54f1d000 r--p 00003000 08:01 7477076                    /usr/lib/x86_64-linux-gnu/libxcb-dri2.so.0.0.0
7f2c54f1d000-7f2c54f1e000 rw-p 00004000 08:01 7477076                    /usr/lib/x86_64-linux-gnu/libxcb-dri2.so.0.0.0
7f2c54f1e000-7f2c54f35000 r-xp 00000000 08:01 7477084                    /usr/lib/x86_64-linux-gnu/libxcb-glx.so.0.0.0
7f2c54f35000-7f2c55134000 ---p 00017000 08:01 7477084                    /usr/lib/x86_64-linux-gnu/libxcb-glx.so.0.0.0
7f2c55134000-7f2c55136000 r--p 00016000 08:01 7477084                    /usr/lib/x86_64-linux-gnu/libxcb-glx.so.0.0.0
7f2c55136000-7f2c55137000 rw-p 00018000 08:01 7477084                    /usr/lib/x86_64-linux-gnu/libxcb-glx.so.0.0.0
7f2c55137000-7f2c55138000 r-xp 00000000 08:01 7475209                    /usr/lib/x86_64-linux-gnu/libX11-xcb.so.1.0.0
7f2c55138000-7f2c55337000 ---p 00001000 08:01 7475209                    /usr/lib/x86_64-linux-gnu/libX11-xcb.so.1.0.0
7f2c55337000-7f2c55338000 r--p 00000000 08:01 7475209                    /usr/lib/x86_64-linux-gnu/libX11-xcb.so.1.0.0
7f2c55338000-7f2c55339000 rw-p 00001000 08:01 7475209                    /usr/lib/x86_64-linux-gnu/libX11-xcb.so.1.0.0
7f2c55339000-7f2c5533b000 r-xp 00000000 08:01 7475234                    /usr/lib/x86_64-linux-gnu/libXdamage.so.1.1.0
7f2c5533b000-7f2c5553a000 ---p 00002000 08:01 7475234                    /usr/lib/x86_64-linux-gnu/libXdamage.so.1.1.0
7f2c5553a000-7f2c5553b000 r--p 00001000 08:01 7475234                    /usr/lib/x86_64-linux-gnu/libXdamage.so.1.1.0
7f2c5553b000-7f2c5553c000 rw-p 00002000 08:01 7475234                    /usr/lib/x86_64-linux-gnu/libXdamage.so.1.1.0
7f2c5553c000-7f2c55561000 r-xp 00000000 08:01 7475798                    /usr/lib/x86_64-linux-gnu/libglapi.so.0.0.0
7f2c55561000-7f2c55761000 ---p 00025000 08:01 7475798                    /usr/lib/x86_64-linux-gnu/libglapi.so.0.0.0
7f2c55761000-7f2c55764000 r--p 00025000 08:01 7475798                    /usr/lib/x86_64-linux-gnu/libglapi.so.0.0.0
7f2c55764000-7f2c55765000 rw-p 00028000 08:01 7475798                    /usr/lib/x86_64-linux-gnu/libglapi.so.0.0.0
7f2c55765000-7f2c55766000 rw-p 00000000 00:00 0 
7f2c55766000-7f2c5578c000 r-xp 00000000 08:01 2361268                    /lib/x86_64-linux-gnu/libexpat.so.1.6.0
7f2c5578c000-7f2c5598b000 ---p 00026000 08:01 2361268                    /lib/x86_64-linux-gnu/libexpat.so.1.6.0
7f2c5598b000-7f2c5598e000 r--p 00025000 08:01 2361268                    /lib/x86_64-linux-gnu/libexpat.so.1.6.0
7f2c5598e000-7f2c5598f000 rw-p 00028000 08:01 2361268                    /lib/x86_64-linux-gnu/libexpat.so.1.6.0
7f2c5598f000-7f2c55a25000 r-xp 00000000 08:01 7475030                    /usr/lib/x86_64-linux-gnu/libGL.so.1.2.0
7f2c55a25000-7f2c55c24000 ---p 00096000 08:01 7475030                    /usr/lib/x86_64-linux-gnu/libGL.so.1.2.0
7f2c55c24000-7f2c55c27000 r--p 00095000 08:01 7475030                    /usr/lib/x86_64-linux-gnu/libGL.so.1.2.0
7f2c55c27000-7f2c55c28000 rw-p 00098000 08:01 7475030                    /usr/lib/x86_64-linux-gnu/libGL.so.1.2.0
7f2c55c28000-7f2c55c29000 rw-p 00000000 00:00 0 
7f2c55c29000-7f2c55c2e000 r-xp 00000000 08:01 7475238                    /usr/lib/x86_64-linux-gnu/libXdmcp.so.6.0.0
7f2c55c2e000-7f2c55e2d000 ---p 00005000 08:01 7475238                    /usr/lib/x86_64-linux-gnu/libXdmcp.so.6.0.0
7f2c55e2d000-7f2c55e2e000 rw-p 00004000 08:01 7475238                    /usr/lib/x86_64-linux-gnu/libXdmcp.so.6.0.0
7f2c55e2e000-7f2c55e31000 r-xp 00000000 08:01 7475219                    /usr/lib/x86_64-linux-gnu/libXau.so.6.0.0
7f2c55e31000-7f2c56030000 ---p 00003000 08:01 7475219                    /usr/lib/x86_64-linux-gnu/libXau.so.6.0.0
7f2c56030000-7f2c56031000 r--p 00002000 08:01 7475219                    /usr/lib/x86_64-linux-gnu/libXau.so.6.0.0
7f2c56031000-7f2c56032000 rw-p 00003000 08:01 7475219                    /usr/lib/x86_64-linux-gnu/libXau.so.6.0.0
7f2c56032000-7f2c56037000 r-xp 00000000 08:01 7475246                    /usr/lib/x86_64-linux-gnu/libXfixes.so.3.1.0
7f2c56037000-7f2c56236000 ---p 00005000 08:01 7475246                    /usr/lib/x86_64-linux-gnu/libXfixes.so.3.1.0
7f2c56236000-7f2c56237000 r--p 00004000 08:01 7475246                    /usr/lib/x86_64-linux-gnu/libXfixes.so.3.1.0
7f2c56237000-7f2c56238000 rw-p 00005000 08:01 7475246                    /usr/lib/x86_64-linux-gnu/libXfixes.so.3.1.0
7f2c56238000-7f2c56241000 r-xp 00000000 08:01 7475277                    /usr/lib/x86_64-linux-gnu/libXrender.so.1.3.0
7f2c56241000-7f2c56440000 ---p 00009000 08:01 7475277                    /usr/lib/x86_64-linux-gnu/libXrender.so.1.3.0
7f2c56440000-7f2c56441000 r--p 00008000 08:01 7475277                    /usr/lib/x86_64-linux-gnu/libXrender.so.1.3.0
7f2c56441000-7f2c56442000 rw-p 00009000 08:01 7475277                    /usr/lib/x86_64-linux-gnu/libXrender.so.1.3.0
7f2c56442000-7f2c56453000 r-xp 00000000 08:01 7475242                    /usr/lib/x86_64-linux-gnu/libXext.so.6.4.0
7f2c56453000-7f2c56652000 ---p 00011000 08:01 7475242                    /usr/lib/x86_64-linux-gnu/libXext.so.6.4.0
7f2c56652000-7f2c56653000 r--p 00010000 08:01 7475242                    /usr/lib/x86_64-linux-gnu/libXext.so.6.4.0
7f2c56653000-7f2c56654000 rw-p 00011000 08:01 7475242                    /usr/lib/x86_64-linux-gnu/libXext.so.6.4.0
7f2c56654000-7f2c56675000 r-xp 00000000 08:01 7477132                    /usr/lib/x86_64-linux-gnu/libxcb.so.1.1.0
7f2c56675000-7f2c56874000 ---p 00021000 08:01 7477132                    /usr/lib/x86_64-linux-gnu/libxcb.so.1.1.0
7f2c56874000-7f2c56875000 r--p 00020000 08:01 7477132                    /usr/lib/x86_64-linux-gnu/libxcb.so.1.1.0
7f2c56875000-7f2c56876000 rw-p 00021000 08:01 7477132                    /usr/lib/x86_64-linux-gnu/libxcb.so.1.1.0
7f2c56876000-7f2c56880000 r-xp 00000000 08:01 7475230                    /usr/lib/x86_64-linux-gnu/libXcursor.so.1.0.2
7f2c56880000-7f2c56a7f000 ---p 0000a000 08:01 7475230                    /usr/lib/x86_64-linux-gnu/libXcursor.so.1.0.2
7f2c56a7f000-7f2c56a80000 r--p 00009000 08:01 7475230                    /usr/lib/x86_64-linux-gnu/libXcursor.so.1.0.2
7f2c56a80000-7f2c56a81000 rw-p 0000a000 08:01 7475230                    /usr/lib/x86_64-linux-gnu/libXcursor.so.1.0.2
7f2c56a81000-7f2c56a86000 r-xp 00000000 08:01 7475297                    /usr/lib/x86_64-linux-gnu/libXxf86vm.so.1.0.0
7f2c56a86000-7f2c56c85000 ---p 00005000 08:01 7475297                    /usr/lib/x86_64-linux-gnu/libXxf86vm.so.1.0.0
7f2c56c85000-7f2c56c86000 r--p 00004000 08:01 7475297                    /usr/lib/x86_64-linux-gnu/libXxf86vm.so.1.0.0
7f2c56c86000-7f2c56c87000 rw-p 00005000 08:01 7475297                    /usr/lib/x86_64-linux-gnu/libXxf86vm.so.1.0.0
7f2c56c87000-7f2c56c96000 r-xp 00000000 08:01 7475256                    /usr/lib/x86_64-linux-gnu/libXi.so.6.1.0
7f2c56c96000-7f2c56e95000 ---p 0000f000 08:01 7475256                    /usr/lib/x86_64-linux-gnu/libXi.so.6.1.0
7f2c56e95000-7f2c56e96000 r--p 0000e000 08:01 7475256                    /usr/lib/x86_64-linux-gnu/libXi.so.6.1.0
7f2c56e96000-7f2c56e97000 rw-p 0000f000 08:01 7475256                    /usr/lib/x86_64-linux-gnu/libXi.so.6.1.0
7f2c56e97000-7f2c56e99000 r-xp 00000000 08:01 7475260                    /usr/lib/x86_64-linux-gnu/libXinerama.so.1.0.0
7f2c56e99000-7f2c57098000 ---p 00002000 08:01 7475260                    /usr/lib/x86_64-linux-gnu/libXinerama.so.1.0.0
7f2c57098000-7f2c57099000 r--p 00001000 08:01 7475260                    /usr/lib/x86_64-linux-gnu/libXinerama.so.1.0.0
7f2c57099000-7f2c5709a000 rw-p 00002000 08:01 7475260                    /usr/lib/x86_64-linux-gnu/libXinerama.so.1.0.0
7f2c5709a000-7f2c570a3000 r-xp 00000000 08:01 7475273                    /usr/lib/x86_64-linux-gnu/libXrandr.so.2.2.0
7f2c570a3000-7f2c572a2000 ---p 00009000 08:01 7475273                    /usr/lib/x86_64-linux-gnu/libXrandr.so.2.2.0
7f2c572a2000-7f2c572a3000 r--p 00008000 08:01 7475273                    /usr/lib/x86_64-linux-gnu/libXrandr.so.2.2.0
7f2c572a3000-7f2c572a4000 rw-p 00009000 08:01 7475273                    /usr/lib/x86_64-linux-gnu/libXrandr.so.2.2.0
7f2c572a4000-7f2c573e0000 r-xp 00000000 08:01 7475213                    /usr/lib/x86_64-linux-gnu/libX11.so.6.3.0
7f2c573e0000-7f2c575df000 ---p 0013c000 08:01 7475213                    /usr/lib/x86_64-linux-gnu/libX11.so.6.3.0
7f2c575df000-7f2c575e1000 r--p 0013b000 08:01 7475213                    /usr/lib/x86_64-linux-gnu/libX11.so.6.3.0
7f2c575e1000-7f2c575e6000 rw-p 0013d000 08:01 7475213                    /usr/lib/x86_64-linux-gnu/libX11.so.6.3.0
7f2c575e6000-7f2c575e7000 rw-p 00000000 00:00 0 
7f2c575e7000-7f2c575eb000 r-xp 00000000 08:01 3801170                    /root/Desktop/Programming/Java/Elements Game/lib/lwjgl/native/libglfw.so
7f2c575eb000-7f2c575ff000 r-xp 00000000 00:00 0 
7f2c575ff000-7f2c577fe000 ---p 00018000 08:01 3801170                    /root/Desktop/Programming/Java/Elements Game/lib/lwjgl/native/libglfw.so
7f2c577fe000-7f2c577ff000 rw-p 0000d000 08:01 3801170                    /root/Desktop/Programming/Java/Elements Game/lib/lwjgl/native/libglfw.so
7f2c577ff000-7f2c57c00000 rw-p 00000000 00:00 0 
7f2c57dbe000-7f2c57dc1000 r-xp 00000000 08:01 3801176                    /root/Desktop/Programming/Java/Elements Game/lib/lwjgl/native/libjemalloc.so
7f2c57dc1000-7f2c57dfd000 r-xp 00000000 00:00 0 
7f2c57dfd000-7f2c57ffc000 ---p 0003f000 08:01 3801176                    /root/Desktop/Programming/Java/Elements Game/lib/lwjgl/native/libjemalloc.so
7f2c57ffc000-7f2c57ffe000 r--p 0001c000 08:01 3801176                    /root/Desktop/Programming/Java/Elements Game/lib/lwjgl/native/libjemalloc.so
7f2c57ffe000-7f2c57fff000 rw-p 0001e000 08:01 3801176                    /root/Desktop/Programming/Java/Elements Game/lib/lwjgl/native/libjemalloc.so
7f2c57fff000-7f2c58000000 rw-p 00000000 00:00 0 
7f2c58000000-7f2c58021000 rw-p 00000000 00:00 0 
7f2c58021000-7f2c5c000000 ---p 00000000 00:00 0 
7f2c5c061000-7f2c5c06e000 r-xp 00000000 08:01 3801182                    /root/Desktop/Programming/Java/Elements Game/lib/lwjgl/native/liblwjgl.so
7f2c5c06e000-7f2c5c0c2000 r-xp 00000000 00:00 0 
7f2c5c0c2000-7f2c5c2c1000 ---p 00061000 08:01 3801182                    /root/Desktop/Programming/Java/Elements Game/lib/lwjgl/native/liblwjgl.so
7f2c5c2c1000-7f2c5c2c3000 rw-p 00033000 08:01 3801182                    /root/Desktop/Programming/Java/Elements Game/lib/lwjgl/native/liblwjgl.so
7f2c5c2c3000-7f2c5c2c4000 rw-p 00000000 00:00 0 
7f2c5c2c4000-7f2c5c2c5000 ---p 00000000 00:00 0 
7f2c5c2c5000-7f2c5c3c5000 rw-p 00000000 00:00 0                          [stack:22876]
7f2c5c3c5000-7f2c5c3c8000 ---p 00000000 00:00 0 
7f2c5c3c8000-7f2c5c4c6000 rw-p 00000000 00:00 0                          [stack:22875]
7f2c5c4c6000-7f2c5c4c9000 ---p 00000000 00:00 0 
7f2c5c4c9000-7f2c5c5c7000 rw-p 00000000 00:00 0                          [stack:22874]
7f2c5c5c7000-7f2c5c5ca000 ---p 00000000 00:00 0 
7f2c5c5ca000-7f2c5c6c8000 rw-p 00000000 00:00 0                          [stack:22873]
7f2c5c6c8000-7f2c5c6cb000 ---p 00000000 00:00 0 
7f2c5c6cb000-7f2c5c7c9000 rw-p 00000000 00:00 0                          [stack:22872]
7f2c5c7c9000-7f2c5c7cc000 ---p 00000000 00:00 0 
7f2c5c7cc000-7f2c5c8ca000 rw-p 00000000 00:00 0                          [stack:22871]
7f2c5c8ca000-7f2c5c9fa000 r--p 00000000 08:01 6817861                    /usr/lib/locale/fr_LU.utf8/LC_COLLATE
7f2c5c9fa000-7f2c5c9fd000 ---p 00000000 00:00 0 
7f2c5c9fd000-7f2c5cafb000 rw-p 00000000 00:00 0                          [stack:22870]
7f2c5cafb000-7f2c5cafe000 ---p 00000000 00:00 0 
7f2c5cafe000-7f2c5cbfc000 rw-p 00000000 00:00 0                          [stack:22869]
7f2c5cbfc000-7f2c5cbfd000 ---p 00000000 00:00 0 
7f2c5cbfd000-7f2c5d000000 rw-p 00000000 00:00 0                          [stack:22868]
7f2c5d000000-7f2c5d270000 rwxp 00000000 00:00 0 
7f2c5d270000-7f2c6c000000 ---p 00000000 00:00 0 
7f2c6c000000-7f2c6c7ec000 rw-p 00000000 00:00 0 
7f2c6c7ec000-7f2c70000000 ---p 00000000 00:00 0 
7f2c70022000-7f2c70023000 rw-p 00000000 00:00 0 
7f2c70023000-7f2c70025000 rw-s 00000000 00:05 258491                     /drm mm object (deleted)
7f2c70025000-7f2c70035000 rw-s 114354000 00:06 13722                     /dev/dri/card0
7f2c70035000-7f2c70036000 rwxp 00000000 00:00 0 
7f2c70036000-7f2c70046000 rw-s 11429e000 00:06 13722                     /dev/dri/card0
7f2c70046000-7f2c70048000 rw-s 00000000 00:05 258487                     /drm mm object (deleted)
7f2c70048000-7f2c70049000 rw-s 00000000 00:05 258482                     /drm mm object (deleted)
7f2c70049000-7f2c7004a000 rwxp 00000000 00:00 0 
7f2c7004a000-7f2c70065000 r--s 001e6000 08:01 3670575                    /root/Desktop/Programming/Java/Elements Game/lib/lwjgl/jar/lwjgl.jar
7f2c70065000-7f2c70066000 r--s 00000000 08:01 2106122                    /root/Desktop/Programming/Java/Elements Game/run.jar
7f2c70066000-7f2c700a5000 r--p 00000000 08:01 6817862                    /usr/lib/locale/fr_LU.utf8/LC_CTYPE
7f2c700a5000-7f2c700a6000 r--p 00000000 08:01 6818401                    /usr/lib/locale/ig_NG/LC_NUMERIC
7f2c700a6000-7f2c700a7000 r--p 00000000 08:01 6816780                    /usr/lib/locale/en_US.utf8/LC_TIME
7f2c700a7000-7f2c700a8000 r--p 00000000 08:01 6816775                    /usr/lib/locale/en_US.utf8/LC_MONETARY
7f2c700a8000-7f2c700a9000 r--p 00000000 08:01 6816774                    /usr/lib/locale/en_US.utf8/LC_MESSAGES/SYS_LC_MESSAGES
7f2c700a9000-7f2c700aa000 r--p 00000000 08:01 6817464                    /usr/lib/locale/es_VE.utf8/LC_PAPER
7f2c700aa000-7f2c700ab000 r--p 00000000 08:01 6817994                    /usr/lib/locale/gd_GB.utf8/LC_NAME
7f2c700ab000-7f2c70d06000 rw-p 00000000 00:00 0 
7f2c70d06000-7f2c70edf000 r--s 03d20000 08:01 7085982                    /usr/lib/jvm/java-8-oracle/jre/lib/rt.jar
7f2c70edf000-7f2c7169f000 rw-p 00000000 00:00 0 
7f2c7169f000-7f2c716df000 ---p 00000000 00:00 0 
7f2c716df000-7f2c718b4000 rw-p 00000000 00:00 0 
7f2c718b4000-7f2c718b5000 ---p 00000000 00:00 0 
7f2c718b5000-7f2c719b5000 rw-p 00000000 00:00 0                          [stack:22867]
7f2c719b5000-7f2c719b6000 ---p 00000000 00:00 0 
7f2c719b6000-7f2c71ab6000 rw-p 00000000 00:00 0                          [stack:22866]
7f2c71ab6000-7f2c71ab7000 ---p 00000000 00:00 0 
7f2c71ab7000-7f2c71bb7000 rw-p 00000000 00:00 0                          [stack:22865]
7f2c71bb7000-7f2c71bb8000 ---p 00000000 00:00 0 
7f2c71bb8000-7f2c71ccc000 rw-p 00000000 00:00 0                          [stack:22864]
7f2c71ccc000-7f2c71df1000 ---p 00000000 00:00 0 
7f2c71df1000-7f2c71e05000 rw-p 00000000 00:00 0 
7f2c71e05000-7f2c71f29000 ---p 00000000 00:00 0 
7f2c71f29000-7f2c71f34000 rw-p 00000000 00:00 0 
7f2c71f34000-7f2c71fc6000 ---p 00000000 00:00 0 
7f2c71fc6000-7f2c71fd1000 rw-p 00000000 00:00 0 
7f2c71fd1000-7f2c72387000 ---p 00000000 00:00 0 
7f2c72387000-7f2c723a1000 r-xp 00000000 08:01 7216047                    /usr/lib/jvm/java-8-oracle/jre/lib/amd64/libzip.so
7f2c723a1000-7f2c725a1000 ---p 0001a000 08:01 7216047                    /usr/lib/jvm/java-8-oracle/jre/lib/amd64/libzip.so
7f2c725a1000-7f2c725a2000 rw-p 0001a000 08:01 7216047                    /usr/lib/jvm/java-8-oracle/jre/lib/amd64/libzip.so
7f2c725a2000-7f2c725ad000 r-xp 00000000 08:01 2361332                    /lib/x86_64-linux-gnu/libnss_files-2.19.so
7f2c725ad000-7f2c727ac000 ---p 0000b000 08:01 2361332                    /lib/x86_64-linux-gnu/libnss_files-2.19.so
7f2c727ac000-7f2c727ad000 r--p 0000a000 08:01 2361332                    /lib/x86_64-linux-gnu/libnss_files-2.19.so
7f2c727ad000-7f2c727ae000 rw-p 0000b000 08:01 2361332                    /lib/x86_64-linux-gnu/libnss_files-2.19.so
7f2c727ae000-7f2c727b8000 r-xp 00000000 08:01 2361343                    /lib/x86_64-linux-gnu/libnss_nis-2.19.so
7f2c727b8000-7f2c729b7000 ---p 0000a000 08:01 2361343                    /lib/x86_64-linux-gnu/libnss_nis-2.19.so
7f2c729b7000-7f2c729b8000 r--p 00009000 08:01 2361343                    /lib/x86_64-linux-gnu/libnss_nis-2.19.so
7f2c729b8000-7f2c729b9000 rw-p 0000a000 08:01 2361343                    /lib/x86_64-linux-gnu/libnss_nis-2.19.so
7f2c729b9000-7f2c729ce000 r-xp 00000000 08:01 2361326                    /lib/x86_64-linux-gnu/libnsl-2.19.so
7f2c729ce000-7f2c72bcd000 ---p 00015000 08:01 2361326                    /lib/x86_64-linux-gnu/libnsl-2.19.so
7f2c72bcd000-7f2c72bce000 r--p 00014000 08:01 2361326                    /lib/x86_64-linux-gnu/libnsl-2.19.so
7f2c72bce000-7f2c72bcf000 rw-p 00015000 08:01 2361326                    /lib/x86_64-linux-gnu/libnsl-2.19.so
7f2c72bcf000-7f2c72bd1000 rw-p 00000000 00:00 0 
7f2c72bd1000-7f2c72bd8000 r-xp 00000000 08:01 2361328                    /lib/x86_64-linux-gnu/libnss_compat-2.19.so
7f2c72bd8000-7f2c72dd7000 ---p 00007000 08:01 2361328                    /lib/x86_64-linux-gnu/libnss_compat-2.19.so
7f2c72dd7000-7f2c72dd8000 r--p 00006000 08:01 2361328                    /lib/x86_64-linux-gnu/libnss_compat-2.19.so
7f2c72dd8000-7f2c72dd9000 rw-p 00007000 08:01 2361328                    /lib/x86_64-linux-gnu/libnss_compat-2.19.so
7f2c72dd9000-7f2c72e03000 r-xp 00000000 08:01 7216042                    /usr/lib/jvm/java-8-oracle/jre/lib/amd64/libjava.so
7f2c72e03000-7f2c73003000 ---p 0002a000 08:01 7216042                    /usr/lib/jvm/java-8-oracle/jre/lib/amd64/libjava.so
7f2c73003000-7f2c73005000 rw-p 0002a000 08:01 7216042                    /usr/lib/jvm/java-8-oracle/jre/lib/amd64/libjava.so
7f2c73005000-7f2c73012000 r-xp 00000000 08:01 7216046                    /usr/lib/jvm/java-8-oracle/jre/lib/amd64/libverify.so
7f2c73012000-7f2c73212000 ---p 0000d000 08:01 7216046                    /usr/lib/jvm/java-8-oracle/jre/lib/amd64/libverify.so
7f2c73212000-7f2c73214000 rw-p 0000d000 08:01 7216046                    /usr/lib/jvm/java-8-oracle/jre/lib/amd64/libverify.so
7f2c73214000-7f2c7321b000 r-xp 00000000 08:01 2361378                    /lib/x86_64-linux-gnu/librt-2.19.so
7f2c7321b000-7f2c7341a000 ---p 00007000 08:01 2361378                    /lib/x86_64-linux-gnu/librt-2.19.so
7f2c7341a000-7f2c7341b000 r--p 00006000 08:01 2361378                    /lib/x86_64-linux-gnu/librt-2.19.so
7f2c7341b000-7f2c7341c000 rw-p 00007000 08:01 2361378                    /lib/x86_64-linux-gnu/librt-2.19.so
7f2c7341c000-7f2c7351c000 r-xp 00000000 08:01 2361305                    /lib/x86_64-linux-gnu/libm-2.19.so
7f2c7351c000-7f2c7371b000 ---p 00100000 08:01 2361305                    /lib/x86_64-linux-gnu/libm-2.19.so
7f2c7371b000-7f2c7371c000 r--p 000ff000 08:01 2361305                    /lib/x86_64-linux-gnu/libm-2.19.so
7f2c7371c000-7f2c7371d000 rw-p 00100000 08:01 2361305                    /lib/x86_64-linux-gnu/libm-2.19.so
7f2c7371d000-7f2c743db000 r-xp 00000000 08:01 7216025                    /usr/lib/jvm/java-8-oracle/jre/lib/amd64/server/libjvm.so
7f2c743db000-7f2c745da000 ---p 00cbe000 08:01 7216025                    /usr/lib/jvm/java-8-oracle/jre/lib/amd64/server/libjvm.so
7f2c745da000-7f2c746b3000 rw-p 00cbd000 08:01 7216025                    /usr/lib/jvm/java-8-oracle/jre/lib/amd64/server/libjvm.so
7f2c746b3000-7f2c746f7000 rw-p 00000000 00:00 0 
7f2c746f7000-7f2c74896000 r-xp 00000000 08:01 2361245                    /lib/x86_64-linux-gnu/libc-2.19.so
7f2c74896000-7f2c74a96000 ---p 0019f000 08:01 2361245                    /lib/x86_64-linux-gnu/libc-2.19.so
7f2c74a96000-7f2c74a9a000 r--p 0019f000 08:01 2361245                    /lib/x86_64-linux-gnu/libc-2.19.so
7f2c74a9a000-7f2c74a9c000 rw-p 001a3000 08:01 2361245                    /lib/x86_64-linux-gnu/libc-2.19.so
7f2c74a9c000-7f2c74aa0000 rw-p 00000000 00:00 0 
7f2c74aa0000-7f2c74aa3000 r-xp 00000000 08:01 2361261                    /lib/x86_64-linux-gnu/libdl-2.19.so
7f2c74aa3000-7f2c74ca2000 ---p 00003000 08:01 2361261                    /lib/x86_64-linux-gnu/libdl-2.19.so
7f2c74ca2000-7f2c74ca3000 r--p 00002000 08:01 2361261                    /lib/x86_64-linux-gnu/libdl-2.19.so
7f2c74ca3000-7f2c74ca4000 rw-p 00003000 08:01 2361261                    /lib/x86_64-linux-gnu/libdl-2.19.so
7f2c74ca4000-7f2c74cb9000 r-xp 00000000 08:01 7216020                    /usr/lib/jvm/java-8-oracle/jre/lib/amd64/jli/libjli.so
7f2c74cb9000-7f2c74eb9000 ---p 00015000 08:01 7216020                    /usr/lib/jvm/java-8-oracle/jre/lib/amd64/jli/libjli.so
7f2c74eb9000-7f2c74eba000 rw-p 00015000 08:01 7216020                    /usr/lib/jvm/java-8-oracle/jre/lib/amd64/jli/libjli.so
7f2c74eba000-7f2c74ed2000 r-xp 00000000 08:01 2361370                    /lib/x86_64-linux-gnu/libpthread-2.19.so
7f2c74ed2000-7f2c750d1000 ---p 00018000 08:01 2361370                    /lib/x86_64-linux-gnu/libpthread-2.19.so
7f2c750d1000-7f2c750d2000 r--p 00017000 08:01 2361370                    /lib/x86_64-linux-gnu/libpthread-2.19.so
7f2c750d2000-7f2c750d3000 rw-p 00018000 08:01 2361370                    /lib/x86_64-linux-gnu/libpthread-2.19.so
7f2c750d3000-7f2c750d7000 rw-p 00000000 00:00 0 
7f2c750d7000-7f2c750f7000 r-xp 00000000 08:01 2361219                    /lib/x86_64-linux-gnu/ld-2.19.so
7f2c750f7000-7f2c751c8000 rw-p 00000000 00:00 0 
7f2c751c8000-7f2c751cb000 ---p 00000000 00:00 0 
7f2c751cb000-7f2c752cd000 rw-p 00000000 00:00 0                          [stack:22863]
7f2c752cd000-7f2c752ce000 r--p 00000000 08:01 6816768                    /usr/lib/locale/en_US.utf8/LC_ADDRESS
7f2c752ce000-7f2c752cf000 r--p 00000000 08:01 6816779                    /usr/lib/locale/en_US.utf8/LC_TELEPHONE
7f2c752cf000-7f2c752d0000 r--p 00000000 08:01 6817318                    /usr/lib/locale/es_PR.utf8/LC_MEASUREMENT
7f2c752d0000-7f2c752d7000 r--s 00000000 08:01 7473973                    /usr/lib/x86_64-linux-gnu/gconv/gconv-modules.cache
7f2c752d7000-7f2c752d8000 r--p 00000000 08:01 6816771                    /usr/lib/locale/en_US.utf8/LC_IDENTIFICATION
7f2c752d8000-7f2c752eb000 rw-p 00000000 00:00 0 
7f2c752eb000-7f2c752f3000 rw-s 00000000 08:01 4194373                    /tmp/hsperfdata_root/22862
7f2c752f3000-7f2c752f4000 rw-p 00000000 00:00 0 
7f2c752f4000-7f2c752f5000 r--p 00000000 00:00 0 
7f2c752f5000-7f2c752f7000 rw-p 00000000 00:00 0 
7f2c752f7000-7f2c752f8000 r--p 00020000 08:01 2361219                    /lib/x86_64-linux-gnu/ld-2.19.so
7f2c752f8000-7f2c752f9000 rw-p 00021000 08:01 2361219                    /lib/x86_64-linux-gnu/ld-2.19.so
7f2c752f9000-7f2c752fa000 rw-p 00000000 00:00 0 
7ffe8d44e000-7ffe8d46f000 rw-p 00000000 00:00 0                          [stack]
7ffe8d48a000-7ffe8d48c000 r--p 00000000 00:00 0                          [vvar]
7ffe8d48c000-7ffe8d48e000 r-xp 00000000 00:00 0                          [vdso]
ffffffffff600000-ffffffffff601000 r-xp 00000000 00:00 0                  [vsyscall]

VM Arguments:
java_command: run.jar
java_class_path (initial): run.jar
Launcher Type: SUN_STANDARD

Environment Variables:
PATH=/usr/local/sbin:/usr/local/bin:/usr/sbin:/usr/bin:/sbin:/bin
USERNAME=root
SHELL=/bin/bash
DISPLAY=:0

Signal Handlers:
SIGSEGV: [libjvm.so+0xaba2a0], sa_mask[0]=11111111011111111101111111111110, sa_flags=SA_RESTART|SA_SIGINFO
SIGBUS: [libjvm.so+0xaba2a0], sa_mask[0]=11111111011111111101111111111110, sa_flags=SA_RESTART|SA_SIGINFO
SIGFPE: [libjvm.so+0x917710], sa_mask[0]=11111111011111111101111111111110, sa_flags=SA_RESTART|SA_SIGINFO
SIGPIPE: [libjvm.so+0x917710], sa_mask[0]=11111111011111111101111111111110, sa_flags=SA_RESTART|SA_SIGINFO
SIGXFSZ: [libjvm.so+0x917710], sa_mask[0]=11111111011111111101111111111110, sa_flags=SA_RESTART|SA_SIGINFO
SIGILL: [libjvm.so+0x917710], sa_mask[0]=11111111011111111101111111111110, sa_flags=SA_RESTART|SA_SIGINFO
SIGUSR1: SIG_DFL, sa_mask[0]=00000000000000000000000000000000, sa_flags=none
SIGUSR2: [libjvm.so+0x918d40], sa_mask[0]=00000000000000000000000000000000, sa_flags=SA_RESTART|SA_SIGINFO
SIGHUP: [libjvm.so+0x91a140], sa_mask[0]=11111111011111111101111111111110, sa_flags=SA_RESTART|SA_SIGINFO
SIGINT: [libjvm.so+0x91a140], sa_mask[0]=11111111011111111101111111111110, sa_flags=SA_RESTART|SA_SIGINFO
SIGTERM: [libjvm.so+0x91a140], sa_mask[0]=11111111011111111101111111111110, sa_flags=SA_RESTART|SA_SIGINFO
SIGQUIT: [libjvm.so+0x91a140], sa_mask[0]=11111111011111111101111111111110, sa_flags=SA_RESTART|SA_SIGINFO


---------------  S Y S T E M  ---------------

OS:DISTRIB_ID=Kali
DISTRIB_RELEASE=2.0
DISTRIB_CODENAME=sana
DISTRIB_DESCRIPTION="Kali GNU/Linux 2.0"

uname:Linux 4.0.0-kali1-amd64 #1 SMP Debian 4.0.4-1+kali2 (2015-06-03) x86_64
libc:glibc 2.19 NPTL 2.19 
rlimit: STACK 8192k, CORE 0k, NPROC 14918, NOFILE 65536, AS infinity
load average:0.17 0.34 0.31

/proc/meminfo:
MemTotal:        3840348 kB
MemFree:          728628 kB
MemAvailable:    2079352 kB
Buffers:          285868 kB
Cached:          1345928 kB
SwapCached:            0 kB
Active:          2122832 kB
Inactive:         777008 kB
Active(anon):    1250732 kB
Inactive(anon):   191584 kB
Active(file):     872100 kB
Inactive(file):   585424 kB
Unevictable:           0 kB
Mlocked:               0 kB
SwapTotal:       7959548 kB
SwapFree:        7950980 kB
Dirty:               336 kB
Writeback:             0 kB
AnonPages:       1268172 kB
Mapped:           220440 kB
Shmem:            174276 kB
Slab:             152268 kB
SReclaimable:     124272 kB
SUnreclaim:        27996 kB
KernelStack:        6224 kB
PageTables:        23656 kB
NFS_Unstable:          0 kB
Bounce:                0 kB
WritebackTmp:          0 kB
CommitLimit:     9879720 kB
Committed_AS:    3788828 kB
VmallocTotal:   34359738367 kB
VmallocUsed:      546724 kB
VmallocChunk:   34359185600 kB
HardwareCorrupted:     0 kB
AnonHugePages:         0 kB
HugePages_Total:       0
HugePages_Free:        0
HugePages_Rsvd:        0
HugePages_Surp:        0
Hugepagesize:       2048 kB
DirectMap4k:      128780 kB
DirectMap2M:     3852288 kB


CPU:total 4 (2 cores per cpu, 2 threads per core) family 6 model 37 stepping 5, cmov, cx8, fxsr, mmx, sse, sse2, sse3, ssse3, sse4.1, sse4.2, popcnt, aes, clmul, ht, tsc, tscinvbit

/proc/cpuinfo:
processor	: 0
vendor_id	: GenuineIntel
cpu family	: 6
model		: 37
model name	: Intel(R) Core(TM) i7 CPU       L 640  @ 2.13GHz
stepping	: 5
microcode	: 0x4
cpu MHz		: 1866.000
cache size	: 4096 KB
physical id	: 0
siblings	: 4
core id		: 0
cpu cores	: 2
apicid		: 0
initial apicid	: 0
fpu		: yes
fpu_exception	: yes
cpuid level	: 11
wp		: yes
flags		: fpu vme de pse tsc msr pae mce cx8 apic sep mtrr pge mca cmov pat pse36 clflush dts acpi mmx fxsr sse sse2 ss ht tm pbe syscall nx rdtscp lm constant_tsc arch_perfmon pebs bts rep_good nopl xtopology nonstop_tsc aperfmperf pni pclmulqdq dtes64 monitor ds_cpl vmx smx est tm2 ssse3 cx16 xtpr pdcm pcid sse4_1 sse4_2 popcnt aes lahf_lm ida arat dtherm tpr_shadow vnmi flexpriority ept vpid
bugs		:
bogomips	: 4255.88
clflush size	: 64
cache_alignment	: 64
address sizes	: 36 bits physical, 48 bits virtual
power management:

processor	: 1
vendor_id	: GenuineIntel
cpu family	: 6
model		: 37
model name	: Intel(R) Core(TM) i7 CPU       L 640  @ 2.13GHz
stepping	: 5
microcode	: 0x4
cpu MHz		: 1733.000
cache size	: 4096 KB
physical id	: 0
siblings	: 4
core id		: 0
cpu cores	: 2
apicid		: 1
initial apicid	: 1
fpu		: yes
fpu_exception	: yes
cpuid level	: 11
wp		: yes
flags		: fpu vme de pse tsc msr pae mce cx8 apic sep mtrr pge mca cmov pat pse36 clflush dts acpi mmx fxsr sse sse2 ss ht tm pbe syscall nx rdtscp lm constant_tsc arch_perfmon pebs bts rep_good nopl xtopology nonstop_tsc aperfmperf pni pclmulqdq dtes64 monitor ds_cpl vmx smx est tm2 ssse3 cx16 xtpr pdcm pcid sse4_1 sse4_2 popcnt aes lahf_lm ida arat dtherm tpr_shadow vnmi flexpriority ept vpid
bugs		:
bogomips	: 4255.88
clflush size	: 64
cache_alignment	: 64
address sizes	: 36 bits physical, 48 bits virtual
power management:

processor	: 2
vendor_id	: GenuineIntel
cpu family	: 6
model		: 37
model name	: Intel(R) Core(TM) i7 CPU       L 640  @ 2.13GHz
stepping	: 5
microcode	: 0x4
cpu MHz		: 1599.000
cache size	: 4096 KB
physical id	: 0
siblings	: 4
core id		: 2
cpu cores	: 2
apicid		: 4
initial apicid	: 4
fpu		: yes
fpu_exception	: yes
cpuid level	: 11
wp		: yes
flags		: fpu vme de pse tsc msr pae mce cx8 apic sep mtrr pge mca cmov pat pse36 clflush dts acpi mmx fxsr sse sse2 ss ht tm pbe syscall nx rdtscp lm constant_tsc arch_perfmon pebs bts rep_good nopl xtopology nonstop_tsc aperfmperf pni pclmulqdq dtes64 monitor ds_cpl vmx smx est tm2 ssse3 cx16 xtpr pdcm pcid sse4_1 sse4_2 popcnt aes lahf_lm ida arat dtherm tpr_shadow vnmi flexpriority ept vpid
bugs		:
bogomips	: 4255.88
clflush size	: 64
cache_alignment	: 64
address sizes	: 36 bits physical, 48 bits virtual
power management:

processor	: 3
vendor_id	: GenuineIntel
cpu family	: 6
model		: 37
model name	: Intel(R) Core(TM) i7 CPU       L 640  @ 2.13GHz
stepping	: 5
microcode	: 0x4
cpu MHz		: 2134.000
cache size	: 4096 KB
physical id	: 0
siblings	: 4
core id		: 2
cpu cores	: 2
apicid		: 5
initial apicid	: 5
fpu		: yes
fpu_exception	: yes
cpuid level	: 11
wp		: yes
flags		: fpu vme de pse tsc msr pae mce cx8 apic sep mtrr pge mca cmov pat pse36 clflush dts acpi mmx fxsr sse sse2 ss ht tm pbe syscall nx rdtscp lm constant_tsc arch_perfmon pebs bts rep_good nopl xtopology nonstop_tsc aperfmperf pni pclmulqdq dtes64 monitor ds_cpl vmx smx est tm2 ssse3 cx16 xtpr pdcm pcid sse4_1 sse4_2 popcnt aes lahf_lm ida arat dtherm tpr_shadow vnmi flexpriority ept vpid
bugs		:
bogomips	: 4255.88
clflush size	: 64
cache_alignment	: 64
address sizes	: 36 bits physical, 48 bits virtual
power management:



Memory: 4k page, physical 3840348k(728628k free), swap 7959548k(7950980k free)

vm_info: Java HotSpot(TM) 64-Bit Server VM (25.66-b17) for linux-amd64 JRE (1.8.0_66-b17), built on Oct  6 2015 17:28:34 by "java_re" with gcc 4.3.0 20080428 (Red Hat 4.3.0-8)

time: Sun Jan  3 13:39:15 2016
elapsed time: 0 seconds (0d 0h 0m 0s)

