#
# A fatal error has been detected by the Java Runtime Environment:
#
#  SIGSEGV (0xb) at pc=0x00007fb483e19720, pid=30731, tid=140413295240960
#
# JRE version: Java(TM) SE Runtime Environment (8.0_66-b17) (build 1.8.0_66-b17)
# Java VM: Java HotSpot(TM) 64-Bit Server VM (25.66-b17 mixed mode linux-amd64 compressed oops)
# Problematic frame:
# C  [libc.so.6+0x90720]
#
# Failed to write core dump. Core dumps have been disabled. To enable core dumping, try "ulimit -c unlimited" before starting Java again
#
# If you would like to submit a bug report, please visit:
#   http://bugreport.java.com/bugreport/crash.jsp
# The crash happened outside the Java Virtual Machine in native code.
# See problematic frame for where to report the bug.
#

---------------  T H R E A D  ---------------

Current thread (0x00007fb47c009800):  JavaThread "main" [_thread_in_native, id=30732, stack(0x00007fb48485a000,0x00007fb48495b000)]

siginfo: si_signo: 11 (SIGSEGV), si_code: 1 (SEGV_MAPERR), si_addr: 0x0000000000000000

Registers:
RAX=0xffff804b96879ef0, RBX=0x0000000000000000, RCX=0x0000000000000120, RDX=0x0000000000000090
RSP=0x00007fb4849592e8, RBP=0x0000000000000008, RSI=0x0000000000000000, RDI=0x00007fb469786080
R8 =0x00007fb47c2d18a0, R9 =0x0000000000000010, R10=0x0000000000000000, R11=0x0000000000000008
R12=0x0000000000000090, R13=0x0000000000000010, R14=0x00007fb47c2d1898, R15=0x0000000000000010
RIP=0x00007fb483e19720, EFLAGS=0x0000000000010202, CSGSFS=0x0000000000000033, ERR=0x0000000000000004
  TRAPNO=0x000000000000000e

Top of Stack: (sp=0x00007fb4849592e8)
0x00007fb4849592e8:   00007fb46166f186 0000000000000000
0x00007fb4849592f8:   0000000900000100 0000000100000000
0x00007fb484959308:   00007fb47c2ada38 00007fb47c2d1688
0x00007fb484959318:   00007fb47c2d1898 00007fb47c2d16b8
0x00007fb484959328:   0000000000000002 0000000000000010
0x00007fb484959338:   00007fb46166fbfe ffffffffffffffff
0x00007fb484959348:   00007fb47c2d1bb0 0000000000000000
0x00007fb484959358:   0000000000000000 ffffffff00000000
0x00007fb484959368:   0000000800000008 00007fb47c2d1688
0x00007fb484959378:   00007fb47c2d16b8 ffffffffffffffff
0x00007fb484959388:   ffffffffffffffff ffffffffffffffff
0x00007fb484959398:   00007fb47c2ada38 0000000000000000
0x00007fb4849593a8:   00007fb47c3ec4b0 0000000000000000
0x00007fb4849593b8:   0000000000000000 00007fb47c3ec270
0x00007fb4849593c8:   00007fb46113335b 0000000000000000
0x00007fb4849593d8:   ffffffffffffffff 1680021400000fe4
0x00007fb4849593e8:   00007fb461642282 00007fb47c2ada38
0x00007fb4849593f8:   0000000000000000 0000000000000000
0x00007fb484959408:   00007fb4616a58fd 00007fb47c575980
0x00007fb484959418:   00007fb47c3ec270 0000000000000000
0x00007fb484959428:   0000000000000000 00007fb47c786ba0
0x00007fb484959438:   0000000000000000 00007fb47c3ec270
0x00007fb484959448:   0000000000000001 00007fb47c2ada38
0x00007fb484959458:   00000000000001e0 00007fb47c3ec270
0x00007fb484959468:   00007fb4616a49e0 0000000000000000
0x00007fb484959478:   e45dfd7b131e5500 0000000000007e40
0x00007fb484959488:   00007fb47c2ada38 00007fb461a96218
0x00007fb484959498:   0000000000000025 00007fb484959610
0x00007fb4849594a8:   0000000000000000 00007fb461a96218
0x00007fb4849594b8:   00007fb46166fd06 0922208060003f01
0x00007fb4849594c8:   00007fb47c2ada38 00007fb461a96218
0x00007fb4849594d8:   0000000000000025 00007fb484959610 

Instructions: (pc=0x00007fb483e19720)
0x00007fb483e19700:   48 89 f0 48 8d 0c 12 48 29 f8 48 29 d0 48 39 c8
0x00007fb483e19710:   0f 82 07 01 00 00 48 83 fa 10 0f 86 8b 01 00 00
0x00007fb483e19720:   f3 44 0f 6f 06 48 83 fa 20 f3 44 0f 7f 07 f3 44
0x00007fb483e19730:   0f 6f 44 16 f0 f3 44 0f 7f 44 17 f0 77 12 48 89 

Register to memory mapping:

RAX=0xffff804b96879ef0 is an unknown value
RBX=0x0000000000000000 is an unknown value
RCX=0x0000000000000120 is an unknown value
RDX=0x0000000000000090 is an unknown value
RSP=0x00007fb4849592e8 is pointing into the stack for thread: 0x00007fb47c009800
RBP=0x0000000000000008 is an unknown value
RSI=0x0000000000000000 is an unknown value
RDI=0x00007fb469786080 is an unknown value
R8 =0x00007fb47c2d18a0 is an unknown value
R9 =0x0000000000000010 is an unknown value
R10=0x0000000000000000 is an unknown value
R11=0x0000000000000008 is an unknown value
R12=0x0000000000000090 is an unknown value
R13=0x0000000000000010 is an unknown value
R14=0x00007fb47c2d1898 is an unknown value
R15=0x0000000000000010 is an unknown value


Stack: [0x00007fb48485a000,0x00007fb48495b000],  sp=0x00007fb4849592e8,  free space=1020k
Native frames: (J=compiled Java code, j=interpreted, Vv=VM code, C=native code)
C  [libc.so.6+0x90720]

Java frames: (J=compiled Java code, j=interpreted, Vv=VM code)
j  org.lwjgl.system.JNI.callIIIV(JIII)V+0
j  org.lwjgl.opengl.GL11.glDrawArrays(III)V+11
j  ObjectRenderer.render()V+32
j  Client.render()V+52
j  Client.loop()V+22
j  Client.run()V+5
j  ClientLoader.main([Ljava/lang/String;)V+25
v  ~StubRoutines::call_stub

---------------  P R O C E S S  ---------------

Java Threads: ( => current thread )
  0x00007fb47c195000 JavaThread "Service Thread" daemon [_thread_blocked, id=30744, stack(0x00007fb469d6c000,0x00007fb469e6d000)]
  0x00007fb47c188000 JavaThread "C1 CompilerThread2" daemon [_thread_blocked, id=30743, stack(0x00007fb469e6d000,0x00007fb469f6e000)]
  0x00007fb47c186800 JavaThread "C2 CompilerThread1" daemon [_thread_blocked, id=30742, stack(0x00007fb469f6e000,0x00007fb46a06f000)]
  0x00007fb47c183800 JavaThread "C2 CompilerThread0" daemon [_thread_blocked, id=30741, stack(0x00007fb46a06f000,0x00007fb46a170000)]
  0x00007fb47c182000 JavaThread "Signal Dispatcher" daemon [_thread_blocked, id=30740, stack(0x00007fb46a170000,0x00007fb46a271000)]
  0x00007fb47c145800 JavaThread "Finalizer" daemon [_thread_blocked, id=30739, stack(0x00007fb46a3a1000,0x00007fb46a4a2000)]
  0x00007fb47c143800 JavaThread "Reference Handler" daemon [_thread_blocked, id=30738, stack(0x00007fb46a4a2000,0x00007fb46a5a3000)]
=>0x00007fb47c009800 JavaThread "main" [_thread_in_native, id=30732, stack(0x00007fb48485a000,0x00007fb48495b000)]

Other Threads:
  0x00007fb47c13e800 VMThread [stack: 0x00007fb46a5a3000,0x00007fb46a6a4000] [id=30737]
  0x00007fb47c198000 WatcherThread [stack: 0x00007fb469c6b000,0x00007fb469d6c000] [id=30745]

VM state:not at safepoint (normal execution)

VM Mutex/Monitor currently owned by a thread: None

Heap:
 PSYoungGen      total 17920K, used 12230K [0x00000000ec780000, 0x00000000edb80000, 0x0000000100000000)
  eden space 15360K, 79% used [0x00000000ec780000,0x00000000ed371a78,0x00000000ed680000)
  from space 2560K, 0% used [0x00000000ed900000,0x00000000ed900000,0x00000000edb80000)
  to   space 2560K, 0% used [0x00000000ed680000,0x00000000ed680000,0x00000000ed900000)
 ParOldGen       total 40960K, used 0K [0x00000000c5600000, 0x00000000c7e00000, 0x00000000ec780000)
  object space 40960K, 0% used [0x00000000c5600000,0x00000000c5600000,0x00000000c7e00000)
 Metaspace       used 6987K, capacity 8280K, committed 8576K, reserved 1056768K
  class space    used 518K, capacity 584K, committed 640K, reserved 1048576K

Card table byte_map: [0x00007fb481483000,0x00007fb481659000] byte_map_base: 0x00007fb480e58000

Marking Bits: (ParMarkBitMap*) 0x00007fb483d5e020
 Begin Bits: [0x00007fb46b2b0000, 0x00007fb46c158000)
 End Bits:   [0x00007fb46c158000, 0x00007fb46d000000)

Polling page: 0x00007fb484986000

CodeCache: size=245760Kb used=1929Kb max_used=1933Kb free=243830Kb
 bounds [0x00007fb46d000000, 0x00007fb46d270000, 0x00007fb47c000000]
 total_blobs=934 nmethods=289 adapters=560
 compilation: enabled

Compilation events (10 events):
Event: 0.488 Thread 0x00007fb47c188000  284       3       java.lang.ClassLoader::loadClass (7 bytes)
Event: 0.489 Thread 0x00007fb47c188000 nmethod 284 0x00007fb46d1dc4d0 code [0x00007fb46d1dc640, 0x00007fb46d1dc848]
Event: 0.489 Thread 0x00007fb47c188000  285       3       sun.misc.Launcher$AppClassLoader::loadClass (85 bytes)
Event: 0.489 Thread 0x00007fb47c186800  287       4       java.util.concurrent.ConcurrentHashMap::tabAt (21 bytes)
Event: 0.489 Thread 0x00007fb47c183800  288       4       java.util.concurrent.ConcurrentHashMap::casTabAt (20 bytes)
Event: 0.490 Thread 0x00007fb47c186800 nmethod 287 0x00007fb46d1e2650 code [0x00007fb46d1e2780, 0x00007fb46d1e27d8]
Event: 0.490 Thread 0x00007fb47c183800 nmethod 288 0x00007fb46d1e3d90 code [0x00007fb46d1e3ec0, 0x00007fb46d1e3f38]
Event: 0.491 Thread 0x00007fb47c188000 nmethod 285 0x00007fb46d1dd0d0 code [0x00007fb46d1dd300, 0x00007fb46d1de008]
Event: 0.491 Thread 0x00007fb47c188000  286  s    3       sun.misc.URLClassPath::knownToNotExist (24 bytes)
Event: 0.491 Thread 0x00007fb47c188000 nmethod 286 0x00007fb46d1e3790 code [0x00007fb46d1e3900, 0x00007fb46d1e3cc8]

GC Heap History (0 events):
No events

Deoptimization events (0 events):
No events

Internal exceptions (2 events):
Event: 0.036 Thread 0x00007fb47c009800 Exception <a 'java/lang/NoSuchMethodError': Method sun.misc.Unsafe.defineClass(Ljava/lang/String;[BII)Ljava/lang/Class; name or signature does not match> (0x00000000ec792b98) thrown at [/HUDSON/workspace/8-2-build-linux-amd64/jdk8u66/4988/hotspot/src/shar
Event: 0.036 Thread 0x00007fb47c009800 Exception <a 'java/lang/NoSuchMethodError': Method sun.misc.Unsafe.prefetchRead(Ljava/lang/Object;J)V name or signature does not match> (0x00000000ec792e80) thrown at [/HUDSON/workspace/8-2-build-linux-amd64/jdk8u66/4988/hotspot/src/share/vm/prims/jni.cpp

Events (10 events):
Event: 0.490 loading class org/lwjgl/stb/STBTTAlignedQuad
Event: 0.490 loading class org/lwjgl/stb/STBTTAlignedQuad done
Event: 0.491 loading class ObjectRenderer
Event: 0.491 loading class ObjectRenderer done
Event: 0.492 loading class org/lwjgl/glfw/GLFWKeyCallback$1
Event: 0.492 loading class org/lwjgl/glfw/GLFWKeyCallback$1 done
Event: 0.494 loading class Client$1
Event: 0.494 loading class Client$1 done
Event: 0.494 loading class org/lwjgl/opengl/GLChecks
Event: 0.494 loading class org/lwjgl/opengl/GLChecks done


Dynamic libraries:
00400000-00401000 r-xp 00000000 08:01 7085876                            /usr/lib/jvm/java-8-oracle/jre/bin/java
00600000-00601000 rw-p 00000000 08:01 7085876                            /usr/lib/jvm/java-8-oracle/jre/bin/java
02499000-024ba000 rw-p 00000000 00:00 0                                  [heap]
c5600000-c7e00000 rw-p 00000000 00:00 0 
c7e00000-ec780000 ---p 00000000 00:00 0 
ec780000-edb80000 rw-p 00000000 00:00 0 
edb80000-100000000 ---p 00000000 00:00 0 
100000000-1000a0000 rw-p 00000000 00:00 0 
1000a0000-140000000 ---p 00000000 00:00 0 
7fb42c000000-7fb42c021000 rw-p 00000000 00:00 0 
7fb42c021000-7fb430000000 ---p 00000000 00:00 0 
7fb432e62000-7fb434000000 rw-p 00000000 00:00 0 
7fb434000000-7fb43419d000 rw-p 00000000 00:00 0 
7fb43419d000-7fb438000000 ---p 00000000 00:00 0 
7fb438000000-7fb438021000 rw-p 00000000 00:00 0 
7fb438021000-7fb43c000000 ---p 00000000 00:00 0 
7fb43c000000-7fb43c0a3000 rw-p 00000000 00:00 0 
7fb43c0a3000-7fb440000000 ---p 00000000 00:00 0 
7fb440000000-7fb4400c6000 rw-p 00000000 00:00 0 
7fb4400c6000-7fb444000000 ---p 00000000 00:00 0 
7fb444000000-7fb444021000 rw-p 00000000 00:00 0 
7fb444021000-7fb448000000 ---p 00000000 00:00 0 
7fb448000000-7fb448021000 rw-p 00000000 00:00 0 
7fb448021000-7fb44c000000 ---p 00000000 00:00 0 
7fb44c000000-7fb44c021000 rw-p 00000000 00:00 0 
7fb44c021000-7fb450000000 ---p 00000000 00:00 0 
7fb450000000-7fb450021000 rw-p 00000000 00:00 0 
7fb450021000-7fb454000000 ---p 00000000 00:00 0 
7fb454000000-7fb454021000 rw-p 00000000 00:00 0 
7fb454021000-7fb458000000 ---p 00000000 00:00 0 
7fb458000000-7fb458021000 rw-p 00000000 00:00 0 
7fb458021000-7fb45c000000 ---p 00000000 00:00 0 
7fb45c000000-7fb45c021000 rw-p 00000000 00:00 0 
7fb45c021000-7fb460000000 ---p 00000000 00:00 0 
7fb46019b000-7fb4601d2000 r-xp 00000000 08:01 7476861                    /usr/lib/x86_64-linux-gnu/libtxc_dxtn_s2tc.so.0.0.0
7fb4601d2000-7fb4603d1000 ---p 00037000 08:01 7476861                    /usr/lib/x86_64-linux-gnu/libtxc_dxtn_s2tc.so.0.0.0
7fb4603d1000-7fb4603d2000 r--p 00036000 08:01 7476861                    /usr/lib/x86_64-linux-gnu/libtxc_dxtn_s2tc.so.0.0.0
7fb4603d2000-7fb4603d3000 rw-p 00037000 08:01 7476861                    /usr/lib/x86_64-linux-gnu/libtxc_dxtn_s2tc.so.0.0.0
7fb4603d3000-7fb4603ed000 r-xp 00000000 08:01 2361412                    /lib/x86_64-linux-gnu/libz.so.1.2.8
7fb4603ed000-7fb4605ec000 ---p 0001a000 08:01 2361412                    /lib/x86_64-linux-gnu/libz.so.1.2.8
7fb4605ec000-7fb4605ed000 r--p 00019000 08:01 2361412                    /lib/x86_64-linux-gnu/libz.so.1.2.8
7fb4605ed000-7fb4605ee000 rw-p 0001a000 08:01 2361412                    /lib/x86_64-linux-gnu/libz.so.1.2.8
7fb4605ee000-7fb4605f6000 r-xp 00000000 08:01 7476483                    /usr/lib/x86_64-linux-gnu/libpciaccess.so.0.11.1
7fb4605f6000-7fb4607f6000 ---p 00008000 08:01 7476483                    /usr/lib/x86_64-linux-gnu/libpciaccess.so.0.11.1
7fb4607f6000-7fb4607f7000 r--p 00008000 08:01 7476483                    /usr/lib/x86_64-linux-gnu/libpciaccess.so.0.11.1
7fb4607f7000-7fb4607f8000 rw-p 00009000 08:01 7476483                    /usr/lib/x86_64-linux-gnu/libpciaccess.so.0.11.1
7fb4607f8000-7fb46080e000 r-xp 00000000 08:01 2361273                    /lib/x86_64-linux-gnu/libgcc_s.so.1
7fb46080e000-7fb460a0d000 ---p 00016000 08:01 2361273                    /lib/x86_64-linux-gnu/libgcc_s.so.1
7fb460a0d000-7fb460a0e000 rw-p 00015000 08:01 2361273                    /lib/x86_64-linux-gnu/libgcc_s.so.1
7fb460a0e000-7fb460afa000 r-xp 00000000 08:01 7476755                    /usr/lib/x86_64-linux-gnu/libstdc++.so.6.0.20
7fb460afa000-7fb460cfa000 ---p 000ec000 08:01 7476755                    /usr/lib/x86_64-linux-gnu/libstdc++.so.6.0.20
7fb460cfa000-7fb460d02000 r--p 000ec000 08:01 7476755                    /usr/lib/x86_64-linux-gnu/libstdc++.so.6.0.20
7fb460d02000-7fb460d04000 rw-p 000f4000 08:01 7476755                    /usr/lib/x86_64-linux-gnu/libstdc++.so.6.0.20
7fb460d04000-7fb460d19000 rw-p 00000000 00:00 0 
7fb460d19000-7fb460d25000 r-xp 00000000 08:01 7475559                    /usr/lib/x86_64-linux-gnu/libdrm_radeon.so.1.0.1
7fb460d25000-7fb460f24000 ---p 0000c000 08:01 7475559                    /usr/lib/x86_64-linux-gnu/libdrm_radeon.so.1.0.1
7fb460f24000-7fb460f25000 r--p 0000b000 08:01 7475559                    /usr/lib/x86_64-linux-gnu/libdrm_radeon.so.1.0.1
7fb460f25000-7fb460f26000 rw-p 0000c000 08:01 7475559                    /usr/lib/x86_64-linux-gnu/libdrm_radeon.so.1.0.1
7fb460f26000-7fb460f2c000 r-xp 00000000 08:01 7475555                    /usr/lib/x86_64-linux-gnu/libdrm_nouveau.so.2.0.0
7fb460f2c000-7fb46112b000 ---p 00006000 08:01 7475555                    /usr/lib/x86_64-linux-gnu/libdrm_nouveau.so.2.0.0
7fb46112b000-7fb46112c000 r--p 00005000 08:01 7475555                    /usr/lib/x86_64-linux-gnu/libdrm_nouveau.so.2.0.0
7fb46112c000-7fb46112d000 rw-p 00006000 08:01 7475555                    /usr/lib/x86_64-linux-gnu/libdrm_nouveau.so.2.0.0
7fb46112d000-7fb46114e000 r-xp 00000000 08:01 7475551                    /usr/lib/x86_64-linux-gnu/libdrm_intel.so.1.0.0
7fb46114e000-7fb46134d000 ---p 00021000 08:01 7475551                    /usr/lib/x86_64-linux-gnu/libdrm_intel.so.1.0.0
7fb46134d000-7fb46134e000 r--p 00020000 08:01 7475551                    /usr/lib/x86_64-linux-gnu/libdrm_intel.so.1.0.0
7fb46134e000-7fb46134f000 rw-p 00021000 08:01 7475551                    /usr/lib/x86_64-linux-gnu/libdrm_intel.so.1.0.0
7fb46134f000-7fb46186d000 r-xp 00000000 08:01 7473403                    /usr/lib/x86_64-linux-gnu/dri/i965_dri.so
7fb46186d000-7fb461a6d000 ---p 0051e000 08:01 7473403                    /usr/lib/x86_64-linux-gnu/dri/i965_dri.so
7fb461a6d000-7fb461a89000 r--p 0051e000 08:01 7473403                    /usr/lib/x86_64-linux-gnu/dri/i965_dri.so
7fb461a89000-7fb461a8f000 rw-p 0053a000 08:01 7473403                    /usr/lib/x86_64-linux-gnu/dri/i965_dri.so
7fb461a8f000-7fb461a9a000 rw-p 00000000 00:00 0 
7fb461a9a000-7fb461aa8000 r-xp 00000000 08:01 2361397                    /lib/x86_64-linux-gnu/libudev.so.1.5.0
7fb461aa8000-7fb461ca7000 ---p 0000e000 08:01 2361397                    /lib/x86_64-linux-gnu/libudev.so.1.5.0
7fb461ca7000-7fb461ca8000 r--p 0000d000 08:01 2361397                    /lib/x86_64-linux-gnu/libudev.so.1.5.0
7fb461ca8000-7fb461ca9000 rw-p 0000e000 08:01 2361397                    /lib/x86_64-linux-gnu/libudev.so.1.5.0
7fb461ca9000-7fb461cb5000 r-xp 00000000 08:01 7475547                    /usr/lib/x86_64-linux-gnu/libdrm.so.2.4.0
7fb461cb5000-7fb461eb4000 ---p 0000c000 08:01 7475547                    /usr/lib/x86_64-linux-gnu/libdrm.so.2.4.0
7fb461eb4000-7fb461eb5000 r--p 0000b000 08:01 7475547                    /usr/lib/x86_64-linux-gnu/libdrm.so.2.4.0
7fb461eb5000-7fb461eb6000 rw-p 0000c000 08:01 7475547                    /usr/lib/x86_64-linux-gnu/libdrm.so.2.4.0
7fb461eb6000-7fb461eb7000 r-xp 00000000 08:01 7477146                    /usr/lib/x86_64-linux-gnu/libxshmfence.so.1.0.0
7fb461eb7000-7fb4620b6000 ---p 00001000 08:01 7477146                    /usr/lib/x86_64-linux-gnu/libxshmfence.so.1.0.0
7fb4620b6000-7fb4620b7000 r--p 00000000 08:01 7477146                    /usr/lib/x86_64-linux-gnu/libxshmfence.so.1.0.0
7fb4620b7000-7fb4620b8000 rw-p 00001000 08:01 7477146                    /usr/lib/x86_64-linux-gnu/libxshmfence.so.1.0.0
7fb4620b8000-7fb4620bd000 r-xp 00000000 08:01 7477116                    /usr/lib/x86_64-linux-gnu/libxcb-sync.so.1.0.0
7fb4620bd000-7fb4622bd000 ---p 00005000 08:01 7477116                    /usr/lib/x86_64-linux-gnu/libxcb-sync.so.1.0.0
7fb4622bd000-7fb4622be000 r--p 00005000 08:01 7477116                    /usr/lib/x86_64-linux-gnu/libxcb-sync.so.1.0.0
7fb4622be000-7fb4622bf000 rw-p 00006000 08:01 7477116                    /usr/lib/x86_64-linux-gnu/libxcb-sync.so.1.0.0
7fb4622bf000-7fb4622c1000 r-xp 00000000 08:01 7477094                    /usr/lib/x86_64-linux-gnu/libxcb-present.so.0.0.0
7fb4622c1000-7fb4624c0000 ---p 00002000 08:01 7477094                    /usr/lib/x86_64-linux-gnu/libxcb-present.so.0.0.0
7fb4624c0000-7fb4624c1000 r--p 00001000 08:01 7477094                    /usr/lib/x86_64-linux-gnu/libxcb-present.so.0.0.0
7fb4624c1000-7fb4624c2000 rw-p 00002000 08:01 7477094                    /usr/lib/x86_64-linux-gnu/libxcb-present.so.0.0.0
7fb4624c2000-7fb4624c4000 r-xp 00000000 08:01 7477080                    /usr/lib/x86_64-linux-gnu/libxcb-dri3.so.0.0.0
7fb4624c4000-7fb4626c3000 ---p 00002000 08:01 7477080                    /usr/lib/x86_64-linux-gnu/libxcb-dri3.so.0.0.0
7fb4626c3000-7fb4626c4000 r--p 00001000 08:01 7477080                    /usr/lib/x86_64-linux-gnu/libxcb-dri3.so.0.0.0
7fb4626c4000-7fb4626c5000 rw-p 00002000 08:01 7477080                    /usr/lib/x86_64-linux-gnu/libxcb-dri3.so.0.0.0
7fb4626c5000-7fb4626c9000 r-xp 00000000 08:01 7477076                    /usr/lib/x86_64-linux-gnu/libxcb-dri2.so.0.0.0
7fb4626c9000-7fb4628c8000 ---p 00004000 08:01 7477076                    /usr/lib/x86_64-linux-gnu/libxcb-dri2.so.0.0.0
7fb4628c8000-7fb4628c9000 r--p 00003000 08:01 7477076                    /usr/lib/x86_64-linux-gnu/libxcb-dri2.so.0.0.0
7fb4628c9000-7fb4628ca000 rw-p 00004000 08:01 7477076                    /usr/lib/x86_64-linux-gnu/libxcb-dri2.so.0.0.0
7fb4628ca000-7fb4628e1000 r-xp 00000000 08:01 7477084                    /usr/lib/x86_64-linux-gnu/libxcb-glx.so.0.0.0
7fb4628e1000-7fb462ae0000 ---p 00017000 08:01 7477084                    /usr/lib/x86_64-linux-gnu/libxcb-glx.so.0.0.0
7fb462ae0000-7fb462ae2000 r--p 00016000 08:01 7477084                    /usr/lib/x86_64-linux-gnu/libxcb-glx.so.0.0.0
7fb462ae2000-7fb462ae3000 rw-p 00018000 08:01 7477084                    /usr/lib/x86_64-linux-gnu/libxcb-glx.so.0.0.0
7fb462ae3000-7fb462ae4000 r-xp 00000000 08:01 7475209                    /usr/lib/x86_64-linux-gnu/libX11-xcb.so.1.0.0
7fb462ae4000-7fb462ce3000 ---p 00001000 08:01 7475209                    /usr/lib/x86_64-linux-gnu/libX11-xcb.so.1.0.0
7fb462ce3000-7fb462ce4000 r--p 00000000 08:01 7475209                    /usr/lib/x86_64-linux-gnu/libX11-xcb.so.1.0.0
7fb462ce4000-7fb462ce5000 rw-p 00001000 08:01 7475209                    /usr/lib/x86_64-linux-gnu/libX11-xcb.so.1.0.0
7fb462ce5000-7fb462ce7000 r-xp 00000000 08:01 7475234                    /usr/lib/x86_64-linux-gnu/libXdamage.so.1.1.0
7fb462ce7000-7fb462ee6000 ---p 00002000 08:01 7475234                    /usr/lib/x86_64-linux-gnu/libXdamage.so.1.1.0
7fb462ee6000-7fb462ee7000 r--p 00001000 08:01 7475234                    /usr/lib/x86_64-linux-gnu/libXdamage.so.1.1.0
7fb462ee7000-7fb462ee8000 rw-p 00002000 08:01 7475234                    /usr/lib/x86_64-linux-gnu/libXdamage.so.1.1.0
7fb462ee8000-7fb462f0d000 r-xp 00000000 08:01 7475798                    /usr/lib/x86_64-linux-gnu/libglapi.so.0.0.0
7fb462f0d000-7fb46310d000 ---p 00025000 08:01 7475798                    /usr/lib/x86_64-linux-gnu/libglapi.so.0.0.0
7fb46310d000-7fb463110000 r--p 00025000 08:01 7475798                    /usr/lib/x86_64-linux-gnu/libglapi.so.0.0.0
7fb463110000-7fb463111000 rw-p 00028000 08:01 7475798                    /usr/lib/x86_64-linux-gnu/libglapi.so.0.0.0
7fb463111000-7fb463112000 rw-p 00000000 00:00 0 
7fb463112000-7fb463138000 r-xp 00000000 08:01 2361268                    /lib/x86_64-linux-gnu/libexpat.so.1.6.0
7fb463138000-7fb463337000 ---p 00026000 08:01 2361268                    /lib/x86_64-linux-gnu/libexpat.so.1.6.0
7fb463337000-7fb46333a000 r--p 00025000 08:01 2361268                    /lib/x86_64-linux-gnu/libexpat.so.1.6.0
7fb46333a000-7fb46333b000 rw-p 00028000 08:01 2361268                    /lib/x86_64-linux-gnu/libexpat.so.1.6.0
7fb46333b000-7fb4633d1000 r-xp 00000000 08:01 7475030                    /usr/lib/x86_64-linux-gnu/libGL.so.1.2.0
7fb4633d1000-7fb4635d0000 ---p 00096000 08:01 7475030                    /usr/lib/x86_64-linux-gnu/libGL.so.1.2.0
7fb4635d0000-7fb4635d3000 r--p 00095000 08:01 7475030                    /usr/lib/x86_64-linux-gnu/libGL.so.1.2.0
7fb4635d3000-7fb4635d4000 rw-p 00098000 08:01 7475030                    /usr/lib/x86_64-linux-gnu/libGL.so.1.2.0
7fb4635d4000-7fb4635d5000 rw-p 00000000 00:00 0 
7fb4635d5000-7fb4635da000 r-xp 00000000 08:01 7475238                    /usr/lib/x86_64-linux-gnu/libXdmcp.so.6.0.0
7fb4635da000-7fb4637d9000 ---p 00005000 08:01 7475238                    /usr/lib/x86_64-linux-gnu/libXdmcp.so.6.0.0
7fb4637d9000-7fb4637da000 rw-p 00004000 08:01 7475238                    /usr/lib/x86_64-linux-gnu/libXdmcp.so.6.0.0
7fb4637da000-7fb4637dd000 r-xp 00000000 08:01 7475219                    /usr/lib/x86_64-linux-gnu/libXau.so.6.0.0
7fb4637dd000-7fb4639dc000 ---p 00003000 08:01 7475219                    /usr/lib/x86_64-linux-gnu/libXau.so.6.0.0
7fb4639dc000-7fb4639dd000 r--p 00002000 08:01 7475219                    /usr/lib/x86_64-linux-gnu/libXau.so.6.0.0
7fb4639dd000-7fb4639de000 rw-p 00003000 08:01 7475219                    /usr/lib/x86_64-linux-gnu/libXau.so.6.0.0
7fb4639de000-7fb4639e3000 r-xp 00000000 08:01 7475246                    /usr/lib/x86_64-linux-gnu/libXfixes.so.3.1.0
7fb4639e3000-7fb463be2000 ---p 00005000 08:01 7475246                    /usr/lib/x86_64-linux-gnu/libXfixes.so.3.1.0
7fb463be2000-7fb463be3000 r--p 00004000 08:01 7475246                    /usr/lib/x86_64-linux-gnu/libXfixes.so.3.1.0
7fb463be3000-7fb463be4000 rw-p 00005000 08:01 7475246                    /usr/lib/x86_64-linux-gnu/libXfixes.so.3.1.0
7fb463be4000-7fb463bed000 r-xp 00000000 08:01 7475277                    /usr/lib/x86_64-linux-gnu/libXrender.so.1.3.0
7fb463bed000-7fb463dec000 ---p 00009000 08:01 7475277                    /usr/lib/x86_64-linux-gnu/libXrender.so.1.3.0
7fb463dec000-7fb463ded000 r--p 00008000 08:01 7475277                    /usr/lib/x86_64-linux-gnu/libXrender.so.1.3.0
7fb463ded000-7fb463dee000 rw-p 00009000 08:01 7475277                    /usr/lib/x86_64-linux-gnu/libXrender.so.1.3.0
7fb463dee000-7fb463dff000 r-xp 00000000 08:01 7475242                    /usr/lib/x86_64-linux-gnu/libXext.so.6.4.0
7fb463dff000-7fb463ffe000 ---p 00011000 08:01 7475242                    /usr/lib/x86_64-linux-gnu/libXext.so.6.4.0
7fb463ffe000-7fb463fff000 r--p 00010000 08:01 7475242                    /usr/lib/x86_64-linux-gnu/libXext.so.6.4.0
7fb463fff000-7fb464000000 rw-p 00011000 08:01 7475242                    /usr/lib/x86_64-linux-gnu/libXext.so.6.4.0
7fb464000000-7fb464021000 rw-p 00000000 00:00 0 
7fb464021000-7fb468000000 ---p 00000000 00:00 0 
7fb468054000-7fb468075000 r-xp 00000000 08:01 7477132                    /usr/lib/x86_64-linux-gnu/libxcb.so.1.1.0
7fb468075000-7fb468274000 ---p 00021000 08:01 7477132                    /usr/lib/x86_64-linux-gnu/libxcb.so.1.1.0
7fb468274000-7fb468275000 r--p 00020000 08:01 7477132                    /usr/lib/x86_64-linux-gnu/libxcb.so.1.1.0
7fb468275000-7fb468276000 rw-p 00021000 08:01 7477132                    /usr/lib/x86_64-linux-gnu/libxcb.so.1.1.0
7fb468276000-7fb468280000 r-xp 00000000 08:01 7475230                    /usr/lib/x86_64-linux-gnu/libXcursor.so.1.0.2
7fb468280000-7fb46847f000 ---p 0000a000 08:01 7475230                    /usr/lib/x86_64-linux-gnu/libXcursor.so.1.0.2
7fb46847f000-7fb468480000 r--p 00009000 08:01 7475230                    /usr/lib/x86_64-linux-gnu/libXcursor.so.1.0.2
7fb468480000-7fb468481000 rw-p 0000a000 08:01 7475230                    /usr/lib/x86_64-linux-gnu/libXcursor.so.1.0.2
7fb468481000-7fb468486000 r-xp 00000000 08:01 7475297                    /usr/lib/x86_64-linux-gnu/libXxf86vm.so.1.0.0
7fb468486000-7fb468685000 ---p 00005000 08:01 7475297                    /usr/lib/x86_64-linux-gnu/libXxf86vm.so.1.0.0
7fb468685000-7fb468686000 r--p 00004000 08:01 7475297                    /usr/lib/x86_64-linux-gnu/libXxf86vm.so.1.0.0
7fb468686000-7fb468687000 rw-p 00005000 08:01 7475297                    /usr/lib/x86_64-linux-gnu/libXxf86vm.so.1.0.0
7fb468687000-7fb468696000 r-xp 00000000 08:01 7475256                    /usr/lib/x86_64-linux-gnu/libXi.so.6.1.0
7fb468696000-7fb468895000 ---p 0000f000 08:01 7475256                    /usr/lib/x86_64-linux-gnu/libXi.so.6.1.0
7fb468895000-7fb468896000 r--p 0000e000 08:01 7475256                    /usr/lib/x86_64-linux-gnu/libXi.so.6.1.0
7fb468896000-7fb468897000 rw-p 0000f000 08:01 7475256                    /usr/lib/x86_64-linux-gnu/libXi.so.6.1.0
7fb468897000-7fb468899000 r-xp 00000000 08:01 7475260                    /usr/lib/x86_64-linux-gnu/libXinerama.so.1.0.0
7fb468899000-7fb468a98000 ---p 00002000 08:01 7475260                    /usr/lib/x86_64-linux-gnu/libXinerama.so.1.0.0
7fb468a98000-7fb468a99000 r--p 00001000 08:01 7475260                    /usr/lib/x86_64-linux-gnu/libXinerama.so.1.0.0
7fb468a99000-7fb468a9a000 rw-p 00002000 08:01 7475260                    /usr/lib/x86_64-linux-gnu/libXinerama.so.1.0.0
7fb468a9a000-7fb468aa3000 r-xp 00000000 08:01 7475273                    /usr/lib/x86_64-linux-gnu/libXrandr.so.2.2.0
7fb468aa3000-7fb468ca2000 ---p 00009000 08:01 7475273                    /usr/lib/x86_64-linux-gnu/libXrandr.so.2.2.0
7fb468ca2000-7fb468ca3000 r--p 00008000 08:01 7475273                    /usr/lib/x86_64-linux-gnu/libXrandr.so.2.2.0
7fb468ca3000-7fb468ca4000 rw-p 00009000 08:01 7475273                    /usr/lib/x86_64-linux-gnu/libXrandr.so.2.2.0
7fb468ca4000-7fb468de0000 r-xp 00000000 08:01 7475213                    /usr/lib/x86_64-linux-gnu/libX11.so.6.3.0
7fb468de0000-7fb468fdf000 ---p 0013c000 08:01 7475213                    /usr/lib/x86_64-linux-gnu/libX11.so.6.3.0
7fb468fdf000-7fb468fe1000 r--p 0013b000 08:01 7475213                    /usr/lib/x86_64-linux-gnu/libX11.so.6.3.0
7fb468fe1000-7fb468fe6000 rw-p 0013d000 08:01 7475213                    /usr/lib/x86_64-linux-gnu/libX11.so.6.3.0
7fb468fe6000-7fb468fe7000 rw-p 00000000 00:00 0 
7fb468fe7000-7fb468feb000 r-xp 00000000 08:01 3801170                    /root/Desktop/Programming/Java/Elements Game/lib/lwjgl/native/libglfw.so
7fb468feb000-7fb468fff000 r-xp 00000000 00:00 0 
7fb468fff000-7fb4691fe000 ---p 00018000 08:01 3801170                    /root/Desktop/Programming/Java/Elements Game/lib/lwjgl/native/libglfw.so
7fb4691fe000-7fb4691ff000 rw-p 0000d000 08:01 3801170                    /root/Desktop/Programming/Java/Elements Game/lib/lwjgl/native/libglfw.so
7fb4691ff000-7fb469600000 rw-p 00000000 00:00 0 
7fb469783000-7fb469784000 rw-p 00000000 00:00 0 
7fb469784000-7fb469786000 rw-s 00000000 00:05 310114                     /drm mm object (deleted)
7fb469786000-7fb469796000 rw-s 116bbd000 00:06 13722                     /dev/dri/card0
7fb469796000-7fb469797000 rwxp 00000000 00:00 0 
7fb469797000-7fb4697a7000 rw-s 10d498000 00:06 13722                     /dev/dri/card0
7fb4697a7000-7fb4697a9000 rw-s 00000000 00:05 310111                     /drm mm object (deleted)
7fb4697a9000-7fb4697aa000 rw-s 00000000 00:05 310106                     /drm mm object (deleted)
7fb4697aa000-7fb4697ab000 rwxp 00000000 00:00 0 
7fb4697ab000-7fb4697ae000 r-xp 00000000 08:01 3801176                    /root/Desktop/Programming/Java/Elements Game/lib/lwjgl/native/libjemalloc.so
7fb4697ae000-7fb4697ea000 r-xp 00000000 00:00 0 
7fb4697ea000-7fb4699e9000 ---p 0003f000 08:01 3801176                    /root/Desktop/Programming/Java/Elements Game/lib/lwjgl/native/libjemalloc.so
7fb4699e9000-7fb4699eb000 r--p 0001c000 08:01 3801176                    /root/Desktop/Programming/Java/Elements Game/lib/lwjgl/native/libjemalloc.so
7fb4699eb000-7fb4699ec000 rw-p 0001e000 08:01 3801176                    /root/Desktop/Programming/Java/Elements Game/lib/lwjgl/native/libjemalloc.so
7fb4699ec000-7fb4699ed000 rw-p 00000000 00:00 0 
7fb4699ed000-7fb4699fa000 r-xp 00000000 08:01 3801182                    /root/Desktop/Programming/Java/Elements Game/lib/lwjgl/native/liblwjgl.so
7fb4699fa000-7fb469a4e000 r-xp 00000000 00:00 0 
7fb469a4e000-7fb469c4d000 ---p 00061000 08:01 3801182                    /root/Desktop/Programming/Java/Elements Game/lib/lwjgl/native/liblwjgl.so
7fb469c4d000-7fb469c4f000 rw-p 00033000 08:01 3801182                    /root/Desktop/Programming/Java/Elements Game/lib/lwjgl/native/liblwjgl.so
7fb469c4f000-7fb469c50000 rw-p 00000000 00:00 0 
7fb469c50000-7fb469c6b000 r--s 001e6000 08:01 3670575                    /root/Desktop/Programming/Java/Elements Game/lib/lwjgl/jar/lwjgl.jar
7fb469c6b000-7fb469c6c000 ---p 00000000 00:00 0 
7fb469c6c000-7fb469d6c000 rw-p 00000000 00:00 0                          [stack:30745]
7fb469d6c000-7fb469d6f000 ---p 00000000 00:00 0 
7fb469d6f000-7fb469e6d000 rw-p 00000000 00:00 0                          [stack:30744]
7fb469e6d000-7fb469e70000 ---p 00000000 00:00 0 
7fb469e70000-7fb469f6e000 rw-p 00000000 00:00 0                          [stack:30743]
7fb469f6e000-7fb469f71000 ---p 00000000 00:00 0 
7fb469f71000-7fb46a06f000 rw-p 00000000 00:00 0                          [stack:30742]
7fb46a06f000-7fb46a072000 ---p 00000000 00:00 0 
7fb46a072000-7fb46a170000 rw-p 00000000 00:00 0                          [stack:30741]
7fb46a170000-7fb46a173000 ---p 00000000 00:00 0 
7fb46a173000-7fb46a271000 rw-p 00000000 00:00 0                          [stack:30740]
7fb46a271000-7fb46a3a1000 r--p 00000000 08:01 6817861                    /usr/lib/locale/fr_LU.utf8/LC_COLLATE
7fb46a3a1000-7fb46a3a4000 ---p 00000000 00:00 0 
7fb46a3a4000-7fb46a4a2000 rw-p 00000000 00:00 0                          [stack:30739]
7fb46a4a2000-7fb46a4a5000 ---p 00000000 00:00 0 
7fb46a4a5000-7fb46a5a3000 rw-p 00000000 00:00 0                          [stack:30738]
7fb46a5a3000-7fb46a5a4000 ---p 00000000 00:00 0 
7fb46a5a4000-7fb46d000000 rw-p 00000000 00:00 0                          [stack:30737]
7fb46d000000-7fb46d270000 rwxp 00000000 00:00 0 
7fb46d270000-7fb47c000000 ---p 00000000 00:00 0 
7fb47c000000-7fb47c7dc000 rw-p 00000000 00:00 0 
7fb47c7dc000-7fb480000000 ---p 00000000 00:00 0 
7fb480000000-7fb480001000 r--s 00000000 08:01 2106122                    /root/Desktop/Programming/Java/Elements Game/run.jar
7fb480001000-7fb480040000 r--p 00000000 08:01 6817862                    /usr/lib/locale/fr_LU.utf8/LC_CTYPE
7fb480040000-7fb480041000 r--p 00000000 08:01 6818401                    /usr/lib/locale/ig_NG/LC_NUMERIC
7fb480041000-7fb480042000 r--p 00000000 08:01 6816780                    /usr/lib/locale/en_US.utf8/LC_TIME
7fb480042000-7fb480043000 r--p 00000000 08:01 6816775                    /usr/lib/locale/en_US.utf8/LC_MONETARY
7fb480043000-7fb480044000 r--p 00000000 08:01 6816774                    /usr/lib/locale/en_US.utf8/LC_MESSAGES/SYS_LC_MESSAGES
7fb480044000-7fb480045000 r--p 00000000 08:01 6817464                    /usr/lib/locale/es_VE.utf8/LC_PAPER
7fb480045000-7fb480046000 r--p 00000000 08:01 6817994                    /usr/lib/locale/gd_GB.utf8/LC_NAME
7fb480046000-7fb480398000 rw-p 00000000 00:00 0 
7fb480398000-7fb480571000 r--s 03d20000 08:01 7085982                    /usr/lib/jvm/java-8-oracle/jre/lib/rt.jar
7fb480571000-7fb480d31000 rw-p 00000000 00:00 0 
7fb480d31000-7fb480d71000 ---p 00000000 00:00 0 
7fb480d71000-7fb480f46000 rw-p 00000000 00:00 0 
7fb480f46000-7fb480f47000 ---p 00000000 00:00 0 
7fb480f47000-7fb481047000 rw-p 00000000 00:00 0                          [stack:30736]
7fb481047000-7fb481048000 ---p 00000000 00:00 0 
7fb481048000-7fb481148000 rw-p 00000000 00:00 0                          [stack:30735]
7fb481148000-7fb481149000 ---p 00000000 00:00 0 
7fb481149000-7fb481249000 rw-p 00000000 00:00 0                          [stack:30734]
7fb481249000-7fb48124a000 ---p 00000000 00:00 0 
7fb48124a000-7fb48135e000 rw-p 00000000 00:00 0                          [stack:30733]
7fb48135e000-7fb481483000 ---p 00000000 00:00 0 
7fb481483000-7fb481497000 rw-p 00000000 00:00 0 
7fb481497000-7fb4815bb000 ---p 00000000 00:00 0 
7fb4815bb000-7fb4815c6000 rw-p 00000000 00:00 0 
7fb4815c6000-7fb481658000 ---p 00000000 00:00 0 
7fb481658000-7fb481663000 rw-p 00000000 00:00 0 
7fb481663000-7fb481a19000 ---p 00000000 00:00 0 
7fb481a19000-7fb481a33000 r-xp 00000000 08:01 7216047                    /usr/lib/jvm/java-8-oracle/jre/lib/amd64/libzip.so
7fb481a33000-7fb481c33000 ---p 0001a000 08:01 7216047                    /usr/lib/jvm/java-8-oracle/jre/lib/amd64/libzip.so
7fb481c33000-7fb481c34000 rw-p 0001a000 08:01 7216047                    /usr/lib/jvm/java-8-oracle/jre/lib/amd64/libzip.so
7fb481c34000-7fb481c3f000 r-xp 00000000 08:01 2361332                    /lib/x86_64-linux-gnu/libnss_files-2.19.so
7fb481c3f000-7fb481e3e000 ---p 0000b000 08:01 2361332                    /lib/x86_64-linux-gnu/libnss_files-2.19.so
7fb481e3e000-7fb481e3f000 r--p 0000a000 08:01 2361332                    /lib/x86_64-linux-gnu/libnss_files-2.19.so
7fb481e3f000-7fb481e40000 rw-p 0000b000 08:01 2361332                    /lib/x86_64-linux-gnu/libnss_files-2.19.so
7fb481e40000-7fb481e4a000 r-xp 00000000 08:01 2361343                    /lib/x86_64-linux-gnu/libnss_nis-2.19.so
7fb481e4a000-7fb482049000 ---p 0000a000 08:01 2361343                    /lib/x86_64-linux-gnu/libnss_nis-2.19.so
7fb482049000-7fb48204a000 r--p 00009000 08:01 2361343                    /lib/x86_64-linux-gnu/libnss_nis-2.19.so
7fb48204a000-7fb48204b000 rw-p 0000a000 08:01 2361343                    /lib/x86_64-linux-gnu/libnss_nis-2.19.so
7fb48204b000-7fb482060000 r-xp 00000000 08:01 2361326                    /lib/x86_64-linux-gnu/libnsl-2.19.so
7fb482060000-7fb48225f000 ---p 00015000 08:01 2361326                    /lib/x86_64-linux-gnu/libnsl-2.19.so
7fb48225f000-7fb482260000 r--p 00014000 08:01 2361326                    /lib/x86_64-linux-gnu/libnsl-2.19.so
7fb482260000-7fb482261000 rw-p 00015000 08:01 2361326                    /lib/x86_64-linux-gnu/libnsl-2.19.so
7fb482261000-7fb482263000 rw-p 00000000 00:00 0 
7fb482263000-7fb48226a000 r-xp 00000000 08:01 2361328                    /lib/x86_64-linux-gnu/libnss_compat-2.19.so
7fb48226a000-7fb482469000 ---p 00007000 08:01 2361328                    /lib/x86_64-linux-gnu/libnss_compat-2.19.so
7fb482469000-7fb48246a000 r--p 00006000 08:01 2361328                    /lib/x86_64-linux-gnu/libnss_compat-2.19.so
7fb48246a000-7fb48246b000 rw-p 00007000 08:01 2361328                    /lib/x86_64-linux-gnu/libnss_compat-2.19.so
7fb48246b000-7fb482495000 r-xp 00000000 08:01 7216042                    /usr/lib/jvm/java-8-oracle/jre/lib/amd64/libjava.so
7fb482495000-7fb482695000 ---p 0002a000 08:01 7216042                    /usr/lib/jvm/java-8-oracle/jre/lib/amd64/libjava.so
7fb482695000-7fb482697000 rw-p 0002a000 08:01 7216042                    /usr/lib/jvm/java-8-oracle/jre/lib/amd64/libjava.so
7fb482697000-7fb4826a4000 r-xp 00000000 08:01 7216046                    /usr/lib/jvm/java-8-oracle/jre/lib/amd64/libverify.so
7fb4826a4000-7fb4828a4000 ---p 0000d000 08:01 7216046                    /usr/lib/jvm/java-8-oracle/jre/lib/amd64/libverify.so
7fb4828a4000-7fb4828a6000 rw-p 0000d000 08:01 7216046                    /usr/lib/jvm/java-8-oracle/jre/lib/amd64/libverify.so
7fb4828a6000-7fb4828ad000 r-xp 00000000 08:01 2361378                    /lib/x86_64-linux-gnu/librt-2.19.so
7fb4828ad000-7fb482aac000 ---p 00007000 08:01 2361378                    /lib/x86_64-linux-gnu/librt-2.19.so
7fb482aac000-7fb482aad000 r--p 00006000 08:01 2361378                    /lib/x86_64-linux-gnu/librt-2.19.so
7fb482aad000-7fb482aae000 rw-p 00007000 08:01 2361378                    /lib/x86_64-linux-gnu/librt-2.19.so
7fb482aae000-7fb482bae000 r-xp 00000000 08:01 2361305                    /lib/x86_64-linux-gnu/libm-2.19.so
7fb482bae000-7fb482dad000 ---p 00100000 08:01 2361305                    /lib/x86_64-linux-gnu/libm-2.19.so
7fb482dad000-7fb482dae000 r--p 000ff000 08:01 2361305                    /lib/x86_64-linux-gnu/libm-2.19.so
7fb482dae000-7fb482daf000 rw-p 00100000 08:01 2361305                    /lib/x86_64-linux-gnu/libm-2.19.so
7fb482daf000-7fb483a6d000 r-xp 00000000 08:01 7216025                    /usr/lib/jvm/java-8-oracle/jre/lib/amd64/server/libjvm.so
7fb483a6d000-7fb483c6c000 ---p 00cbe000 08:01 7216025                    /usr/lib/jvm/java-8-oracle/jre/lib/amd64/server/libjvm.so
7fb483c6c000-7fb483d45000 rw-p 00cbd000 08:01 7216025                    /usr/lib/jvm/java-8-oracle/jre/lib/amd64/server/libjvm.so
7fb483d45000-7fb483d89000 rw-p 00000000 00:00 0 
7fb483d89000-7fb483f28000 r-xp 00000000 08:01 2361245                    /lib/x86_64-linux-gnu/libc-2.19.so
7fb483f28000-7fb484128000 ---p 0019f000 08:01 2361245                    /lib/x86_64-linux-gnu/libc-2.19.so
7fb484128000-7fb48412c000 r--p 0019f000 08:01 2361245                    /lib/x86_64-linux-gnu/libc-2.19.so
7fb48412c000-7fb48412e000 rw-p 001a3000 08:01 2361245                    /lib/x86_64-linux-gnu/libc-2.19.so
7fb48412e000-7fb484132000 rw-p 00000000 00:00 0 
7fb484132000-7fb484135000 r-xp 00000000 08:01 2361261                    /lib/x86_64-linux-gnu/libdl-2.19.so
7fb484135000-7fb484334000 ---p 00003000 08:01 2361261                    /lib/x86_64-linux-gnu/libdl-2.19.so
7fb484334000-7fb484335000 r--p 00002000 08:01 2361261                    /lib/x86_64-linux-gnu/libdl-2.19.so
7fb484335000-7fb484336000 rw-p 00003000 08:01 2361261                    /lib/x86_64-linux-gnu/libdl-2.19.so
7fb484336000-7fb48434b000 r-xp 00000000 08:01 7216020                    /usr/lib/jvm/java-8-oracle/jre/lib/amd64/jli/libjli.so
7fb48434b000-7fb48454b000 ---p 00015000 08:01 7216020                    /usr/lib/jvm/java-8-oracle/jre/lib/amd64/jli/libjli.so
7fb48454b000-7fb48454c000 rw-p 00015000 08:01 7216020                    /usr/lib/jvm/java-8-oracle/jre/lib/amd64/jli/libjli.so
7fb48454c000-7fb484564000 r-xp 00000000 08:01 2361370                    /lib/x86_64-linux-gnu/libpthread-2.19.so
7fb484564000-7fb484763000 ---p 00018000 08:01 2361370                    /lib/x86_64-linux-gnu/libpthread-2.19.so
7fb484763000-7fb484764000 r--p 00017000 08:01 2361370                    /lib/x86_64-linux-gnu/libpthread-2.19.so
7fb484764000-7fb484765000 rw-p 00018000 08:01 2361370                    /lib/x86_64-linux-gnu/libpthread-2.19.so
7fb484765000-7fb484769000 rw-p 00000000 00:00 0 
7fb484769000-7fb484789000 r-xp 00000000 08:01 2361219                    /lib/x86_64-linux-gnu/ld-2.19.so
7fb484789000-7fb48485a000 rw-p 00000000 00:00 0 
7fb48485a000-7fb48485d000 ---p 00000000 00:00 0 
7fb48485d000-7fb48495f000 rw-p 00000000 00:00 0                          [stack:30732]
7fb48495f000-7fb484960000 r--p 00000000 08:01 6816768                    /usr/lib/locale/en_US.utf8/LC_ADDRESS
7fb484960000-7fb484961000 r--p 00000000 08:01 6816779                    /usr/lib/locale/en_US.utf8/LC_TELEPHONE
7fb484961000-7fb484962000 r--p 00000000 08:01 6817318                    /usr/lib/locale/es_PR.utf8/LC_MEASUREMENT
7fb484962000-7fb484969000 r--s 00000000 08:01 7473973                    /usr/lib/x86_64-linux-gnu/gconv/gconv-modules.cache
7fb484969000-7fb48496a000 r--p 00000000 08:01 6816771                    /usr/lib/locale/en_US.utf8/LC_IDENTIFICATION
7fb48496a000-7fb48497d000 rw-p 00000000 00:00 0 
7fb48497d000-7fb484985000 rw-s 00000000 08:01 4194386                    /tmp/hsperfdata_root/30731
7fb484985000-7fb484986000 rw-p 00000000 00:00 0 
7fb484986000-7fb484987000 r--p 00000000 00:00 0 
7fb484987000-7fb484989000 rw-p 00000000 00:00 0 
7fb484989000-7fb48498a000 r--p 00020000 08:01 2361219                    /lib/x86_64-linux-gnu/ld-2.19.so
7fb48498a000-7fb48498b000 rw-p 00021000 08:01 2361219                    /lib/x86_64-linux-gnu/ld-2.19.so
7fb48498b000-7fb48498c000 rw-p 00000000 00:00 0 
7fffc9b5a000-7fffc9b7b000 rw-p 00000000 00:00 0                          [stack]
7fffc9b9f000-7fffc9ba1000 r--p 00000000 00:00 0                          [vvar]
7fffc9ba1000-7fffc9ba3000 r-xp 00000000 00:00 0                          [vdso]
ffffffffff600000-ffffffffff601000 r-xp 00000000 00:00 0                  [vsyscall]

VM Arguments:
java_command: run.jar
java_class_path (initial): run.jar
Launcher Type: SUN_STANDARD

Environment Variables:
PATH=/usr/local/sbin:/usr/local/bin:/usr/sbin:/usr/bin:/sbin:/bin
USERNAME=root
SHELL=/bin/bash
DISPLAY=:0

Signal Handlers:
SIGSEGV: [libjvm.so+0xaba2a0], sa_mask[0]=11111111011111111101111111111110, sa_flags=SA_RESTART|SA_SIGINFO
SIGBUS: [libjvm.so+0xaba2a0], sa_mask[0]=11111111011111111101111111111110, sa_flags=SA_RESTART|SA_SIGINFO
SIGFPE: [libjvm.so+0x917710], sa_mask[0]=11111111011111111101111111111110, sa_flags=SA_RESTART|SA_SIGINFO
SIGPIPE: [libjvm.so+0x917710], sa_mask[0]=11111111011111111101111111111110, sa_flags=SA_RESTART|SA_SIGINFO
SIGXFSZ: [libjvm.so+0x917710], sa_mask[0]=11111111011111111101111111111110, sa_flags=SA_RESTART|SA_SIGINFO
SIGILL: [libjvm.so+0x917710], sa_mask[0]=11111111011111111101111111111110, sa_flags=SA_RESTART|SA_SIGINFO
SIGUSR1: SIG_DFL, sa_mask[0]=00000000000000000000000000000000, sa_flags=none
SIGUSR2: [libjvm.so+0x918d40], sa_mask[0]=00000000000000000000000000000000, sa_flags=SA_RESTART|SA_SIGINFO
SIGHUP: [libjvm.so+0x91a140], sa_mask[0]=11111111011111111101111111111110, sa_flags=SA_RESTART|SA_SIGINFO
SIGINT: [libjvm.so+0x91a140], sa_mask[0]=11111111011111111101111111111110, sa_flags=SA_RESTART|SA_SIGINFO
SIGTERM: [libjvm.so+0x91a140], sa_mask[0]=11111111011111111101111111111110, sa_flags=SA_RESTART|SA_SIGINFO
SIGQUIT: [libjvm.so+0x91a140], sa_mask[0]=11111111011111111101111111111110, sa_flags=SA_RESTART|SA_SIGINFO


---------------  S Y S T E M  ---------------

OS:DISTRIB_ID=Kali
DISTRIB_RELEASE=2.0
DISTRIB_CODENAME=sana
DISTRIB_DESCRIPTION="Kali GNU/Linux 2.0"

uname:Linux 4.0.0-kali1-amd64 #1 SMP Debian 4.0.4-1+kali2 (2015-06-03) x86_64
libc:glibc 2.19 NPTL 2.19 
rlimit: STACK 8192k, CORE 0k, NPROC 14918, NOFILE 65536, AS infinity
load average:0.32 0.34 0.31

/proc/meminfo:
MemTotal:        3840348 kB
MemFree:          662300 kB
MemAvailable:    2063264 kB
Buffers:          296264 kB
Cached:          1393856 kB
SwapCached:            0 kB
Active:          2251484 kB
Inactive:         703844 kB
Active(anon):    1249828 kB
Inactive(anon):   200576 kB
Active(file):    1001656 kB
Inactive(file):   503268 kB
Unevictable:           0 kB
Mlocked:               0 kB
SwapTotal:       7959548 kB
SwapFree:        7950980 kB
Dirty:                80 kB
Writeback:             0 kB
AnonPages:       1265328 kB
Mapped:           263096 kB
Shmem:            185200 kB
Slab:             159340 kB
SReclaimable:     129948 kB
SUnreclaim:        29392 kB
KernelStack:        6416 kB
PageTables:        26184 kB
NFS_Unstable:          0 kB
Bounce:                0 kB
WritebackTmp:          0 kB
CommitLimit:     9879720 kB
Committed_AS:    3994960 kB
VmallocTotal:   34359738367 kB
VmallocUsed:      546724 kB
VmallocChunk:   34359185600 kB
HardwareCorrupted:     0 kB
AnonHugePages:         0 kB
HugePages_Total:       0
HugePages_Free:        0
HugePages_Rsvd:        0
HugePages_Surp:        0
Hugepagesize:       2048 kB
DirectMap4k:      128780 kB
DirectMap2M:     3852288 kB


CPU:total 4 (2 cores per cpu, 2 threads per core) family 6 model 37 stepping 5, cmov, cx8, fxsr, mmx, sse, sse2, sse3, ssse3, sse4.1, sse4.2, popcnt, aes, clmul, ht, tsc, tscinvbit

/proc/cpuinfo:
processor	: 0
vendor_id	: GenuineIntel
cpu family	: 6
model		: 37
model name	: Intel(R) Core(TM) i7 CPU       L 640  @ 2.13GHz
stepping	: 5
microcode	: 0x4
cpu MHz		: 2134.000
cache size	: 4096 KB
physical id	: 0
siblings	: 4
core id		: 0
cpu cores	: 2
apicid		: 0
initial apicid	: 0
fpu		: yes
fpu_exception	: yes
cpuid level	: 11
wp		: yes
flags		: fpu vme de pse tsc msr pae mce cx8 apic sep mtrr pge mca cmov pat pse36 clflush dts acpi mmx fxsr sse sse2 ss ht tm pbe syscall nx rdtscp lm constant_tsc arch_perfmon pebs bts rep_good nopl xtopology nonstop_tsc aperfmperf pni pclmulqdq dtes64 monitor ds_cpl vmx smx est tm2 ssse3 cx16 xtpr pdcm pcid sse4_1 sse4_2 popcnt aes lahf_lm ida arat dtherm tpr_shadow vnmi flexpriority ept vpid
bugs		:
bogomips	: 4255.88
clflush size	: 64
cache_alignment	: 64
address sizes	: 36 bits physical, 48 bits virtual
power management:

processor	: 1
vendor_id	: GenuineIntel
cpu family	: 6
model		: 37
model name	: Intel(R) Core(TM) i7 CPU       L 640  @ 2.13GHz
stepping	: 5
microcode	: 0x4
cpu MHz		: 2134.000
cache size	: 4096 KB
physical id	: 0
siblings	: 4
core id		: 0
cpu cores	: 2
apicid		: 1
initial apicid	: 1
fpu		: yes
fpu_exception	: yes
cpuid level	: 11
wp		: yes
flags		: fpu vme de pse tsc msr pae mce cx8 apic sep mtrr pge mca cmov pat pse36 clflush dts acpi mmx fxsr sse sse2 ss ht tm pbe syscall nx rdtscp lm constant_tsc arch_perfmon pebs bts rep_good nopl xtopology nonstop_tsc aperfmperf pni pclmulqdq dtes64 monitor ds_cpl vmx smx est tm2 ssse3 cx16 xtpr pdcm pcid sse4_1 sse4_2 popcnt aes lahf_lm ida arat dtherm tpr_shadow vnmi flexpriority ept vpid
bugs		:
bogomips	: 4255.88
clflush size	: 64
cache_alignment	: 64
address sizes	: 36 bits physical, 48 bits virtual
power management:

processor	: 2
vendor_id	: GenuineIntel
cpu family	: 6
model		: 37
model name	: Intel(R) Core(TM) i7 CPU       L 640  @ 2.13GHz
stepping	: 5
microcode	: 0x4
cpu MHz		: 1599.000
cache size	: 4096 KB
physical id	: 0
siblings	: 4
core id		: 2
cpu cores	: 2
apicid		: 4
initial apicid	: 4
fpu		: yes
fpu_exception	: yes
cpuid level	: 11
wp		: yes
flags		: fpu vme de pse tsc msr pae mce cx8 apic sep mtrr pge mca cmov pat pse36 clflush dts acpi mmx fxsr sse sse2 ss ht tm pbe syscall nx rdtscp lm constant_tsc arch_perfmon pebs bts rep_good nopl xtopology nonstop_tsc aperfmperf pni pclmulqdq dtes64 monitor ds_cpl vmx smx est tm2 ssse3 cx16 xtpr pdcm pcid sse4_1 sse4_2 popcnt aes lahf_lm ida arat dtherm tpr_shadow vnmi flexpriority ept vpid
bugs		:
bogomips	: 4255.88
clflush size	: 64
cache_alignment	: 64
address sizes	: 36 bits physical, 48 bits virtual
power management:

processor	: 3
vendor_id	: GenuineIntel
cpu family	: 6
model		: 37
model name	: Intel(R) Core(TM) i7 CPU       L 640  @ 2.13GHz
stepping	: 5
microcode	: 0x4
cpu MHz		: 2134.000
cache size	: 4096 KB
physical id	: 0
siblings	: 4
core id		: 2
cpu cores	: 2
apicid		: 5
initial apicid	: 5
fpu		: yes
fpu_exception	: yes
cpuid level	: 11
wp		: yes
flags		: fpu vme de pse tsc msr pae mce cx8 apic sep mtrr pge mca cmov pat pse36 clflush dts acpi mmx fxsr sse sse2 ss ht tm pbe syscall nx rdtscp lm constant_tsc arch_perfmon pebs bts rep_good nopl xtopology nonstop_tsc aperfmperf pni pclmulqdq dtes64 monitor ds_cpl vmx smx est tm2 ssse3 cx16 xtpr pdcm pcid sse4_1 sse4_2 popcnt aes lahf_lm ida arat dtherm tpr_shadow vnmi flexpriority ept vpid
bugs		:
bogomips	: 4255.88
clflush size	: 64
cache_alignment	: 64
address sizes	: 36 bits physical, 48 bits virtual
power management:



Memory: 4k page, physical 3840348k(662300k free), swap 7959548k(7950980k free)

vm_info: Java HotSpot(TM) 64-Bit Server VM (25.66-b17) for linux-amd64 JRE (1.8.0_66-b17), built on Oct  6 2015 17:28:34 by "java_re" with gcc 4.3.0 20080428 (Red Hat 4.3.0-8)

time: Mon Jan  4 10:17:59 2016
elapsed time: 0 seconds (0d 0h 0m 0s)

