#
# A fatal error has been detected by the Java Runtime Environment:
#
#  SIGSEGV (0xb) at pc=0x00007f4889c2a720, pid=29650, tid=139949537408768
#
# JRE version: Java(TM) SE Runtime Environment (8.0_66-b17) (build 1.8.0_66-b17)
# Java VM: Java HotSpot(TM) 64-Bit Server VM (25.66-b17 mixed mode linux-amd64 compressed oops)
# Problematic frame:
# C  [libc.so.6+0x90720]
#
# Failed to write core dump. Core dumps have been disabled. To enable core dumping, try "ulimit -c unlimited" before starting Java again
#
# If you would like to submit a bug report, please visit:
#   http://bugreport.java.com/bugreport/crash.jsp
# The crash happened outside the Java Virtual Machine in native code.
# See problematic frame for where to report the bug.
#

---------------  T H R E A D  ---------------

Current thread (0x00007f4884009800):  JavaThread "main" [_thread_in_native, id=29651, stack(0x00007f488a66b000,0x00007f488a76c000)]

siginfo: si_signo: 11 (SIGSEGV), si_code: 1 (SEGV_MAPERR), si_addr: 0x0000000000000000

Registers:
RAX=0xffff80b78ffbdef0, RBX=0x0000000000000000, RCX=0x0000000000000120, RDX=0x0000000000000090
RSP=0x00007f488a76a2e8, RBP=0x0000000000000008, RSI=0x0000000000000000, RDI=0x00007f4870042080
R8 =0x00007f48842b1920, R9 =0x0000000000000010, R10=0x0000000000000000, R11=0x0000000000000008
R12=0x0000000000000090, R13=0x0000000000000010, R14=0x00007f48842b1918, R15=0x0000000000000010
RIP=0x00007f4889c2a720, EFLAGS=0x0000000000010202, CSGSFS=0x0000000000000033, ERR=0x0000000000000004
  TRAPNO=0x000000000000000e

Top of Stack: (sp=0x00007f488a76a2e8)
0x00007f488a76a2e8:   00007f483b3b0186 0000000000000000
0x00007f488a76a2f8:   0000000900000100 0000000100000000
0x00007f488a76a308:   00007f488428dab8 00007f48842b1708
0x00007f488a76a318:   00007f48842b1918 00007f48842b1738
0x00007f488a76a328:   0000000000000002 0000000000000010
0x00007f488a76a338:   00007f483b3b0bfe ffffffffffffffff
0x00007f488a76a348:   00007f48842b1c30 0000000000000000
0x00007f488a76a358:   0000000000000000 ffffffff00000000
0x00007f488a76a368:   0000000800000008 00007f48842b1708
0x00007f488a76a378:   00007f48842b1738 ffffffffffffffff
0x00007f488a76a388:   ffffffffffffffff ffffffffffffffff
0x00007f488a76a398:   00007f488428dab8 0000000000000000
0x00007f488a76a3a8:   00007f48843cc530 0000000000000000
0x00007f488a76a3b8:   0000000000000000 00007f48843cc2f0
0x00007f488a76a3c8:   00007f483ae7435b 0000000000000000
0x00007f488a76a3d8:   ffffffffffffffff 1680021400000fe4
0x00007f488a76a3e8:   00007f483b383282 00007f488428dab8
0x00007f488a76a3f8:   0000000000000000 0000000000000000
0x00007f488a76a408:   00007f483b3e68fd 00007f4884555a00
0x00007f488a76a418:   00007f48843cc2f0 0000000000000000
0x00007f488a76a428:   0000000000000000 00007f488477fde0
0x00007f488a76a438:   0000000000000000 00007f48843cc2f0
0x00007f488a76a448:   0000000000000001 00007f488428dab8
0x00007f488a76a458:   00000000000001e0 00007f48843cc2f0
0x00007f488a76a468:   00007f483b3e59e0 0000000000000000
0x00007f488a76a478:   5d5b503339f57300 0000000000007e40
0x00007f488a76a488:   00007f488428dab8 00007f483b7d7218
0x00007f488a76a498:   0000000000000025 00007f488a76a610
0x00007f488a76a4a8:   0000000000000000 00007f483b7d7218
0x00007f488a76a4b8:   00007f483b3b0d06 0922208060003f01
0x00007f488a76a4c8:   00007f488428dab8 00007f483b7d7218
0x00007f488a76a4d8:   0000000000000025 00007f488a76a610 

Instructions: (pc=0x00007f4889c2a720)
0x00007f4889c2a700:   48 89 f0 48 8d 0c 12 48 29 f8 48 29 d0 48 39 c8
0x00007f4889c2a710:   0f 82 07 01 00 00 48 83 fa 10 0f 86 8b 01 00 00
0x00007f4889c2a720:   f3 44 0f 6f 06 48 83 fa 20 f3 44 0f 7f 07 f3 44
0x00007f4889c2a730:   0f 6f 44 16 f0 f3 44 0f 7f 44 17 f0 77 12 48 89 

Register to memory mapping:

RAX=0xffff80b78ffbdef0 is an unknown value
RBX=0x0000000000000000 is an unknown value
RCX=0x0000000000000120 is an unknown value
RDX=0x0000000000000090 is an unknown value
RSP=0x00007f488a76a2e8 is pointing into the stack for thread: 0x00007f4884009800
RBP=0x0000000000000008 is an unknown value
RSI=0x0000000000000000 is an unknown value
RDI=0x00007f4870042080 is an unknown value
R8 =0x00007f48842b1920 is an unknown value
R9 =0x0000000000000010 is an unknown value
R10=0x0000000000000000 is an unknown value
R11=0x0000000000000008 is an unknown value
R12=0x0000000000000090 is an unknown value
R13=0x0000000000000010 is an unknown value
R14=0x00007f48842b1918 is an unknown value
R15=0x0000000000000010 is an unknown value


Stack: [0x00007f488a66b000,0x00007f488a76c000],  sp=0x00007f488a76a2e8,  free space=1020k
Native frames: (J=compiled Java code, j=interpreted, Vv=VM code, C=native code)
C  [libc.so.6+0x90720]

Java frames: (J=compiled Java code, j=interpreted, Vv=VM code)
j  org.lwjgl.system.JNI.callIIIV(JIII)V+0
j  org.lwjgl.opengl.GL11.glDrawArrays(III)V+11
j  ObjectRenderer.render()V+32
j  Client.render()V+52
j  Client.loop()V+22
j  Client.run()V+5
j  ClientLoader.main([Ljava/lang/String;)V+25
v  ~StubRoutines::call_stub

---------------  P R O C E S S  ---------------

Java Threads: ( => current thread )
  0x00007f4884195000 JavaThread "Service Thread" daemon [_thread_blocked, id=29663, stack(0x00007f486bafb000,0x00007f486bbfc000)]
  0x00007f4884188000 JavaThread "C1 CompilerThread2" daemon [_thread_blocked, id=29662, stack(0x00007f486bbfc000,0x00007f486bcfd000)]
  0x00007f4884186800 JavaThread "C2 CompilerThread1" daemon [_thread_blocked, id=29661, stack(0x00007f486bcfd000,0x00007f486bdfe000)]
  0x00007f4884183800 JavaThread "C2 CompilerThread0" daemon [_thread_blocked, id=29660, stack(0x00007f486bdfe000,0x00007f486beff000)]
  0x00007f4884182000 JavaThread "Signal Dispatcher" daemon [_thread_blocked, id=29659, stack(0x00007f486beff000,0x00007f486c000000)]
  0x00007f4884145800 JavaThread "Finalizer" daemon [_thread_blocked, id=29658, stack(0x00007f48701d3000,0x00007f48702d4000)]
  0x00007f4884143800 JavaThread "Reference Handler" daemon [_thread_blocked, id=29657, stack(0x00007f48702d4000,0x00007f48703d5000)]
=>0x00007f4884009800 JavaThread "main" [_thread_in_native, id=29651, stack(0x00007f488a66b000,0x00007f488a76c000)]

Other Threads:
  0x00007f488413e800 VMThread [stack: 0x00007f48703d5000,0x00007f48704d6000] [id=29656]
  0x00007f4884198000 WatcherThread [stack: 0x00007f486b9fa000,0x00007f486bafb000] [id=29664]

VM state:not at safepoint (normal execution)

VM Mutex/Monitor currently owned by a thread: None

Heap:
 PSYoungGen      total 17920K, used 12230K [0x00000000ec780000, 0x00000000edb80000, 0x0000000100000000)
  eden space 15360K, 79% used [0x00000000ec780000,0x00000000ed371a78,0x00000000ed680000)
  from space 2560K, 0% used [0x00000000ed900000,0x00000000ed900000,0x00000000edb80000)
  to   space 2560K, 0% used [0x00000000ed680000,0x00000000ed680000,0x00000000ed900000)
 ParOldGen       total 40960K, used 0K [0x00000000c5600000, 0x00000000c7e00000, 0x00000000ec780000)
  object space 40960K, 0% used [0x00000000c5600000,0x00000000c5600000,0x00000000c7e00000)
 Metaspace       used 6983K, capacity 8280K, committed 8576K, reserved 1056768K
  class space    used 518K, capacity 584K, committed 640K, reserved 1048576K

Card table byte_map: [0x00007f4874220000,0x00007f48743f6000] byte_map_base: 0x00007f4873bf5000

Marking Bits: (ParMarkBitMap*) 0x00007f4889b6f020
 Begin Bits: [0x00007f4871f93000, 0x00007f4872e3b000)
 End Bits:   [0x00007f4872e3b000, 0x00007f4873ce3000)

Polling page: 0x00007f488a797000

CodeCache: size=245760Kb used=1914Kb max_used=1918Kb free=243845Kb
 bounds [0x00007f48747b6000, 0x00007f4874a26000, 0x00007f48837b6000]
 total_blobs=930 nmethods=285 adapters=560
 compilation: enabled

Compilation events (10 events):
Event: 0.474 Thread 0x00007f4884188000 nmethod 280 0x00007f4874993790 code [0x00007f4874993900, 0x00007f4874993b08]
Event: 0.474 Thread 0x00007f4884188000  281       3       sun.misc.Launcher$AppClassLoader::loadClass (85 bytes)
Event: 0.474 Thread 0x00007f4884183800  283       4       java.util.concurrent.ConcurrentHashMap::tabAt (21 bytes)
Event: 0.474 Thread 0x00007f4884186800 nmethod 279 0x00007f4874991dd0 code [0x00007f4874991f20, 0x00007f4874992138]
Event: 0.474 Thread 0x00007f4884186800  284       4       java.util.concurrent.ConcurrentHashMap::casTabAt (20 bytes)
Event: 0.474 Thread 0x00007f4884183800 nmethod 283 0x00007f4874994d50 code [0x00007f4874994e80, 0x00007f4874994ed8]
Event: 0.475 Thread 0x00007f4884186800 nmethod 284 0x00007f4874996490 code [0x00007f48749965c0, 0x00007f4874996638]
Event: 0.476 Thread 0x00007f4884188000 nmethod 281 0x00007f48749923d0 code [0x00007f4874992600, 0x00007f4874993308]
Event: 0.476 Thread 0x00007f4884188000  282  s    3       sun.misc.URLClassPath::knownToNotExist (24 bytes)
Event: 0.476 Thread 0x00007f4884188000 nmethod 282 0x00007f4874995e90 code [0x00007f4874996000, 0x00007f48749963c8]

GC Heap History (0 events):
No events

Deoptimization events (0 events):
No events

Internal exceptions (2 events):
Event: 0.037 Thread 0x00007f4884009800 Exception <a 'java/lang/NoSuchMethodError': Method sun.misc.Unsafe.defineClass(Ljava/lang/String;[BII)Ljava/lang/Class; name or signature does not match> (0x00000000ec792b98) thrown at [/HUDSON/workspace/8-2-build-linux-amd64/jdk8u66/4988/hotspot/src/shar
Event: 0.037 Thread 0x00007f4884009800 Exception <a 'java/lang/NoSuchMethodError': Method sun.misc.Unsafe.prefetchRead(Ljava/lang/Object;J)V name or signature does not match> (0x00000000ec792e80) thrown at [/HUDSON/workspace/8-2-build-linux-amd64/jdk8u66/4988/hotspot/src/share/vm/prims/jni.cpp

Events (10 events):
Event: 0.474 loading class org/lwjgl/stb/STBTTAlignedQuad
Event: 0.474 loading class org/lwjgl/stb/STBTTAlignedQuad done
Event: 0.475 loading class ObjectRenderer
Event: 0.475 loading class ObjectRenderer done
Event: 0.476 loading class org/lwjgl/glfw/GLFWKeyCallback$1
Event: 0.476 loading class org/lwjgl/glfw/GLFWKeyCallback$1 done
Event: 0.479 loading class Client$1
Event: 0.479 loading class Client$1 done
Event: 0.479 loading class org/lwjgl/opengl/GLChecks
Event: 0.479 loading class org/lwjgl/opengl/GLChecks done


Dynamic libraries:
00400000-00401000 r-xp 00000000 08:01 7085876                            /usr/lib/jvm/java-8-oracle/jre/bin/java
00600000-00601000 rw-p 00000000 08:01 7085876                            /usr/lib/jvm/java-8-oracle/jre/bin/java
020a6000-020c7000 rw-p 00000000 00:00 0                                  [heap]
c5600000-c7e00000 rw-p 00000000 00:00 0 
c7e00000-ec780000 ---p 00000000 00:00 0 
ec780000-edb80000 rw-p 00000000 00:00 0 
edb80000-100000000 ---p 00000000 00:00 0 
100000000-1000a0000 rw-p 00000000 00:00 0 
1000a0000-140000000 ---p 00000000 00:00 0 
7f4834000000-7f4834021000 rw-p 00000000 00:00 0 
7f4834021000-7f4838000000 ---p 00000000 00:00 0 
7f4838d3e000-7f4839edc000 rw-p 00000000 00:00 0 
7f4839edc000-7f4839f13000 r-xp 00000000 08:01 7476861                    /usr/lib/x86_64-linux-gnu/libtxc_dxtn_s2tc.so.0.0.0
7f4839f13000-7f483a112000 ---p 00037000 08:01 7476861                    /usr/lib/x86_64-linux-gnu/libtxc_dxtn_s2tc.so.0.0.0
7f483a112000-7f483a113000 r--p 00036000 08:01 7476861                    /usr/lib/x86_64-linux-gnu/libtxc_dxtn_s2tc.so.0.0.0
7f483a113000-7f483a114000 rw-p 00037000 08:01 7476861                    /usr/lib/x86_64-linux-gnu/libtxc_dxtn_s2tc.so.0.0.0
7f483a114000-7f483a12e000 r-xp 00000000 08:01 2361412                    /lib/x86_64-linux-gnu/libz.so.1.2.8
7f483a12e000-7f483a32d000 ---p 0001a000 08:01 2361412                    /lib/x86_64-linux-gnu/libz.so.1.2.8
7f483a32d000-7f483a32e000 r--p 00019000 08:01 2361412                    /lib/x86_64-linux-gnu/libz.so.1.2.8
7f483a32e000-7f483a32f000 rw-p 0001a000 08:01 2361412                    /lib/x86_64-linux-gnu/libz.so.1.2.8
7f483a32f000-7f483a337000 r-xp 00000000 08:01 7476483                    /usr/lib/x86_64-linux-gnu/libpciaccess.so.0.11.1
7f483a337000-7f483a537000 ---p 00008000 08:01 7476483                    /usr/lib/x86_64-linux-gnu/libpciaccess.so.0.11.1
7f483a537000-7f483a538000 r--p 00008000 08:01 7476483                    /usr/lib/x86_64-linux-gnu/libpciaccess.so.0.11.1
7f483a538000-7f483a539000 rw-p 00009000 08:01 7476483                    /usr/lib/x86_64-linux-gnu/libpciaccess.so.0.11.1
7f483a539000-7f483a54f000 r-xp 00000000 08:01 2361273                    /lib/x86_64-linux-gnu/libgcc_s.so.1
7f483a54f000-7f483a74e000 ---p 00016000 08:01 2361273                    /lib/x86_64-linux-gnu/libgcc_s.so.1
7f483a74e000-7f483a74f000 rw-p 00015000 08:01 2361273                    /lib/x86_64-linux-gnu/libgcc_s.so.1
7f483a74f000-7f483a83b000 r-xp 00000000 08:01 7476755                    /usr/lib/x86_64-linux-gnu/libstdc++.so.6.0.20
7f483a83b000-7f483aa3b000 ---p 000ec000 08:01 7476755                    /usr/lib/x86_64-linux-gnu/libstdc++.so.6.0.20
7f483aa3b000-7f483aa43000 r--p 000ec000 08:01 7476755                    /usr/lib/x86_64-linux-gnu/libstdc++.so.6.0.20
7f483aa43000-7f483aa45000 rw-p 000f4000 08:01 7476755                    /usr/lib/x86_64-linux-gnu/libstdc++.so.6.0.20
7f483aa45000-7f483aa5a000 rw-p 00000000 00:00 0 
7f483aa5a000-7f483aa66000 r-xp 00000000 08:01 7475559                    /usr/lib/x86_64-linux-gnu/libdrm_radeon.so.1.0.1
7f483aa66000-7f483ac65000 ---p 0000c000 08:01 7475559                    /usr/lib/x86_64-linux-gnu/libdrm_radeon.so.1.0.1
7f483ac65000-7f483ac66000 r--p 0000b000 08:01 7475559                    /usr/lib/x86_64-linux-gnu/libdrm_radeon.so.1.0.1
7f483ac66000-7f483ac67000 rw-p 0000c000 08:01 7475559                    /usr/lib/x86_64-linux-gnu/libdrm_radeon.so.1.0.1
7f483ac67000-7f483ac6d000 r-xp 00000000 08:01 7475555                    /usr/lib/x86_64-linux-gnu/libdrm_nouveau.so.2.0.0
7f483ac6d000-7f483ae6c000 ---p 00006000 08:01 7475555                    /usr/lib/x86_64-linux-gnu/libdrm_nouveau.so.2.0.0
7f483ae6c000-7f483ae6d000 r--p 00005000 08:01 7475555                    /usr/lib/x86_64-linux-gnu/libdrm_nouveau.so.2.0.0
7f483ae6d000-7f483ae6e000 rw-p 00006000 08:01 7475555                    /usr/lib/x86_64-linux-gnu/libdrm_nouveau.so.2.0.0
7f483ae6e000-7f483ae8f000 r-xp 00000000 08:01 7475551                    /usr/lib/x86_64-linux-gnu/libdrm_intel.so.1.0.0
7f483ae8f000-7f483b08e000 ---p 00021000 08:01 7475551                    /usr/lib/x86_64-linux-gnu/libdrm_intel.so.1.0.0
7f483b08e000-7f483b08f000 r--p 00020000 08:01 7475551                    /usr/lib/x86_64-linux-gnu/libdrm_intel.so.1.0.0
7f483b08f000-7f483b090000 rw-p 00021000 08:01 7475551                    /usr/lib/x86_64-linux-gnu/libdrm_intel.so.1.0.0
7f483b090000-7f483b5ae000 r-xp 00000000 08:01 7473403                    /usr/lib/x86_64-linux-gnu/dri/i965_dri.so
7f483b5ae000-7f483b7ae000 ---p 0051e000 08:01 7473403                    /usr/lib/x86_64-linux-gnu/dri/i965_dri.so
7f483b7ae000-7f483b7ca000 r--p 0051e000 08:01 7473403                    /usr/lib/x86_64-linux-gnu/dri/i965_dri.so
7f483b7ca000-7f483b7d0000 rw-p 0053a000 08:01 7473403                    /usr/lib/x86_64-linux-gnu/dri/i965_dri.so
7f483b7d0000-7f483b7db000 rw-p 00000000 00:00 0 
7f483b7db000-7f483b7e9000 r-xp 00000000 08:01 2361397                    /lib/x86_64-linux-gnu/libudev.so.1.5.0
7f483b7e9000-7f483b9e8000 ---p 0000e000 08:01 2361397                    /lib/x86_64-linux-gnu/libudev.so.1.5.0
7f483b9e8000-7f483b9e9000 r--p 0000d000 08:01 2361397                    /lib/x86_64-linux-gnu/libudev.so.1.5.0
7f483b9e9000-7f483b9ea000 rw-p 0000e000 08:01 2361397                    /lib/x86_64-linux-gnu/libudev.so.1.5.0
7f483b9ea000-7f483b9f6000 r-xp 00000000 08:01 7475547                    /usr/lib/x86_64-linux-gnu/libdrm.so.2.4.0
7f483b9f6000-7f483bbf5000 ---p 0000c000 08:01 7475547                    /usr/lib/x86_64-linux-gnu/libdrm.so.2.4.0
7f483bbf5000-7f483bbf6000 r--p 0000b000 08:01 7475547                    /usr/lib/x86_64-linux-gnu/libdrm.so.2.4.0
7f483bbf6000-7f483bbf7000 rw-p 0000c000 08:01 7475547                    /usr/lib/x86_64-linux-gnu/libdrm.so.2.4.0
7f483bbf7000-7f483bbf8000 r-xp 00000000 08:01 7477146                    /usr/lib/x86_64-linux-gnu/libxshmfence.so.1.0.0
7f483bbf8000-7f483bdf7000 ---p 00001000 08:01 7477146                    /usr/lib/x86_64-linux-gnu/libxshmfence.so.1.0.0
7f483bdf7000-7f483bdf8000 r--p 00000000 08:01 7477146                    /usr/lib/x86_64-linux-gnu/libxshmfence.so.1.0.0
7f483bdf8000-7f483bdf9000 rw-p 00001000 08:01 7477146                    /usr/lib/x86_64-linux-gnu/libxshmfence.so.1.0.0
7f483bdf9000-7f483bdfe000 r-xp 00000000 08:01 7477116                    /usr/lib/x86_64-linux-gnu/libxcb-sync.so.1.0.0
7f483bdfe000-7f483bffe000 ---p 00005000 08:01 7477116                    /usr/lib/x86_64-linux-gnu/libxcb-sync.so.1.0.0
7f483bffe000-7f483bfff000 r--p 00005000 08:01 7477116                    /usr/lib/x86_64-linux-gnu/libxcb-sync.so.1.0.0
7f483bfff000-7f483c000000 rw-p 00006000 08:01 7477116                    /usr/lib/x86_64-linux-gnu/libxcb-sync.so.1.0.0
7f483c000000-7f483c1c4000 rw-p 00000000 00:00 0 
7f483c1c4000-7f4840000000 ---p 00000000 00:00 0 
7f4840000000-7f4840021000 rw-p 00000000 00:00 0 
7f4840021000-7f4844000000 ---p 00000000 00:00 0 
7f4844000000-7f48440e6000 rw-p 00000000 00:00 0 
7f48440e6000-7f4848000000 ---p 00000000 00:00 0 
7f4848000000-7f484805c000 rw-p 00000000 00:00 0 
7f484805c000-7f484c000000 ---p 00000000 00:00 0 
7f484c000000-7f484c021000 rw-p 00000000 00:00 0 
7f484c021000-7f4850000000 ---p 00000000 00:00 0 
7f4850000000-7f4850021000 rw-p 00000000 00:00 0 
7f4850021000-7f4854000000 ---p 00000000 00:00 0 
7f4854000000-7f4854021000 rw-p 00000000 00:00 0 
7f4854021000-7f4858000000 ---p 00000000 00:00 0 
7f4858000000-7f4858021000 rw-p 00000000 00:00 0 
7f4858021000-7f485c000000 ---p 00000000 00:00 0 
7f485c000000-7f485c021000 rw-p 00000000 00:00 0 
7f485c021000-7f4860000000 ---p 00000000 00:00 0 
7f4860000000-7f4860021000 rw-p 00000000 00:00 0 
7f4860021000-7f4864000000 ---p 00000000 00:00 0 
7f4864000000-7f4864021000 rw-p 00000000 00:00 0 
7f4864021000-7f4868000000 ---p 00000000 00:00 0 
7f4868113000-7f4868115000 r-xp 00000000 08:01 7477094                    /usr/lib/x86_64-linux-gnu/libxcb-present.so.0.0.0
7f4868115000-7f4868314000 ---p 00002000 08:01 7477094                    /usr/lib/x86_64-linux-gnu/libxcb-present.so.0.0.0
7f4868314000-7f4868315000 r--p 00001000 08:01 7477094                    /usr/lib/x86_64-linux-gnu/libxcb-present.so.0.0.0
7f4868315000-7f4868316000 rw-p 00002000 08:01 7477094                    /usr/lib/x86_64-linux-gnu/libxcb-present.so.0.0.0
7f4868316000-7f4868318000 r-xp 00000000 08:01 7477080                    /usr/lib/x86_64-linux-gnu/libxcb-dri3.so.0.0.0
7f4868318000-7f4868517000 ---p 00002000 08:01 7477080                    /usr/lib/x86_64-linux-gnu/libxcb-dri3.so.0.0.0
7f4868517000-7f4868518000 r--p 00001000 08:01 7477080                    /usr/lib/x86_64-linux-gnu/libxcb-dri3.so.0.0.0
7f4868518000-7f4868519000 rw-p 00002000 08:01 7477080                    /usr/lib/x86_64-linux-gnu/libxcb-dri3.so.0.0.0
7f4868519000-7f486851d000 r-xp 00000000 08:01 7477076                    /usr/lib/x86_64-linux-gnu/libxcb-dri2.so.0.0.0
7f486851d000-7f486871c000 ---p 00004000 08:01 7477076                    /usr/lib/x86_64-linux-gnu/libxcb-dri2.so.0.0.0
7f486871c000-7f486871d000 r--p 00003000 08:01 7477076                    /usr/lib/x86_64-linux-gnu/libxcb-dri2.so.0.0.0
7f486871d000-7f486871e000 rw-p 00004000 08:01 7477076                    /usr/lib/x86_64-linux-gnu/libxcb-dri2.so.0.0.0
7f486871e000-7f4868735000 r-xp 00000000 08:01 7477084                    /usr/lib/x86_64-linux-gnu/libxcb-glx.so.0.0.0
7f4868735000-7f4868934000 ---p 00017000 08:01 7477084                    /usr/lib/x86_64-linux-gnu/libxcb-glx.so.0.0.0
7f4868934000-7f4868936000 r--p 00016000 08:01 7477084                    /usr/lib/x86_64-linux-gnu/libxcb-glx.so.0.0.0
7f4868936000-7f4868937000 rw-p 00018000 08:01 7477084                    /usr/lib/x86_64-linux-gnu/libxcb-glx.so.0.0.0
7f4868937000-7f4868938000 r-xp 00000000 08:01 7475209                    /usr/lib/x86_64-linux-gnu/libX11-xcb.so.1.0.0
7f4868938000-7f4868b37000 ---p 00001000 08:01 7475209                    /usr/lib/x86_64-linux-gnu/libX11-xcb.so.1.0.0
7f4868b37000-7f4868b38000 r--p 00000000 08:01 7475209                    /usr/lib/x86_64-linux-gnu/libX11-xcb.so.1.0.0
7f4868b38000-7f4868b39000 rw-p 00001000 08:01 7475209                    /usr/lib/x86_64-linux-gnu/libX11-xcb.so.1.0.0
7f4868b39000-7f4868b3b000 r-xp 00000000 08:01 7475234                    /usr/lib/x86_64-linux-gnu/libXdamage.so.1.1.0
7f4868b3b000-7f4868d3a000 ---p 00002000 08:01 7475234                    /usr/lib/x86_64-linux-gnu/libXdamage.so.1.1.0
7f4868d3a000-7f4868d3b000 r--p 00001000 08:01 7475234                    /usr/lib/x86_64-linux-gnu/libXdamage.so.1.1.0
7f4868d3b000-7f4868d3c000 rw-p 00002000 08:01 7475234                    /usr/lib/x86_64-linux-gnu/libXdamage.so.1.1.0
7f4868d3c000-7f4868d61000 r-xp 00000000 08:01 7475798                    /usr/lib/x86_64-linux-gnu/libglapi.so.0.0.0
7f4868d61000-7f4868f61000 ---p 00025000 08:01 7475798                    /usr/lib/x86_64-linux-gnu/libglapi.so.0.0.0
7f4868f61000-7f4868f64000 r--p 00025000 08:01 7475798                    /usr/lib/x86_64-linux-gnu/libglapi.so.0.0.0
7f4868f64000-7f4868f65000 rw-p 00028000 08:01 7475798                    /usr/lib/x86_64-linux-gnu/libglapi.so.0.0.0
7f4868f65000-7f4868f66000 rw-p 00000000 00:00 0 
7f4868f66000-7f4868f8c000 r-xp 00000000 08:01 2361268                    /lib/x86_64-linux-gnu/libexpat.so.1.6.0
7f4868f8c000-7f486918b000 ---p 00026000 08:01 2361268                    /lib/x86_64-linux-gnu/libexpat.so.1.6.0
7f486918b000-7f486918e000 r--p 00025000 08:01 2361268                    /lib/x86_64-linux-gnu/libexpat.so.1.6.0
7f486918e000-7f486918f000 rw-p 00028000 08:01 2361268                    /lib/x86_64-linux-gnu/libexpat.so.1.6.0
7f486918f000-7f4869225000 r-xp 00000000 08:01 7475030                    /usr/lib/x86_64-linux-gnu/libGL.so.1.2.0
7f4869225000-7f4869424000 ---p 00096000 08:01 7475030                    /usr/lib/x86_64-linux-gnu/libGL.so.1.2.0
7f4869424000-7f4869427000 r--p 00095000 08:01 7475030                    /usr/lib/x86_64-linux-gnu/libGL.so.1.2.0
7f4869427000-7f4869428000 rw-p 00098000 08:01 7475030                    /usr/lib/x86_64-linux-gnu/libGL.so.1.2.0
7f4869428000-7f4869429000 rw-p 00000000 00:00 0 
7f4869429000-7f486942e000 r-xp 00000000 08:01 7475238                    /usr/lib/x86_64-linux-gnu/libXdmcp.so.6.0.0
7f486942e000-7f486962d000 ---p 00005000 08:01 7475238                    /usr/lib/x86_64-linux-gnu/libXdmcp.so.6.0.0
7f486962d000-7f486962e000 rw-p 00004000 08:01 7475238                    /usr/lib/x86_64-linux-gnu/libXdmcp.so.6.0.0
7f486962e000-7f4869631000 r-xp 00000000 08:01 7475219                    /usr/lib/x86_64-linux-gnu/libXau.so.6.0.0
7f4869631000-7f4869830000 ---p 00003000 08:01 7475219                    /usr/lib/x86_64-linux-gnu/libXau.so.6.0.0
7f4869830000-7f4869831000 r--p 00002000 08:01 7475219                    /usr/lib/x86_64-linux-gnu/libXau.so.6.0.0
7f4869831000-7f4869832000 rw-p 00003000 08:01 7475219                    /usr/lib/x86_64-linux-gnu/libXau.so.6.0.0
7f4869832000-7f4869837000 r-xp 00000000 08:01 7475246                    /usr/lib/x86_64-linux-gnu/libXfixes.so.3.1.0
7f4869837000-7f4869a36000 ---p 00005000 08:01 7475246                    /usr/lib/x86_64-linux-gnu/libXfixes.so.3.1.0
7f4869a36000-7f4869a37000 r--p 00004000 08:01 7475246                    /usr/lib/x86_64-linux-gnu/libXfixes.so.3.1.0
7f4869a37000-7f4869a38000 rw-p 00005000 08:01 7475246                    /usr/lib/x86_64-linux-gnu/libXfixes.so.3.1.0
7f4869a38000-7f4869a41000 r-xp 00000000 08:01 7475277                    /usr/lib/x86_64-linux-gnu/libXrender.so.1.3.0
7f4869a41000-7f4869c40000 ---p 00009000 08:01 7475277                    /usr/lib/x86_64-linux-gnu/libXrender.so.1.3.0
7f4869c40000-7f4869c41000 r--p 00008000 08:01 7475277                    /usr/lib/x86_64-linux-gnu/libXrender.so.1.3.0
7f4869c41000-7f4869c42000 rw-p 00009000 08:01 7475277                    /usr/lib/x86_64-linux-gnu/libXrender.so.1.3.0
7f4869c42000-7f4869c53000 r-xp 00000000 08:01 7475242                    /usr/lib/x86_64-linux-gnu/libXext.so.6.4.0
7f4869c53000-7f4869e52000 ---p 00011000 08:01 7475242                    /usr/lib/x86_64-linux-gnu/libXext.so.6.4.0
7f4869e52000-7f4869e53000 r--p 00010000 08:01 7475242                    /usr/lib/x86_64-linux-gnu/libXext.so.6.4.0
7f4869e53000-7f4869e54000 rw-p 00011000 08:01 7475242                    /usr/lib/x86_64-linux-gnu/libXext.so.6.4.0
7f4869e54000-7f4869e75000 r-xp 00000000 08:01 7477132                    /usr/lib/x86_64-linux-gnu/libxcb.so.1.1.0
7f4869e75000-7f486a074000 ---p 00021000 08:01 7477132                    /usr/lib/x86_64-linux-gnu/libxcb.so.1.1.0
7f486a074000-7f486a075000 r--p 00020000 08:01 7477132                    /usr/lib/x86_64-linux-gnu/libxcb.so.1.1.0
7f486a075000-7f486a076000 rw-p 00021000 08:01 7477132                    /usr/lib/x86_64-linux-gnu/libxcb.so.1.1.0
7f486a076000-7f486a080000 r-xp 00000000 08:01 7475230                    /usr/lib/x86_64-linux-gnu/libXcursor.so.1.0.2
7f486a080000-7f486a27f000 ---p 0000a000 08:01 7475230                    /usr/lib/x86_64-linux-gnu/libXcursor.so.1.0.2
7f486a27f000-7f486a280000 r--p 00009000 08:01 7475230                    /usr/lib/x86_64-linux-gnu/libXcursor.so.1.0.2
7f486a280000-7f486a281000 rw-p 0000a000 08:01 7475230                    /usr/lib/x86_64-linux-gnu/libXcursor.so.1.0.2
7f486a281000-7f486a286000 r-xp 00000000 08:01 7475297                    /usr/lib/x86_64-linux-gnu/libXxf86vm.so.1.0.0
7f486a286000-7f486a485000 ---p 00005000 08:01 7475297                    /usr/lib/x86_64-linux-gnu/libXxf86vm.so.1.0.0
7f486a485000-7f486a486000 r--p 00004000 08:01 7475297                    /usr/lib/x86_64-linux-gnu/libXxf86vm.so.1.0.0
7f486a486000-7f486a487000 rw-p 00005000 08:01 7475297                    /usr/lib/x86_64-linux-gnu/libXxf86vm.so.1.0.0
7f486a487000-7f486a496000 r-xp 00000000 08:01 7475256                    /usr/lib/x86_64-linux-gnu/libXi.so.6.1.0
7f486a496000-7f486a695000 ---p 0000f000 08:01 7475256                    /usr/lib/x86_64-linux-gnu/libXi.so.6.1.0
7f486a695000-7f486a696000 r--p 0000e000 08:01 7475256                    /usr/lib/x86_64-linux-gnu/libXi.so.6.1.0
7f486a696000-7f486a697000 rw-p 0000f000 08:01 7475256                    /usr/lib/x86_64-linux-gnu/libXi.so.6.1.0
7f486a697000-7f486a699000 r-xp 00000000 08:01 7475260                    /usr/lib/x86_64-linux-gnu/libXinerama.so.1.0.0
7f486a699000-7f486a898000 ---p 00002000 08:01 7475260                    /usr/lib/x86_64-linux-gnu/libXinerama.so.1.0.0
7f486a898000-7f486a899000 r--p 00001000 08:01 7475260                    /usr/lib/x86_64-linux-gnu/libXinerama.so.1.0.0
7f486a899000-7f486a89a000 rw-p 00002000 08:01 7475260                    /usr/lib/x86_64-linux-gnu/libXinerama.so.1.0.0
7f486a89a000-7f486a8a3000 r-xp 00000000 08:01 7475273                    /usr/lib/x86_64-linux-gnu/libXrandr.so.2.2.0
7f486a8a3000-7f486aaa2000 ---p 00009000 08:01 7475273                    /usr/lib/x86_64-linux-gnu/libXrandr.so.2.2.0
7f486aaa2000-7f486aaa3000 r--p 00008000 08:01 7475273                    /usr/lib/x86_64-linux-gnu/libXrandr.so.2.2.0
7f486aaa3000-7f486aaa4000 rw-p 00009000 08:01 7475273                    /usr/lib/x86_64-linux-gnu/libXrandr.so.2.2.0
7f486aaa4000-7f486abe0000 r-xp 00000000 08:01 7475213                    /usr/lib/x86_64-linux-gnu/libX11.so.6.3.0
7f486abe0000-7f486addf000 ---p 0013c000 08:01 7475213                    /usr/lib/x86_64-linux-gnu/libX11.so.6.3.0
7f486addf000-7f486ade1000 r--p 0013b000 08:01 7475213                    /usr/lib/x86_64-linux-gnu/libX11.so.6.3.0
7f486ade1000-7f486ade6000 rw-p 0013d000 08:01 7475213                    /usr/lib/x86_64-linux-gnu/libX11.so.6.3.0
7f486ade6000-7f486ade7000 rw-p 00000000 00:00 0 
7f486ade7000-7f486adeb000 r-xp 00000000 08:01 3801170                    /root/Desktop/Programming/Java/Elements Game/lib/lwjgl/native/libglfw.so
7f486adeb000-7f486adff000 r-xp 00000000 00:00 0 
7f486adff000-7f486affe000 ---p 00018000 08:01 3801170                    /root/Desktop/Programming/Java/Elements Game/lib/lwjgl/native/libglfw.so
7f486affe000-7f486afff000 rw-p 0000d000 08:01 3801170                    /root/Desktop/Programming/Java/Elements Game/lib/lwjgl/native/libglfw.so
7f486afff000-7f486b400000 rw-p 00000000 00:00 0 
7f486b555000-7f486b558000 r-xp 00000000 08:01 3801176                    /root/Desktop/Programming/Java/Elements Game/lib/lwjgl/native/libjemalloc.so
7f486b558000-7f486b594000 r-xp 00000000 00:00 0 
7f486b594000-7f486b793000 ---p 0003f000 08:01 3801176                    /root/Desktop/Programming/Java/Elements Game/lib/lwjgl/native/libjemalloc.so
7f486b793000-7f486b795000 r--p 0001c000 08:01 3801176                    /root/Desktop/Programming/Java/Elements Game/lib/lwjgl/native/libjemalloc.so
7f486b795000-7f486b796000 rw-p 0001e000 08:01 3801176                    /root/Desktop/Programming/Java/Elements Game/lib/lwjgl/native/libjemalloc.so
7f486b796000-7f486b797000 rw-p 00000000 00:00 0 
7f486b797000-7f486b7a4000 r-xp 00000000 08:01 3801182                    /root/Desktop/Programming/Java/Elements Game/lib/lwjgl/native/liblwjgl.so
7f486b7a4000-7f486b7f8000 r-xp 00000000 00:00 0 
7f486b7f8000-7f486b9f7000 ---p 00061000 08:01 3801182                    /root/Desktop/Programming/Java/Elements Game/lib/lwjgl/native/liblwjgl.so
7f486b9f7000-7f486b9f9000 rw-p 00033000 08:01 3801182                    /root/Desktop/Programming/Java/Elements Game/lib/lwjgl/native/liblwjgl.so
7f486b9f9000-7f486b9fa000 rw-p 00000000 00:00 0 
7f486b9fa000-7f486b9fb000 ---p 00000000 00:00 0 
7f486b9fb000-7f486bafb000 rw-p 00000000 00:00 0                          [stack:29664]
7f486bafb000-7f486bafe000 ---p 00000000 00:00 0 
7f486bafe000-7f486bbfc000 rw-p 00000000 00:00 0                          [stack:29663]
7f486bbfc000-7f486bbff000 ---p 00000000 00:00 0 
7f486bbff000-7f486bcfd000 rw-p 00000000 00:00 0                          [stack:29662]
7f486bcfd000-7f486bd00000 ---p 00000000 00:00 0 
7f486bd00000-7f486bdfe000 rw-p 00000000 00:00 0                          [stack:29661]
7f486bdfe000-7f486be01000 ---p 00000000 00:00 0 
7f486be01000-7f486beff000 rw-p 00000000 00:00 0                          [stack:29660]
7f486beff000-7f486bf02000 ---p 00000000 00:00 0 
7f486bf02000-7f486c000000 rw-p 00000000 00:00 0                          [stack:29659]
7f486c000000-7f486c021000 rw-p 00000000 00:00 0 
7f486c021000-7f4870000000 ---p 00000000 00:00 0 
7f487003f000-7f4870040000 rw-p 00000000 00:00 0 
7f4870040000-7f4870042000 rw-s 00000000 00:05 303092                     /drm mm object (deleted)
7f4870042000-7f4870052000 rw-s 117baa000 00:06 13722                     /dev/dri/card0
7f4870052000-7f4870062000 rw-s 117ad1000 00:06 13722                     /dev/dri/card0
7f4870062000-7f4870064000 rw-s 00000000 00:05 304324                     /drm mm object (deleted)
7f4870064000-7f48700a3000 r--p 00000000 08:01 6817862                    /usr/lib/locale/fr_LU.utf8/LC_CTYPE
7f48700a3000-7f48701d3000 r--p 00000000 08:01 6817861                    /usr/lib/locale/fr_LU.utf8/LC_COLLATE
7f48701d3000-7f48701d6000 ---p 00000000 00:00 0 
7f48701d6000-7f48702d4000 rw-p 00000000 00:00 0                          [stack:29658]
7f48702d4000-7f48702d7000 ---p 00000000 00:00 0 
7f48702d7000-7f48703d5000 rw-p 00000000 00:00 0                          [stack:29657]
7f48703d5000-7f48703d6000 ---p 00000000 00:00 0 
7f48703d6000-7f48713e5000 rw-p 00000000 00:00 0                          [stack:29656]
7f48713e5000-7f48715be000 r--s 03d20000 08:01 7085982                    /usr/lib/jvm/java-8-oracle/jre/lib/rt.jar
7f48715be000-7f4871d7e000 rw-p 00000000 00:00 0 
7f4871d7e000-7f4871dbe000 ---p 00000000 00:00 0 
7f4871dbe000-7f4873ce3000 rw-p 00000000 00:00 0 
7f4873ce3000-7f4873ce4000 ---p 00000000 00:00 0 
7f4873ce4000-7f4873de4000 rw-p 00000000 00:00 0                          [stack:29655]
7f4873de4000-7f4873de5000 ---p 00000000 00:00 0 
7f4873de5000-7f4873ee5000 rw-p 00000000 00:00 0                          [stack:29654]
7f4873ee5000-7f4873ee6000 ---p 00000000 00:00 0 
7f4873ee6000-7f4873fe6000 rw-p 00000000 00:00 0                          [stack:29653]
7f4873fe6000-7f4873fe7000 ---p 00000000 00:00 0 
7f4873fe7000-7f48740fb000 rw-p 00000000 00:00 0                          [stack:29652]
7f48740fb000-7f4874220000 ---p 00000000 00:00 0 
7f4874220000-7f4874234000 rw-p 00000000 00:00 0 
7f4874234000-7f4874358000 ---p 00000000 00:00 0 
7f4874358000-7f4874363000 rw-p 00000000 00:00 0 
7f4874363000-7f48743f5000 ---p 00000000 00:00 0 
7f48743f5000-7f4874400000 rw-p 00000000 00:00 0 
7f4874400000-7f48747b6000 ---p 00000000 00:00 0 
7f48747b6000-7f4874a26000 rwxp 00000000 00:00 0 
7f4874a26000-7f48837b6000 ---p 00000000 00:00 0 
7f48837b6000-7f48837d0000 r-xp 00000000 08:01 7216047                    /usr/lib/jvm/java-8-oracle/jre/lib/amd64/libzip.so
7f48837d0000-7f48839d0000 ---p 0001a000 08:01 7216047                    /usr/lib/jvm/java-8-oracle/jre/lib/amd64/libzip.so
7f48839d0000-7f48839d1000 rw-p 0001a000 08:01 7216047                    /usr/lib/jvm/java-8-oracle/jre/lib/amd64/libzip.so
7f48839d1000-7f48839dc000 r-xp 00000000 08:01 2361332                    /lib/x86_64-linux-gnu/libnss_files-2.19.so
7f48839dc000-7f4883bdb000 ---p 0000b000 08:01 2361332                    /lib/x86_64-linux-gnu/libnss_files-2.19.so
7f4883bdb000-7f4883bdc000 r--p 0000a000 08:01 2361332                    /lib/x86_64-linux-gnu/libnss_files-2.19.so
7f4883bdc000-7f4883bdd000 rw-p 0000b000 08:01 2361332                    /lib/x86_64-linux-gnu/libnss_files-2.19.so
7f4883bdd000-7f4883be7000 r-xp 00000000 08:01 2361343                    /lib/x86_64-linux-gnu/libnss_nis-2.19.so
7f4883be7000-7f4883de6000 ---p 0000a000 08:01 2361343                    /lib/x86_64-linux-gnu/libnss_nis-2.19.so
7f4883de6000-7f4883de7000 r--p 00009000 08:01 2361343                    /lib/x86_64-linux-gnu/libnss_nis-2.19.so
7f4883de7000-7f4883de8000 rw-p 0000a000 08:01 2361343                    /lib/x86_64-linux-gnu/libnss_nis-2.19.so
7f4883de8000-7f4883dfd000 r-xp 00000000 08:01 2361326                    /lib/x86_64-linux-gnu/libnsl-2.19.so
7f4883dfd000-7f4883ffc000 ---p 00015000 08:01 2361326                    /lib/x86_64-linux-gnu/libnsl-2.19.so
7f4883ffc000-7f4883ffd000 r--p 00014000 08:01 2361326                    /lib/x86_64-linux-gnu/libnsl-2.19.so
7f4883ffd000-7f4883ffe000 rw-p 00015000 08:01 2361326                    /lib/x86_64-linux-gnu/libnsl-2.19.so
7f4883ffe000-7f4884000000 rw-p 00000000 00:00 0 
7f4884000000-7f48847c3000 rw-p 00000000 00:00 0 
7f48847c3000-7f4888000000 ---p 00000000 00:00 0 
7f4888000000-7f4888001000 rwxp 00000000 00:00 0 
7f4888001000-7f4888002000 rw-s 00000000 00:05 304319                     /drm mm object (deleted)
7f4888002000-7f4888003000 rwxp 00000000 00:00 0 
7f4888003000-7f488801e000 r--s 001e6000 08:01 3670575                    /root/Desktop/Programming/Java/Elements Game/lib/lwjgl/jar/lwjgl.jar
7f488801e000-7f488801f000 r--s 00000000 08:01 2106122                    /root/Desktop/Programming/Java/Elements Game/run.jar
7f488801f000-7f4888020000 r--p 00000000 08:01 6818401                    /usr/lib/locale/ig_NG/LC_NUMERIC
7f4888020000-7f4888021000 r--p 00000000 08:01 6816780                    /usr/lib/locale/en_US.utf8/LC_TIME
7f4888021000-7f4888022000 r--p 00000000 08:01 6816775                    /usr/lib/locale/en_US.utf8/LC_MONETARY
7f4888022000-7f4888023000 r--p 00000000 08:01 6816774                    /usr/lib/locale/en_US.utf8/LC_MESSAGES/SYS_LC_MESSAGES
7f4888023000-7f4888024000 r--p 00000000 08:01 6817464                    /usr/lib/locale/es_VE.utf8/LC_PAPER
7f4888024000-7f4888025000 r--p 00000000 08:01 6817994                    /usr/lib/locale/gd_GB.utf8/LC_NAME
7f4888025000-7f4888074000 rw-p 00000000 00:00 0 
7f4888074000-7f488807b000 r-xp 00000000 08:01 2361328                    /lib/x86_64-linux-gnu/libnss_compat-2.19.so
7f488807b000-7f488827a000 ---p 00007000 08:01 2361328                    /lib/x86_64-linux-gnu/libnss_compat-2.19.so
7f488827a000-7f488827b000 r--p 00006000 08:01 2361328                    /lib/x86_64-linux-gnu/libnss_compat-2.19.so
7f488827b000-7f488827c000 rw-p 00007000 08:01 2361328                    /lib/x86_64-linux-gnu/libnss_compat-2.19.so
7f488827c000-7f48882a6000 r-xp 00000000 08:01 7216042                    /usr/lib/jvm/java-8-oracle/jre/lib/amd64/libjava.so
7f48882a6000-7f48884a6000 ---p 0002a000 08:01 7216042                    /usr/lib/jvm/java-8-oracle/jre/lib/amd64/libjava.so
7f48884a6000-7f48884a8000 rw-p 0002a000 08:01 7216042                    /usr/lib/jvm/java-8-oracle/jre/lib/amd64/libjava.so
7f48884a8000-7f48884b5000 r-xp 00000000 08:01 7216046                    /usr/lib/jvm/java-8-oracle/jre/lib/amd64/libverify.so
7f48884b5000-7f48886b5000 ---p 0000d000 08:01 7216046                    /usr/lib/jvm/java-8-oracle/jre/lib/amd64/libverify.so
7f48886b5000-7f48886b7000 rw-p 0000d000 08:01 7216046                    /usr/lib/jvm/java-8-oracle/jre/lib/amd64/libverify.so
7f48886b7000-7f48886be000 r-xp 00000000 08:01 2361378                    /lib/x86_64-linux-gnu/librt-2.19.so
7f48886be000-7f48888bd000 ---p 00007000 08:01 2361378                    /lib/x86_64-linux-gnu/librt-2.19.so
7f48888bd000-7f48888be000 r--p 00006000 08:01 2361378                    /lib/x86_64-linux-gnu/librt-2.19.so
7f48888be000-7f48888bf000 rw-p 00007000 08:01 2361378                    /lib/x86_64-linux-gnu/librt-2.19.so
7f48888bf000-7f48889bf000 r-xp 00000000 08:01 2361305                    /lib/x86_64-linux-gnu/libm-2.19.so
7f48889bf000-7f4888bbe000 ---p 00100000 08:01 2361305                    /lib/x86_64-linux-gnu/libm-2.19.so
7f4888bbe000-7f4888bbf000 r--p 000ff000 08:01 2361305                    /lib/x86_64-linux-gnu/libm-2.19.so
7f4888bbf000-7f4888bc0000 rw-p 00100000 08:01 2361305                    /lib/x86_64-linux-gnu/libm-2.19.so
7f4888bc0000-7f488987e000 r-xp 00000000 08:01 7216025                    /usr/lib/jvm/java-8-oracle/jre/lib/amd64/server/libjvm.so
7f488987e000-7f4889a7d000 ---p 00cbe000 08:01 7216025                    /usr/lib/jvm/java-8-oracle/jre/lib/amd64/server/libjvm.so
7f4889a7d000-7f4889b56000 rw-p 00cbd000 08:01 7216025                    /usr/lib/jvm/java-8-oracle/jre/lib/amd64/server/libjvm.so
7f4889b56000-7f4889b9a000 rw-p 00000000 00:00 0 
7f4889b9a000-7f4889d39000 r-xp 00000000 08:01 2361245                    /lib/x86_64-linux-gnu/libc-2.19.so
7f4889d39000-7f4889f39000 ---p 0019f000 08:01 2361245                    /lib/x86_64-linux-gnu/libc-2.19.so
7f4889f39000-7f4889f3d000 r--p 0019f000 08:01 2361245                    /lib/x86_64-linux-gnu/libc-2.19.so
7f4889f3d000-7f4889f3f000 rw-p 001a3000 08:01 2361245                    /lib/x86_64-linux-gnu/libc-2.19.so
7f4889f3f000-7f4889f43000 rw-p 00000000 00:00 0 
7f4889f43000-7f4889f46000 r-xp 00000000 08:01 2361261                    /lib/x86_64-linux-gnu/libdl-2.19.so
7f4889f46000-7f488a145000 ---p 00003000 08:01 2361261                    /lib/x86_64-linux-gnu/libdl-2.19.so
7f488a145000-7f488a146000 r--p 00002000 08:01 2361261                    /lib/x86_64-linux-gnu/libdl-2.19.so
7f488a146000-7f488a147000 rw-p 00003000 08:01 2361261                    /lib/x86_64-linux-gnu/libdl-2.19.so
7f488a147000-7f488a15c000 r-xp 00000000 08:01 7216020                    /usr/lib/jvm/java-8-oracle/jre/lib/amd64/jli/libjli.so
7f488a15c000-7f488a35c000 ---p 00015000 08:01 7216020                    /usr/lib/jvm/java-8-oracle/jre/lib/amd64/jli/libjli.so
7f488a35c000-7f488a35d000 rw-p 00015000 08:01 7216020                    /usr/lib/jvm/java-8-oracle/jre/lib/amd64/jli/libjli.so
7f488a35d000-7f488a375000 r-xp 00000000 08:01 2361370                    /lib/x86_64-linux-gnu/libpthread-2.19.so
7f488a375000-7f488a574000 ---p 00018000 08:01 2361370                    /lib/x86_64-linux-gnu/libpthread-2.19.so
7f488a574000-7f488a575000 r--p 00017000 08:01 2361370                    /lib/x86_64-linux-gnu/libpthread-2.19.so
7f488a575000-7f488a576000 rw-p 00018000 08:01 2361370                    /lib/x86_64-linux-gnu/libpthread-2.19.so
7f488a576000-7f488a57a000 rw-p 00000000 00:00 0 
7f488a57a000-7f488a59a000 r-xp 00000000 08:01 2361219                    /lib/x86_64-linux-gnu/ld-2.19.so
7f488a59a000-7f488a66b000 rw-p 00000000 00:00 0 
7f488a66b000-7f488a66e000 ---p 00000000 00:00 0 
7f488a66e000-7f488a770000 rw-p 00000000 00:00 0                          [stack:29651]
7f488a770000-7f488a771000 r--p 00000000 08:01 6816768                    /usr/lib/locale/en_US.utf8/LC_ADDRESS
7f488a771000-7f488a772000 r--p 00000000 08:01 6816779                    /usr/lib/locale/en_US.utf8/LC_TELEPHONE
7f488a772000-7f488a773000 r--p 00000000 08:01 6817318                    /usr/lib/locale/es_PR.utf8/LC_MEASUREMENT
7f488a773000-7f488a77a000 r--s 00000000 08:01 7473973                    /usr/lib/x86_64-linux-gnu/gconv/gconv-modules.cache
7f488a77a000-7f488a77b000 r--p 00000000 08:01 6816771                    /usr/lib/locale/en_US.utf8/LC_IDENTIFICATION
7f488a77b000-7f488a78e000 rw-p 00000000 00:00 0 
7f488a78e000-7f488a796000 rw-s 00000000 08:01 4194386                    /tmp/hsperfdata_root/29650
7f488a796000-7f488a797000 rw-p 00000000 00:00 0 
7f488a797000-7f488a798000 r--p 00000000 00:00 0 
7f488a798000-7f488a79a000 rw-p 00000000 00:00 0 
7f488a79a000-7f488a79b000 r--p 00020000 08:01 2361219                    /lib/x86_64-linux-gnu/ld-2.19.so
7f488a79b000-7f488a79c000 rw-p 00021000 08:01 2361219                    /lib/x86_64-linux-gnu/ld-2.19.so
7f488a79c000-7f488a79d000 rw-p 00000000 00:00 0 
7fff653e0000-7fff65401000 rw-p 00000000 00:00 0                          [stack]
7fff6557b000-7fff6557d000 r--p 00000000 00:00 0                          [vvar]
7fff6557d000-7fff6557f000 r-xp 00000000 00:00 0                          [vdso]
ffffffffff600000-ffffffffff601000 r-xp 00000000 00:00 0                  [vsyscall]

VM Arguments:
java_command: run.jar
java_class_path (initial): run.jar
Launcher Type: SUN_STANDARD

Environment Variables:
PATH=/usr/local/sbin:/usr/local/bin:/usr/sbin:/usr/bin:/sbin:/bin
USERNAME=root
SHELL=/bin/bash
DISPLAY=:0

Signal Handlers:
SIGSEGV: [libjvm.so+0xaba2a0], sa_mask[0]=11111111011111111101111111111110, sa_flags=SA_RESTART|SA_SIGINFO
SIGBUS: [libjvm.so+0xaba2a0], sa_mask[0]=11111111011111111101111111111110, sa_flags=SA_RESTART|SA_SIGINFO
SIGFPE: [libjvm.so+0x917710], sa_mask[0]=11111111011111111101111111111110, sa_flags=SA_RESTART|SA_SIGINFO
SIGPIPE: [libjvm.so+0x917710], sa_mask[0]=11111111011111111101111111111110, sa_flags=SA_RESTART|SA_SIGINFO
SIGXFSZ: [libjvm.so+0x917710], sa_mask[0]=11111111011111111101111111111110, sa_flags=SA_RESTART|SA_SIGINFO
SIGILL: [libjvm.so+0x917710], sa_mask[0]=11111111011111111101111111111110, sa_flags=SA_RESTART|SA_SIGINFO
SIGUSR1: SIG_DFL, sa_mask[0]=00000000000000000000000000000000, sa_flags=none
SIGUSR2: [libjvm.so+0x918d40], sa_mask[0]=00000000000000000000000000000000, sa_flags=SA_RESTART|SA_SIGINFO
SIGHUP: [libjvm.so+0x91a140], sa_mask[0]=11111111011111111101111111111110, sa_flags=SA_RESTART|SA_SIGINFO
SIGINT: [libjvm.so+0x91a140], sa_mask[0]=11111111011111111101111111111110, sa_flags=SA_RESTART|SA_SIGINFO
SIGTERM: [libjvm.so+0x91a140], sa_mask[0]=11111111011111111101111111111110, sa_flags=SA_RESTART|SA_SIGINFO
SIGQUIT: [libjvm.so+0x91a140], sa_mask[0]=11111111011111111101111111111110, sa_flags=SA_RESTART|SA_SIGINFO


---------------  S Y S T E M  ---------------

OS:DISTRIB_ID=Kali
DISTRIB_RELEASE=2.0
DISTRIB_CODENAME=sana
DISTRIB_DESCRIPTION="Kali GNU/Linux 2.0"

uname:Linux 4.0.0-kali1-amd64 #1 SMP Debian 4.0.4-1+kali2 (2015-06-03) x86_64
libc:glibc 2.19 NPTL 2.19 
rlimit: STACK 8192k, CORE 0k, NPROC 14918, NOFILE 65536, AS infinity
load average:0.27 0.30 0.37

/proc/meminfo:
MemTotal:        3840348 kB
MemFree:          759992 kB
MemAvailable:    2158316 kB
Buffers:          295496 kB
Cached:          1372992 kB
SwapCached:            0 kB
Active:          2201384 kB
Inactive:         657832 kB
Active(anon):    1174264 kB
Inactive(anon):   182520 kB
Active(file):    1027120 kB
Inactive(file):   475312 kB
Unevictable:           0 kB
Mlocked:               0 kB
SwapTotal:       7959548 kB
SwapFree:        7950980 kB
Dirty:                72 kB
Writeback:            88 kB
AnonPages:       1190760 kB
Mapped:           243340 kB
Shmem:            166060 kB
Slab:             158652 kB
SReclaimable:     129656 kB
SUnreclaim:        28996 kB
KernelStack:        6080 kB
PageTables:        25156 kB
NFS_Unstable:          0 kB
Bounce:                0 kB
WritebackTmp:          0 kB
CommitLimit:     9879720 kB
Committed_AS:    3829124 kB
VmallocTotal:   34359738367 kB
VmallocUsed:      546724 kB
VmallocChunk:   34359185600 kB
HardwareCorrupted:     0 kB
AnonHugePages:         0 kB
HugePages_Total:       0
HugePages_Free:        0
HugePages_Rsvd:        0
HugePages_Surp:        0
Hugepagesize:       2048 kB
DirectMap4k:      128780 kB
DirectMap2M:     3852288 kB


CPU:total 4 (2 cores per cpu, 2 threads per core) family 6 model 37 stepping 5, cmov, cx8, fxsr, mmx, sse, sse2, sse3, ssse3, sse4.1, sse4.2, popcnt, aes, clmul, ht, tsc, tscinvbit

/proc/cpuinfo:
processor	: 0
vendor_id	: GenuineIntel
cpu family	: 6
model		: 37
model name	: Intel(R) Core(TM) i7 CPU       L 640  @ 2.13GHz
stepping	: 5
microcode	: 0x4
cpu MHz		: 2134.000
cache size	: 4096 KB
physical id	: 0
siblings	: 4
core id		: 0
cpu cores	: 2
apicid		: 0
initial apicid	: 0
fpu		: yes
fpu_exception	: yes
cpuid level	: 11
wp		: yes
flags		: fpu vme de pse tsc msr pae mce cx8 apic sep mtrr pge mca cmov pat pse36 clflush dts acpi mmx fxsr sse sse2 ss ht tm pbe syscall nx rdtscp lm constant_tsc arch_perfmon pebs bts rep_good nopl xtopology nonstop_tsc aperfmperf pni pclmulqdq dtes64 monitor ds_cpl vmx smx est tm2 ssse3 cx16 xtpr pdcm pcid sse4_1 sse4_2 popcnt aes lahf_lm ida arat dtherm tpr_shadow vnmi flexpriority ept vpid
bugs		:
bogomips	: 4255.88
clflush size	: 64
cache_alignment	: 64
address sizes	: 36 bits physical, 48 bits virtual
power management:

processor	: 1
vendor_id	: GenuineIntel
cpu family	: 6
model		: 37
model name	: Intel(R) Core(TM) i7 CPU       L 640  @ 2.13GHz
stepping	: 5
microcode	: 0x4
cpu MHz		: 2134.000
cache size	: 4096 KB
physical id	: 0
siblings	: 4
core id		: 0
cpu cores	: 2
apicid		: 1
initial apicid	: 1
fpu		: yes
fpu_exception	: yes
cpuid level	: 11
wp		: yes
flags		: fpu vme de pse tsc msr pae mce cx8 apic sep mtrr pge mca cmov pat pse36 clflush dts acpi mmx fxsr sse sse2 ss ht tm pbe syscall nx rdtscp lm constant_tsc arch_perfmon pebs bts rep_good nopl xtopology nonstop_tsc aperfmperf pni pclmulqdq dtes64 monitor ds_cpl vmx smx est tm2 ssse3 cx16 xtpr pdcm pcid sse4_1 sse4_2 popcnt aes lahf_lm ida arat dtherm tpr_shadow vnmi flexpriority ept vpid
bugs		:
bogomips	: 4255.88
clflush size	: 64
cache_alignment	: 64
address sizes	: 36 bits physical, 48 bits virtual
power management:

processor	: 2
vendor_id	: GenuineIntel
cpu family	: 6
model		: 37
model name	: Intel(R) Core(TM) i7 CPU       L 640  @ 2.13GHz
stepping	: 5
microcode	: 0x4
cpu MHz		: 1599.000
cache size	: 4096 KB
physical id	: 0
siblings	: 4
core id		: 2
cpu cores	: 2
apicid		: 4
initial apicid	: 4
fpu		: yes
fpu_exception	: yes
cpuid level	: 11
wp		: yes
flags		: fpu vme de pse tsc msr pae mce cx8 apic sep mtrr pge mca cmov pat pse36 clflush dts acpi mmx fxsr sse sse2 ss ht tm pbe syscall nx rdtscp lm constant_tsc arch_perfmon pebs bts rep_good nopl xtopology nonstop_tsc aperfmperf pni pclmulqdq dtes64 monitor ds_cpl vmx smx est tm2 ssse3 cx16 xtpr pdcm pcid sse4_1 sse4_2 popcnt aes lahf_lm ida arat dtherm tpr_shadow vnmi flexpriority ept vpid
bugs		:
bogomips	: 4255.88
clflush size	: 64
cache_alignment	: 64
address sizes	: 36 bits physical, 48 bits virtual
power management:

processor	: 3
vendor_id	: GenuineIntel
cpu family	: 6
model		: 37
model name	: Intel(R) Core(TM) i7 CPU       L 640  @ 2.13GHz
stepping	: 5
microcode	: 0x4
cpu MHz		: 2134.000
cache size	: 4096 KB
physical id	: 0
siblings	: 4
core id		: 2
cpu cores	: 2
apicid		: 5
initial apicid	: 5
fpu		: yes
fpu_exception	: yes
cpuid level	: 11
wp		: yes
flags		: fpu vme de pse tsc msr pae mce cx8 apic sep mtrr pge mca cmov pat pse36 clflush dts acpi mmx fxsr sse sse2 ss ht tm pbe syscall nx rdtscp lm constant_tsc arch_perfmon pebs bts rep_good nopl xtopology nonstop_tsc aperfmperf pni pclmulqdq dtes64 monitor ds_cpl vmx smx est tm2 ssse3 cx16 xtpr pdcm pcid sse4_1 sse4_2 popcnt aes lahf_lm ida arat dtherm tpr_shadow vnmi flexpriority ept vpid
bugs		:
bogomips	: 4255.88
clflush size	: 64
cache_alignment	: 64
address sizes	: 36 bits physical, 48 bits virtual
power management:



Memory: 4k page, physical 3840348k(759992k free), swap 7959548k(7950980k free)

vm_info: Java HotSpot(TM) 64-Bit Server VM (25.66-b17) for linux-amd64 JRE (1.8.0_66-b17), built on Oct  6 2015 17:28:34 by "java_re" with gcc 4.3.0 20080428 (Red Hat 4.3.0-8)

time: Mon Jan  4 07:59:26 2016
elapsed time: 0 seconds (0d 0h 0m 0s)

