#
# A fatal error has been detected by the Java Runtime Environment:
#
#  SIGSEGV (0xb) at pc=0x00007f4a11697720, pid=13556, tid=139956108232448
#
# JRE version: Java(TM) SE Runtime Environment (8.0_66-b17) (build 1.8.0_66-b17)
# Java VM: Java HotSpot(TM) 64-Bit Server VM (25.66-b17 mixed mode linux-amd64 compressed oops)
# Problematic frame:
# C  [libc.so.6+0x90720]
#
# Failed to write core dump. Core dumps have been disabled. To enable core dumping, try "ulimit -c unlimited" before starting Java again
#
# If you would like to submit a bug report, please visit:
#   http://bugreport.java.com/bugreport/crash.jsp
# The crash happened outside the Java Virtual Machine in native code.
# See problematic frame for where to report the bug.
#

---------------  T H R E A D  ---------------

Current thread (0x00007f4a0c009800):  JavaThread "main" [_thread_in_native, id=13557, stack(0x00007f4a120d8000,0x00007f4a121d9000)]

siginfo: si_signo: 11 (SIGSEGV), si_code: 1 (SEGV_MAPERR), si_addr: 0x0000000000000000

Registers:
RAX=0xffff80b6072abf4c, RBX=0x0000000000000000, RCX=0x0000000000000060, RDX=0x0000000000000030
RSP=0x00007f4a121d72e8, RBP=0x0000000000000003, RSI=0x0000000000000000, RDI=0x00007f49f8d54084
R8 =0x00007f4a0c2f9800, R9 =0x000000000000000c, R10=0x0000000000023e60, R11=0x0000000000000003
R12=0x0000000000000030, R13=0x000000000000000c, R14=0x00007f4a0c2f97f8, R15=0x000000000000000c
RIP=0x00007f4a11697720, EFLAGS=0x0000000000010202, CSGSFS=0x0000000000000033, ERR=0x0000000000000004
  TRAPNO=0x000000000000000e

Top of Stack: (sp=0x00007f4a121d72e8)
0x00007f4a121d72e8:   00007f49f0c29186 0000000000000000
0x00007f4a121d72f8:   0000000400000100 0000000100000000
0x00007f4a121d7308:   00007f4a0c2d5998 0000000000000000
0x00007f4a121d7318:   00007f4a0c2f95e8 0000000000000000
0x00007f4a121d7328:   0000000000000000 00007f4a0c2f97f8
0x00007f4a121d7338:   00007f49f0c29a97 ffffffffffffffff
0x00007f4a121d7348:   0000000000000002 00007f4a121d7370
0x00007f4a121d7358:   0000000000000000 ffffffff00000000
0x00007f4a121d7368:   0000000200000003 00007f4a0c2f95e8
0x00007f4a121d7378:   00007f4a0c2f9618 ffffffffffffffff
0x00007f4a121d7388:   ffffffffffffffff ffffffffffffffff
0x00007f4a121d7398:   00007f4a0c2d5998 0000000000000000
0x00007f4a121d73a8:   00007f4a0c414400 0000000000000000
0x00007f4a121d73b8:   0000000000000000 00007f4a0c4141c0
0x00007f4a121d73c8:   00007f49f06ed35b 0000000000000000
0x00007f4a121d73d8:   ffffffffffffffff 1680021400000fe4
0x00007f4a121d73e8:   00007f49f0bfc282 00007f4a0c2d5998
0x00007f4a121d73f8:   0000000000000000 0000000000000000
0x00007f4a121d7408:   00007f49f0c5f8fd 00007f4a0c59ceb0
0x00007f4a121d7418:   00007f4a0c4141c0 0000000000000000
0x00007f4a121d7428:   0000000000000000 00007f4a0c7beaf0
0x00007f4a121d7438:   0000000000000000 00007f4a0c4141c0
0x00007f4a121d7448:   0000000000000001 00007f4a0c2d5998
0x00007f4a121d7458:   00000000000001e0 00007f4a0c4141c0
0x00007f4a121d7468:   00007f49f0c5e9e0 0000000000000000
0x00007f4a121d7478:   ccee08f0a2c03400 0000000000007e40
0x00007f4a121d7488:   00007f4a0c2d5998 00007f49f1050218
0x00007f4a121d7498:   0000000000000025 00007f4a121d7610
0x00007f4a121d74a8:   0000000000000000 00007f49f1050218
0x00007f4a121d74b8:   00007f49f0c29d06 0922208060003f01
0x00007f4a121d74c8:   00007f4a0c2d5998 00007f49f1050218
0x00007f4a121d74d8:   0000000000000025 00007f4a121d7610 

Instructions: (pc=0x00007f4a11697720)
0x00007f4a11697700:   48 89 f0 48 8d 0c 12 48 29 f8 48 29 d0 48 39 c8
0x00007f4a11697710:   0f 82 07 01 00 00 48 83 fa 10 0f 86 8b 01 00 00
0x00007f4a11697720:   f3 44 0f 6f 06 48 83 fa 20 f3 44 0f 7f 07 f3 44
0x00007f4a11697730:   0f 6f 44 16 f0 f3 44 0f 7f 44 17 f0 77 12 48 89 

Register to memory mapping:

RAX=0xffff80b6072abf4c is an unknown value
RBX=0x0000000000000000 is an unknown value
RCX=0x0000000000000060 is an unknown value
RDX=0x0000000000000030 is an unknown value
RSP=0x00007f4a121d72e8 is pointing into the stack for thread: 0x00007f4a0c009800
RBP=0x0000000000000003 is an unknown value
RSI=0x0000000000000000 is an unknown value
RDI=0x00007f49f8d54084 is an unknown value
R8 =0x00007f4a0c2f9800 is an unknown value
R9 =0x000000000000000c is an unknown value
R10=0x0000000000023e60 is an unknown value
R11=0x0000000000000003 is an unknown value
R12=0x0000000000000030 is an unknown value
R13=0x000000000000000c is an unknown value
R14=0x00007f4a0c2f97f8 is an unknown value
R15=0x000000000000000c is an unknown value


Stack: [0x00007f4a120d8000,0x00007f4a121d9000],  sp=0x00007f4a121d72e8,  free space=1020k
Native frames: (J=compiled Java code, j=interpreted, Vv=VM code, C=native code)
C  [libc.so.6+0x90720]

Java frames: (J=compiled Java code, j=interpreted, Vv=VM code)
j  org.lwjgl.system.JNI.callIIIV(JIII)V+0
j  org.lwjgl.opengl.GL11.glDrawArrays(III)V+11
j  ObjectRenderer.render()V+55
j  Client.render()V+52
j  Client.loop()V+22
j  Client.run()V+5
j  ClientLoader.main([Ljava/lang/String;)V+25
v  ~StubRoutines::call_stub

---------------  P R O C E S S  ---------------

Java Threads: ( => current thread )
  0x00007f4a0c19d000 JavaThread "Service Thread" daemon [_thread_blocked, id=13569, stack(0x00007f49f931e000,0x00007f49f941f000)]
  0x00007f4a0c188000 JavaThread "C1 CompilerThread2" daemon [_thread_in_native, id=13568, stack(0x00007f49f941f000,0x00007f49f9520000)]
  0x00007f4a0c186800 JavaThread "C2 CompilerThread1" daemon [_thread_blocked, id=13567, stack(0x00007f49f9520000,0x00007f49f9621000)]
  0x00007f4a0c183800 JavaThread "C2 CompilerThread0" daemon [_thread_blocked, id=13566, stack(0x00007f49f9621000,0x00007f49f9722000)]
  0x00007f4a0c182000 JavaThread "Signal Dispatcher" daemon [_thread_blocked, id=13565, stack(0x00007f49f9722000,0x00007f49f9823000)]
  0x00007f4a0c145800 JavaThread "Finalizer" daemon [_thread_blocked, id=13564, stack(0x00007f49f9992000,0x00007f49f9a93000)]
  0x00007f4a0c143800 JavaThread "Reference Handler" daemon [_thread_blocked, id=13563, stack(0x00007f49f9a93000,0x00007f49f9b94000)]
=>0x00007f4a0c009800 JavaThread "main" [_thread_in_native, id=13557, stack(0x00007f4a120d8000,0x00007f4a121d9000)]

Other Threads:
  0x00007f4a0c13e800 VMThread [stack: 0x00007f49f9b94000,0x00007f49f9c95000] [id=13562]
  0x00007f4a0c1a0000 WatcherThread [stack: 0x00007f49f921d000,0x00007f49f931e000] [id=13570]

VM state:not at safepoint (normal execution)

VM Mutex/Monitor currently owned by a thread: None

Heap:
 PSYoungGen      total 17920K, used 12230K [0x00000000ec780000, 0x00000000edb80000, 0x0000000100000000)
  eden space 15360K, 79% used [0x00000000ec780000,0x00000000ed371a78,0x00000000ed680000)
  from space 2560K, 0% used [0x00000000ed900000,0x00000000ed900000,0x00000000edb80000)
  to   space 2560K, 0% used [0x00000000ed680000,0x00000000ed680000,0x00000000ed900000)
 ParOldGen       total 40960K, used 0K [0x00000000c5600000, 0x00000000c7e00000, 0x00000000ec780000)
  object space 40960K, 0% used [0x00000000c5600000,0x00000000c5600000,0x00000000c7e00000)
 Metaspace       used 6981K, capacity 8280K, committed 8576K, reserved 1056768K
  class space    used 518K, capacity 584K, committed 640K, reserved 1048576K

Card table byte_map: [0x00007f49fbbdd000,0x00007f49fbdb3000] byte_map_base: 0x00007f49fb5b2000

Marking Bits: (ParMarkBitMap*) 0x00007f4a115dc020
 Begin Bits: [0x00007f49e1a51000, 0x00007f49e28f9000)
 End Bits:   [0x00007f49e28f9000, 0x00007f49e37a1000)

Polling page: 0x00007f4a12204000

CodeCache: size=245760Kb used=1908Kb max_used=1910Kb free=243851Kb
 bounds [0x00007f49fc173000, 0x00007f49fc3e3000, 0x00007f4a0b173000]
 total_blobs=927 nmethods=282 adapters=560
 compilation: enabled

Compilation events (10 events):
Event: 0.457 Thread 0x00007f4a0c183800 nmethod 282 0x00007f49fc34bd10 code [0x00007f49fc34be40, 0x00007f49fc34be98]
Event: 0.457 Thread 0x00007f4a0c183800  283       4       java.util.concurrent.ConcurrentHashMap::casTabAt (20 bytes)
Event: 0.457 Thread 0x00007f4a0c186800 nmethod 279 0x00007f49fc34b850 code [0x00007f49fc34b9a0, 0x00007f49fc34bbb8]
Event: 0.458 Thread 0x00007f4a0c183800 nmethod 283 0x00007f49fc34b650 code [0x00007f49fc34b780, 0x00007f49fc34b7f8]
Event: 0.458 Thread 0x00007f4a0c188000 nmethod 275 0x00007f49fc34aad0 code [0x00007f49fc34ac80, 0x00007f49fc34b1a8]
Event: 0.458 Thread 0x00007f4a0c188000  278       3       java.util.jar.Attributes$Name::hashCode (24 bytes)
Event: 0.459 Thread 0x00007f4a0c188000 nmethod 278 0x00007f49fc34d050 code [0x00007f49fc34d1c0, 0x00007f49fc34d388]
Event: 0.459 Thread 0x00007f4a0c188000  276       3       java.lang.StringCoding::safeTrim (24 bytes)
Event: 0.459 Thread 0x00007f4a0c188000 nmethod 276 0x00007f49fc34c850 code [0x00007f49fc34c9e0, 0x00007f49fc34ce88]
Event: 0.459 Thread 0x00007f4a0c188000  277   !   3       java.lang.StringCoding$StringEncoder::encode (179 bytes)

GC Heap History (0 events):
No events

Deoptimization events (0 events):
No events

Internal exceptions (2 events):
Event: 0.036 Thread 0x00007f4a0c009800 Exception <a 'java/lang/NoSuchMethodError': Method sun.misc.Unsafe.defineClass(Ljava/lang/String;[BII)Ljava/lang/Class; name or signature does not match> (0x00000000ec792b98) thrown at [/HUDSON/workspace/8-2-build-linux-amd64/jdk8u66/4988/hotspot/src/shar
Event: 0.036 Thread 0x00007f4a0c009800 Exception <a 'java/lang/NoSuchMethodError': Method sun.misc.Unsafe.prefetchRead(Ljava/lang/Object;J)V name or signature does not match> (0x00000000ec792e80) thrown at [/HUDSON/workspace/8-2-build-linux-amd64/jdk8u66/4988/hotspot/src/share/vm/prims/jni.cpp

Events (10 events):
Event: 0.457 loading class org/lwjgl/stb/STBTTAlignedQuad
Event: 0.457 loading class org/lwjgl/stb/STBTTAlignedQuad done
Event: 0.458 loading class org/lwjgl/glfw/GLFWKeyCallback$1
Event: 0.458 loading class org/lwjgl/glfw/GLFWKeyCallback$1 done
Event: 0.460 loading class Client$1
Event: 0.460 loading class Client$1 done
Event: 0.460 loading class ObjectRenderer
Event: 0.460 loading class ObjectRenderer done
Event: 0.461 loading class org/lwjgl/opengl/GLChecks
Event: 0.461 loading class org/lwjgl/opengl/GLChecks done


Dynamic libraries:
00400000-00401000 r-xp 00000000 08:01 7085876                            /usr/lib/jvm/java-8-oracle/jre/bin/java
00600000-00601000 rw-p 00000000 08:01 7085876                            /usr/lib/jvm/java-8-oracle/jre/bin/java
021b0000-021d1000 rw-p 00000000 00:00 0                                  [heap]
c5600000-c7e00000 rw-p 00000000 00:00 0 
c7e00000-ec780000 ---p 00000000 00:00 0 
ec780000-edb80000 rw-p 00000000 00:00 0 
edb80000-100000000 ---p 00000000 00:00 0 
100000000-1000a0000 rw-p 00000000 00:00 0 
1000a0000-140000000 ---p 00000000 00:00 0 
7f49b4000000-7f49b4021000 rw-p 00000000 00:00 0 
7f49b4021000-7f49b8000000 ---p 00000000 00:00 0 
7f49bc000000-7f49bc173000 rw-p 00000000 00:00 0 
7f49bc173000-7f49c0000000 ---p 00000000 00:00 0 
7f49c0000000-7f49c0021000 rw-p 00000000 00:00 0 
7f49c0021000-7f49c4000000 ---p 00000000 00:00 0 
7f49c4000000-7f49c407f000 rw-p 00000000 00:00 0 
7f49c407f000-7f49c8000000 ---p 00000000 00:00 0 
7f49c8000000-7f49c8067000 rw-p 00000000 00:00 0 
7f49c8067000-7f49cc000000 ---p 00000000 00:00 0 
7f49cc000000-7f49cc021000 rw-p 00000000 00:00 0 
7f49cc021000-7f49d0000000 ---p 00000000 00:00 0 
7f49d0000000-7f49d0021000 rw-p 00000000 00:00 0 
7f49d0021000-7f49d4000000 ---p 00000000 00:00 0 
7f49d4000000-7f49d4021000 rw-p 00000000 00:00 0 
7f49d4021000-7f49d8000000 ---p 00000000 00:00 0 
7f49d8000000-7f49d8021000 rw-p 00000000 00:00 0 
7f49d8021000-7f49dc000000 ---p 00000000 00:00 0 
7f49dc000000-7f49dc021000 rw-p 00000000 00:00 0 
7f49dc021000-7f49e0000000 ---p 00000000 00:00 0 
7f49e1a51000-7f49e37a1000 rw-p 00000000 00:00 0 
7f49e4000000-7f49e4021000 rw-p 00000000 00:00 0 
7f49e4021000-7f49e8000000 ---p 00000000 00:00 0 
7f49ea4fa000-7f49eb698000 rw-p 00000000 00:00 0 
7f49eb698000-7f49eb6cf000 r-xp 00000000 08:01 7476861                    /usr/lib/x86_64-linux-gnu/libtxc_dxtn_s2tc.so.0.0.0
7f49eb6cf000-7f49eb8ce000 ---p 00037000 08:01 7476861                    /usr/lib/x86_64-linux-gnu/libtxc_dxtn_s2tc.so.0.0.0
7f49eb8ce000-7f49eb8cf000 r--p 00036000 08:01 7476861                    /usr/lib/x86_64-linux-gnu/libtxc_dxtn_s2tc.so.0.0.0
7f49eb8cf000-7f49eb8d0000 rw-p 00037000 08:01 7476861                    /usr/lib/x86_64-linux-gnu/libtxc_dxtn_s2tc.so.0.0.0
7f49eb8d0000-7f49eb8ea000 r-xp 00000000 08:01 2361412                    /lib/x86_64-linux-gnu/libz.so.1.2.8
7f49eb8ea000-7f49ebae9000 ---p 0001a000 08:01 2361412                    /lib/x86_64-linux-gnu/libz.so.1.2.8
7f49ebae9000-7f49ebaea000 r--p 00019000 08:01 2361412                    /lib/x86_64-linux-gnu/libz.so.1.2.8
7f49ebaea000-7f49ebaeb000 rw-p 0001a000 08:01 2361412                    /lib/x86_64-linux-gnu/libz.so.1.2.8
7f49ebaeb000-7f49ebaf3000 r-xp 00000000 08:01 7476483                    /usr/lib/x86_64-linux-gnu/libpciaccess.so.0.11.1
7f49ebaf3000-7f49ebcf3000 ---p 00008000 08:01 7476483                    /usr/lib/x86_64-linux-gnu/libpciaccess.so.0.11.1
7f49ebcf3000-7f49ebcf4000 r--p 00008000 08:01 7476483                    /usr/lib/x86_64-linux-gnu/libpciaccess.so.0.11.1
7f49ebcf4000-7f49ebcf5000 rw-p 00009000 08:01 7476483                    /usr/lib/x86_64-linux-gnu/libpciaccess.so.0.11.1
7f49ebcf5000-7f49ebde1000 r-xp 00000000 08:01 7476755                    /usr/lib/x86_64-linux-gnu/libstdc++.so.6.0.20
7f49ebde1000-7f49ebfe1000 ---p 000ec000 08:01 7476755                    /usr/lib/x86_64-linux-gnu/libstdc++.so.6.0.20
7f49ebfe1000-7f49ebfe9000 r--p 000ec000 08:01 7476755                    /usr/lib/x86_64-linux-gnu/libstdc++.so.6.0.20
7f49ebfe9000-7f49ebfeb000 rw-p 000f4000 08:01 7476755                    /usr/lib/x86_64-linux-gnu/libstdc++.so.6.0.20
7f49ebfeb000-7f49ec000000 rw-p 00000000 00:00 0 
7f49ec000000-7f49ec021000 rw-p 00000000 00:00 0 
7f49ec021000-7f49f0000000 ---p 00000000 00:00 0 
7f49f00bd000-7f49f00d3000 r-xp 00000000 08:01 2361273                    /lib/x86_64-linux-gnu/libgcc_s.so.1
7f49f00d3000-7f49f02d2000 ---p 00016000 08:01 2361273                    /lib/x86_64-linux-gnu/libgcc_s.so.1
7f49f02d2000-7f49f02d3000 rw-p 00015000 08:01 2361273                    /lib/x86_64-linux-gnu/libgcc_s.so.1
7f49f02d3000-7f49f02df000 r-xp 00000000 08:01 7475559                    /usr/lib/x86_64-linux-gnu/libdrm_radeon.so.1.0.1
7f49f02df000-7f49f04de000 ---p 0000c000 08:01 7475559                    /usr/lib/x86_64-linux-gnu/libdrm_radeon.so.1.0.1
7f49f04de000-7f49f04df000 r--p 0000b000 08:01 7475559                    /usr/lib/x86_64-linux-gnu/libdrm_radeon.so.1.0.1
7f49f04df000-7f49f04e0000 rw-p 0000c000 08:01 7475559                    /usr/lib/x86_64-linux-gnu/libdrm_radeon.so.1.0.1
7f49f04e0000-7f49f04e6000 r-xp 00000000 08:01 7475555                    /usr/lib/x86_64-linux-gnu/libdrm_nouveau.so.2.0.0
7f49f04e6000-7f49f06e5000 ---p 00006000 08:01 7475555                    /usr/lib/x86_64-linux-gnu/libdrm_nouveau.so.2.0.0
7f49f06e5000-7f49f06e6000 r--p 00005000 08:01 7475555                    /usr/lib/x86_64-linux-gnu/libdrm_nouveau.so.2.0.0
7f49f06e6000-7f49f06e7000 rw-p 00006000 08:01 7475555                    /usr/lib/x86_64-linux-gnu/libdrm_nouveau.so.2.0.0
7f49f06e7000-7f49f0708000 r-xp 00000000 08:01 7475551                    /usr/lib/x86_64-linux-gnu/libdrm_intel.so.1.0.0
7f49f0708000-7f49f0907000 ---p 00021000 08:01 7475551                    /usr/lib/x86_64-linux-gnu/libdrm_intel.so.1.0.0
7f49f0907000-7f49f0908000 r--p 00020000 08:01 7475551                    /usr/lib/x86_64-linux-gnu/libdrm_intel.so.1.0.0
7f49f0908000-7f49f0909000 rw-p 00021000 08:01 7475551                    /usr/lib/x86_64-linux-gnu/libdrm_intel.so.1.0.0
7f49f0909000-7f49f0e27000 r-xp 00000000 08:01 7473403                    /usr/lib/x86_64-linux-gnu/dri/i965_dri.so
7f49f0e27000-7f49f1027000 ---p 0051e000 08:01 7473403                    /usr/lib/x86_64-linux-gnu/dri/i965_dri.so
7f49f1027000-7f49f1043000 r--p 0051e000 08:01 7473403                    /usr/lib/x86_64-linux-gnu/dri/i965_dri.so
7f49f1043000-7f49f1049000 rw-p 0053a000 08:01 7473403                    /usr/lib/x86_64-linux-gnu/dri/i965_dri.so
7f49f1049000-7f49f1054000 rw-p 00000000 00:00 0 
7f49f1054000-7f49f1062000 r-xp 00000000 08:01 2361397                    /lib/x86_64-linux-gnu/libudev.so.1.5.0
7f49f1062000-7f49f1261000 ---p 0000e000 08:01 2361397                    /lib/x86_64-linux-gnu/libudev.so.1.5.0
7f49f1261000-7f49f1262000 r--p 0000d000 08:01 2361397                    /lib/x86_64-linux-gnu/libudev.so.1.5.0
7f49f1262000-7f49f1263000 rw-p 0000e000 08:01 2361397                    /lib/x86_64-linux-gnu/libudev.so.1.5.0
7f49f1263000-7f49f126f000 r-xp 00000000 08:01 7475547                    /usr/lib/x86_64-linux-gnu/libdrm.so.2.4.0
7f49f126f000-7f49f146e000 ---p 0000c000 08:01 7475547                    /usr/lib/x86_64-linux-gnu/libdrm.so.2.4.0
7f49f146e000-7f49f146f000 r--p 0000b000 08:01 7475547                    /usr/lib/x86_64-linux-gnu/libdrm.so.2.4.0
7f49f146f000-7f49f1470000 rw-p 0000c000 08:01 7475547                    /usr/lib/x86_64-linux-gnu/libdrm.so.2.4.0
7f49f1470000-7f49f1471000 r-xp 00000000 08:01 7477146                    /usr/lib/x86_64-linux-gnu/libxshmfence.so.1.0.0
7f49f1471000-7f49f1670000 ---p 00001000 08:01 7477146                    /usr/lib/x86_64-linux-gnu/libxshmfence.so.1.0.0
7f49f1670000-7f49f1671000 r--p 00000000 08:01 7477146                    /usr/lib/x86_64-linux-gnu/libxshmfence.so.1.0.0
7f49f1671000-7f49f1672000 rw-p 00001000 08:01 7477146                    /usr/lib/x86_64-linux-gnu/libxshmfence.so.1.0.0
7f49f1672000-7f49f1677000 r-xp 00000000 08:01 7477116                    /usr/lib/x86_64-linux-gnu/libxcb-sync.so.1.0.0
7f49f1677000-7f49f1877000 ---p 00005000 08:01 7477116                    /usr/lib/x86_64-linux-gnu/libxcb-sync.so.1.0.0
7f49f1877000-7f49f1878000 r--p 00005000 08:01 7477116                    /usr/lib/x86_64-linux-gnu/libxcb-sync.so.1.0.0
7f49f1878000-7f49f1879000 rw-p 00006000 08:01 7477116                    /usr/lib/x86_64-linux-gnu/libxcb-sync.so.1.0.0
7f49f1879000-7f49f187b000 r-xp 00000000 08:01 7477094                    /usr/lib/x86_64-linux-gnu/libxcb-present.so.0.0.0
7f49f187b000-7f49f1a7a000 ---p 00002000 08:01 7477094                    /usr/lib/x86_64-linux-gnu/libxcb-present.so.0.0.0
7f49f1a7a000-7f49f1a7b000 r--p 00001000 08:01 7477094                    /usr/lib/x86_64-linux-gnu/libxcb-present.so.0.0.0
7f49f1a7b000-7f49f1a7c000 rw-p 00002000 08:01 7477094                    /usr/lib/x86_64-linux-gnu/libxcb-present.so.0.0.0
7f49f1a7c000-7f49f1a7e000 r-xp 00000000 08:01 7477080                    /usr/lib/x86_64-linux-gnu/libxcb-dri3.so.0.0.0
7f49f1a7e000-7f49f1c7d000 ---p 00002000 08:01 7477080                    /usr/lib/x86_64-linux-gnu/libxcb-dri3.so.0.0.0
7f49f1c7d000-7f49f1c7e000 r--p 00001000 08:01 7477080                    /usr/lib/x86_64-linux-gnu/libxcb-dri3.so.0.0.0
7f49f1c7e000-7f49f1c7f000 rw-p 00002000 08:01 7477080                    /usr/lib/x86_64-linux-gnu/libxcb-dri3.so.0.0.0
7f49f1c7f000-7f49f1c83000 r-xp 00000000 08:01 7477076                    /usr/lib/x86_64-linux-gnu/libxcb-dri2.so.0.0.0
7f49f1c83000-7f49f1e82000 ---p 00004000 08:01 7477076                    /usr/lib/x86_64-linux-gnu/libxcb-dri2.so.0.0.0
7f49f1e82000-7f49f1e83000 r--p 00003000 08:01 7477076                    /usr/lib/x86_64-linux-gnu/libxcb-dri2.so.0.0.0
7f49f1e83000-7f49f1e84000 rw-p 00004000 08:01 7477076                    /usr/lib/x86_64-linux-gnu/libxcb-dri2.so.0.0.0
7f49f1e84000-7f49f1e9b000 r-xp 00000000 08:01 7477084                    /usr/lib/x86_64-linux-gnu/libxcb-glx.so.0.0.0
7f49f1e9b000-7f49f209a000 ---p 00017000 08:01 7477084                    /usr/lib/x86_64-linux-gnu/libxcb-glx.so.0.0.0
7f49f209a000-7f49f209c000 r--p 00016000 08:01 7477084                    /usr/lib/x86_64-linux-gnu/libxcb-glx.so.0.0.0
7f49f209c000-7f49f209d000 rw-p 00018000 08:01 7477084                    /usr/lib/x86_64-linux-gnu/libxcb-glx.so.0.0.0
7f49f209d000-7f49f209e000 r-xp 00000000 08:01 7475209                    /usr/lib/x86_64-linux-gnu/libX11-xcb.so.1.0.0
7f49f209e000-7f49f229d000 ---p 00001000 08:01 7475209                    /usr/lib/x86_64-linux-gnu/libX11-xcb.so.1.0.0
7f49f229d000-7f49f229e000 r--p 00000000 08:01 7475209                    /usr/lib/x86_64-linux-gnu/libX11-xcb.so.1.0.0
7f49f229e000-7f49f229f000 rw-p 00001000 08:01 7475209                    /usr/lib/x86_64-linux-gnu/libX11-xcb.so.1.0.0
7f49f229f000-7f49f22a1000 r-xp 00000000 08:01 7475234                    /usr/lib/x86_64-linux-gnu/libXdamage.so.1.1.0
7f49f22a1000-7f49f24a0000 ---p 00002000 08:01 7475234                    /usr/lib/x86_64-linux-gnu/libXdamage.so.1.1.0
7f49f24a0000-7f49f24a1000 r--p 00001000 08:01 7475234                    /usr/lib/x86_64-linux-gnu/libXdamage.so.1.1.0
7f49f24a1000-7f49f24a2000 rw-p 00002000 08:01 7475234                    /usr/lib/x86_64-linux-gnu/libXdamage.so.1.1.0
7f49f24a2000-7f49f24c7000 r-xp 00000000 08:01 7475798                    /usr/lib/x86_64-linux-gnu/libglapi.so.0.0.0
7f49f24c7000-7f49f26c7000 ---p 00025000 08:01 7475798                    /usr/lib/x86_64-linux-gnu/libglapi.so.0.0.0
7f49f26c7000-7f49f26ca000 r--p 00025000 08:01 7475798                    /usr/lib/x86_64-linux-gnu/libglapi.so.0.0.0
7f49f26ca000-7f49f26cb000 rw-p 00028000 08:01 7475798                    /usr/lib/x86_64-linux-gnu/libglapi.so.0.0.0
7f49f26cb000-7f49f26cc000 rw-p 00000000 00:00 0 
7f49f26cc000-7f49f26f2000 r-xp 00000000 08:01 2361268                    /lib/x86_64-linux-gnu/libexpat.so.1.6.0
7f49f26f2000-7f49f28f1000 ---p 00026000 08:01 2361268                    /lib/x86_64-linux-gnu/libexpat.so.1.6.0
7f49f28f1000-7f49f28f4000 r--p 00025000 08:01 2361268                    /lib/x86_64-linux-gnu/libexpat.so.1.6.0
7f49f28f4000-7f49f28f5000 rw-p 00028000 08:01 2361268                    /lib/x86_64-linux-gnu/libexpat.so.1.6.0
7f49f28f5000-7f49f298b000 r-xp 00000000 08:01 7475030                    /usr/lib/x86_64-linux-gnu/libGL.so.1.2.0
7f49f298b000-7f49f2b8a000 ---p 00096000 08:01 7475030                    /usr/lib/x86_64-linux-gnu/libGL.so.1.2.0
7f49f2b8a000-7f49f2b8d000 r--p 00095000 08:01 7475030                    /usr/lib/x86_64-linux-gnu/libGL.so.1.2.0
7f49f2b8d000-7f49f2b8e000 rw-p 00098000 08:01 7475030                    /usr/lib/x86_64-linux-gnu/libGL.so.1.2.0
7f49f2b8e000-7f49f2b8f000 rw-p 00000000 00:00 0 
7f49f2b8f000-7f49f2b94000 r-xp 00000000 08:01 7475238                    /usr/lib/x86_64-linux-gnu/libXdmcp.so.6.0.0
7f49f2b94000-7f49f2d93000 ---p 00005000 08:01 7475238                    /usr/lib/x86_64-linux-gnu/libXdmcp.so.6.0.0
7f49f2d93000-7f49f2d94000 rw-p 00004000 08:01 7475238                    /usr/lib/x86_64-linux-gnu/libXdmcp.so.6.0.0
7f49f2d94000-7f49f2d97000 r-xp 00000000 08:01 7475219                    /usr/lib/x86_64-linux-gnu/libXau.so.6.0.0
7f49f2d97000-7f49f2f96000 ---p 00003000 08:01 7475219                    /usr/lib/x86_64-linux-gnu/libXau.so.6.0.0
7f49f2f96000-7f49f2f97000 r--p 00002000 08:01 7475219                    /usr/lib/x86_64-linux-gnu/libXau.so.6.0.0
7f49f2f97000-7f49f2f98000 rw-p 00003000 08:01 7475219                    /usr/lib/x86_64-linux-gnu/libXau.so.6.0.0
7f49f2f98000-7f49f2f9d000 r-xp 00000000 08:01 7475246                    /usr/lib/x86_64-linux-gnu/libXfixes.so.3.1.0
7f49f2f9d000-7f49f319c000 ---p 00005000 08:01 7475246                    /usr/lib/x86_64-linux-gnu/libXfixes.so.3.1.0
7f49f319c000-7f49f319d000 r--p 00004000 08:01 7475246                    /usr/lib/x86_64-linux-gnu/libXfixes.so.3.1.0
7f49f319d000-7f49f319e000 rw-p 00005000 08:01 7475246                    /usr/lib/x86_64-linux-gnu/libXfixes.so.3.1.0
7f49f319e000-7f49f31a7000 r-xp 00000000 08:01 7475277                    /usr/lib/x86_64-linux-gnu/libXrender.so.1.3.0
7f49f31a7000-7f49f33a6000 ---p 00009000 08:01 7475277                    /usr/lib/x86_64-linux-gnu/libXrender.so.1.3.0
7f49f33a6000-7f49f33a7000 r--p 00008000 08:01 7475277                    /usr/lib/x86_64-linux-gnu/libXrender.so.1.3.0
7f49f33a7000-7f49f33a8000 rw-p 00009000 08:01 7475277                    /usr/lib/x86_64-linux-gnu/libXrender.so.1.3.0
7f49f33a8000-7f49f33b9000 r-xp 00000000 08:01 7475242                    /usr/lib/x86_64-linux-gnu/libXext.so.6.4.0
7f49f33b9000-7f49f35b8000 ---p 00011000 08:01 7475242                    /usr/lib/x86_64-linux-gnu/libXext.so.6.4.0
7f49f35b8000-7f49f35b9000 r--p 00010000 08:01 7475242                    /usr/lib/x86_64-linux-gnu/libXext.so.6.4.0
7f49f35b9000-7f49f35ba000 rw-p 00011000 08:01 7475242                    /usr/lib/x86_64-linux-gnu/libXext.so.6.4.0
7f49f35ba000-7f49f35db000 r-xp 00000000 08:01 7477132                    /usr/lib/x86_64-linux-gnu/libxcb.so.1.1.0
7f49f35db000-7f49f37da000 ---p 00021000 08:01 7477132                    /usr/lib/x86_64-linux-gnu/libxcb.so.1.1.0
7f49f37da000-7f49f37db000 r--p 00020000 08:01 7477132                    /usr/lib/x86_64-linux-gnu/libxcb.so.1.1.0
7f49f37db000-7f49f37dc000 rw-p 00021000 08:01 7477132                    /usr/lib/x86_64-linux-gnu/libxcb.so.1.1.0
7f49f37dc000-7f49f37e6000 r-xp 00000000 08:01 7475230                    /usr/lib/x86_64-linux-gnu/libXcursor.so.1.0.2
7f49f37e6000-7f49f39e5000 ---p 0000a000 08:01 7475230                    /usr/lib/x86_64-linux-gnu/libXcursor.so.1.0.2
7f49f39e5000-7f49f39e6000 r--p 00009000 08:01 7475230                    /usr/lib/x86_64-linux-gnu/libXcursor.so.1.0.2
7f49f39e6000-7f49f39e7000 rw-p 0000a000 08:01 7475230                    /usr/lib/x86_64-linux-gnu/libXcursor.so.1.0.2
7f49f39e7000-7f49f39ec000 r-xp 00000000 08:01 7475297                    /usr/lib/x86_64-linux-gnu/libXxf86vm.so.1.0.0
7f49f39ec000-7f49f3beb000 ---p 00005000 08:01 7475297                    /usr/lib/x86_64-linux-gnu/libXxf86vm.so.1.0.0
7f49f3beb000-7f49f3bec000 r--p 00004000 08:01 7475297                    /usr/lib/x86_64-linux-gnu/libXxf86vm.so.1.0.0
7f49f3bec000-7f49f3bed000 rw-p 00005000 08:01 7475297                    /usr/lib/x86_64-linux-gnu/libXxf86vm.so.1.0.0
7f49f3bed000-7f49f3bfc000 r-xp 00000000 08:01 7475256                    /usr/lib/x86_64-linux-gnu/libXi.so.6.1.0
7f49f3bfc000-7f49f3dfb000 ---p 0000f000 08:01 7475256                    /usr/lib/x86_64-linux-gnu/libXi.so.6.1.0
7f49f3dfb000-7f49f3dfc000 r--p 0000e000 08:01 7475256                    /usr/lib/x86_64-linux-gnu/libXi.so.6.1.0
7f49f3dfc000-7f49f3dfd000 rw-p 0000f000 08:01 7475256                    /usr/lib/x86_64-linux-gnu/libXi.so.6.1.0
7f49f3dfd000-7f49f3dff000 r-xp 00000000 08:01 7475260                    /usr/lib/x86_64-linux-gnu/libXinerama.so.1.0.0
7f49f3dff000-7f49f3ffe000 ---p 00002000 08:01 7475260                    /usr/lib/x86_64-linux-gnu/libXinerama.so.1.0.0
7f49f3ffe000-7f49f3fff000 r--p 00001000 08:01 7475260                    /usr/lib/x86_64-linux-gnu/libXinerama.so.1.0.0
7f49f3fff000-7f49f4000000 rw-p 00002000 08:01 7475260                    /usr/lib/x86_64-linux-gnu/libXinerama.so.1.0.0
7f49f4000000-7f49f4021000 rw-p 00000000 00:00 0 
7f49f4021000-7f49f8000000 ---p 00000000 00:00 0 
7f49f809a000-7f49f80a3000 r-xp 00000000 08:01 7475273                    /usr/lib/x86_64-linux-gnu/libXrandr.so.2.2.0
7f49f80a3000-7f49f82a2000 ---p 00009000 08:01 7475273                    /usr/lib/x86_64-linux-gnu/libXrandr.so.2.2.0
7f49f82a2000-7f49f82a3000 r--p 00008000 08:01 7475273                    /usr/lib/x86_64-linux-gnu/libXrandr.so.2.2.0
7f49f82a3000-7f49f82a4000 rw-p 00009000 08:01 7475273                    /usr/lib/x86_64-linux-gnu/libXrandr.so.2.2.0
7f49f82a4000-7f49f83e0000 r-xp 00000000 08:01 7475213                    /usr/lib/x86_64-linux-gnu/libX11.so.6.3.0
7f49f83e0000-7f49f85df000 ---p 0013c000 08:01 7475213                    /usr/lib/x86_64-linux-gnu/libX11.so.6.3.0
7f49f85df000-7f49f85e1000 r--p 0013b000 08:01 7475213                    /usr/lib/x86_64-linux-gnu/libX11.so.6.3.0
7f49f85e1000-7f49f85e6000 rw-p 0013d000 08:01 7475213                    /usr/lib/x86_64-linux-gnu/libX11.so.6.3.0
7f49f85e6000-7f49f85e7000 rw-p 00000000 00:00 0 
7f49f85e7000-7f49f85eb000 r-xp 00000000 08:01 3801170                    /root/Desktop/Programming/Java/Elements Game/lib/lwjgl/native/libglfw.so
7f49f85eb000-7f49f85ff000 r-xp 00000000 00:00 0 
7f49f85ff000-7f49f87fe000 ---p 00018000 08:01 3801170                    /root/Desktop/Programming/Java/Elements Game/lib/lwjgl/native/libglfw.so
7f49f87fe000-7f49f87ff000 rw-p 0000d000 08:01 3801170                    /root/Desktop/Programming/Java/Elements Game/lib/lwjgl/native/libglfw.so
7f49f87ff000-7f49f8c00000 rw-p 00000000 00:00 0 
7f49f8d51000-7f49f8d52000 rw-p 00000000 00:00 0 
7f49f8d52000-7f49f8d54000 rw-s 00000000 00:05 180311                     /drm mm object (deleted)
7f49f8d54000-7f49f8d64000 rw-s 10b40a000 00:06 13722                     /dev/dri/card0
7f49f8d64000-7f49f8d65000 rwxp 00000000 00:00 0 
7f49f8d65000-7f49f8d75000 rw-s 10b354000 00:06 13722                     /dev/dri/card0
7f49f8d75000-7f49f8d77000 rw-s 00000000 00:05 180308                     /drm mm object (deleted)
7f49f8d77000-7f49f8d78000 rw-s 00000000 00:05 180303                     /drm mm object (deleted)
7f49f8d78000-7f49f8d7b000 r-xp 00000000 08:01 3801176                    /root/Desktop/Programming/Java/Elements Game/lib/lwjgl/native/libjemalloc.so
7f49f8d7b000-7f49f8db7000 r-xp 00000000 00:00 0 
7f49f8db7000-7f49f8fb6000 ---p 0003f000 08:01 3801176                    /root/Desktop/Programming/Java/Elements Game/lib/lwjgl/native/libjemalloc.so
7f49f8fb6000-7f49f8fb8000 r--p 0001c000 08:01 3801176                    /root/Desktop/Programming/Java/Elements Game/lib/lwjgl/native/libjemalloc.so
7f49f8fb8000-7f49f8fb9000 rw-p 0001e000 08:01 3801176                    /root/Desktop/Programming/Java/Elements Game/lib/lwjgl/native/libjemalloc.so
7f49f8fb9000-7f49f8fba000 rw-p 00000000 00:00 0 
7f49f8fba000-7f49f8fc7000 r-xp 00000000 08:01 3801182                    /root/Desktop/Programming/Java/Elements Game/lib/lwjgl/native/liblwjgl.so
7f49f8fc7000-7f49f901b000 r-xp 00000000 00:00 0 
7f49f901b000-7f49f921a000 ---p 00061000 08:01 3801182                    /root/Desktop/Programming/Java/Elements Game/lib/lwjgl/native/liblwjgl.so
7f49f921a000-7f49f921c000 rw-p 00033000 08:01 3801182                    /root/Desktop/Programming/Java/Elements Game/lib/lwjgl/native/liblwjgl.so
7f49f921c000-7f49f921d000 rw-p 00000000 00:00 0 
7f49f921d000-7f49f921e000 ---p 00000000 00:00 0 
7f49f921e000-7f49f931e000 rw-p 00000000 00:00 0                          [stack:13570]
7f49f931e000-7f49f9321000 ---p 00000000 00:00 0 
7f49f9321000-7f49f941f000 rw-p 00000000 00:00 0                          [stack:13569]
7f49f941f000-7f49f9422000 ---p 00000000 00:00 0 
7f49f9422000-7f49f9520000 rw-p 00000000 00:00 0                          [stack:13568]
7f49f9520000-7f49f9523000 ---p 00000000 00:00 0 
7f49f9523000-7f49f9621000 rw-p 00000000 00:00 0                          [stack:13567]
7f49f9621000-7f49f9624000 ---p 00000000 00:00 0 
7f49f9624000-7f49f9722000 rw-p 00000000 00:00 0                          [stack:13566]
7f49f9722000-7f49f9725000 ---p 00000000 00:00 0 
7f49f9725000-7f49f9823000 rw-p 00000000 00:00 0                          [stack:13565]
7f49f9823000-7f49f9862000 r--p 00000000 08:01 6817862                    /usr/lib/locale/fr_LU.utf8/LC_CTYPE
7f49f9862000-7f49f9992000 r--p 00000000 08:01 6817861                    /usr/lib/locale/fr_LU.utf8/LC_COLLATE
7f49f9992000-7f49f9995000 ---p 00000000 00:00 0 
7f49f9995000-7f49f9a93000 rw-p 00000000 00:00 0                          [stack:13564]
7f49f9a93000-7f49f9a96000 ---p 00000000 00:00 0 
7f49f9a96000-7f49f9b94000 rw-p 00000000 00:00 0                          [stack:13563]
7f49f9b94000-7f49f9b95000 ---p 00000000 00:00 0 
7f49f9b95000-7f49fabf3000 rw-p 00000000 00:00 0                          [stack:13562]
7f49fabf3000-7f49fadcc000 r--s 03d20000 08:01 7085982                    /usr/lib/jvm/java-8-oracle/jre/lib/rt.jar
7f49fadcc000-7f49fb58c000 rw-p 00000000 00:00 0 
7f49fb58c000-7f49fb5cc000 ---p 00000000 00:00 0 
7f49fb5cc000-7f49fb7a1000 rw-p 00000000 00:00 0 
7f49fb7a1000-7f49fb7a2000 ---p 00000000 00:00 0 
7f49fb7a2000-7f49fb8a2000 rw-p 00000000 00:00 0                          [stack:13561]
7f49fb8a2000-7f49fb8a3000 ---p 00000000 00:00 0 
7f49fb8a3000-7f49fb9a3000 rw-p 00000000 00:00 0                          [stack:13560]
7f49fb9a3000-7f49fb9a4000 ---p 00000000 00:00 0 
7f49fb9a4000-7f49fbab8000 rw-p 00000000 00:00 0                          [stack:13559]
7f49fbab8000-7f49fbbdd000 ---p 00000000 00:00 0 
7f49fbbdd000-7f49fbbf1000 rw-p 00000000 00:00 0 
7f49fbbf1000-7f49fbd15000 ---p 00000000 00:00 0 
7f49fbd15000-7f49fbd20000 rw-p 00000000 00:00 0 
7f49fbd20000-7f49fbdb2000 ---p 00000000 00:00 0 
7f49fbdb2000-7f49fbdbd000 rw-p 00000000 00:00 0 
7f49fbdbd000-7f49fc173000 ---p 00000000 00:00 0 
7f49fc173000-7f49fc3e3000 rwxp 00000000 00:00 0 
7f49fc3e3000-7f4a0b173000 ---p 00000000 00:00 0 
7f4a0b173000-7f4a0b18d000 r-xp 00000000 08:01 7216047                    /usr/lib/jvm/java-8-oracle/jre/lib/amd64/libzip.so
7f4a0b18d000-7f4a0b38d000 ---p 0001a000 08:01 7216047                    /usr/lib/jvm/java-8-oracle/jre/lib/amd64/libzip.so
7f4a0b38d000-7f4a0b38e000 rw-p 0001a000 08:01 7216047                    /usr/lib/jvm/java-8-oracle/jre/lib/amd64/libzip.so
7f4a0b38e000-7f4a0b399000 r-xp 00000000 08:01 2361332                    /lib/x86_64-linux-gnu/libnss_files-2.19.so
7f4a0b399000-7f4a0b598000 ---p 0000b000 08:01 2361332                    /lib/x86_64-linux-gnu/libnss_files-2.19.so
7f4a0b598000-7f4a0b599000 r--p 0000a000 08:01 2361332                    /lib/x86_64-linux-gnu/libnss_files-2.19.so
7f4a0b599000-7f4a0b59a000 rw-p 0000b000 08:01 2361332                    /lib/x86_64-linux-gnu/libnss_files-2.19.so
7f4a0b59a000-7f4a0b5a4000 r-xp 00000000 08:01 2361343                    /lib/x86_64-linux-gnu/libnss_nis-2.19.so
7f4a0b5a4000-7f4a0b7a3000 ---p 0000a000 08:01 2361343                    /lib/x86_64-linux-gnu/libnss_nis-2.19.so
7f4a0b7a3000-7f4a0b7a4000 r--p 00009000 08:01 2361343                    /lib/x86_64-linux-gnu/libnss_nis-2.19.so
7f4a0b7a4000-7f4a0b7a5000 rw-p 0000a000 08:01 2361343                    /lib/x86_64-linux-gnu/libnss_nis-2.19.so
7f4a0b7a5000-7f4a0b7ba000 r-xp 00000000 08:01 2361326                    /lib/x86_64-linux-gnu/libnsl-2.19.so
7f4a0b7ba000-7f4a0b9b9000 ---p 00015000 08:01 2361326                    /lib/x86_64-linux-gnu/libnsl-2.19.so
7f4a0b9b9000-7f4a0b9ba000 r--p 00014000 08:01 2361326                    /lib/x86_64-linux-gnu/libnsl-2.19.so
7f4a0b9ba000-7f4a0b9bb000 rw-p 00015000 08:01 2361326                    /lib/x86_64-linux-gnu/libnsl-2.19.so
7f4a0b9bb000-7f4a0b9bd000 rw-p 00000000 00:00 0 
7f4a0b9bd000-7f4a0b9c4000 r-xp 00000000 08:01 2361328                    /lib/x86_64-linux-gnu/libnss_compat-2.19.so
7f4a0b9c4000-7f4a0bbc3000 ---p 00007000 08:01 2361328                    /lib/x86_64-linux-gnu/libnss_compat-2.19.so
7f4a0bbc3000-7f4a0bbc4000 r--p 00006000 08:01 2361328                    /lib/x86_64-linux-gnu/libnss_compat-2.19.so
7f4a0bbc4000-7f4a0bbc5000 rw-p 00007000 08:01 2361328                    /lib/x86_64-linux-gnu/libnss_compat-2.19.so
7f4a0bbc5000-7f4a0bbef000 r-xp 00000000 08:01 7216042                    /usr/lib/jvm/java-8-oracle/jre/lib/amd64/libjava.so
7f4a0bbef000-7f4a0bdef000 ---p 0002a000 08:01 7216042                    /usr/lib/jvm/java-8-oracle/jre/lib/amd64/libjava.so
7f4a0bdef000-7f4a0bdf1000 rw-p 0002a000 08:01 7216042                    /usr/lib/jvm/java-8-oracle/jre/lib/amd64/libjava.so
7f4a0bdf1000-7f4a0bdfe000 r-xp 00000000 08:01 7216046                    /usr/lib/jvm/java-8-oracle/jre/lib/amd64/libverify.so
7f4a0bdfe000-7f4a0bffe000 ---p 0000d000 08:01 7216046                    /usr/lib/jvm/java-8-oracle/jre/lib/amd64/libverify.so
7f4a0bffe000-7f4a0c000000 rw-p 0000d000 08:01 7216046                    /usr/lib/jvm/java-8-oracle/jre/lib/amd64/libverify.so
7f4a0c000000-7f4a0c814000 rw-p 00000000 00:00 0 
7f4a0c814000-7f4a10000000 ---p 00000000 00:00 0 
7f4a10000000-7f4a10001000 rwxp 00000000 00:00 0 
7f4a10001000-7f4a1001c000 r--s 001e6000 08:01 3670575                    /root/Desktop/Programming/Java/Elements Game/lib/lwjgl/jar/lwjgl.jar
7f4a1001c000-7f4a1001d000 r--s 00000000 08:01 2106122                    /root/Desktop/Programming/Java/Elements Game/run.jar
7f4a1001d000-7f4a1001e000 r--p 00000000 08:01 6818401                    /usr/lib/locale/ig_NG/LC_NUMERIC
7f4a1001e000-7f4a1001f000 r--p 00000000 08:01 6816780                    /usr/lib/locale/en_US.utf8/LC_TIME
7f4a1001f000-7f4a10020000 r--p 00000000 08:01 6816775                    /usr/lib/locale/en_US.utf8/LC_MONETARY
7f4a10020000-7f4a10021000 r--p 00000000 08:01 6816774                    /usr/lib/locale/en_US.utf8/LC_MESSAGES/SYS_LC_MESSAGES
7f4a10021000-7f4a10022000 r--p 00000000 08:01 6817464                    /usr/lib/locale/es_VE.utf8/LC_PAPER
7f4a10022000-7f4a10023000 r--p 00000000 08:01 6817994                    /usr/lib/locale/gd_GB.utf8/LC_NAME
7f4a10023000-7f4a10024000 ---p 00000000 00:00 0 
7f4a10024000-7f4a10124000 rw-p 00000000 00:00 0                          [stack:13558]
7f4a10124000-7f4a1012b000 r-xp 00000000 08:01 2361378                    /lib/x86_64-linux-gnu/librt-2.19.so
7f4a1012b000-7f4a1032a000 ---p 00007000 08:01 2361378                    /lib/x86_64-linux-gnu/librt-2.19.so
7f4a1032a000-7f4a1032b000 r--p 00006000 08:01 2361378                    /lib/x86_64-linux-gnu/librt-2.19.so
7f4a1032b000-7f4a1032c000 rw-p 00007000 08:01 2361378                    /lib/x86_64-linux-gnu/librt-2.19.so
7f4a1032c000-7f4a1042c000 r-xp 00000000 08:01 2361305                    /lib/x86_64-linux-gnu/libm-2.19.so
7f4a1042c000-7f4a1062b000 ---p 00100000 08:01 2361305                    /lib/x86_64-linux-gnu/libm-2.19.so
7f4a1062b000-7f4a1062c000 r--p 000ff000 08:01 2361305                    /lib/x86_64-linux-gnu/libm-2.19.so
7f4a1062c000-7f4a1062d000 rw-p 00100000 08:01 2361305                    /lib/x86_64-linux-gnu/libm-2.19.so
7f4a1062d000-7f4a112eb000 r-xp 00000000 08:01 7216025                    /usr/lib/jvm/java-8-oracle/jre/lib/amd64/server/libjvm.so
7f4a112eb000-7f4a114ea000 ---p 00cbe000 08:01 7216025                    /usr/lib/jvm/java-8-oracle/jre/lib/amd64/server/libjvm.so
7f4a114ea000-7f4a115c3000 rw-p 00cbd000 08:01 7216025                    /usr/lib/jvm/java-8-oracle/jre/lib/amd64/server/libjvm.so
7f4a115c3000-7f4a11607000 rw-p 00000000 00:00 0 
7f4a11607000-7f4a117a6000 r-xp 00000000 08:01 2361245                    /lib/x86_64-linux-gnu/libc-2.19.so
7f4a117a6000-7f4a119a6000 ---p 0019f000 08:01 2361245                    /lib/x86_64-linux-gnu/libc-2.19.so
7f4a119a6000-7f4a119aa000 r--p 0019f000 08:01 2361245                    /lib/x86_64-linux-gnu/libc-2.19.so
7f4a119aa000-7f4a119ac000 rw-p 001a3000 08:01 2361245                    /lib/x86_64-linux-gnu/libc-2.19.so
7f4a119ac000-7f4a119b0000 rw-p 00000000 00:00 0 
7f4a119b0000-7f4a119b3000 r-xp 00000000 08:01 2361261                    /lib/x86_64-linux-gnu/libdl-2.19.so
7f4a119b3000-7f4a11bb2000 ---p 00003000 08:01 2361261                    /lib/x86_64-linux-gnu/libdl-2.19.so
7f4a11bb2000-7f4a11bb3000 r--p 00002000 08:01 2361261                    /lib/x86_64-linux-gnu/libdl-2.19.so
7f4a11bb3000-7f4a11bb4000 rw-p 00003000 08:01 2361261                    /lib/x86_64-linux-gnu/libdl-2.19.so
7f4a11bb4000-7f4a11bc9000 r-xp 00000000 08:01 7216020                    /usr/lib/jvm/java-8-oracle/jre/lib/amd64/jli/libjli.so
7f4a11bc9000-7f4a11dc9000 ---p 00015000 08:01 7216020                    /usr/lib/jvm/java-8-oracle/jre/lib/amd64/jli/libjli.so
7f4a11dc9000-7f4a11dca000 rw-p 00015000 08:01 7216020                    /usr/lib/jvm/java-8-oracle/jre/lib/amd64/jli/libjli.so
7f4a11dca000-7f4a11de2000 r-xp 00000000 08:01 2361370                    /lib/x86_64-linux-gnu/libpthread-2.19.so
7f4a11de2000-7f4a11fe1000 ---p 00018000 08:01 2361370                    /lib/x86_64-linux-gnu/libpthread-2.19.so
7f4a11fe1000-7f4a11fe2000 r--p 00017000 08:01 2361370                    /lib/x86_64-linux-gnu/libpthread-2.19.so
7f4a11fe2000-7f4a11fe3000 rw-p 00018000 08:01 2361370                    /lib/x86_64-linux-gnu/libpthread-2.19.so
7f4a11fe3000-7f4a11fe7000 rw-p 00000000 00:00 0 
7f4a11fe7000-7f4a12007000 r-xp 00000000 08:01 2361219                    /lib/x86_64-linux-gnu/ld-2.19.so
7f4a12007000-7f4a120d8000 rw-p 00000000 00:00 0 
7f4a120d8000-7f4a120db000 ---p 00000000 00:00 0 
7f4a120db000-7f4a121dd000 rw-p 00000000 00:00 0                          [stack:13557]
7f4a121dd000-7f4a121de000 r--p 00000000 08:01 6816768                    /usr/lib/locale/en_US.utf8/LC_ADDRESS
7f4a121de000-7f4a121df000 r--p 00000000 08:01 6816779                    /usr/lib/locale/en_US.utf8/LC_TELEPHONE
7f4a121df000-7f4a121e0000 r--p 00000000 08:01 6817318                    /usr/lib/locale/es_PR.utf8/LC_MEASUREMENT
7f4a121e0000-7f4a121e7000 r--s 00000000 08:01 7473973                    /usr/lib/x86_64-linux-gnu/gconv/gconv-modules.cache
7f4a121e7000-7f4a121e8000 r--p 00000000 08:01 6816771                    /usr/lib/locale/en_US.utf8/LC_IDENTIFICATION
7f4a121e8000-7f4a121fb000 rw-p 00000000 00:00 0 
7f4a121fb000-7f4a12203000 rw-s 00000000 08:01 4194373                    /tmp/hsperfdata_root/13556
7f4a12203000-7f4a12204000 rw-p 00000000 00:00 0 
7f4a12204000-7f4a12205000 r--p 00000000 00:00 0 
7f4a12205000-7f4a12207000 rw-p 00000000 00:00 0 
7f4a12207000-7f4a12208000 r--p 00020000 08:01 2361219                    /lib/x86_64-linux-gnu/ld-2.19.so
7f4a12208000-7f4a12209000 rw-p 00021000 08:01 2361219                    /lib/x86_64-linux-gnu/ld-2.19.so
7f4a12209000-7f4a1220a000 rw-p 00000000 00:00 0 
7ffe2780a000-7ffe2782b000 rw-p 00000000 00:00 0                          [stack]
7ffe279f1000-7ffe279f3000 r--p 00000000 00:00 0                          [vvar]
7ffe279f3000-7ffe279f5000 r-xp 00000000 00:00 0                          [vdso]
ffffffffff600000-ffffffffff601000 r-xp 00000000 00:00 0                  [vsyscall]

VM Arguments:
java_command: run.jar
java_class_path (initial): run.jar
Launcher Type: SUN_STANDARD

Environment Variables:
PATH=/usr/local/sbin:/usr/local/bin:/usr/sbin:/usr/bin:/sbin:/bin
USERNAME=root
SHELL=/bin/bash
DISPLAY=:0

Signal Handlers:
SIGSEGV: [libjvm.so+0xaba2a0], sa_mask[0]=11111111011111111101111111111110, sa_flags=SA_RESTART|SA_SIGINFO
SIGBUS: [libjvm.so+0xaba2a0], sa_mask[0]=11111111011111111101111111111110, sa_flags=SA_RESTART|SA_SIGINFO
SIGFPE: [libjvm.so+0x917710], sa_mask[0]=11111111011111111101111111111110, sa_flags=SA_RESTART|SA_SIGINFO
SIGPIPE: [libjvm.so+0x917710], sa_mask[0]=11111111011111111101111111111110, sa_flags=SA_RESTART|SA_SIGINFO
SIGXFSZ: [libjvm.so+0x917710], sa_mask[0]=11111111011111111101111111111110, sa_flags=SA_RESTART|SA_SIGINFO
SIGILL: [libjvm.so+0x917710], sa_mask[0]=11111111011111111101111111111110, sa_flags=SA_RESTART|SA_SIGINFO
SIGUSR1: SIG_DFL, sa_mask[0]=00000000000000000000000000000000, sa_flags=none
SIGUSR2: [libjvm.so+0x918d40], sa_mask[0]=00000000000000000000000000000000, sa_flags=SA_RESTART|SA_SIGINFO
SIGHUP: [libjvm.so+0x91a140], sa_mask[0]=11111111011111111101111111111110, sa_flags=SA_RESTART|SA_SIGINFO
SIGINT: [libjvm.so+0x91a140], sa_mask[0]=11111111011111111101111111111110, sa_flags=SA_RESTART|SA_SIGINFO
SIGTERM: [libjvm.so+0x91a140], sa_mask[0]=11111111011111111101111111111110, sa_flags=SA_RESTART|SA_SIGINFO
SIGQUIT: [libjvm.so+0x91a140], sa_mask[0]=11111111011111111101111111111110, sa_flags=SA_RESTART|SA_SIGINFO


---------------  S Y S T E M  ---------------

OS:DISTRIB_ID=Kali
DISTRIB_RELEASE=2.0
DISTRIB_CODENAME=sana
DISTRIB_DESCRIPTION="Kali GNU/Linux 2.0"

uname:Linux 4.0.0-kali1-amd64 #1 SMP Debian 4.0.4-1+kali2 (2015-06-03) x86_64
libc:glibc 2.19 NPTL 2.19 
rlimit: STACK 8192k, CORE 0k, NPROC 14918, NOFILE 65536, AS infinity
load average:0.54 0.31 0.35

/proc/meminfo:
MemTotal:        3840348 kB
MemFree:          916600 kB
MemAvailable:    2292500 kB
Buffers:          258712 kB
Cached:          1394148 kB
SwapCached:            0 kB
Active:          1960140 kB
Inactive:         757200 kB
Active(anon):    1066856 kB
Inactive(anon):   165952 kB
Active(file):     893284 kB
Inactive(file):   591248 kB
Unevictable:           0 kB
Mlocked:               0 kB
SwapTotal:       7959548 kB
SwapFree:        7959548 kB
Dirty:               412 kB
Writeback:             0 kB
AnonPages:       1064900 kB
Mapped:           221664 kB
Shmem:            168184 kB
Slab:             148072 kB
SReclaimable:     120608 kB
SUnreclaim:        27464 kB
KernelStack:        6032 kB
PageTables:        22168 kB
NFS_Unstable:          0 kB
Bounce:                0 kB
WritebackTmp:          0 kB
CommitLimit:     9879720 kB
Committed_AS:    3359540 kB
VmallocTotal:   34359738367 kB
VmallocUsed:      546724 kB
VmallocChunk:   34359185600 kB
HardwareCorrupted:     0 kB
AnonHugePages:         0 kB
HugePages_Total:       0
HugePages_Free:        0
HugePages_Rsvd:        0
HugePages_Surp:        0
Hugepagesize:       2048 kB
DirectMap4k:      122636 kB
DirectMap2M:     3858432 kB


CPU:total 4 (2 cores per cpu, 2 threads per core) family 6 model 37 stepping 5, cmov, cx8, fxsr, mmx, sse, sse2, sse3, ssse3, sse4.1, sse4.2, popcnt, aes, clmul, ht, tsc, tscinvbit

/proc/cpuinfo:
processor	: 0
vendor_id	: GenuineIntel
cpu family	: 6
model		: 37
model name	: Intel(R) Core(TM) i7 CPU       L 640  @ 2.13GHz
stepping	: 5
microcode	: 0x4
cpu MHz		: 2134.000
cache size	: 4096 KB
physical id	: 0
siblings	: 4
core id		: 0
cpu cores	: 2
apicid		: 0
initial apicid	: 0
fpu		: yes
fpu_exception	: yes
cpuid level	: 11
wp		: yes
flags		: fpu vme de pse tsc msr pae mce cx8 apic sep mtrr pge mca cmov pat pse36 clflush dts acpi mmx fxsr sse sse2 ss ht tm pbe syscall nx rdtscp lm constant_tsc arch_perfmon pebs bts rep_good nopl xtopology nonstop_tsc aperfmperf pni pclmulqdq dtes64 monitor ds_cpl vmx smx est tm2 ssse3 cx16 xtpr pdcm pcid sse4_1 sse4_2 popcnt aes lahf_lm ida arat dtherm tpr_shadow vnmi flexpriority ept vpid
bugs		:
bogomips	: 4255.88
clflush size	: 64
cache_alignment	: 64
address sizes	: 36 bits physical, 48 bits virtual
power management:

processor	: 1
vendor_id	: GenuineIntel
cpu family	: 6
model		: 37
model name	: Intel(R) Core(TM) i7 CPU       L 640  @ 2.13GHz
stepping	: 5
microcode	: 0x4
cpu MHz		: 1733.000
cache size	: 4096 KB
physical id	: 0
siblings	: 4
core id		: 0
cpu cores	: 2
apicid		: 1
initial apicid	: 1
fpu		: yes
fpu_exception	: yes
cpuid level	: 11
wp		: yes
flags		: fpu vme de pse tsc msr pae mce cx8 apic sep mtrr pge mca cmov pat pse36 clflush dts acpi mmx fxsr sse sse2 ss ht tm pbe syscall nx rdtscp lm constant_tsc arch_perfmon pebs bts rep_good nopl xtopology nonstop_tsc aperfmperf pni pclmulqdq dtes64 monitor ds_cpl vmx smx est tm2 ssse3 cx16 xtpr pdcm pcid sse4_1 sse4_2 popcnt aes lahf_lm ida arat dtherm tpr_shadow vnmi flexpriority ept vpid
bugs		:
bogomips	: 4255.88
clflush size	: 64
cache_alignment	: 64
address sizes	: 36 bits physical, 48 bits virtual
power management:

processor	: 2
vendor_id	: GenuineIntel
cpu family	: 6
model		: 37
model name	: Intel(R) Core(TM) i7 CPU       L 640  @ 2.13GHz
stepping	: 5
microcode	: 0x4
cpu MHz		: 1866.000
cache size	: 4096 KB
physical id	: 0
siblings	: 4
core id		: 2
cpu cores	: 2
apicid		: 4
initial apicid	: 4
fpu		: yes
fpu_exception	: yes
cpuid level	: 11
wp		: yes
flags		: fpu vme de pse tsc msr pae mce cx8 apic sep mtrr pge mca cmov pat pse36 clflush dts acpi mmx fxsr sse sse2 ss ht tm pbe syscall nx rdtscp lm constant_tsc arch_perfmon pebs bts rep_good nopl xtopology nonstop_tsc aperfmperf pni pclmulqdq dtes64 monitor ds_cpl vmx smx est tm2 ssse3 cx16 xtpr pdcm pcid sse4_1 sse4_2 popcnt aes lahf_lm ida arat dtherm tpr_shadow vnmi flexpriority ept vpid
bugs		:
bogomips	: 4255.88
clflush size	: 64
cache_alignment	: 64
address sizes	: 36 bits physical, 48 bits virtual
power management:

processor	: 3
vendor_id	: GenuineIntel
cpu family	: 6
model		: 37
model name	: Intel(R) Core(TM) i7 CPU       L 640  @ 2.13GHz
stepping	: 5
microcode	: 0x4
cpu MHz		: 1733.000
cache size	: 4096 KB
physical id	: 0
siblings	: 4
core id		: 2
cpu cores	: 2
apicid		: 5
initial apicid	: 5
fpu		: yes
fpu_exception	: yes
cpuid level	: 11
wp		: yes
flags		: fpu vme de pse tsc msr pae mce cx8 apic sep mtrr pge mca cmov pat pse36 clflush dts acpi mmx fxsr sse sse2 ss ht tm pbe syscall nx rdtscp lm constant_tsc arch_perfmon pebs bts rep_good nopl xtopology nonstop_tsc aperfmperf pni pclmulqdq dtes64 monitor ds_cpl vmx smx est tm2 ssse3 cx16 xtpr pdcm pcid sse4_1 sse4_2 popcnt aes lahf_lm ida arat dtherm tpr_shadow vnmi flexpriority ept vpid
bugs		:
bogomips	: 4255.88
clflush size	: 64
cache_alignment	: 64
address sizes	: 36 bits physical, 48 bits virtual
power management:



Memory: 4k page, physical 3840348k(916600k free), swap 7959548k(7959548k free)

vm_info: Java HotSpot(TM) 64-Bit Server VM (25.66-b17) for linux-amd64 JRE (1.8.0_66-b17), built on Oct  6 2015 17:28:34 by "java_re" with gcc 4.3.0 20080428 (Red Hat 4.3.0-8)

time: Sat Jan  2 21:55:14 2016
elapsed time: 0 seconds (0d 0h 0m 0s)

