#
# A fatal error has been detected by the Java Runtime Environment:
#
#  SIGSEGV (0xb) at pc=0x00007f3e4e1b5720, pid=30792, tid=139905586915072
#
# JRE version: Java(TM) SE Runtime Environment (8.0_66-b17) (build 1.8.0_66-b17)
# Java VM: Java HotSpot(TM) 64-Bit Server VM (25.66-b17 mixed mode linux-amd64 compressed oops)
# Problematic frame:
# C  [libc.so.6+0x90720]
#
# Failed to write core dump. Core dumps have been disabled. To enable core dumping, try "ulimit -c unlimited" before starting Java again
#
# If you would like to submit a bug report, please visit:
#   http://bugreport.java.com/bugreport/crash.jsp
# The crash happened outside the Java Virtual Machine in native code.
# See problematic frame for where to report the bug.
#

---------------  T H R E A D  ---------------

Current thread (0x00007f3e48009800):  JavaThread "main" [_thread_in_native, id=30793, stack(0x00007f3e4ebf6000,0x00007f3e4ecf7000)]

siginfo: si_signo: 11 (SIGSEGV), si_code: 1 (SEGV_MAPERR), si_addr: 0x0000000000000000

Registers:
RAX=0xffff80c1c7fcbef0, RBX=0x0000000000000000, RCX=0x0000000000000120, RDX=0x0000000000000090
RSP=0x00007f3e4ecf52e8, RBP=0x0000000000000008, RSI=0x0000000000000000, RDI=0x00007f3e38034080
R8 =0x00007f3e482d1878, R9 =0x0000000000000010, R10=0x0000000000023e78, R11=0x0000000000000008
R12=0x0000000000000090, R13=0x0000000000000010, R14=0x00007f3e482d1870, R15=0x0000000000000010
RIP=0x00007f3e4e1b5720, EFLAGS=0x0000000000010202, CSGSFS=0x0000000000000033, ERR=0x0000000000000004
  TRAPNO=0x000000000000000e

Top of Stack: (sp=0x00007f3e4ecf52e8)
0x00007f3e4ecf52e8:   00007f3e2966f186 0000000000000000
0x00007f3e4ecf52f8:   0000000900000100 0000000100000000
0x00007f3e4ecf5308:   00007f3e482ad9f8 0000000000000000
0x00007f3e4ecf5318:   00007f3e482d1678 0000000000000001
0x00007f3e4ecf5328:   0000000000000000 00007f3e482d1870
0x00007f3e4ecf5338:   00007f3e2966fa97 ffffffffffffffff
0x00007f3e4ecf5348:   0000000000000001 00007f3e4ecf5370
0x00007f3e4ecf5358:   0000000000000001 0000000000000000
0x00007f3e4ecf5368:   0000000100000008 00007f3e482d1678
0x00007f3e4ecf5378:   ffffffffffffffff ffffffffffffffff
0x00007f3e4ecf5388:   ffffffffffffffff ffffffffffffffff
0x00007f3e4ecf5398:   00007f3e482ad9f8 0000000000000000
0x00007f3e4ecf53a8:   00007f3e483ec470 0000000000000000
0x00007f3e4ecf53b8:   0000000000000000 00007f3e483ec230
0x00007f3e4ecf53c8:   00007f3e2913335b 0000000000000000
0x00007f3e4ecf53d8:   ffffffffffffffff 1680021400000fe4
0x00007f3e4ecf53e8:   00007f3e29642282 00007f3e482ad9f8
0x00007f3e4ecf53f8:   0000000000000000 0000000000000000
0x00007f3e4ecf5408:   00007f3e296a58fd 00007f3e48575950
0x00007f3e4ecf5418:   00007f3e483ec230 0000000000000000
0x00007f3e4ecf5428:   0000000000000000 00007f3e487ceea0
0x00007f3e4ecf5438:   0000000000000000 00007f3e483ec230
0x00007f3e4ecf5448:   0000000000000001 00007f3e482ad9f8
0x00007f3e4ecf5458:   00000000000001e0 00007f3e483ec230
0x00007f3e4ecf5468:   00007f3e296a49e0 0000000000000000
0x00007f3e4ecf5478:   afefe45048c8bf00 0000000000007e40
0x00007f3e4ecf5488:   00007f3e482ad9f8 00007f3e29a96218
0x00007f3e4ecf5498:   0000000000000025 00007f3e4ecf5610
0x00007f3e4ecf54a8:   0000000000000000 00007f3e29a96218
0x00007f3e4ecf54b8:   00007f3e2966fd06 0922208060003f01
0x00007f3e4ecf54c8:   00007f3e482ad9f8 00007f3e29a96218
0x00007f3e4ecf54d8:   0000000000000025 00007f3e4ecf5610 

Instructions: (pc=0x00007f3e4e1b5720)
0x00007f3e4e1b5700:   48 89 f0 48 8d 0c 12 48 29 f8 48 29 d0 48 39 c8
0x00007f3e4e1b5710:   0f 82 07 01 00 00 48 83 fa 10 0f 86 8b 01 00 00
0x00007f3e4e1b5720:   f3 44 0f 6f 06 48 83 fa 20 f3 44 0f 7f 07 f3 44
0x00007f3e4e1b5730:   0f 6f 44 16 f0 f3 44 0f 7f 44 17 f0 77 12 48 89 

Register to memory mapping:

RAX=0xffff80c1c7fcbef0 is an unknown value
RBX=0x0000000000000000 is an unknown value
RCX=0x0000000000000120 is an unknown value
RDX=0x0000000000000090 is an unknown value
RSP=0x00007f3e4ecf52e8 is pointing into the stack for thread: 0x00007f3e48009800
RBP=0x0000000000000008 is an unknown value
RSI=0x0000000000000000 is an unknown value
RDI=0x00007f3e38034080 is an unknown value
R8 =0x00007f3e482d1878 is an unknown value
R9 =0x0000000000000010 is an unknown value
R10=0x0000000000023e78 is an unknown value
R11=0x0000000000000008 is an unknown value
R12=0x0000000000000090 is an unknown value
R13=0x0000000000000010 is an unknown value
R14=0x00007f3e482d1870 is an unknown value
R15=0x0000000000000010 is an unknown value


Stack: [0x00007f3e4ebf6000,0x00007f3e4ecf7000],  sp=0x00007f3e4ecf52e8,  free space=1020k
Native frames: (J=compiled Java code, j=interpreted, Vv=VM code, C=native code)
C  [libc.so.6+0x90720]

Java frames: (J=compiled Java code, j=interpreted, Vv=VM code)
j  org.lwjgl.system.JNI.callIIIV(JIII)V+0
j  org.lwjgl.opengl.GL11.glDrawArrays(III)V+11
j  ObjectRenderer.render()V+31
j  Client.render()V+52
j  Client.loop()V+22
j  Client.run()V+5
j  ClientLoader.main([Ljava/lang/String;)V+25
v  ~StubRoutines::call_stub

---------------  P R O C E S S  ---------------

Java Threads: ( => current thread )
  0x00007f3e4818d000 JavaThread "Service Thread" daemon [_thread_blocked, id=30805, stack(0x00007f3e31fb9000,0x00007f3e320ba000)]
  0x00007f3e48188000 JavaThread "C1 CompilerThread2" daemon [_thread_blocked, id=30804, stack(0x00007f3e320ba000,0x00007f3e321bb000)]
  0x00007f3e48186800 JavaThread "C2 CompilerThread1" daemon [_thread_blocked, id=30803, stack(0x00007f3e321bb000,0x00007f3e322bc000)]
  0x00007f3e48183800 JavaThread "C2 CompilerThread0" daemon [_thread_blocked, id=30802, stack(0x00007f3e322bc000,0x00007f3e323bd000)]
  0x00007f3e48182000 JavaThread "Signal Dispatcher" daemon [_thread_blocked, id=30801, stack(0x00007f3e323bd000,0x00007f3e324be000)]
  0x00007f3e48145800 JavaThread "Finalizer" daemon [_thread_blocked, id=30800, stack(0x00007f3e325ee000,0x00007f3e326ef000)]
  0x00007f3e48143800 JavaThread "Reference Handler" daemon [_thread_blocked, id=30799, stack(0x00007f3e326ef000,0x00007f3e327f0000)]
=>0x00007f3e48009800 JavaThread "main" [_thread_in_native, id=30793, stack(0x00007f3e4ebf6000,0x00007f3e4ecf7000)]

Other Threads:
  0x00007f3e4813e800 VMThread [stack: 0x00007f3e327f0000,0x00007f3e328f1000] [id=30798]
  0x00007f3e48190000 WatcherThread [stack: 0x00007f3e31eb8000,0x00007f3e31fb9000] [id=30806]

VM state:not at safepoint (normal execution)

VM Mutex/Monitor currently owned by a thread: None

Heap:
 PSYoungGen      total 17920K, used 12230K [0x00000000ec780000, 0x00000000edb80000, 0x0000000100000000)
  eden space 15360K, 79% used [0x00000000ec780000,0x00000000ed371a78,0x00000000ed680000)
  from space 2560K, 0% used [0x00000000ed900000,0x00000000ed900000,0x00000000edb80000)
  to   space 2560K, 0% used [0x00000000ed680000,0x00000000ed680000,0x00000000ed900000)
 ParOldGen       total 40960K, used 0K [0x00000000c5600000, 0x00000000c7e00000, 0x00000000ec780000)
  object space 40960K, 0% used [0x00000000c5600000,0x00000000c5600000,0x00000000c7e00000)
 Metaspace       used 6980K, capacity 8280K, committed 8576K, reserved 1056768K
  class space    used 518K, capacity 584K, committed 640K, reserved 1048576K

Card table byte_map: [0x00007f3e4c006000,0x00007f3e4c1dc000] byte_map_base: 0x00007f3e4b9db000

Marking Bits: (ParMarkBitMap*) 0x00007f3e4e0fa020
 Begin Bits: [0x00007f3e1e58c000, 0x00007f3e1f434000)
 End Bits:   [0x00007f3e1f434000, 0x00007f3e202dc000)

Polling page: 0x00007f3e4ed22000

CodeCache: size=245760Kb used=1899Kb max_used=1903Kb free=243860Kb
 bounds [0x00007f3e38bd9000, 0x00007f3e38e49000, 0x00007f3e47bd9000]
 total_blobs=919 nmethods=274 adapters=560
 compilation: enabled

Compilation events (10 events):
Event: 0.455 Thread 0x00007f3e48188000  269       3       java.lang.ClassLoader::loadClass (7 bytes)
Event: 0.455 Thread 0x00007f3e48188000 nmethod 269 0x00007f3e38dada10 code [0x00007f3e38dadb80, 0x00007f3e38dadd88]
Event: 0.455 Thread 0x00007f3e48188000  270       3       sun.misc.Launcher$AppClassLoader::loadClass (85 bytes)
Event: 0.455 Thread 0x00007f3e48183800  272       4       java.util.concurrent.ConcurrentHashMap::tabAt (21 bytes)
Event: 0.455 Thread 0x00007f3e48186800  273       4       java.util.concurrent.ConcurrentHashMap::casTabAt (20 bytes)
Event: 0.456 Thread 0x00007f3e48183800 nmethod 272 0x00007f3e38db3b90 code [0x00007f3e38db3cc0, 0x00007f3e38db3d18]
Event: 0.456 Thread 0x00007f3e48186800 nmethod 273 0x00007f3e38db3d90 code [0x00007f3e38db3ec0, 0x00007f3e38db3f38]
Event: 0.457 Thread 0x00007f3e48188000 nmethod 270 0x00007f3e38dae610 code [0x00007f3e38dae840, 0x00007f3e38daf548]
Event: 0.457 Thread 0x00007f3e48188000  271  s    3       sun.misc.URLClassPath::knownToNotExist (24 bytes)
Event: 0.457 Thread 0x00007f3e48188000 nmethod 271 0x00007f3e38db6650 code [0x00007f3e38db67c0, 0x00007f3e38db6b88]

GC Heap History (0 events):
No events

Deoptimization events (0 events):
No events

Internal exceptions (2 events):
Event: 0.033 Thread 0x00007f3e48009800 Exception <a 'java/lang/NoSuchMethodError': Method sun.misc.Unsafe.defineClass(Ljava/lang/String;[BII)Ljava/lang/Class; name or signature does not match> (0x00000000ec792b98) thrown at [/HUDSON/workspace/8-2-build-linux-amd64/jdk8u66/4988/hotspot/src/shar
Event: 0.033 Thread 0x00007f3e48009800 Exception <a 'java/lang/NoSuchMethodError': Method sun.misc.Unsafe.prefetchRead(Ljava/lang/Object;J)V name or signature does not match> (0x00000000ec792e80) thrown at [/HUDSON/workspace/8-2-build-linux-amd64/jdk8u66/4988/hotspot/src/share/vm/prims/jni.cpp

Events (10 events):
Event: 0.455 loading class org/lwjgl/stb/STBTTAlignedQuad
Event: 0.455 loading class org/lwjgl/stb/STBTTAlignedQuad done
Event: 0.457 loading class ObjectRenderer
Event: 0.457 loading class ObjectRenderer done
Event: 0.457 loading class org/lwjgl/glfw/GLFWKeyCallback$1
Event: 0.457 loading class org/lwjgl/glfw/GLFWKeyCallback$1 done
Event: 0.460 loading class Client$1
Event: 0.460 loading class Client$1 done
Event: 0.461 loading class org/lwjgl/opengl/GLChecks
Event: 0.461 loading class org/lwjgl/opengl/GLChecks done


Dynamic libraries:
00400000-00401000 r-xp 00000000 08:01 7085876                            /usr/lib/jvm/java-8-oracle/jre/bin/java
00600000-00601000 rw-p 00000000 08:01 7085876                            /usr/lib/jvm/java-8-oracle/jre/bin/java
02530000-02551000 rw-p 00000000 00:00 0                                  [heap]
c5600000-c7e00000 rw-p 00000000 00:00 0 
c7e00000-ec780000 ---p 00000000 00:00 0 
ec780000-edb80000 rw-p 00000000 00:00 0 
edb80000-100000000 ---p 00000000 00:00 0 
100000000-1000a0000 rw-p 00000000 00:00 0 
1000a0000-140000000 ---p 00000000 00:00 0 
7f3df0000000-7f3df0021000 rw-p 00000000 00:00 0 
7f3df0021000-7f3df4000000 ---p 00000000 00:00 0 
7f3df8000000-7f3df8173000 rw-p 00000000 00:00 0 
7f3df8173000-7f3dfc000000 ---p 00000000 00:00 0 
7f3dfc000000-7f3dfc021000 rw-p 00000000 00:00 0 
7f3dfc021000-7f3e00000000 ---p 00000000 00:00 0 
7f3e00000000-7f3e0014b000 rw-p 00000000 00:00 0 
7f3e0014b000-7f3e04000000 ---p 00000000 00:00 0 
7f3e04000000-7f3e04040000 rw-p 00000000 00:00 0 
7f3e04040000-7f3e08000000 ---p 00000000 00:00 0 
7f3e08000000-7f3e08021000 rw-p 00000000 00:00 0 
7f3e08021000-7f3e0c000000 ---p 00000000 00:00 0 
7f3e0c000000-7f3e0c021000 rw-p 00000000 00:00 0 
7f3e0c021000-7f3e10000000 ---p 00000000 00:00 0 
7f3e10000000-7f3e10021000 rw-p 00000000 00:00 0 
7f3e10021000-7f3e14000000 ---p 00000000 00:00 0 
7f3e14000000-7f3e14021000 rw-p 00000000 00:00 0 
7f3e14021000-7f3e18000000 ---p 00000000 00:00 0 
7f3e18000000-7f3e18021000 rw-p 00000000 00:00 0 
7f3e18021000-7f3e1c000000 ---p 00000000 00:00 0 
7f3e1e58c000-7f3e202dc000 rw-p 00000000 00:00 0 
7f3e22e62000-7f3e24000000 rw-p 00000000 00:00 0 
7f3e24000000-7f3e24021000 rw-p 00000000 00:00 0 
7f3e24021000-7f3e28000000 ---p 00000000 00:00 0 
7f3e2819b000-7f3e281d2000 r-xp 00000000 08:01 7476861                    /usr/lib/x86_64-linux-gnu/libtxc_dxtn_s2tc.so.0.0.0
7f3e281d2000-7f3e283d1000 ---p 00037000 08:01 7476861                    /usr/lib/x86_64-linux-gnu/libtxc_dxtn_s2tc.so.0.0.0
7f3e283d1000-7f3e283d2000 r--p 00036000 08:01 7476861                    /usr/lib/x86_64-linux-gnu/libtxc_dxtn_s2tc.so.0.0.0
7f3e283d2000-7f3e283d3000 rw-p 00037000 08:01 7476861                    /usr/lib/x86_64-linux-gnu/libtxc_dxtn_s2tc.so.0.0.0
7f3e283d3000-7f3e283ed000 r-xp 00000000 08:01 2361412                    /lib/x86_64-linux-gnu/libz.so.1.2.8
7f3e283ed000-7f3e285ec000 ---p 0001a000 08:01 2361412                    /lib/x86_64-linux-gnu/libz.so.1.2.8
7f3e285ec000-7f3e285ed000 r--p 00019000 08:01 2361412                    /lib/x86_64-linux-gnu/libz.so.1.2.8
7f3e285ed000-7f3e285ee000 rw-p 0001a000 08:01 2361412                    /lib/x86_64-linux-gnu/libz.so.1.2.8
7f3e285ee000-7f3e285f6000 r-xp 00000000 08:01 7476483                    /usr/lib/x86_64-linux-gnu/libpciaccess.so.0.11.1
7f3e285f6000-7f3e287f6000 ---p 00008000 08:01 7476483                    /usr/lib/x86_64-linux-gnu/libpciaccess.so.0.11.1
7f3e287f6000-7f3e287f7000 r--p 00008000 08:01 7476483                    /usr/lib/x86_64-linux-gnu/libpciaccess.so.0.11.1
7f3e287f7000-7f3e287f8000 rw-p 00009000 08:01 7476483                    /usr/lib/x86_64-linux-gnu/libpciaccess.so.0.11.1
7f3e287f8000-7f3e2880e000 r-xp 00000000 08:01 2361273                    /lib/x86_64-linux-gnu/libgcc_s.so.1
7f3e2880e000-7f3e28a0d000 ---p 00016000 08:01 2361273                    /lib/x86_64-linux-gnu/libgcc_s.so.1
7f3e28a0d000-7f3e28a0e000 rw-p 00015000 08:01 2361273                    /lib/x86_64-linux-gnu/libgcc_s.so.1
7f3e28a0e000-7f3e28afa000 r-xp 00000000 08:01 7476755                    /usr/lib/x86_64-linux-gnu/libstdc++.so.6.0.20
7f3e28afa000-7f3e28cfa000 ---p 000ec000 08:01 7476755                    /usr/lib/x86_64-linux-gnu/libstdc++.so.6.0.20
7f3e28cfa000-7f3e28d02000 r--p 000ec000 08:01 7476755                    /usr/lib/x86_64-linux-gnu/libstdc++.so.6.0.20
7f3e28d02000-7f3e28d04000 rw-p 000f4000 08:01 7476755                    /usr/lib/x86_64-linux-gnu/libstdc++.so.6.0.20
7f3e28d04000-7f3e28d19000 rw-p 00000000 00:00 0 
7f3e28d19000-7f3e28d25000 r-xp 00000000 08:01 7475559                    /usr/lib/x86_64-linux-gnu/libdrm_radeon.so.1.0.1
7f3e28d25000-7f3e28f24000 ---p 0000c000 08:01 7475559                    /usr/lib/x86_64-linux-gnu/libdrm_radeon.so.1.0.1
7f3e28f24000-7f3e28f25000 r--p 0000b000 08:01 7475559                    /usr/lib/x86_64-linux-gnu/libdrm_radeon.so.1.0.1
7f3e28f25000-7f3e28f26000 rw-p 0000c000 08:01 7475559                    /usr/lib/x86_64-linux-gnu/libdrm_radeon.so.1.0.1
7f3e28f26000-7f3e28f2c000 r-xp 00000000 08:01 7475555                    /usr/lib/x86_64-linux-gnu/libdrm_nouveau.so.2.0.0
7f3e28f2c000-7f3e2912b000 ---p 00006000 08:01 7475555                    /usr/lib/x86_64-linux-gnu/libdrm_nouveau.so.2.0.0
7f3e2912b000-7f3e2912c000 r--p 00005000 08:01 7475555                    /usr/lib/x86_64-linux-gnu/libdrm_nouveau.so.2.0.0
7f3e2912c000-7f3e2912d000 rw-p 00006000 08:01 7475555                    /usr/lib/x86_64-linux-gnu/libdrm_nouveau.so.2.0.0
7f3e2912d000-7f3e2914e000 r-xp 00000000 08:01 7475551                    /usr/lib/x86_64-linux-gnu/libdrm_intel.so.1.0.0
7f3e2914e000-7f3e2934d000 ---p 00021000 08:01 7475551                    /usr/lib/x86_64-linux-gnu/libdrm_intel.so.1.0.0
7f3e2934d000-7f3e2934e000 r--p 00020000 08:01 7475551                    /usr/lib/x86_64-linux-gnu/libdrm_intel.so.1.0.0
7f3e2934e000-7f3e2934f000 rw-p 00021000 08:01 7475551                    /usr/lib/x86_64-linux-gnu/libdrm_intel.so.1.0.0
7f3e2934f000-7f3e2986d000 r-xp 00000000 08:01 7473403                    /usr/lib/x86_64-linux-gnu/dri/i965_dri.so
7f3e2986d000-7f3e29a6d000 ---p 0051e000 08:01 7473403                    /usr/lib/x86_64-linux-gnu/dri/i965_dri.so
7f3e29a6d000-7f3e29a89000 r--p 0051e000 08:01 7473403                    /usr/lib/x86_64-linux-gnu/dri/i965_dri.so
7f3e29a89000-7f3e29a8f000 rw-p 0053a000 08:01 7473403                    /usr/lib/x86_64-linux-gnu/dri/i965_dri.so
7f3e29a8f000-7f3e29a9a000 rw-p 00000000 00:00 0 
7f3e29a9a000-7f3e29aa8000 r-xp 00000000 08:01 2361397                    /lib/x86_64-linux-gnu/libudev.so.1.5.0
7f3e29aa8000-7f3e29ca7000 ---p 0000e000 08:01 2361397                    /lib/x86_64-linux-gnu/libudev.so.1.5.0
7f3e29ca7000-7f3e29ca8000 r--p 0000d000 08:01 2361397                    /lib/x86_64-linux-gnu/libudev.so.1.5.0
7f3e29ca8000-7f3e29ca9000 rw-p 0000e000 08:01 2361397                    /lib/x86_64-linux-gnu/libudev.so.1.5.0
7f3e29ca9000-7f3e29cb5000 r-xp 00000000 08:01 7475547                    /usr/lib/x86_64-linux-gnu/libdrm.so.2.4.0
7f3e29cb5000-7f3e29eb4000 ---p 0000c000 08:01 7475547                    /usr/lib/x86_64-linux-gnu/libdrm.so.2.4.0
7f3e29eb4000-7f3e29eb5000 r--p 0000b000 08:01 7475547                    /usr/lib/x86_64-linux-gnu/libdrm.so.2.4.0
7f3e29eb5000-7f3e29eb6000 rw-p 0000c000 08:01 7475547                    /usr/lib/x86_64-linux-gnu/libdrm.so.2.4.0
7f3e29eb6000-7f3e29eb7000 r-xp 00000000 08:01 7477146                    /usr/lib/x86_64-linux-gnu/libxshmfence.so.1.0.0
7f3e29eb7000-7f3e2a0b6000 ---p 00001000 08:01 7477146                    /usr/lib/x86_64-linux-gnu/libxshmfence.so.1.0.0
7f3e2a0b6000-7f3e2a0b7000 r--p 00000000 08:01 7477146                    /usr/lib/x86_64-linux-gnu/libxshmfence.so.1.0.0
7f3e2a0b7000-7f3e2a0b8000 rw-p 00001000 08:01 7477146                    /usr/lib/x86_64-linux-gnu/libxshmfence.so.1.0.0
7f3e2a0b8000-7f3e2a0bd000 r-xp 00000000 08:01 7477116                    /usr/lib/x86_64-linux-gnu/libxcb-sync.so.1.0.0
7f3e2a0bd000-7f3e2a2bd000 ---p 00005000 08:01 7477116                    /usr/lib/x86_64-linux-gnu/libxcb-sync.so.1.0.0
7f3e2a2bd000-7f3e2a2be000 r--p 00005000 08:01 7477116                    /usr/lib/x86_64-linux-gnu/libxcb-sync.so.1.0.0
7f3e2a2be000-7f3e2a2bf000 rw-p 00006000 08:01 7477116                    /usr/lib/x86_64-linux-gnu/libxcb-sync.so.1.0.0
7f3e2a2bf000-7f3e2a2c1000 r-xp 00000000 08:01 7477094                    /usr/lib/x86_64-linux-gnu/libxcb-present.so.0.0.0
7f3e2a2c1000-7f3e2a4c0000 ---p 00002000 08:01 7477094                    /usr/lib/x86_64-linux-gnu/libxcb-present.so.0.0.0
7f3e2a4c0000-7f3e2a4c1000 r--p 00001000 08:01 7477094                    /usr/lib/x86_64-linux-gnu/libxcb-present.so.0.0.0
7f3e2a4c1000-7f3e2a4c2000 rw-p 00002000 08:01 7477094                    /usr/lib/x86_64-linux-gnu/libxcb-present.so.0.0.0
7f3e2a4c2000-7f3e2a4c4000 r-xp 00000000 08:01 7477080                    /usr/lib/x86_64-linux-gnu/libxcb-dri3.so.0.0.0
7f3e2a4c4000-7f3e2a6c3000 ---p 00002000 08:01 7477080                    /usr/lib/x86_64-linux-gnu/libxcb-dri3.so.0.0.0
7f3e2a6c3000-7f3e2a6c4000 r--p 00001000 08:01 7477080                    /usr/lib/x86_64-linux-gnu/libxcb-dri3.so.0.0.0
7f3e2a6c4000-7f3e2a6c5000 rw-p 00002000 08:01 7477080                    /usr/lib/x86_64-linux-gnu/libxcb-dri3.so.0.0.0
7f3e2a6c5000-7f3e2a6c9000 r-xp 00000000 08:01 7477076                    /usr/lib/x86_64-linux-gnu/libxcb-dri2.so.0.0.0
7f3e2a6c9000-7f3e2a8c8000 ---p 00004000 08:01 7477076                    /usr/lib/x86_64-linux-gnu/libxcb-dri2.so.0.0.0
7f3e2a8c8000-7f3e2a8c9000 r--p 00003000 08:01 7477076                    /usr/lib/x86_64-linux-gnu/libxcb-dri2.so.0.0.0
7f3e2a8c9000-7f3e2a8ca000 rw-p 00004000 08:01 7477076                    /usr/lib/x86_64-linux-gnu/libxcb-dri2.so.0.0.0
7f3e2a8ca000-7f3e2a8e1000 r-xp 00000000 08:01 7477084                    /usr/lib/x86_64-linux-gnu/libxcb-glx.so.0.0.0
7f3e2a8e1000-7f3e2aae0000 ---p 00017000 08:01 7477084                    /usr/lib/x86_64-linux-gnu/libxcb-glx.so.0.0.0
7f3e2aae0000-7f3e2aae2000 r--p 00016000 08:01 7477084                    /usr/lib/x86_64-linux-gnu/libxcb-glx.so.0.0.0
7f3e2aae2000-7f3e2aae3000 rw-p 00018000 08:01 7477084                    /usr/lib/x86_64-linux-gnu/libxcb-glx.so.0.0.0
7f3e2aae3000-7f3e2aae4000 r-xp 00000000 08:01 7475209                    /usr/lib/x86_64-linux-gnu/libX11-xcb.so.1.0.0
7f3e2aae4000-7f3e2ace3000 ---p 00001000 08:01 7475209                    /usr/lib/x86_64-linux-gnu/libX11-xcb.so.1.0.0
7f3e2ace3000-7f3e2ace4000 r--p 00000000 08:01 7475209                    /usr/lib/x86_64-linux-gnu/libX11-xcb.so.1.0.0
7f3e2ace4000-7f3e2ace5000 rw-p 00001000 08:01 7475209                    /usr/lib/x86_64-linux-gnu/libX11-xcb.so.1.0.0
7f3e2ace5000-7f3e2ace7000 r-xp 00000000 08:01 7475234                    /usr/lib/x86_64-linux-gnu/libXdamage.so.1.1.0
7f3e2ace7000-7f3e2aee6000 ---p 00002000 08:01 7475234                    /usr/lib/x86_64-linux-gnu/libXdamage.so.1.1.0
7f3e2aee6000-7f3e2aee7000 r--p 00001000 08:01 7475234                    /usr/lib/x86_64-linux-gnu/libXdamage.so.1.1.0
7f3e2aee7000-7f3e2aee8000 rw-p 00002000 08:01 7475234                    /usr/lib/x86_64-linux-gnu/libXdamage.so.1.1.0
7f3e2aee8000-7f3e2af0d000 r-xp 00000000 08:01 7475798                    /usr/lib/x86_64-linux-gnu/libglapi.so.0.0.0
7f3e2af0d000-7f3e2b10d000 ---p 00025000 08:01 7475798                    /usr/lib/x86_64-linux-gnu/libglapi.so.0.0.0
7f3e2b10d000-7f3e2b110000 r--p 00025000 08:01 7475798                    /usr/lib/x86_64-linux-gnu/libglapi.so.0.0.0
7f3e2b110000-7f3e2b111000 rw-p 00028000 08:01 7475798                    /usr/lib/x86_64-linux-gnu/libglapi.so.0.0.0
7f3e2b111000-7f3e2b112000 rw-p 00000000 00:00 0 
7f3e2b112000-7f3e2b138000 r-xp 00000000 08:01 2361268                    /lib/x86_64-linux-gnu/libexpat.so.1.6.0
7f3e2b138000-7f3e2b337000 ---p 00026000 08:01 2361268                    /lib/x86_64-linux-gnu/libexpat.so.1.6.0
7f3e2b337000-7f3e2b33a000 r--p 00025000 08:01 2361268                    /lib/x86_64-linux-gnu/libexpat.so.1.6.0
7f3e2b33a000-7f3e2b33b000 rw-p 00028000 08:01 2361268                    /lib/x86_64-linux-gnu/libexpat.so.1.6.0
7f3e2b33b000-7f3e2b3d1000 r-xp 00000000 08:01 7475030                    /usr/lib/x86_64-linux-gnu/libGL.so.1.2.0
7f3e2b3d1000-7f3e2b5d0000 ---p 00096000 08:01 7475030                    /usr/lib/x86_64-linux-gnu/libGL.so.1.2.0
7f3e2b5d0000-7f3e2b5d3000 r--p 00095000 08:01 7475030                    /usr/lib/x86_64-linux-gnu/libGL.so.1.2.0
7f3e2b5d3000-7f3e2b5d4000 rw-p 00098000 08:01 7475030                    /usr/lib/x86_64-linux-gnu/libGL.so.1.2.0
7f3e2b5d4000-7f3e2b5d5000 rw-p 00000000 00:00 0 
7f3e2b5d5000-7f3e2b5da000 r-xp 00000000 08:01 7475238                    /usr/lib/x86_64-linux-gnu/libXdmcp.so.6.0.0
7f3e2b5da000-7f3e2b7d9000 ---p 00005000 08:01 7475238                    /usr/lib/x86_64-linux-gnu/libXdmcp.so.6.0.0
7f3e2b7d9000-7f3e2b7da000 rw-p 00004000 08:01 7475238                    /usr/lib/x86_64-linux-gnu/libXdmcp.so.6.0.0
7f3e2b7da000-7f3e2b7dd000 r-xp 00000000 08:01 7475219                    /usr/lib/x86_64-linux-gnu/libXau.so.6.0.0
7f3e2b7dd000-7f3e2b9dc000 ---p 00003000 08:01 7475219                    /usr/lib/x86_64-linux-gnu/libXau.so.6.0.0
7f3e2b9dc000-7f3e2b9dd000 r--p 00002000 08:01 7475219                    /usr/lib/x86_64-linux-gnu/libXau.so.6.0.0
7f3e2b9dd000-7f3e2b9de000 rw-p 00003000 08:01 7475219                    /usr/lib/x86_64-linux-gnu/libXau.so.6.0.0
7f3e2b9de000-7f3e2b9e3000 r-xp 00000000 08:01 7475246                    /usr/lib/x86_64-linux-gnu/libXfixes.so.3.1.0
7f3e2b9e3000-7f3e2bbe2000 ---p 00005000 08:01 7475246                    /usr/lib/x86_64-linux-gnu/libXfixes.so.3.1.0
7f3e2bbe2000-7f3e2bbe3000 r--p 00004000 08:01 7475246                    /usr/lib/x86_64-linux-gnu/libXfixes.so.3.1.0
7f3e2bbe3000-7f3e2bbe4000 rw-p 00005000 08:01 7475246                    /usr/lib/x86_64-linux-gnu/libXfixes.so.3.1.0
7f3e2bbe4000-7f3e2bbed000 r-xp 00000000 08:01 7475277                    /usr/lib/x86_64-linux-gnu/libXrender.so.1.3.0
7f3e2bbed000-7f3e2bdec000 ---p 00009000 08:01 7475277                    /usr/lib/x86_64-linux-gnu/libXrender.so.1.3.0
7f3e2bdec000-7f3e2bded000 r--p 00008000 08:01 7475277                    /usr/lib/x86_64-linux-gnu/libXrender.so.1.3.0
7f3e2bded000-7f3e2bdee000 rw-p 00009000 08:01 7475277                    /usr/lib/x86_64-linux-gnu/libXrender.so.1.3.0
7f3e2bdee000-7f3e2bdff000 r-xp 00000000 08:01 7475242                    /usr/lib/x86_64-linux-gnu/libXext.so.6.4.0
7f3e2bdff000-7f3e2bffe000 ---p 00011000 08:01 7475242                    /usr/lib/x86_64-linux-gnu/libXext.so.6.4.0
7f3e2bffe000-7f3e2bfff000 r--p 00010000 08:01 7475242                    /usr/lib/x86_64-linux-gnu/libXext.so.6.4.0
7f3e2bfff000-7f3e2c000000 rw-p 00011000 08:01 7475242                    /usr/lib/x86_64-linux-gnu/libXext.so.6.4.0
7f3e2c000000-7f3e2c021000 rw-p 00000000 00:00 0 
7f3e2c021000-7f3e30000000 ---p 00000000 00:00 0 
7f3e30107000-7f3e302dc000 rw-p 00000000 00:00 0 
7f3e30454000-7f3e30475000 r-xp 00000000 08:01 7477132                    /usr/lib/x86_64-linux-gnu/libxcb.so.1.1.0
7f3e30475000-7f3e30674000 ---p 00021000 08:01 7477132                    /usr/lib/x86_64-linux-gnu/libxcb.so.1.1.0
7f3e30674000-7f3e30675000 r--p 00020000 08:01 7477132                    /usr/lib/x86_64-linux-gnu/libxcb.so.1.1.0
7f3e30675000-7f3e30676000 rw-p 00021000 08:01 7477132                    /usr/lib/x86_64-linux-gnu/libxcb.so.1.1.0
7f3e30676000-7f3e30680000 r-xp 00000000 08:01 7475230                    /usr/lib/x86_64-linux-gnu/libXcursor.so.1.0.2
7f3e30680000-7f3e3087f000 ---p 0000a000 08:01 7475230                    /usr/lib/x86_64-linux-gnu/libXcursor.so.1.0.2
7f3e3087f000-7f3e30880000 r--p 00009000 08:01 7475230                    /usr/lib/x86_64-linux-gnu/libXcursor.so.1.0.2
7f3e30880000-7f3e30881000 rw-p 0000a000 08:01 7475230                    /usr/lib/x86_64-linux-gnu/libXcursor.so.1.0.2
7f3e30881000-7f3e30886000 r-xp 00000000 08:01 7475297                    /usr/lib/x86_64-linux-gnu/libXxf86vm.so.1.0.0
7f3e30886000-7f3e30a85000 ---p 00005000 08:01 7475297                    /usr/lib/x86_64-linux-gnu/libXxf86vm.so.1.0.0
7f3e30a85000-7f3e30a86000 r--p 00004000 08:01 7475297                    /usr/lib/x86_64-linux-gnu/libXxf86vm.so.1.0.0
7f3e30a86000-7f3e30a87000 rw-p 00005000 08:01 7475297                    /usr/lib/x86_64-linux-gnu/libXxf86vm.so.1.0.0
7f3e30a87000-7f3e30a96000 r-xp 00000000 08:01 7475256                    /usr/lib/x86_64-linux-gnu/libXi.so.6.1.0
7f3e30a96000-7f3e30c95000 ---p 0000f000 08:01 7475256                    /usr/lib/x86_64-linux-gnu/libXi.so.6.1.0
7f3e30c95000-7f3e30c96000 r--p 0000e000 08:01 7475256                    /usr/lib/x86_64-linux-gnu/libXi.so.6.1.0
7f3e30c96000-7f3e30c97000 rw-p 0000f000 08:01 7475256                    /usr/lib/x86_64-linux-gnu/libXi.so.6.1.0
7f3e30c97000-7f3e30c99000 r-xp 00000000 08:01 7475260                    /usr/lib/x86_64-linux-gnu/libXinerama.so.1.0.0
7f3e30c99000-7f3e30e98000 ---p 00002000 08:01 7475260                    /usr/lib/x86_64-linux-gnu/libXinerama.so.1.0.0
7f3e30e98000-7f3e30e99000 r--p 00001000 08:01 7475260                    /usr/lib/x86_64-linux-gnu/libXinerama.so.1.0.0
7f3e30e99000-7f3e30e9a000 rw-p 00002000 08:01 7475260                    /usr/lib/x86_64-linux-gnu/libXinerama.so.1.0.0
7f3e30e9a000-7f3e30ea3000 r-xp 00000000 08:01 7475273                    /usr/lib/x86_64-linux-gnu/libXrandr.so.2.2.0
7f3e30ea3000-7f3e310a2000 ---p 00009000 08:01 7475273                    /usr/lib/x86_64-linux-gnu/libXrandr.so.2.2.0
7f3e310a2000-7f3e310a3000 r--p 00008000 08:01 7475273                    /usr/lib/x86_64-linux-gnu/libXrandr.so.2.2.0
7f3e310a3000-7f3e310a4000 rw-p 00009000 08:01 7475273                    /usr/lib/x86_64-linux-gnu/libXrandr.so.2.2.0
7f3e310a4000-7f3e311e0000 r-xp 00000000 08:01 7475213                    /usr/lib/x86_64-linux-gnu/libX11.so.6.3.0
7f3e311e0000-7f3e313df000 ---p 0013c000 08:01 7475213                    /usr/lib/x86_64-linux-gnu/libX11.so.6.3.0
7f3e313df000-7f3e313e1000 r--p 0013b000 08:01 7475213                    /usr/lib/x86_64-linux-gnu/libX11.so.6.3.0
7f3e313e1000-7f3e313e6000 rw-p 0013d000 08:01 7475213                    /usr/lib/x86_64-linux-gnu/libX11.so.6.3.0
7f3e313e6000-7f3e313e7000 rw-p 00000000 00:00 0 
7f3e313e7000-7f3e313eb000 r-xp 00000000 08:01 3801170                    /root/Desktop/Programming/Java/Elements Game/lib/lwjgl/native/libglfw.so
7f3e313eb000-7f3e313ff000 r-xp 00000000 00:00 0 
7f3e313ff000-7f3e315fe000 ---p 00018000 08:01 3801170                    /root/Desktop/Programming/Java/Elements Game/lib/lwjgl/native/libglfw.so
7f3e315fe000-7f3e315ff000 rw-p 0000d000 08:01 3801170                    /root/Desktop/Programming/Java/Elements Game/lib/lwjgl/native/libglfw.so
7f3e315ff000-7f3e31a00000 rw-p 00000000 00:00 0 
7f3e31a13000-7f3e31a16000 r-xp 00000000 08:01 3801176                    /root/Desktop/Programming/Java/Elements Game/lib/lwjgl/native/libjemalloc.so
7f3e31a16000-7f3e31a52000 r-xp 00000000 00:00 0 
7f3e31a52000-7f3e31c51000 ---p 0003f000 08:01 3801176                    /root/Desktop/Programming/Java/Elements Game/lib/lwjgl/native/libjemalloc.so
7f3e31c51000-7f3e31c53000 r--p 0001c000 08:01 3801176                    /root/Desktop/Programming/Java/Elements Game/lib/lwjgl/native/libjemalloc.so
7f3e31c53000-7f3e31c54000 rw-p 0001e000 08:01 3801176                    /root/Desktop/Programming/Java/Elements Game/lib/lwjgl/native/libjemalloc.so
7f3e31c54000-7f3e31c55000 rw-p 00000000 00:00 0 
7f3e31c55000-7f3e31c62000 r-xp 00000000 08:01 3801182                    /root/Desktop/Programming/Java/Elements Game/lib/lwjgl/native/liblwjgl.so
7f3e31c62000-7f3e31cb6000 r-xp 00000000 00:00 0 
7f3e31cb6000-7f3e31eb5000 ---p 00061000 08:01 3801182                    /root/Desktop/Programming/Java/Elements Game/lib/lwjgl/native/liblwjgl.so
7f3e31eb5000-7f3e31eb7000 rw-p 00033000 08:01 3801182                    /root/Desktop/Programming/Java/Elements Game/lib/lwjgl/native/liblwjgl.so
7f3e31eb7000-7f3e31eb8000 rw-p 00000000 00:00 0 
7f3e31eb8000-7f3e31eb9000 ---p 00000000 00:00 0 
7f3e31eb9000-7f3e31fb9000 rw-p 00000000 00:00 0                          [stack:30806]
7f3e31fb9000-7f3e31fbc000 ---p 00000000 00:00 0 
7f3e31fbc000-7f3e320ba000 rw-p 00000000 00:00 0                          [stack:30805]
7f3e320ba000-7f3e320bd000 ---p 00000000 00:00 0 
7f3e320bd000-7f3e321bb000 rw-p 00000000 00:00 0                          [stack:30804]
7f3e321bb000-7f3e321be000 ---p 00000000 00:00 0 
7f3e321be000-7f3e322bc000 rw-p 00000000 00:00 0                          [stack:30803]
7f3e322bc000-7f3e322bf000 ---p 00000000 00:00 0 
7f3e322bf000-7f3e323bd000 rw-p 00000000 00:00 0                          [stack:30802]
7f3e323bd000-7f3e323c0000 ---p 00000000 00:00 0 
7f3e323c0000-7f3e324be000 rw-p 00000000 00:00 0                          [stack:30801]
7f3e324be000-7f3e325ee000 r--p 00000000 08:01 6817861                    /usr/lib/locale/fr_LU.utf8/LC_COLLATE
7f3e325ee000-7f3e325f1000 ---p 00000000 00:00 0 
7f3e325f1000-7f3e326ef000 rw-p 00000000 00:00 0                          [stack:30800]
7f3e326ef000-7f3e326f2000 ---p 00000000 00:00 0 
7f3e326f2000-7f3e327f0000 rw-p 00000000 00:00 0                          [stack:30799]
7f3e327f0000-7f3e327f1000 ---p 00000000 00:00 0 
7f3e327f1000-7f3e33fc0000 rw-p 00000000 00:00 0                          [stack:30798]
7f3e33fc0000-7f3e34000000 ---p 00000000 00:00 0 
7f3e34000000-7f3e34021000 rw-p 00000000 00:00 0 
7f3e34021000-7f3e38000000 ---p 00000000 00:00 0 
7f3e38031000-7f3e38032000 rw-p 00000000 00:00 0 
7f3e38032000-7f3e38034000 rw-s 00000000 00:05 310135                     /drm mm object (deleted)
7f3e38034000-7f3e38044000 rw-s 1155dd000 00:06 13722                     /dev/dri/card0
7f3e38044000-7f3e38045000 rwxp 00000000 00:00 0 
7f3e38045000-7f3e38055000 rw-s 1155cd000 00:06 13722                     /dev/dri/card0
7f3e38055000-7f3e38057000 rw-s 00000000 00:05 314417                     /drm mm object (deleted)
7f3e38057000-7f3e38058000 rw-s 00000000 00:05 314412                     /drm mm object (deleted)
7f3e38058000-7f3e38059000 rwxp 00000000 00:00 0 
7f3e38059000-7f3e38074000 r--s 001e6000 08:01 3670575                    /root/Desktop/Programming/Java/Elements Game/lib/lwjgl/jar/lwjgl.jar
7f3e38074000-7f3e38075000 r--s 00000000 08:01 2106122                    /root/Desktop/Programming/Java/Elements Game/run.jar
7f3e38075000-7f3e380b4000 r--p 00000000 08:01 6817862                    /usr/lib/locale/fr_LU.utf8/LC_CTYPE
7f3e380b4000-7f3e38103000 rw-p 00000000 00:00 0 
7f3e38103000-7f3e382dc000 r--s 03d20000 08:01 7085982                    /usr/lib/jvm/java-8-oracle/jre/lib/rt.jar
7f3e382dc000-7f3e382dd000 ---p 00000000 00:00 0 
7f3e382dd000-7f3e383dd000 rw-p 00000000 00:00 0                          [stack:30797]
7f3e383dd000-7f3e383de000 ---p 00000000 00:00 0 
7f3e383de000-7f3e384de000 rw-p 00000000 00:00 0                          [stack:30796]
7f3e384de000-7f3e384df000 ---p 00000000 00:00 0 
7f3e384df000-7f3e385df000 rw-p 00000000 00:00 0                          [stack:30795]
7f3e385df000-7f3e385e0000 ---p 00000000 00:00 0 
7f3e385e0000-7f3e386f4000 rw-p 00000000 00:00 0                          [stack:30794]
7f3e386f4000-7f3e38819000 ---p 00000000 00:00 0 
7f3e38819000-7f3e38823000 rw-p 00000000 00:00 0 
7f3e38823000-7f3e38bd9000 ---p 00000000 00:00 0 
7f3e38bd9000-7f3e38e49000 rwxp 00000000 00:00 0 
7f3e38e49000-7f3e47bd9000 ---p 00000000 00:00 0 
7f3e47bd9000-7f3e47bf3000 r-xp 00000000 08:01 7216047                    /usr/lib/jvm/java-8-oracle/jre/lib/amd64/libzip.so
7f3e47bf3000-7f3e47df3000 ---p 0001a000 08:01 7216047                    /usr/lib/jvm/java-8-oracle/jre/lib/amd64/libzip.so
7f3e47df3000-7f3e47df4000 rw-p 0001a000 08:01 7216047                    /usr/lib/jvm/java-8-oracle/jre/lib/amd64/libzip.so
7f3e47df4000-7f3e47dff000 r-xp 00000000 08:01 2361332                    /lib/x86_64-linux-gnu/libnss_files-2.19.so
7f3e47dff000-7f3e47ffe000 ---p 0000b000 08:01 2361332                    /lib/x86_64-linux-gnu/libnss_files-2.19.so
7f3e47ffe000-7f3e47fff000 r--p 0000a000 08:01 2361332                    /lib/x86_64-linux-gnu/libnss_files-2.19.so
7f3e47fff000-7f3e48000000 rw-p 0000b000 08:01 2361332                    /lib/x86_64-linux-gnu/libnss_files-2.19.so
7f3e48000000-7f3e48813000 rw-p 00000000 00:00 0 
7f3e48813000-7f3e4c000000 ---p 00000000 00:00 0 
7f3e4c000000-7f3e4c001000 r--p 00000000 08:01 6818401                    /usr/lib/locale/ig_NG/LC_NUMERIC
7f3e4c001000-7f3e4c002000 r--p 00000000 08:01 6816780                    /usr/lib/locale/en_US.utf8/LC_TIME
7f3e4c002000-7f3e4c003000 r--p 00000000 08:01 6816775                    /usr/lib/locale/en_US.utf8/LC_MONETARY
7f3e4c003000-7f3e4c004000 r--p 00000000 08:01 6816774                    /usr/lib/locale/en_US.utf8/LC_MESSAGES/SYS_LC_MESSAGES
7f3e4c004000-7f3e4c005000 r--p 00000000 08:01 6817464                    /usr/lib/locale/es_VE.utf8/LC_PAPER
7f3e4c005000-7f3e4c006000 r--p 00000000 08:01 6817994                    /usr/lib/locale/gd_GB.utf8/LC_NAME
7f3e4c006000-7f3e4c01a000 rw-p 00000000 00:00 0 
7f3e4c01a000-7f3e4c13e000 ---p 00000000 00:00 0 
7f3e4c13e000-7f3e4c149000 rw-p 00000000 00:00 0 
7f3e4c149000-7f3e4c1db000 ---p 00000000 00:00 0 
7f3e4c1db000-7f3e4c1dc000 rw-p 00000000 00:00 0 
7f3e4c1dc000-7f3e4c1e6000 r-xp 00000000 08:01 2361343                    /lib/x86_64-linux-gnu/libnss_nis-2.19.so
7f3e4c1e6000-7f3e4c3e5000 ---p 0000a000 08:01 2361343                    /lib/x86_64-linux-gnu/libnss_nis-2.19.so
7f3e4c3e5000-7f3e4c3e6000 r--p 00009000 08:01 2361343                    /lib/x86_64-linux-gnu/libnss_nis-2.19.so
7f3e4c3e6000-7f3e4c3e7000 rw-p 0000a000 08:01 2361343                    /lib/x86_64-linux-gnu/libnss_nis-2.19.so
7f3e4c3e7000-7f3e4c3fc000 r-xp 00000000 08:01 2361326                    /lib/x86_64-linux-gnu/libnsl-2.19.so
7f3e4c3fc000-7f3e4c5fb000 ---p 00015000 08:01 2361326                    /lib/x86_64-linux-gnu/libnsl-2.19.so
7f3e4c5fb000-7f3e4c5fc000 r--p 00014000 08:01 2361326                    /lib/x86_64-linux-gnu/libnsl-2.19.so
7f3e4c5fc000-7f3e4c5fd000 rw-p 00015000 08:01 2361326                    /lib/x86_64-linux-gnu/libnsl-2.19.so
7f3e4c5fd000-7f3e4c5ff000 rw-p 00000000 00:00 0 
7f3e4c5ff000-7f3e4c606000 r-xp 00000000 08:01 2361328                    /lib/x86_64-linux-gnu/libnss_compat-2.19.so
7f3e4c606000-7f3e4c805000 ---p 00007000 08:01 2361328                    /lib/x86_64-linux-gnu/libnss_compat-2.19.so
7f3e4c805000-7f3e4c806000 r--p 00006000 08:01 2361328                    /lib/x86_64-linux-gnu/libnss_compat-2.19.so
7f3e4c806000-7f3e4c807000 rw-p 00007000 08:01 2361328                    /lib/x86_64-linux-gnu/libnss_compat-2.19.so
7f3e4c807000-7f3e4c831000 r-xp 00000000 08:01 7216042                    /usr/lib/jvm/java-8-oracle/jre/lib/amd64/libjava.so
7f3e4c831000-7f3e4ca31000 ---p 0002a000 08:01 7216042                    /usr/lib/jvm/java-8-oracle/jre/lib/amd64/libjava.so
7f3e4ca31000-7f3e4ca33000 rw-p 0002a000 08:01 7216042                    /usr/lib/jvm/java-8-oracle/jre/lib/amd64/libjava.so
7f3e4ca33000-7f3e4ca40000 r-xp 00000000 08:01 7216046                    /usr/lib/jvm/java-8-oracle/jre/lib/amd64/libverify.so
7f3e4ca40000-7f3e4cc40000 ---p 0000d000 08:01 7216046                    /usr/lib/jvm/java-8-oracle/jre/lib/amd64/libverify.so
7f3e4cc40000-7f3e4cc42000 rw-p 0000d000 08:01 7216046                    /usr/lib/jvm/java-8-oracle/jre/lib/amd64/libverify.so
7f3e4cc42000-7f3e4cc49000 r-xp 00000000 08:01 2361378                    /lib/x86_64-linux-gnu/librt-2.19.so
7f3e4cc49000-7f3e4ce48000 ---p 00007000 08:01 2361378                    /lib/x86_64-linux-gnu/librt-2.19.so
7f3e4ce48000-7f3e4ce49000 r--p 00006000 08:01 2361378                    /lib/x86_64-linux-gnu/librt-2.19.so
7f3e4ce49000-7f3e4ce4a000 rw-p 00007000 08:01 2361378                    /lib/x86_64-linux-gnu/librt-2.19.so
7f3e4ce4a000-7f3e4cf4a000 r-xp 00000000 08:01 2361305                    /lib/x86_64-linux-gnu/libm-2.19.so
7f3e4cf4a000-7f3e4d149000 ---p 00100000 08:01 2361305                    /lib/x86_64-linux-gnu/libm-2.19.so
7f3e4d149000-7f3e4d14a000 r--p 000ff000 08:01 2361305                    /lib/x86_64-linux-gnu/libm-2.19.so
7f3e4d14a000-7f3e4d14b000 rw-p 00100000 08:01 2361305                    /lib/x86_64-linux-gnu/libm-2.19.so
7f3e4d14b000-7f3e4de09000 r-xp 00000000 08:01 7216025                    /usr/lib/jvm/java-8-oracle/jre/lib/amd64/server/libjvm.so
7f3e4de09000-7f3e4e008000 ---p 00cbe000 08:01 7216025                    /usr/lib/jvm/java-8-oracle/jre/lib/amd64/server/libjvm.so
7f3e4e008000-7f3e4e0e1000 rw-p 00cbd000 08:01 7216025                    /usr/lib/jvm/java-8-oracle/jre/lib/amd64/server/libjvm.so
7f3e4e0e1000-7f3e4e125000 rw-p 00000000 00:00 0 
7f3e4e125000-7f3e4e2c4000 r-xp 00000000 08:01 2361245                    /lib/x86_64-linux-gnu/libc-2.19.so
7f3e4e2c4000-7f3e4e4c4000 ---p 0019f000 08:01 2361245                    /lib/x86_64-linux-gnu/libc-2.19.so
7f3e4e4c4000-7f3e4e4c8000 r--p 0019f000 08:01 2361245                    /lib/x86_64-linux-gnu/libc-2.19.so
7f3e4e4c8000-7f3e4e4ca000 rw-p 001a3000 08:01 2361245                    /lib/x86_64-linux-gnu/libc-2.19.so
7f3e4e4ca000-7f3e4e4ce000 rw-p 00000000 00:00 0 
7f3e4e4ce000-7f3e4e4d1000 r-xp 00000000 08:01 2361261                    /lib/x86_64-linux-gnu/libdl-2.19.so
7f3e4e4d1000-7f3e4e6d0000 ---p 00003000 08:01 2361261                    /lib/x86_64-linux-gnu/libdl-2.19.so
7f3e4e6d0000-7f3e4e6d1000 r--p 00002000 08:01 2361261                    /lib/x86_64-linux-gnu/libdl-2.19.so
7f3e4e6d1000-7f3e4e6d2000 rw-p 00003000 08:01 2361261                    /lib/x86_64-linux-gnu/libdl-2.19.so
7f3e4e6d2000-7f3e4e6e7000 r-xp 00000000 08:01 7216020                    /usr/lib/jvm/java-8-oracle/jre/lib/amd64/jli/libjli.so
7f3e4e6e7000-7f3e4e8e7000 ---p 00015000 08:01 7216020                    /usr/lib/jvm/java-8-oracle/jre/lib/amd64/jli/libjli.so
7f3e4e8e7000-7f3e4e8e8000 rw-p 00015000 08:01 7216020                    /usr/lib/jvm/java-8-oracle/jre/lib/amd64/jli/libjli.so
7f3e4e8e8000-7f3e4e900000 r-xp 00000000 08:01 2361370                    /lib/x86_64-linux-gnu/libpthread-2.19.so
7f3e4e900000-7f3e4eaff000 ---p 00018000 08:01 2361370                    /lib/x86_64-linux-gnu/libpthread-2.19.so
7f3e4eaff000-7f3e4eb00000 r--p 00017000 08:01 2361370                    /lib/x86_64-linux-gnu/libpthread-2.19.so
7f3e4eb00000-7f3e4eb01000 rw-p 00018000 08:01 2361370                    /lib/x86_64-linux-gnu/libpthread-2.19.so
7f3e4eb01000-7f3e4eb05000 rw-p 00000000 00:00 0 
7f3e4eb05000-7f3e4eb25000 r-xp 00000000 08:01 2361219                    /lib/x86_64-linux-gnu/ld-2.19.so
7f3e4eb25000-7f3e4ebf6000 rw-p 00000000 00:00 0 
7f3e4ebf6000-7f3e4ebf9000 ---p 00000000 00:00 0 
7f3e4ebf9000-7f3e4ecfb000 rw-p 00000000 00:00 0                          [stack:30793]
7f3e4ecfb000-7f3e4ecfc000 r--p 00000000 08:01 6816768                    /usr/lib/locale/en_US.utf8/LC_ADDRESS
7f3e4ecfc000-7f3e4ecfd000 r--p 00000000 08:01 6816779                    /usr/lib/locale/en_US.utf8/LC_TELEPHONE
7f3e4ecfd000-7f3e4ecfe000 r--p 00000000 08:01 6817318                    /usr/lib/locale/es_PR.utf8/LC_MEASUREMENT
7f3e4ecfe000-7f3e4ed05000 r--s 00000000 08:01 7473973                    /usr/lib/x86_64-linux-gnu/gconv/gconv-modules.cache
7f3e4ed05000-7f3e4ed06000 r--p 00000000 08:01 6816771                    /usr/lib/locale/en_US.utf8/LC_IDENTIFICATION
7f3e4ed06000-7f3e4ed19000 rw-p 00000000 00:00 0 
7f3e4ed19000-7f3e4ed21000 rw-s 00000000 08:01 4194386                    /tmp/hsperfdata_root/30792
7f3e4ed21000-7f3e4ed22000 rw-p 00000000 00:00 0 
7f3e4ed22000-7f3e4ed23000 r--p 00000000 00:00 0 
7f3e4ed23000-7f3e4ed25000 rw-p 00000000 00:00 0 
7f3e4ed25000-7f3e4ed26000 r--p 00020000 08:01 2361219                    /lib/x86_64-linux-gnu/ld-2.19.so
7f3e4ed26000-7f3e4ed27000 rw-p 00021000 08:01 2361219                    /lib/x86_64-linux-gnu/ld-2.19.so
7f3e4ed27000-7f3e4ed28000 rw-p 00000000 00:00 0 
7ffd93f45000-7ffd93f66000 rw-p 00000000 00:00 0                          [stack]
7ffd93fd0000-7ffd93fd2000 r--p 00000000 00:00 0                          [vvar]
7ffd93fd2000-7ffd93fd4000 r-xp 00000000 00:00 0                          [vdso]
ffffffffff600000-ffffffffff601000 r-xp 00000000 00:00 0                  [vsyscall]

VM Arguments:
java_command: run.jar
java_class_path (initial): run.jar
Launcher Type: SUN_STANDARD

Environment Variables:
PATH=/usr/local/sbin:/usr/local/bin:/usr/sbin:/usr/bin:/sbin:/bin
USERNAME=root
SHELL=/bin/bash
DISPLAY=:0

Signal Handlers:
SIGSEGV: [libjvm.so+0xaba2a0], sa_mask[0]=11111111011111111101111111111110, sa_flags=SA_RESTART|SA_SIGINFO
SIGBUS: [libjvm.so+0xaba2a0], sa_mask[0]=11111111011111111101111111111110, sa_flags=SA_RESTART|SA_SIGINFO
SIGFPE: [libjvm.so+0x917710], sa_mask[0]=11111111011111111101111111111110, sa_flags=SA_RESTART|SA_SIGINFO
SIGPIPE: [libjvm.so+0x917710], sa_mask[0]=11111111011111111101111111111110, sa_flags=SA_RESTART|SA_SIGINFO
SIGXFSZ: [libjvm.so+0x917710], sa_mask[0]=11111111011111111101111111111110, sa_flags=SA_RESTART|SA_SIGINFO
SIGILL: [libjvm.so+0x917710], sa_mask[0]=11111111011111111101111111111110, sa_flags=SA_RESTART|SA_SIGINFO
SIGUSR1: SIG_DFL, sa_mask[0]=00000000000000000000000000000000, sa_flags=none
SIGUSR2: [libjvm.so+0x918d40], sa_mask[0]=00000000000000000000000000000000, sa_flags=SA_RESTART|SA_SIGINFO
SIGHUP: [libjvm.so+0x91a140], sa_mask[0]=11111111011111111101111111111110, sa_flags=SA_RESTART|SA_SIGINFO
SIGINT: [libjvm.so+0x91a140], sa_mask[0]=11111111011111111101111111111110, sa_flags=SA_RESTART|SA_SIGINFO
SIGTERM: [libjvm.so+0x91a140], sa_mask[0]=11111111011111111101111111111110, sa_flags=SA_RESTART|SA_SIGINFO
SIGQUIT: [libjvm.so+0x91a140], sa_mask[0]=11111111011111111101111111111110, sa_flags=SA_RESTART|SA_SIGINFO


---------------  S Y S T E M  ---------------

OS:DISTRIB_ID=Kali
DISTRIB_RELEASE=2.0
DISTRIB_CODENAME=sana
DISTRIB_DESCRIPTION="Kali GNU/Linux 2.0"

uname:Linux 4.0.0-kali1-amd64 #1 SMP Debian 4.0.4-1+kali2 (2015-06-03) x86_64
libc:glibc 2.19 NPTL 2.19 
rlimit: STACK 8192k, CORE 0k, NPROC 14918, NOFILE 65536, AS infinity
load average:0.16 0.30 0.30

/proc/meminfo:
MemTotal:        3840348 kB
MemFree:          657120 kB
MemAvailable:    2058048 kB
Buffers:          296272 kB
Cached:          1395668 kB
SwapCached:            0 kB
Active:          2255768 kB
Inactive:         705652 kB
Active(anon):    1254160 kB
Inactive(anon):   202368 kB
Active(file):    1001608 kB
Inactive(file):   503284 kB
Unevictable:           0 kB
Mlocked:               0 kB
SwapTotal:       7959548 kB
SwapFree:        7950980 kB
Dirty:               460 kB
Writeback:             0 kB
AnonPages:       1269580 kB
Mapped:           262004 kB
Shmem:            187052 kB
Slab:             159644 kB
SReclaimable:     129940 kB
SUnreclaim:        29704 kB
KernelStack:        6288 kB
PageTables:        26048 kB
NFS_Unstable:          0 kB
Bounce:                0 kB
WritebackTmp:          0 kB
CommitLimit:     9879720 kB
Committed_AS:    3925736 kB
VmallocTotal:   34359738367 kB
VmallocUsed:      546724 kB
VmallocChunk:   34359185600 kB
HardwareCorrupted:     0 kB
AnonHugePages:         0 kB
HugePages_Total:       0
HugePages_Free:        0
HugePages_Rsvd:        0
HugePages_Surp:        0
Hugepagesize:       2048 kB
DirectMap4k:      128780 kB
DirectMap2M:     3852288 kB


CPU:total 4 (2 cores per cpu, 2 threads per core) family 6 model 37 stepping 5, cmov, cx8, fxsr, mmx, sse, sse2, sse3, ssse3, sse4.1, sse4.2, popcnt, aes, clmul, ht, tsc, tscinvbit

/proc/cpuinfo:
processor	: 0
vendor_id	: GenuineIntel
cpu family	: 6
model		: 37
model name	: Intel(R) Core(TM) i7 CPU       L 640  @ 2.13GHz
stepping	: 5
microcode	: 0x4
cpu MHz		: 1466.000
cache size	: 4096 KB
physical id	: 0
siblings	: 4
core id		: 0
cpu cores	: 2
apicid		: 0
initial apicid	: 0
fpu		: yes
fpu_exception	: yes
cpuid level	: 11
wp		: yes
flags		: fpu vme de pse tsc msr pae mce cx8 apic sep mtrr pge mca cmov pat pse36 clflush dts acpi mmx fxsr sse sse2 ss ht tm pbe syscall nx rdtscp lm constant_tsc arch_perfmon pebs bts rep_good nopl xtopology nonstop_tsc aperfmperf pni pclmulqdq dtes64 monitor ds_cpl vmx smx est tm2 ssse3 cx16 xtpr pdcm pcid sse4_1 sse4_2 popcnt aes lahf_lm ida arat dtherm tpr_shadow vnmi flexpriority ept vpid
bugs		:
bogomips	: 4255.88
clflush size	: 64
cache_alignment	: 64
address sizes	: 36 bits physical, 48 bits virtual
power management:

processor	: 1
vendor_id	: GenuineIntel
cpu family	: 6
model		: 37
model name	: Intel(R) Core(TM) i7 CPU       L 640  @ 2.13GHz
stepping	: 5
microcode	: 0x4
cpu MHz		: 1466.000
cache size	: 4096 KB
physical id	: 0
siblings	: 4
core id		: 0
cpu cores	: 2
apicid		: 1
initial apicid	: 1
fpu		: yes
fpu_exception	: yes
cpuid level	: 11
wp		: yes
flags		: fpu vme de pse tsc msr pae mce cx8 apic sep mtrr pge mca cmov pat pse36 clflush dts acpi mmx fxsr sse sse2 ss ht tm pbe syscall nx rdtscp lm constant_tsc arch_perfmon pebs bts rep_good nopl xtopology nonstop_tsc aperfmperf pni pclmulqdq dtes64 monitor ds_cpl vmx smx est tm2 ssse3 cx16 xtpr pdcm pcid sse4_1 sse4_2 popcnt aes lahf_lm ida arat dtherm tpr_shadow vnmi flexpriority ept vpid
bugs		:
bogomips	: 4255.88
clflush size	: 64
cache_alignment	: 64
address sizes	: 36 bits physical, 48 bits virtual
power management:

processor	: 2
vendor_id	: GenuineIntel
cpu family	: 6
model		: 37
model name	: Intel(R) Core(TM) i7 CPU       L 640  @ 2.13GHz
stepping	: 5
microcode	: 0x4
cpu MHz		: 1999.000
cache size	: 4096 KB
physical id	: 0
siblings	: 4
core id		: 2
cpu cores	: 2
apicid		: 4
initial apicid	: 4
fpu		: yes
fpu_exception	: yes
cpuid level	: 11
wp		: yes
flags		: fpu vme de pse tsc msr pae mce cx8 apic sep mtrr pge mca cmov pat pse36 clflush dts acpi mmx fxsr sse sse2 ss ht tm pbe syscall nx rdtscp lm constant_tsc arch_perfmon pebs bts rep_good nopl xtopology nonstop_tsc aperfmperf pni pclmulqdq dtes64 monitor ds_cpl vmx smx est tm2 ssse3 cx16 xtpr pdcm pcid sse4_1 sse4_2 popcnt aes lahf_lm ida arat dtherm tpr_shadow vnmi flexpriority ept vpid
bugs		:
bogomips	: 4255.88
clflush size	: 64
cache_alignment	: 64
address sizes	: 36 bits physical, 48 bits virtual
power management:

processor	: 3
vendor_id	: GenuineIntel
cpu family	: 6
model		: 37
model name	: Intel(R) Core(TM) i7 CPU       L 640  @ 2.13GHz
stepping	: 5
microcode	: 0x4
cpu MHz		: 1999.000
cache size	: 4096 KB
physical id	: 0
siblings	: 4
core id		: 2
cpu cores	: 2
apicid		: 5
initial apicid	: 5
fpu		: yes
fpu_exception	: yes
cpuid level	: 11
wp		: yes
flags		: fpu vme de pse tsc msr pae mce cx8 apic sep mtrr pge mca cmov pat pse36 clflush dts acpi mmx fxsr sse sse2 ss ht tm pbe syscall nx rdtscp lm constant_tsc arch_perfmon pebs bts rep_good nopl xtopology nonstop_tsc aperfmperf pni pclmulqdq dtes64 monitor ds_cpl vmx smx est tm2 ssse3 cx16 xtpr pdcm pcid sse4_1 sse4_2 popcnt aes lahf_lm ida arat dtherm tpr_shadow vnmi flexpriority ept vpid
bugs		:
bogomips	: 4255.88
clflush size	: 64
cache_alignment	: 64
address sizes	: 36 bits physical, 48 bits virtual
power management:



Memory: 4k page, physical 3840348k(657120k free), swap 7959548k(7950980k free)

vm_info: Java HotSpot(TM) 64-Bit Server VM (25.66-b17) for linux-amd64 JRE (1.8.0_66-b17), built on Oct  6 2015 17:28:34 by "java_re" with gcc 4.3.0 20080428 (Red Hat 4.3.0-8)

time: Mon Jan  4 10:18:39 2016
elapsed time: 0 seconds (0d 0h 0m 0s)

