#
# A fatal error has been detected by the Java Runtime Environment:
#
#  SIGSEGV (0xb) at pc=0x00007f00ed971720, pid=21416, tid=139641974630144
#
# JRE version: Java(TM) SE Runtime Environment (8.0_66-b17) (build 1.8.0_66-b17)
# Java VM: Java HotSpot(TM) 64-Bit Server VM (25.66-b17 mixed mode linux-amd64 compressed oops)
# Problematic frame:
# C  [libc.so.6+0x90720]
#
# Failed to write core dump. Core dumps have been disabled. To enable core dumping, try "ulimit -c unlimited" before starting Java again
#
# If you would like to submit a bug report, please visit:
#   http://bugreport.java.com/bugreport/crash.jsp
# The crash happened outside the Java Virtual Machine in native code.
# See problematic frame for where to report the bug.
#

---------------  T H R E A D  ---------------

Current thread (0x00007f00e8009800):  JavaThread "main" [_thread_in_native, id=21417, stack(0x00007f00ee3b2000,0x00007f00ee4b3000)]

siginfo: si_signo: 11 (SIGSEGV), si_code: 1 (SEGV_MAPERR), si_addr: 0x0000000000000000

Registers:
RAX=0xffff80ff30d3aef0, RBX=0x0000000000000000, RCX=0x0000000000000120, RDX=0x0000000000000090
RSP=0x00007f00ee4b12e8, RBP=0x0000000000000008, RSI=0x0000000000000000, RDI=0x00007f00cf2c5080
R8 =0x00007f00e82e9840, R9 =0x0000000000000010, R10=0x0000000000000000, R11=0x0000000000000008
R12=0x0000000000000090, R13=0x0000000000000010, R14=0x00007f00e82e9838, R15=0x0000000000000010
RIP=0x00007f00ed971720, EFLAGS=0x0000000000010202, CSGSFS=0x0000000000000033, ERR=0x0000000000000004
  TRAPNO=0x000000000000000e

Top of Stack: (sp=0x00007f00ee4b12e8)
0x00007f00ee4b12e8:   00007f00c71ad186 0000000000000000
0x00007f00ee4b12f8:   0000000900000100 0000000100000000
0x00007f00ee4b1308:   00007f00e82c59d8 00007f00e82e9628
0x00007f00ee4b1318:   00007f00e82e9838 00007f00e82e9658
0x00007f00ee4b1328:   0000000000000002 0000000000000010
0x00007f00ee4b1338:   00007f00c71adbfe ffffffffffffffff
0x00007f00ee4b1348:   00007f00e82e9b50 0000000000000000
0x00007f00ee4b1358:   0000000000000000 ffffffff00000000
0x00007f00ee4b1368:   0000000800000008 00007f00e82e9628
0x00007f00ee4b1378:   00007f00e82e9658 ffffffffffffffff
0x00007f00ee4b1388:   ffffffffffffffff ffffffffffffffff
0x00007f00ee4b1398:   00007f00e82c59d8 0000000000000000
0x00007f00ee4b13a8:   00007f00e8404420 0000000000000000
0x00007f00ee4b13b8:   0000000000000000 00007f00e84041e0
0x00007f00ee4b13c8:   00007f00c6c7135b 0000000000000000
0x00007f00ee4b13d8:   ffffffffffffffff 1680021400000fe4
0x00007f00ee4b13e8:   00007f00c7180282 00007f00e82c59d8
0x00007f00ee4b13f8:   0000000000000000 0000000000000000
0x00007f00ee4b1408:   00007f00c71e38fd 00007f00e858ce80
0x00007f00ee4b1418:   00007f00e84041e0 0000000000000000
0x00007f00ee4b1428:   0000000000000000 00007f00e87aade0
0x00007f00ee4b1438:   0000000000000000 00007f00e84041e0
0x00007f00ee4b1448:   0000000000000001 00007f00e82c59d8
0x00007f00ee4b1458:   00000000000001e0 00007f00e84041e0
0x00007f00ee4b1468:   00007f00c71e29e0 0000000000000000
0x00007f00ee4b1478:   742837e75771cc00 0000000000007e40
0x00007f00ee4b1488:   00007f00e82c59d8 00007f00c75d4218
0x00007f00ee4b1498:   0000000000000025 00007f00ee4b1610
0x00007f00ee4b14a8:   0000000000000000 00007f00c75d4218
0x00007f00ee4b14b8:   00007f00c71add06 0922208060003f01
0x00007f00ee4b14c8:   00007f00e82c59d8 00007f00c75d4218
0x00007f00ee4b14d8:   0000000000000025 00007f00ee4b1610 

Instructions: (pc=0x00007f00ed971720)
0x00007f00ed971700:   48 89 f0 48 8d 0c 12 48 29 f8 48 29 d0 48 39 c8
0x00007f00ed971710:   0f 82 07 01 00 00 48 83 fa 10 0f 86 8b 01 00 00
0x00007f00ed971720:   f3 44 0f 6f 06 48 83 fa 20 f3 44 0f 7f 07 f3 44
0x00007f00ed971730:   0f 6f 44 16 f0 f3 44 0f 7f 44 17 f0 77 12 48 89 

Register to memory mapping:

RAX=0xffff80ff30d3aef0 is an unknown value
RBX=0x0000000000000000 is an unknown value
RCX=0x0000000000000120 is an unknown value
RDX=0x0000000000000090 is an unknown value
RSP=0x00007f00ee4b12e8 is pointing into the stack for thread: 0x00007f00e8009800
RBP=0x0000000000000008 is an unknown value
RSI=0x0000000000000000 is an unknown value
RDI=0x00007f00cf2c5080 is an unknown value
R8 =0x00007f00e82e9840 is an unknown value
R9 =0x0000000000000010 is an unknown value
R10=0x0000000000000000 is an unknown value
R11=0x0000000000000008 is an unknown value
R12=0x0000000000000090 is an unknown value
R13=0x0000000000000010 is an unknown value
R14=0x00007f00e82e9838 is an unknown value
R15=0x0000000000000010 is an unknown value


Stack: [0x00007f00ee3b2000,0x00007f00ee4b3000],  sp=0x00007f00ee4b12e8,  free space=1020k
Native frames: (J=compiled Java code, j=interpreted, Vv=VM code, C=native code)
C  [libc.so.6+0x90720]

Java frames: (J=compiled Java code, j=interpreted, Vv=VM code)
j  org.lwjgl.system.JNI.callIIIV(JIII)V+0
j  org.lwjgl.opengl.GL11.glDrawArrays(III)V+11
j  ObjectRenderer.render()V+21
j  Client.render()V+52
j  Client.loop()V+22
j  Client.run()V+5
j  ClientLoader.main([Ljava/lang/String;)V+25
v  ~StubRoutines::call_stub

---------------  P R O C E S S  ---------------

Java Threads: ( => current thread )
  0x00007f00e818d000 JavaThread "Service Thread" daemon [_thread_blocked, id=21429, stack(0x00007f00cf88b000,0x00007f00cf98c000)]
  0x00007f00e8188000 JavaThread "C1 CompilerThread2" daemon [_thread_blocked, id=21428, stack(0x00007f00cf98c000,0x00007f00cfa8d000)]
  0x00007f00e8186800 JavaThread "C2 CompilerThread1" daemon [_thread_blocked, id=21427, stack(0x00007f00cfa8d000,0x00007f00cfb8e000)]
  0x00007f00e8183800 JavaThread "C2 CompilerThread0" daemon [_thread_blocked, id=21426, stack(0x00007f00cfb8e000,0x00007f00cfc8f000)]
  0x00007f00e8182000 JavaThread "Signal Dispatcher" daemon [_thread_blocked, id=21425, stack(0x00007f00cfc8f000,0x00007f00cfd90000)]
  0x00007f00e8145800 JavaThread "Finalizer" daemon [_thread_blocked, id=21424, stack(0x00007f00cfeff000,0x00007f00d0000000)]
  0x00007f00e8143800 JavaThread "Reference Handler" daemon [_thread_blocked, id=21423, stack(0x00007f00d4027000,0x00007f00d4128000)]
=>0x00007f00e8009800 JavaThread "main" [_thread_in_native, id=21417, stack(0x00007f00ee3b2000,0x00007f00ee4b3000)]

Other Threads:
  0x00007f00e813e800 VMThread [stack: 0x00007f00d4128000,0x00007f00d4229000] [id=21422]
  0x00007f00e8190000 WatcherThread [stack: 0x00007f00cf78a000,0x00007f00cf88b000] [id=21430]

VM state:not at safepoint (normal execution)

VM Mutex/Monitor currently owned by a thread: None

Heap:
 PSYoungGen      total 17920K, used 12235K [0x00000000ec780000, 0x00000000edb80000, 0x0000000100000000)
  eden space 15360K, 79% used [0x00000000ec780000,0x00000000ed372f00,0x00000000ed680000)
  from space 2560K, 0% used [0x00000000ed900000,0x00000000ed900000,0x00000000edb80000)
  to   space 2560K, 0% used [0x00000000ed680000,0x00000000ed680000,0x00000000ed900000)
 ParOldGen       total 40960K, used 0K [0x00000000c5600000, 0x00000000c7e00000, 0x00000000ec780000)
  object space 40960K, 0% used [0x00000000c5600000,0x00000000c5600000,0x00000000c7e00000)
 Metaspace       used 6971K, capacity 8280K, committed 8576K, reserved 1056768K
  class space    used 517K, capacity 584K, committed 640K, reserved 1048576K

Card table byte_map: [0x00007f00ec019000,0x00007f00ec1ef000] byte_map_base: 0x00007f00eb9ee000

Marking Bits: (ParMarkBitMap*) 0x00007f00ed8b6020
 Begin Bits: [0x00007f00d5d35000, 0x00007f00d6bdd000)
 End Bits:   [0x00007f00d6bdd000, 0x00007f00d7a85000)

Polling page: 0x00007f00ee4de000

CodeCache: size=245760Kb used=1902Kb max_used=1912Kb free=243857Kb
 bounds [0x00007f00d8382000, 0x00007f00d85f2000, 0x00007f00e7382000]
 total_blobs=929 nmethods=284 adapters=560
 compilation: enabled

Compilation events (10 events):
Event: 0.501 Thread 0x00007f00e8188000  279       3       java.lang.ClassLoader::loadClass (7 bytes)
Event: 0.501 Thread 0x00007f00e8186800 nmethod 278 0x00007f00d855ab50 code [0x00007f00d855aca0, 0x00007f00d855aeb8]
Event: 0.501 Thread 0x00007f00e8186800  283       4       java.util.concurrent.ConcurrentHashMap::casTabAt (20 bytes)
Event: 0.501 Thread 0x00007f00e8188000 nmethod 279 0x00007f00d855a750 code [0x00007f00d855a8c0, 0x00007f00d855aac8]
Event: 0.501 Thread 0x00007f00e8188000  280       3       sun.misc.Launcher$AppClassLoader::loadClass (85 bytes)
Event: 0.502 Thread 0x00007f00e8186800 nmethod 283 0x00007f00d855a550 code [0x00007f00d855a680, 0x00007f00d855a6f8]
Event: 0.503 Thread 0x00007f00e8188000 nmethod 280 0x00007f00d855b4d0 code [0x00007f00d855b700, 0x00007f00d855c408]
Event: 0.503 Thread 0x00007f00e8188000  281  s    3       sun.misc.URLClassPath::knownToNotExist (24 bytes)
Event: 0.503 Thread 0x00007f00e8188000 nmethod 281 0x00007f00d855ed90 code [0x00007f00d855ef00, 0x00007f00d855f2c8]
Event: 0.503 Thread 0x00007f00e8183800 nmethod 282 0x00007f00d855a310 code [0x00007f00d855a440, 0x00007f00d855a498]

GC Heap History (0 events):
No events

Deoptimization events (0 events):
No events

Internal exceptions (2 events):
Event: 0.042 Thread 0x00007f00e8009800 Exception <a 'java/lang/NoSuchMethodError': Method sun.misc.Unsafe.defineClass(Ljava/lang/String;[BII)Ljava/lang/Class; name or signature does not match> (0x00000000ec792b98) thrown at [/HUDSON/workspace/8-2-build-linux-amd64/jdk8u66/4988/hotspot/src/shar
Event: 0.042 Thread 0x00007f00e8009800 Exception <a 'java/lang/NoSuchMethodError': Method sun.misc.Unsafe.prefetchRead(Ljava/lang/Object;J)V name or signature does not match> (0x00000000ec792e80) thrown at [/HUDSON/workspace/8-2-build-linux-amd64/jdk8u66/4988/hotspot/src/share/vm/prims/jni.cpp

Events (10 events):
Event: 0.500 loading class java/io/IOException
Event: 0.500 loading class java/io/IOException done
Event: 0.501 loading class org/lwjgl/stb/STBTTAlignedQuad
Event: 0.501 loading class org/lwjgl/stb/STBTTAlignedQuad done
Event: 0.502 loading class ObjectRenderer
Event: 0.502 loading class ObjectRenderer done
Event: 0.503 loading class org/lwjgl/glfw/GLFWKeyCallback$1
Event: 0.503 loading class org/lwjgl/glfw/GLFWKeyCallback$1 done
Event: 0.506 loading class Client$1
Event: 0.506 loading class Client$1 done


Dynamic libraries:
00400000-00401000 r-xp 00000000 08:01 7085876                            /usr/lib/jvm/java-8-oracle/jre/bin/java
00600000-00601000 rw-p 00000000 08:01 7085876                            /usr/lib/jvm/java-8-oracle/jre/bin/java
0193f000-01960000 rw-p 00000000 00:00 0                                  [heap]
c5600000-c7e00000 rw-p 00000000 00:00 0 
c7e00000-ec780000 ---p 00000000 00:00 0 
ec780000-edb80000 rw-p 00000000 00:00 0 
edb80000-100000000 ---p 00000000 00:00 0 
100000000-1000a0000 rw-p 00000000 00:00 0 
1000a0000-140000000 ---p 00000000 00:00 0 
7f0098000000-7f0098021000 rw-p 00000000 00:00 0 
7f0098021000-7f009c000000 ---p 00000000 00:00 0 
7f009c000000-7f009c021000 rw-p 00000000 00:00 0 
7f009c021000-7f00a0000000 ---p 00000000 00:00 0 
7f00a0000000-7f00a002f000 rw-p 00000000 00:00 0 
7f00a002f000-7f00a4000000 ---p 00000000 00:00 0 
7f00a4000000-7f00a41d3000 rw-p 00000000 00:00 0 
7f00a41d3000-7f00a8000000 ---p 00000000 00:00 0 
7f00a8000000-7f00a8021000 rw-p 00000000 00:00 0 
7f00a8021000-7f00ac000000 ---p 00000000 00:00 0 
7f00ac000000-7f00ac105000 rw-p 00000000 00:00 0 
7f00ac105000-7f00b0000000 ---p 00000000 00:00 0 
7f00b0000000-7f00b0021000 rw-p 00000000 00:00 0 
7f00b0021000-7f00b4000000 ---p 00000000 00:00 0 
7f00b4000000-7f00b4021000 rw-p 00000000 00:00 0 
7f00b4021000-7f00b8000000 ---p 00000000 00:00 0 
7f00b8000000-7f00b8021000 rw-p 00000000 00:00 0 
7f00b8021000-7f00bc000000 ---p 00000000 00:00 0 
7f00bc000000-7f00bc021000 rw-p 00000000 00:00 0 
7f00bc021000-7f00c0000000 ---p 00000000 00:00 0 
7f00c0000000-7f00c0021000 rw-p 00000000 00:00 0 
7f00c0021000-7f00c4000000 ---p 00000000 00:00 0 
7f00c4b3b000-7f00c5cd9000 rw-p 00000000 00:00 0 
7f00c5cd9000-7f00c5d10000 r-xp 00000000 08:01 7476861                    /usr/lib/x86_64-linux-gnu/libtxc_dxtn_s2tc.so.0.0.0
7f00c5d10000-7f00c5f0f000 ---p 00037000 08:01 7476861                    /usr/lib/x86_64-linux-gnu/libtxc_dxtn_s2tc.so.0.0.0
7f00c5f0f000-7f00c5f10000 r--p 00036000 08:01 7476861                    /usr/lib/x86_64-linux-gnu/libtxc_dxtn_s2tc.so.0.0.0
7f00c5f10000-7f00c5f11000 rw-p 00037000 08:01 7476861                    /usr/lib/x86_64-linux-gnu/libtxc_dxtn_s2tc.so.0.0.0
7f00c5f11000-7f00c5f2b000 r-xp 00000000 08:01 2361412                    /lib/x86_64-linux-gnu/libz.so.1.2.8
7f00c5f2b000-7f00c612a000 ---p 0001a000 08:01 2361412                    /lib/x86_64-linux-gnu/libz.so.1.2.8
7f00c612a000-7f00c612b000 r--p 00019000 08:01 2361412                    /lib/x86_64-linux-gnu/libz.so.1.2.8
7f00c612b000-7f00c612c000 rw-p 0001a000 08:01 2361412                    /lib/x86_64-linux-gnu/libz.so.1.2.8
7f00c612c000-7f00c6134000 r-xp 00000000 08:01 7476483                    /usr/lib/x86_64-linux-gnu/libpciaccess.so.0.11.1
7f00c6134000-7f00c6334000 ---p 00008000 08:01 7476483                    /usr/lib/x86_64-linux-gnu/libpciaccess.so.0.11.1
7f00c6334000-7f00c6335000 r--p 00008000 08:01 7476483                    /usr/lib/x86_64-linux-gnu/libpciaccess.so.0.11.1
7f00c6335000-7f00c6336000 rw-p 00009000 08:01 7476483                    /usr/lib/x86_64-linux-gnu/libpciaccess.so.0.11.1
7f00c6336000-7f00c634c000 r-xp 00000000 08:01 2361273                    /lib/x86_64-linux-gnu/libgcc_s.so.1
7f00c634c000-7f00c654b000 ---p 00016000 08:01 2361273                    /lib/x86_64-linux-gnu/libgcc_s.so.1
7f00c654b000-7f00c654c000 rw-p 00015000 08:01 2361273                    /lib/x86_64-linux-gnu/libgcc_s.so.1
7f00c654c000-7f00c6638000 r-xp 00000000 08:01 7476755                    /usr/lib/x86_64-linux-gnu/libstdc++.so.6.0.20
7f00c6638000-7f00c6838000 ---p 000ec000 08:01 7476755                    /usr/lib/x86_64-linux-gnu/libstdc++.so.6.0.20
7f00c6838000-7f00c6840000 r--p 000ec000 08:01 7476755                    /usr/lib/x86_64-linux-gnu/libstdc++.so.6.0.20
7f00c6840000-7f00c6842000 rw-p 000f4000 08:01 7476755                    /usr/lib/x86_64-linux-gnu/libstdc++.so.6.0.20
7f00c6842000-7f00c6857000 rw-p 00000000 00:00 0 
7f00c6857000-7f00c6863000 r-xp 00000000 08:01 7475559                    /usr/lib/x86_64-linux-gnu/libdrm_radeon.so.1.0.1
7f00c6863000-7f00c6a62000 ---p 0000c000 08:01 7475559                    /usr/lib/x86_64-linux-gnu/libdrm_radeon.so.1.0.1
7f00c6a62000-7f00c6a63000 r--p 0000b000 08:01 7475559                    /usr/lib/x86_64-linux-gnu/libdrm_radeon.so.1.0.1
7f00c6a63000-7f00c6a64000 rw-p 0000c000 08:01 7475559                    /usr/lib/x86_64-linux-gnu/libdrm_radeon.so.1.0.1
7f00c6a64000-7f00c6a6a000 r-xp 00000000 08:01 7475555                    /usr/lib/x86_64-linux-gnu/libdrm_nouveau.so.2.0.0
7f00c6a6a000-7f00c6c69000 ---p 00006000 08:01 7475555                    /usr/lib/x86_64-linux-gnu/libdrm_nouveau.so.2.0.0
7f00c6c69000-7f00c6c6a000 r--p 00005000 08:01 7475555                    /usr/lib/x86_64-linux-gnu/libdrm_nouveau.so.2.0.0
7f00c6c6a000-7f00c6c6b000 rw-p 00006000 08:01 7475555                    /usr/lib/x86_64-linux-gnu/libdrm_nouveau.so.2.0.0
7f00c6c6b000-7f00c6c8c000 r-xp 00000000 08:01 7475551                    /usr/lib/x86_64-linux-gnu/libdrm_intel.so.1.0.0
7f00c6c8c000-7f00c6e8b000 ---p 00021000 08:01 7475551                    /usr/lib/x86_64-linux-gnu/libdrm_intel.so.1.0.0
7f00c6e8b000-7f00c6e8c000 r--p 00020000 08:01 7475551                    /usr/lib/x86_64-linux-gnu/libdrm_intel.so.1.0.0
7f00c6e8c000-7f00c6e8d000 rw-p 00021000 08:01 7475551                    /usr/lib/x86_64-linux-gnu/libdrm_intel.so.1.0.0
7f00c6e8d000-7f00c73ab000 r-xp 00000000 08:01 7473403                    /usr/lib/x86_64-linux-gnu/dri/i965_dri.so
7f00c73ab000-7f00c75ab000 ---p 0051e000 08:01 7473403                    /usr/lib/x86_64-linux-gnu/dri/i965_dri.so
7f00c75ab000-7f00c75c7000 r--p 0051e000 08:01 7473403                    /usr/lib/x86_64-linux-gnu/dri/i965_dri.so
7f00c75c7000-7f00c75cd000 rw-p 0053a000 08:01 7473403                    /usr/lib/x86_64-linux-gnu/dri/i965_dri.so
7f00c75cd000-7f00c75d8000 rw-p 00000000 00:00 0 
7f00c75d8000-7f00c75e6000 r-xp 00000000 08:01 2361397                    /lib/x86_64-linux-gnu/libudev.so.1.5.0
7f00c75e6000-7f00c77e5000 ---p 0000e000 08:01 2361397                    /lib/x86_64-linux-gnu/libudev.so.1.5.0
7f00c77e5000-7f00c77e6000 r--p 0000d000 08:01 2361397                    /lib/x86_64-linux-gnu/libudev.so.1.5.0
7f00c77e6000-7f00c77e7000 rw-p 0000e000 08:01 2361397                    /lib/x86_64-linux-gnu/libudev.so.1.5.0
7f00c77e7000-7f00c77f3000 r-xp 00000000 08:01 7475547                    /usr/lib/x86_64-linux-gnu/libdrm.so.2.4.0
7f00c77f3000-7f00c79f2000 ---p 0000c000 08:01 7475547                    /usr/lib/x86_64-linux-gnu/libdrm.so.2.4.0
7f00c79f2000-7f00c79f3000 r--p 0000b000 08:01 7475547                    /usr/lib/x86_64-linux-gnu/libdrm.so.2.4.0
7f00c79f3000-7f00c79f4000 rw-p 0000c000 08:01 7475547                    /usr/lib/x86_64-linux-gnu/libdrm.so.2.4.0
7f00c79f4000-7f00c79f5000 r-xp 00000000 08:01 7477146                    /usr/lib/x86_64-linux-gnu/libxshmfence.so.1.0.0
7f00c79f5000-7f00c7bf4000 ---p 00001000 08:01 7477146                    /usr/lib/x86_64-linux-gnu/libxshmfence.so.1.0.0
7f00c7bf4000-7f00c7bf5000 r--p 00000000 08:01 7477146                    /usr/lib/x86_64-linux-gnu/libxshmfence.so.1.0.0
7f00c7bf5000-7f00c7bf6000 rw-p 00001000 08:01 7477146                    /usr/lib/x86_64-linux-gnu/libxshmfence.so.1.0.0
7f00c7bf6000-7f00c7bfb000 r-xp 00000000 08:01 7477116                    /usr/lib/x86_64-linux-gnu/libxcb-sync.so.1.0.0
7f00c7bfb000-7f00c7dfb000 ---p 00005000 08:01 7477116                    /usr/lib/x86_64-linux-gnu/libxcb-sync.so.1.0.0
7f00c7dfb000-7f00c7dfc000 r--p 00005000 08:01 7477116                    /usr/lib/x86_64-linux-gnu/libxcb-sync.so.1.0.0
7f00c7dfc000-7f00c7dfd000 rw-p 00006000 08:01 7477116                    /usr/lib/x86_64-linux-gnu/libxcb-sync.so.1.0.0
7f00c7dfd000-7f00c7dff000 r-xp 00000000 08:01 7477094                    /usr/lib/x86_64-linux-gnu/libxcb-present.so.0.0.0
7f00c7dff000-7f00c7ffe000 ---p 00002000 08:01 7477094                    /usr/lib/x86_64-linux-gnu/libxcb-present.so.0.0.0
7f00c7ffe000-7f00c7fff000 r--p 00001000 08:01 7477094                    /usr/lib/x86_64-linux-gnu/libxcb-present.so.0.0.0
7f00c7fff000-7f00c8000000 rw-p 00002000 08:01 7477094                    /usr/lib/x86_64-linux-gnu/libxcb-present.so.0.0.0
7f00c8000000-7f00c8021000 rw-p 00000000 00:00 0 
7f00c8021000-7f00cc000000 ---p 00000000 00:00 0 
7f00cc116000-7f00cc118000 r-xp 00000000 08:01 7477080                    /usr/lib/x86_64-linux-gnu/libxcb-dri3.so.0.0.0
7f00cc118000-7f00cc317000 ---p 00002000 08:01 7477080                    /usr/lib/x86_64-linux-gnu/libxcb-dri3.so.0.0.0
7f00cc317000-7f00cc318000 r--p 00001000 08:01 7477080                    /usr/lib/x86_64-linux-gnu/libxcb-dri3.so.0.0.0
7f00cc318000-7f00cc319000 rw-p 00002000 08:01 7477080                    /usr/lib/x86_64-linux-gnu/libxcb-dri3.so.0.0.0
7f00cc319000-7f00cc31d000 r-xp 00000000 08:01 7477076                    /usr/lib/x86_64-linux-gnu/libxcb-dri2.so.0.0.0
7f00cc31d000-7f00cc51c000 ---p 00004000 08:01 7477076                    /usr/lib/x86_64-linux-gnu/libxcb-dri2.so.0.0.0
7f00cc51c000-7f00cc51d000 r--p 00003000 08:01 7477076                    /usr/lib/x86_64-linux-gnu/libxcb-dri2.so.0.0.0
7f00cc51d000-7f00cc51e000 rw-p 00004000 08:01 7477076                    /usr/lib/x86_64-linux-gnu/libxcb-dri2.so.0.0.0
7f00cc51e000-7f00cc535000 r-xp 00000000 08:01 7477084                    /usr/lib/x86_64-linux-gnu/libxcb-glx.so.0.0.0
7f00cc535000-7f00cc734000 ---p 00017000 08:01 7477084                    /usr/lib/x86_64-linux-gnu/libxcb-glx.so.0.0.0
7f00cc734000-7f00cc736000 r--p 00016000 08:01 7477084                    /usr/lib/x86_64-linux-gnu/libxcb-glx.so.0.0.0
7f00cc736000-7f00cc737000 rw-p 00018000 08:01 7477084                    /usr/lib/x86_64-linux-gnu/libxcb-glx.so.0.0.0
7f00cc737000-7f00cc738000 r-xp 00000000 08:01 7475209                    /usr/lib/x86_64-linux-gnu/libX11-xcb.so.1.0.0
7f00cc738000-7f00cc937000 ---p 00001000 08:01 7475209                    /usr/lib/x86_64-linux-gnu/libX11-xcb.so.1.0.0
7f00cc937000-7f00cc938000 r--p 00000000 08:01 7475209                    /usr/lib/x86_64-linux-gnu/libX11-xcb.so.1.0.0
7f00cc938000-7f00cc939000 rw-p 00001000 08:01 7475209                    /usr/lib/x86_64-linux-gnu/libX11-xcb.so.1.0.0
7f00cc939000-7f00cc93b000 r-xp 00000000 08:01 7475234                    /usr/lib/x86_64-linux-gnu/libXdamage.so.1.1.0
7f00cc93b000-7f00ccb3a000 ---p 00002000 08:01 7475234                    /usr/lib/x86_64-linux-gnu/libXdamage.so.1.1.0
7f00ccb3a000-7f00ccb3b000 r--p 00001000 08:01 7475234                    /usr/lib/x86_64-linux-gnu/libXdamage.so.1.1.0
7f00ccb3b000-7f00ccb3c000 rw-p 00002000 08:01 7475234                    /usr/lib/x86_64-linux-gnu/libXdamage.so.1.1.0
7f00ccb3c000-7f00ccb61000 r-xp 00000000 08:01 7475798                    /usr/lib/x86_64-linux-gnu/libglapi.so.0.0.0
7f00ccb61000-7f00ccd61000 ---p 00025000 08:01 7475798                    /usr/lib/x86_64-linux-gnu/libglapi.so.0.0.0
7f00ccd61000-7f00ccd64000 r--p 00025000 08:01 7475798                    /usr/lib/x86_64-linux-gnu/libglapi.so.0.0.0
7f00ccd64000-7f00ccd65000 rw-p 00028000 08:01 7475798                    /usr/lib/x86_64-linux-gnu/libglapi.so.0.0.0
7f00ccd65000-7f00ccd66000 rw-p 00000000 00:00 0 
7f00ccd66000-7f00ccd8c000 r-xp 00000000 08:01 2361268                    /lib/x86_64-linux-gnu/libexpat.so.1.6.0
7f00ccd8c000-7f00ccf8b000 ---p 00026000 08:01 2361268                    /lib/x86_64-linux-gnu/libexpat.so.1.6.0
7f00ccf8b000-7f00ccf8e000 r--p 00025000 08:01 2361268                    /lib/x86_64-linux-gnu/libexpat.so.1.6.0
7f00ccf8e000-7f00ccf8f000 rw-p 00028000 08:01 2361268                    /lib/x86_64-linux-gnu/libexpat.so.1.6.0
7f00ccf8f000-7f00cd025000 r-xp 00000000 08:01 7475030                    /usr/lib/x86_64-linux-gnu/libGL.so.1.2.0
7f00cd025000-7f00cd224000 ---p 00096000 08:01 7475030                    /usr/lib/x86_64-linux-gnu/libGL.so.1.2.0
7f00cd224000-7f00cd227000 r--p 00095000 08:01 7475030                    /usr/lib/x86_64-linux-gnu/libGL.so.1.2.0
7f00cd227000-7f00cd228000 rw-p 00098000 08:01 7475030                    /usr/lib/x86_64-linux-gnu/libGL.so.1.2.0
7f00cd228000-7f00cd229000 rw-p 00000000 00:00 0 
7f00cd229000-7f00cd22e000 r-xp 00000000 08:01 7475238                    /usr/lib/x86_64-linux-gnu/libXdmcp.so.6.0.0
7f00cd22e000-7f00cd42d000 ---p 00005000 08:01 7475238                    /usr/lib/x86_64-linux-gnu/libXdmcp.so.6.0.0
7f00cd42d000-7f00cd42e000 rw-p 00004000 08:01 7475238                    /usr/lib/x86_64-linux-gnu/libXdmcp.so.6.0.0
7f00cd42e000-7f00cd431000 r-xp 00000000 08:01 7475219                    /usr/lib/x86_64-linux-gnu/libXau.so.6.0.0
7f00cd431000-7f00cd630000 ---p 00003000 08:01 7475219                    /usr/lib/x86_64-linux-gnu/libXau.so.6.0.0
7f00cd630000-7f00cd631000 r--p 00002000 08:01 7475219                    /usr/lib/x86_64-linux-gnu/libXau.so.6.0.0
7f00cd631000-7f00cd632000 rw-p 00003000 08:01 7475219                    /usr/lib/x86_64-linux-gnu/libXau.so.6.0.0
7f00cd632000-7f00cd637000 r-xp 00000000 08:01 7475246                    /usr/lib/x86_64-linux-gnu/libXfixes.so.3.1.0
7f00cd637000-7f00cd836000 ---p 00005000 08:01 7475246                    /usr/lib/x86_64-linux-gnu/libXfixes.so.3.1.0
7f00cd836000-7f00cd837000 r--p 00004000 08:01 7475246                    /usr/lib/x86_64-linux-gnu/libXfixes.so.3.1.0
7f00cd837000-7f00cd838000 rw-p 00005000 08:01 7475246                    /usr/lib/x86_64-linux-gnu/libXfixes.so.3.1.0
7f00cd838000-7f00cd841000 r-xp 00000000 08:01 7475277                    /usr/lib/x86_64-linux-gnu/libXrender.so.1.3.0
7f00cd841000-7f00cda40000 ---p 00009000 08:01 7475277                    /usr/lib/x86_64-linux-gnu/libXrender.so.1.3.0
7f00cda40000-7f00cda41000 r--p 00008000 08:01 7475277                    /usr/lib/x86_64-linux-gnu/libXrender.so.1.3.0
7f00cda41000-7f00cda42000 rw-p 00009000 08:01 7475277                    /usr/lib/x86_64-linux-gnu/libXrender.so.1.3.0
7f00cda42000-7f00cda53000 r-xp 00000000 08:01 7475242                    /usr/lib/x86_64-linux-gnu/libXext.so.6.4.0
7f00cda53000-7f00cdc52000 ---p 00011000 08:01 7475242                    /usr/lib/x86_64-linux-gnu/libXext.so.6.4.0
7f00cdc52000-7f00cdc53000 r--p 00010000 08:01 7475242                    /usr/lib/x86_64-linux-gnu/libXext.so.6.4.0
7f00cdc53000-7f00cdc54000 rw-p 00011000 08:01 7475242                    /usr/lib/x86_64-linux-gnu/libXext.so.6.4.0
7f00cdc54000-7f00cdc75000 r-xp 00000000 08:01 7477132                    /usr/lib/x86_64-linux-gnu/libxcb.so.1.1.0
7f00cdc75000-7f00cde74000 ---p 00021000 08:01 7477132                    /usr/lib/x86_64-linux-gnu/libxcb.so.1.1.0
7f00cde74000-7f00cde75000 r--p 00020000 08:01 7477132                    /usr/lib/x86_64-linux-gnu/libxcb.so.1.1.0
7f00cde75000-7f00cde76000 rw-p 00021000 08:01 7477132                    /usr/lib/x86_64-linux-gnu/libxcb.so.1.1.0
7f00cde76000-7f00cde80000 r-xp 00000000 08:01 7475230                    /usr/lib/x86_64-linux-gnu/libXcursor.so.1.0.2
7f00cde80000-7f00ce07f000 ---p 0000a000 08:01 7475230                    /usr/lib/x86_64-linux-gnu/libXcursor.so.1.0.2
7f00ce07f000-7f00ce080000 r--p 00009000 08:01 7475230                    /usr/lib/x86_64-linux-gnu/libXcursor.so.1.0.2
7f00ce080000-7f00ce081000 rw-p 0000a000 08:01 7475230                    /usr/lib/x86_64-linux-gnu/libXcursor.so.1.0.2
7f00ce081000-7f00ce086000 r-xp 00000000 08:01 7475297                    /usr/lib/x86_64-linux-gnu/libXxf86vm.so.1.0.0
7f00ce086000-7f00ce285000 ---p 00005000 08:01 7475297                    /usr/lib/x86_64-linux-gnu/libXxf86vm.so.1.0.0
7f00ce285000-7f00ce286000 r--p 00004000 08:01 7475297                    /usr/lib/x86_64-linux-gnu/libXxf86vm.so.1.0.0
7f00ce286000-7f00ce287000 rw-p 00005000 08:01 7475297                    /usr/lib/x86_64-linux-gnu/libXxf86vm.so.1.0.0
7f00ce287000-7f00ce296000 r-xp 00000000 08:01 7475256                    /usr/lib/x86_64-linux-gnu/libXi.so.6.1.0
7f00ce296000-7f00ce495000 ---p 0000f000 08:01 7475256                    /usr/lib/x86_64-linux-gnu/libXi.so.6.1.0
7f00ce495000-7f00ce496000 r--p 0000e000 08:01 7475256                    /usr/lib/x86_64-linux-gnu/libXi.so.6.1.0
7f00ce496000-7f00ce497000 rw-p 0000f000 08:01 7475256                    /usr/lib/x86_64-linux-gnu/libXi.so.6.1.0
7f00ce497000-7f00ce499000 r-xp 00000000 08:01 7475260                    /usr/lib/x86_64-linux-gnu/libXinerama.so.1.0.0
7f00ce499000-7f00ce698000 ---p 00002000 08:01 7475260                    /usr/lib/x86_64-linux-gnu/libXinerama.so.1.0.0
7f00ce698000-7f00ce699000 r--p 00001000 08:01 7475260                    /usr/lib/x86_64-linux-gnu/libXinerama.so.1.0.0
7f00ce699000-7f00ce69a000 rw-p 00002000 08:01 7475260                    /usr/lib/x86_64-linux-gnu/libXinerama.so.1.0.0
7f00ce69a000-7f00ce6a3000 r-xp 00000000 08:01 7475273                    /usr/lib/x86_64-linux-gnu/libXrandr.so.2.2.0
7f00ce6a3000-7f00ce8a2000 ---p 00009000 08:01 7475273                    /usr/lib/x86_64-linux-gnu/libXrandr.so.2.2.0
7f00ce8a2000-7f00ce8a3000 r--p 00008000 08:01 7475273                    /usr/lib/x86_64-linux-gnu/libXrandr.so.2.2.0
7f00ce8a3000-7f00ce8a4000 rw-p 00009000 08:01 7475273                    /usr/lib/x86_64-linux-gnu/libXrandr.so.2.2.0
7f00ce8a4000-7f00ce9e0000 r-xp 00000000 08:01 7475213                    /usr/lib/x86_64-linux-gnu/libX11.so.6.3.0
7f00ce9e0000-7f00cebdf000 ---p 0013c000 08:01 7475213                    /usr/lib/x86_64-linux-gnu/libX11.so.6.3.0
7f00cebdf000-7f00cebe1000 r--p 0013b000 08:01 7475213                    /usr/lib/x86_64-linux-gnu/libX11.so.6.3.0
7f00cebe1000-7f00cebe6000 rw-p 0013d000 08:01 7475213                    /usr/lib/x86_64-linux-gnu/libX11.so.6.3.0
7f00cebe6000-7f00cebe7000 rw-p 00000000 00:00 0 
7f00cebe7000-7f00cebeb000 r-xp 00000000 08:01 3801170                    /root/Desktop/Programming/Java/Elements Game/lib/lwjgl/native/libglfw.so
7f00cebeb000-7f00cebff000 r-xp 00000000 00:00 0 
7f00cebff000-7f00cedfe000 ---p 00018000 08:01 3801170                    /root/Desktop/Programming/Java/Elements Game/lib/lwjgl/native/libglfw.so
7f00cedfe000-7f00cedff000 rw-p 0000d000 08:01 3801170                    /root/Desktop/Programming/Java/Elements Game/lib/lwjgl/native/libglfw.so
7f00cedff000-7f00cf200000 rw-p 00000000 00:00 0 
7f00cf2c5000-7f00cf2d5000 rw-s 11338a000 00:06 13722                     /dev/dri/card0
7f00cf2d5000-7f00cf2e5000 rw-s 111f48000 00:06 13722                     /dev/dri/card0
7f00cf2e5000-7f00cf2e8000 r-xp 00000000 08:01 3801176                    /root/Desktop/Programming/Java/Elements Game/lib/lwjgl/native/libjemalloc.so
7f00cf2e8000-7f00cf324000 r-xp 00000000 00:00 0 
7f00cf324000-7f00cf523000 ---p 0003f000 08:01 3801176                    /root/Desktop/Programming/Java/Elements Game/lib/lwjgl/native/libjemalloc.so
7f00cf523000-7f00cf525000 r--p 0001c000 08:01 3801176                    /root/Desktop/Programming/Java/Elements Game/lib/lwjgl/native/libjemalloc.so
7f00cf525000-7f00cf526000 rw-p 0001e000 08:01 3801176                    /root/Desktop/Programming/Java/Elements Game/lib/lwjgl/native/libjemalloc.so
7f00cf526000-7f00cf527000 rw-p 00000000 00:00 0 
7f00cf527000-7f00cf534000 r-xp 00000000 08:01 3801182                    /root/Desktop/Programming/Java/Elements Game/lib/lwjgl/native/liblwjgl.so
7f00cf534000-7f00cf588000 r-xp 00000000 00:00 0 
7f00cf588000-7f00cf787000 ---p 00061000 08:01 3801182                    /root/Desktop/Programming/Java/Elements Game/lib/lwjgl/native/liblwjgl.so
7f00cf787000-7f00cf789000 rw-p 00033000 08:01 3801182                    /root/Desktop/Programming/Java/Elements Game/lib/lwjgl/native/liblwjgl.so
7f00cf789000-7f00cf78a000 rw-p 00000000 00:00 0 
7f00cf78a000-7f00cf78b000 ---p 00000000 00:00 0 
7f00cf78b000-7f00cf88b000 rw-p 00000000 00:00 0                          [stack:21430]
7f00cf88b000-7f00cf88e000 ---p 00000000 00:00 0 
7f00cf88e000-7f00cf98c000 rw-p 00000000 00:00 0                          [stack:21429]
7f00cf98c000-7f00cf98f000 ---p 00000000 00:00 0 
7f00cf98f000-7f00cfa8d000 rw-p 00000000 00:00 0                          [stack:21428]
7f00cfa8d000-7f00cfa90000 ---p 00000000 00:00 0 
7f00cfa90000-7f00cfb8e000 rw-p 00000000 00:00 0                          [stack:21427]
7f00cfb8e000-7f00cfb91000 ---p 00000000 00:00 0 
7f00cfb91000-7f00cfc8f000 rw-p 00000000 00:00 0                          [stack:21426]
7f00cfc8f000-7f00cfc92000 ---p 00000000 00:00 0 
7f00cfc92000-7f00cfd90000 rw-p 00000000 00:00 0                          [stack:21425]
7f00cfd90000-7f00cfdcf000 r--p 00000000 08:01 6817862                    /usr/lib/locale/fr_LU.utf8/LC_CTYPE
7f00cfdcf000-7f00cfeff000 r--p 00000000 08:01 6817861                    /usr/lib/locale/fr_LU.utf8/LC_COLLATE
7f00cfeff000-7f00cff02000 ---p 00000000 00:00 0 
7f00cff02000-7f00d0000000 rw-p 00000000 00:00 0                          [stack:21424]
7f00d0000000-7f00d0021000 rw-p 00000000 00:00 0 
7f00d0021000-7f00d4000000 ---p 00000000 00:00 0 
7f00d400c000-7f00d4027000 r--s 001e6000 08:01 3670575                    /root/Desktop/Programming/Java/Elements Game/lib/lwjgl/jar/lwjgl.jar
7f00d4027000-7f00d402a000 ---p 00000000 00:00 0 
7f00d402a000-7f00d4128000 rw-p 00000000 00:00 0                          [stack:21423]
7f00d4128000-7f00d4129000 ---p 00000000 00:00 0 
7f00d4129000-7f00d5187000 rw-p 00000000 00:00 0                          [stack:21422]
7f00d5187000-7f00d5360000 r--s 03d20000 08:01 7085982                    /usr/lib/jvm/java-8-oracle/jre/lib/rt.jar
7f00d5360000-7f00d5b20000 rw-p 00000000 00:00 0 
7f00d5b20000-7f00d5b60000 ---p 00000000 00:00 0 
7f00d5b60000-7f00d7a85000 rw-p 00000000 00:00 0 
7f00d7a85000-7f00d7a86000 ---p 00000000 00:00 0 
7f00d7a86000-7f00d7b86000 rw-p 00000000 00:00 0                          [stack:21421]
7f00d7b86000-7f00d7b87000 ---p 00000000 00:00 0 
7f00d7b87000-7f00d7c87000 rw-p 00000000 00:00 0                          [stack:21420]
7f00d7c87000-7f00d7c88000 ---p 00000000 00:00 0 
7f00d7c88000-7f00d7d88000 rw-p 00000000 00:00 0                          [stack:21419]
7f00d7d88000-7f00d7d89000 ---p 00000000 00:00 0 
7f00d7d89000-7f00d7e9d000 rw-p 00000000 00:00 0                          [stack:21418]
7f00d7e9d000-7f00d7fc2000 ---p 00000000 00:00 0 
7f00d7fc2000-7f00d7fcc000 rw-p 00000000 00:00 0 
7f00d7fcc000-7f00d8382000 ---p 00000000 00:00 0 
7f00d8382000-7f00d85f2000 rwxp 00000000 00:00 0 
7f00d85f2000-7f00e7382000 ---p 00000000 00:00 0 
7f00e7382000-7f00e739c000 r-xp 00000000 08:01 7216047                    /usr/lib/jvm/java-8-oracle/jre/lib/amd64/libzip.so
7f00e739c000-7f00e759c000 ---p 0001a000 08:01 7216047                    /usr/lib/jvm/java-8-oracle/jre/lib/amd64/libzip.so
7f00e759c000-7f00e759d000 rw-p 0001a000 08:01 7216047                    /usr/lib/jvm/java-8-oracle/jre/lib/amd64/libzip.so
7f00e759d000-7f00e75a8000 r-xp 00000000 08:01 2361332                    /lib/x86_64-linux-gnu/libnss_files-2.19.so
7f00e75a8000-7f00e77a7000 ---p 0000b000 08:01 2361332                    /lib/x86_64-linux-gnu/libnss_files-2.19.so
7f00e77a7000-7f00e77a8000 r--p 0000a000 08:01 2361332                    /lib/x86_64-linux-gnu/libnss_files-2.19.so
7f00e77a8000-7f00e77a9000 rw-p 0000b000 08:01 2361332                    /lib/x86_64-linux-gnu/libnss_files-2.19.so
7f00e77a9000-7f00e77b3000 r-xp 00000000 08:01 2361343                    /lib/x86_64-linux-gnu/libnss_nis-2.19.so
7f00e77b3000-7f00e79b2000 ---p 0000a000 08:01 2361343                    /lib/x86_64-linux-gnu/libnss_nis-2.19.so
7f00e79b2000-7f00e79b3000 r--p 00009000 08:01 2361343                    /lib/x86_64-linux-gnu/libnss_nis-2.19.so
7f00e79b3000-7f00e79b4000 rw-p 0000a000 08:01 2361343                    /lib/x86_64-linux-gnu/libnss_nis-2.19.so
7f00e79b4000-7f00e79c9000 r-xp 00000000 08:01 2361326                    /lib/x86_64-linux-gnu/libnsl-2.19.so
7f00e79c9000-7f00e7bc8000 ---p 00015000 08:01 2361326                    /lib/x86_64-linux-gnu/libnsl-2.19.so
7f00e7bc8000-7f00e7bc9000 r--p 00014000 08:01 2361326                    /lib/x86_64-linux-gnu/libnsl-2.19.so
7f00e7bc9000-7f00e7bca000 rw-p 00015000 08:01 2361326                    /lib/x86_64-linux-gnu/libnsl-2.19.so
7f00e7bca000-7f00e7bcc000 rw-p 00000000 00:00 0 
7f00e7bcc000-7f00e7bd3000 r-xp 00000000 08:01 2361328                    /lib/x86_64-linux-gnu/libnss_compat-2.19.so
7f00e7bd3000-7f00e7dd2000 ---p 00007000 08:01 2361328                    /lib/x86_64-linux-gnu/libnss_compat-2.19.so
7f00e7dd2000-7f00e7dd3000 r--p 00006000 08:01 2361328                    /lib/x86_64-linux-gnu/libnss_compat-2.19.so
7f00e7dd3000-7f00e7dd4000 rw-p 00007000 08:01 2361328                    /lib/x86_64-linux-gnu/libnss_compat-2.19.so
7f00e7dd4000-7f00e7dfe000 r-xp 00000000 08:01 7216042                    /usr/lib/jvm/java-8-oracle/jre/lib/amd64/libjava.so
7f00e7dfe000-7f00e7ffe000 ---p 0002a000 08:01 7216042                    /usr/lib/jvm/java-8-oracle/jre/lib/amd64/libjava.so
7f00e7ffe000-7f00e8000000 rw-p 0002a000 08:01 7216042                    /usr/lib/jvm/java-8-oracle/jre/lib/amd64/libjava.so
7f00e8000000-7f00e87fc000 rw-p 00000000 00:00 0 
7f00e87fc000-7f00ec000000 ---p 00000000 00:00 0 
7f00ec00a000-7f00ec00b000 rw-p 00000000 00:00 0 
7f00ec00b000-7f00ec00d000 rw-s 00000000 00:05 246834                     /drm mm object (deleted)
7f00ec00d000-7f00ec00e000 rwxp 00000000 00:00 0 
7f00ec00e000-7f00ec010000 rw-s 00000000 00:05 245517                     /drm mm object (deleted)
7f00ec010000-7f00ec011000 rw-s 00000000 00:05 245512                     /drm mm object (deleted)
7f00ec011000-7f00ec012000 rwxp 00000000 00:00 0 
7f00ec012000-7f00ec013000 r--s 00000000 08:01 2106122                    /root/Desktop/Programming/Java/Elements Game/run.jar
7f00ec013000-7f00ec014000 r--p 00000000 08:01 6818401                    /usr/lib/locale/ig_NG/LC_NUMERIC
7f00ec014000-7f00ec015000 r--p 00000000 08:01 6816780                    /usr/lib/locale/en_US.utf8/LC_TIME
7f00ec015000-7f00ec016000 r--p 00000000 08:01 6816775                    /usr/lib/locale/en_US.utf8/LC_MONETARY
7f00ec016000-7f00ec017000 r--p 00000000 08:01 6816774                    /usr/lib/locale/en_US.utf8/LC_MESSAGES/SYS_LC_MESSAGES
7f00ec017000-7f00ec018000 r--p 00000000 08:01 6817464                    /usr/lib/locale/es_VE.utf8/LC_PAPER
7f00ec018000-7f00ec019000 r--p 00000000 08:01 6817994                    /usr/lib/locale/gd_GB.utf8/LC_NAME
7f00ec019000-7f00ec02d000 rw-p 00000000 00:00 0 
7f00ec02d000-7f00ec151000 ---p 00000000 00:00 0 
7f00ec151000-7f00ec15c000 rw-p 00000000 00:00 0 
7f00ec15c000-7f00ec1ee000 ---p 00000000 00:00 0 
7f00ec1ee000-7f00ec1ef000 rw-p 00000000 00:00 0 
7f00ec1ef000-7f00ec1fc000 r-xp 00000000 08:01 7216046                    /usr/lib/jvm/java-8-oracle/jre/lib/amd64/libverify.so
7f00ec1fc000-7f00ec3fc000 ---p 0000d000 08:01 7216046                    /usr/lib/jvm/java-8-oracle/jre/lib/amd64/libverify.so
7f00ec3fc000-7f00ec3fe000 rw-p 0000d000 08:01 7216046                    /usr/lib/jvm/java-8-oracle/jre/lib/amd64/libverify.so
7f00ec3fe000-7f00ec405000 r-xp 00000000 08:01 2361378                    /lib/x86_64-linux-gnu/librt-2.19.so
7f00ec405000-7f00ec604000 ---p 00007000 08:01 2361378                    /lib/x86_64-linux-gnu/librt-2.19.so
7f00ec604000-7f00ec605000 r--p 00006000 08:01 2361378                    /lib/x86_64-linux-gnu/librt-2.19.so
7f00ec605000-7f00ec606000 rw-p 00007000 08:01 2361378                    /lib/x86_64-linux-gnu/librt-2.19.so
7f00ec606000-7f00ec706000 r-xp 00000000 08:01 2361305                    /lib/x86_64-linux-gnu/libm-2.19.so
7f00ec706000-7f00ec905000 ---p 00100000 08:01 2361305                    /lib/x86_64-linux-gnu/libm-2.19.so
7f00ec905000-7f00ec906000 r--p 000ff000 08:01 2361305                    /lib/x86_64-linux-gnu/libm-2.19.so
7f00ec906000-7f00ec907000 rw-p 00100000 08:01 2361305                    /lib/x86_64-linux-gnu/libm-2.19.so
7f00ec907000-7f00ed5c5000 r-xp 00000000 08:01 7216025                    /usr/lib/jvm/java-8-oracle/jre/lib/amd64/server/libjvm.so
7f00ed5c5000-7f00ed7c4000 ---p 00cbe000 08:01 7216025                    /usr/lib/jvm/java-8-oracle/jre/lib/amd64/server/libjvm.so
7f00ed7c4000-7f00ed89d000 rw-p 00cbd000 08:01 7216025                    /usr/lib/jvm/java-8-oracle/jre/lib/amd64/server/libjvm.so
7f00ed89d000-7f00ed8e1000 rw-p 00000000 00:00 0 
7f00ed8e1000-7f00eda80000 r-xp 00000000 08:01 2361245                    /lib/x86_64-linux-gnu/libc-2.19.so
7f00eda80000-7f00edc80000 ---p 0019f000 08:01 2361245                    /lib/x86_64-linux-gnu/libc-2.19.so
7f00edc80000-7f00edc84000 r--p 0019f000 08:01 2361245                    /lib/x86_64-linux-gnu/libc-2.19.so
7f00edc84000-7f00edc86000 rw-p 001a3000 08:01 2361245                    /lib/x86_64-linux-gnu/libc-2.19.so
7f00edc86000-7f00edc8a000 rw-p 00000000 00:00 0 
7f00edc8a000-7f00edc8d000 r-xp 00000000 08:01 2361261                    /lib/x86_64-linux-gnu/libdl-2.19.so
7f00edc8d000-7f00ede8c000 ---p 00003000 08:01 2361261                    /lib/x86_64-linux-gnu/libdl-2.19.so
7f00ede8c000-7f00ede8d000 r--p 00002000 08:01 2361261                    /lib/x86_64-linux-gnu/libdl-2.19.so
7f00ede8d000-7f00ede8e000 rw-p 00003000 08:01 2361261                    /lib/x86_64-linux-gnu/libdl-2.19.so
7f00ede8e000-7f00edea3000 r-xp 00000000 08:01 7216020                    /usr/lib/jvm/java-8-oracle/jre/lib/amd64/jli/libjli.so
7f00edea3000-7f00ee0a3000 ---p 00015000 08:01 7216020                    /usr/lib/jvm/java-8-oracle/jre/lib/amd64/jli/libjli.so
7f00ee0a3000-7f00ee0a4000 rw-p 00015000 08:01 7216020                    /usr/lib/jvm/java-8-oracle/jre/lib/amd64/jli/libjli.so
7f00ee0a4000-7f00ee0bc000 r-xp 00000000 08:01 2361370                    /lib/x86_64-linux-gnu/libpthread-2.19.so
7f00ee0bc000-7f00ee2bb000 ---p 00018000 08:01 2361370                    /lib/x86_64-linux-gnu/libpthread-2.19.so
7f00ee2bb000-7f00ee2bc000 r--p 00017000 08:01 2361370                    /lib/x86_64-linux-gnu/libpthread-2.19.so
7f00ee2bc000-7f00ee2bd000 rw-p 00018000 08:01 2361370                    /lib/x86_64-linux-gnu/libpthread-2.19.so
7f00ee2bd000-7f00ee2c1000 rw-p 00000000 00:00 0 
7f00ee2c1000-7f00ee2e1000 r-xp 00000000 08:01 2361219                    /lib/x86_64-linux-gnu/ld-2.19.so
7f00ee2e1000-7f00ee3b2000 rw-p 00000000 00:00 0 
7f00ee3b2000-7f00ee3b5000 ---p 00000000 00:00 0 
7f00ee3b5000-7f00ee4b7000 rw-p 00000000 00:00 0                          [stack:21417]
7f00ee4b7000-7f00ee4b8000 r--p 00000000 08:01 6816768                    /usr/lib/locale/en_US.utf8/LC_ADDRESS
7f00ee4b8000-7f00ee4b9000 r--p 00000000 08:01 6816779                    /usr/lib/locale/en_US.utf8/LC_TELEPHONE
7f00ee4b9000-7f00ee4ba000 r--p 00000000 08:01 6817318                    /usr/lib/locale/es_PR.utf8/LC_MEASUREMENT
7f00ee4ba000-7f00ee4c1000 r--s 00000000 08:01 7473973                    /usr/lib/x86_64-linux-gnu/gconv/gconv-modules.cache
7f00ee4c1000-7f00ee4c2000 r--p 00000000 08:01 6816771                    /usr/lib/locale/en_US.utf8/LC_IDENTIFICATION
7f00ee4c2000-7f00ee4d5000 rw-p 00000000 00:00 0 
7f00ee4d5000-7f00ee4dd000 rw-s 00000000 08:01 4194373                    /tmp/hsperfdata_root/21416
7f00ee4dd000-7f00ee4de000 rw-p 00000000 00:00 0 
7f00ee4de000-7f00ee4df000 r--p 00000000 00:00 0 
7f00ee4df000-7f00ee4e1000 rw-p 00000000 00:00 0 
7f00ee4e1000-7f00ee4e2000 r--p 00020000 08:01 2361219                    /lib/x86_64-linux-gnu/ld-2.19.so
7f00ee4e2000-7f00ee4e3000 rw-p 00021000 08:01 2361219                    /lib/x86_64-linux-gnu/ld-2.19.so
7f00ee4e3000-7f00ee4e4000 rw-p 00000000 00:00 0 
7fff6371f000-7fff63740000 rw-p 00000000 00:00 0                          [stack]
7fff63788000-7fff6378a000 r--p 00000000 00:00 0                          [vvar]
7fff6378a000-7fff6378c000 r-xp 00000000 00:00 0                          [vdso]
ffffffffff600000-ffffffffff601000 r-xp 00000000 00:00 0                  [vsyscall]

VM Arguments:
java_command: run.jar
java_class_path (initial): run.jar
Launcher Type: SUN_STANDARD

Environment Variables:
PATH=/usr/local/sbin:/usr/local/bin:/usr/sbin:/usr/bin:/sbin:/bin
USERNAME=root
SHELL=/bin/bash
DISPLAY=:0

Signal Handlers:
SIGSEGV: [libjvm.so+0xaba2a0], sa_mask[0]=11111111011111111101111111111110, sa_flags=SA_RESTART|SA_SIGINFO
SIGBUS: [libjvm.so+0xaba2a0], sa_mask[0]=11111111011111111101111111111110, sa_flags=SA_RESTART|SA_SIGINFO
SIGFPE: [libjvm.so+0x917710], sa_mask[0]=11111111011111111101111111111110, sa_flags=SA_RESTART|SA_SIGINFO
SIGPIPE: [libjvm.so+0x917710], sa_mask[0]=11111111011111111101111111111110, sa_flags=SA_RESTART|SA_SIGINFO
SIGXFSZ: [libjvm.so+0x917710], sa_mask[0]=11111111011111111101111111111110, sa_flags=SA_RESTART|SA_SIGINFO
SIGILL: [libjvm.so+0x917710], sa_mask[0]=11111111011111111101111111111110, sa_flags=SA_RESTART|SA_SIGINFO
SIGUSR1: SIG_DFL, sa_mask[0]=00000000000000000000000000000000, sa_flags=none
SIGUSR2: [libjvm.so+0x918d40], sa_mask[0]=00000000000000000000000000000000, sa_flags=SA_RESTART|SA_SIGINFO
SIGHUP: [libjvm.so+0x91a140], sa_mask[0]=11111111011111111101111111111110, sa_flags=SA_RESTART|SA_SIGINFO
SIGINT: [libjvm.so+0x91a140], sa_mask[0]=11111111011111111101111111111110, sa_flags=SA_RESTART|SA_SIGINFO
SIGTERM: [libjvm.so+0x91a140], sa_mask[0]=11111111011111111101111111111110, sa_flags=SA_RESTART|SA_SIGINFO
SIGQUIT: [libjvm.so+0x91a140], sa_mask[0]=11111111011111111101111111111110, sa_flags=SA_RESTART|SA_SIGINFO


---------------  S Y S T E M  ---------------

OS:DISTRIB_ID=Kali
DISTRIB_RELEASE=2.0
DISTRIB_CODENAME=sana
DISTRIB_DESCRIPTION="Kali GNU/Linux 2.0"

uname:Linux 4.0.0-kali1-amd64 #1 SMP Debian 4.0.4-1+kali2 (2015-06-03) x86_64
libc:glibc 2.19 NPTL 2.19 
rlimit: STACK 8192k, CORE 0k, NPROC 14918, NOFILE 65536, AS infinity
load average:0.94 0.63 0.59

/proc/meminfo:
MemTotal:        3840348 kB
MemFree:          761640 kB
MemAvailable:    2112996 kB
Buffers:          283304 kB
Cached:          1335660 kB
SwapCached:            0 kB
Active:          2084596 kB
Inactive:         779348 kB
Active(anon):    1227472 kB
Inactive(anon):   178316 kB
Active(file):     857124 kB
Inactive(file):   601032 kB
Unevictable:           0 kB
Mlocked:               0 kB
SwapTotal:       7959548 kB
SwapFree:        7950980 kB
Dirty:              2856 kB
Writeback:             0 kB
AnonPages:       1245120 kB
Mapped:           234912 kB
Shmem:            160812 kB
Slab:             152808 kB
SReclaimable:     124272 kB
SUnreclaim:        28536 kB
KernelStack:        6496 kB
PageTables:        24668 kB
NFS_Unstable:          0 kB
Bounce:                0 kB
WritebackTmp:          0 kB
CommitLimit:     9879720 kB
Committed_AS:    3947576 kB
VmallocTotal:   34359738367 kB
VmallocUsed:      546724 kB
VmallocChunk:   34359185600 kB
HardwareCorrupted:     0 kB
AnonHugePages:         0 kB
HugePages_Total:       0
HugePages_Free:        0
HugePages_Rsvd:        0
HugePages_Surp:        0
Hugepagesize:       2048 kB
DirectMap4k:      128780 kB
DirectMap2M:     3852288 kB


CPU:total 4 (2 cores per cpu, 2 threads per core) family 6 model 37 stepping 5, cmov, cx8, fxsr, mmx, sse, sse2, sse3, ssse3, sse4.1, sse4.2, popcnt, aes, clmul, ht, tsc, tscinvbit

/proc/cpuinfo:
processor	: 0
vendor_id	: GenuineIntel
cpu family	: 6
model		: 37
model name	: Intel(R) Core(TM) i7 CPU       L 640  @ 2.13GHz
stepping	: 5
microcode	: 0x4
cpu MHz		: 2134.000
cache size	: 4096 KB
physical id	: 0
siblings	: 4
core id		: 0
cpu cores	: 2
apicid		: 0
initial apicid	: 0
fpu		: yes
fpu_exception	: yes
cpuid level	: 11
wp		: yes
flags		: fpu vme de pse tsc msr pae mce cx8 apic sep mtrr pge mca cmov pat pse36 clflush dts acpi mmx fxsr sse sse2 ss ht tm pbe syscall nx rdtscp lm constant_tsc arch_perfmon pebs bts rep_good nopl xtopology nonstop_tsc aperfmperf pni pclmulqdq dtes64 monitor ds_cpl vmx smx est tm2 ssse3 cx16 xtpr pdcm pcid sse4_1 sse4_2 popcnt aes lahf_lm ida arat dtherm tpr_shadow vnmi flexpriority ept vpid
bugs		:
bogomips	: 4255.88
clflush size	: 64
cache_alignment	: 64
address sizes	: 36 bits physical, 48 bits virtual
power management:

processor	: 1
vendor_id	: GenuineIntel
cpu family	: 6
model		: 37
model name	: Intel(R) Core(TM) i7 CPU       L 640  @ 2.13GHz
stepping	: 5
microcode	: 0x4
cpu MHz		: 2134.000
cache size	: 4096 KB
physical id	: 0
siblings	: 4
core id		: 0
cpu cores	: 2
apicid		: 1
initial apicid	: 1
fpu		: yes
fpu_exception	: yes
cpuid level	: 11
wp		: yes
flags		: fpu vme de pse tsc msr pae mce cx8 apic sep mtrr pge mca cmov pat pse36 clflush dts acpi mmx fxsr sse sse2 ss ht tm pbe syscall nx rdtscp lm constant_tsc arch_perfmon pebs bts rep_good nopl xtopology nonstop_tsc aperfmperf pni pclmulqdq dtes64 monitor ds_cpl vmx smx est tm2 ssse3 cx16 xtpr pdcm pcid sse4_1 sse4_2 popcnt aes lahf_lm ida arat dtherm tpr_shadow vnmi flexpriority ept vpid
bugs		:
bogomips	: 4255.88
clflush size	: 64
cache_alignment	: 64
address sizes	: 36 bits physical, 48 bits virtual
power management:

processor	: 2
vendor_id	: GenuineIntel
cpu family	: 6
model		: 37
model name	: Intel(R) Core(TM) i7 CPU       L 640  @ 2.13GHz
stepping	: 5
microcode	: 0x4
cpu MHz		: 1866.000
cache size	: 4096 KB
physical id	: 0
siblings	: 4
core id		: 2
cpu cores	: 2
apicid		: 4
initial apicid	: 4
fpu		: yes
fpu_exception	: yes
cpuid level	: 11
wp		: yes
flags		: fpu vme de pse tsc msr pae mce cx8 apic sep mtrr pge mca cmov pat pse36 clflush dts acpi mmx fxsr sse sse2 ss ht tm pbe syscall nx rdtscp lm constant_tsc arch_perfmon pebs bts rep_good nopl xtopology nonstop_tsc aperfmperf pni pclmulqdq dtes64 monitor ds_cpl vmx smx est tm2 ssse3 cx16 xtpr pdcm pcid sse4_1 sse4_2 popcnt aes lahf_lm ida arat dtherm tpr_shadow vnmi flexpriority ept vpid
bugs		:
bogomips	: 4255.88
clflush size	: 64
cache_alignment	: 64
address sizes	: 36 bits physical, 48 bits virtual
power management:

processor	: 3
vendor_id	: GenuineIntel
cpu family	: 6
model		: 37
model name	: Intel(R) Core(TM) i7 CPU       L 640  @ 2.13GHz
stepping	: 5
microcode	: 0x4
cpu MHz		: 2134.000
cache size	: 4096 KB
physical id	: 0
siblings	: 4
core id		: 2
cpu cores	: 2
apicid		: 5
initial apicid	: 5
fpu		: yes
fpu_exception	: yes
cpuid level	: 11
wp		: yes
flags		: fpu vme de pse tsc msr pae mce cx8 apic sep mtrr pge mca cmov pat pse36 clflush dts acpi mmx fxsr sse sse2 ss ht tm pbe syscall nx rdtscp lm constant_tsc arch_perfmon pebs bts rep_good nopl xtopology nonstop_tsc aperfmperf pni pclmulqdq dtes64 monitor ds_cpl vmx smx est tm2 ssse3 cx16 xtpr pdcm pcid sse4_1 sse4_2 popcnt aes lahf_lm ida arat dtherm tpr_shadow vnmi flexpriority ept vpid
bugs		:
bogomips	: 4255.88
clflush size	: 64
cache_alignment	: 64
address sizes	: 36 bits physical, 48 bits virtual
power management:



Memory: 4k page, physical 3840348k(761640k free), swap 7959548k(7950980k free)

vm_info: Java HotSpot(TM) 64-Bit Server VM (25.66-b17) for linux-amd64 JRE (1.8.0_66-b17), built on Oct  6 2015 17:28:34 by "java_re" with gcc 4.3.0 20080428 (Red Hat 4.3.0-8)

time: Sun Jan  3 11:47:28 2016
elapsed time: 0 seconds (0d 0h 0m 0s)

