#
# A fatal error has been detected by the Java Runtime Environment:
#
#  SIGSEGV (0xb) at pc=0x00007ffa19094720, pid=30954, tid=140712150390528
#
# JRE version: Java(TM) SE Runtime Environment (8.0_66-b17) (build 1.8.0_66-b17)
# Java VM: Java HotSpot(TM) 64-Bit Server VM (25.66-b17 mixed mode linux-amd64 compressed oops)
# Problematic frame:
# C  [libc.so.6+0x90720]
#
# Failed to write core dump. Core dumps have been disabled. To enable core dumping, try "ulimit -c unlimited" before starting Java again
#
# If you would like to submit a bug report, please visit:
#   http://bugreport.java.com/bugreport/crash.jsp
# The crash happened outside the Java Virtual Machine in native code.
# See problematic frame for where to report the bug.
#

---------------  T H R E A D  ---------------

Current thread (0x00007ffa10009800):  JavaThread "main" [_thread_in_native, id=30955, stack(0x00007ffa19ad5000,0x00007ffa19bd6000)]

siginfo: si_signo: 11 (SIGSEGV), si_code: 1 (SEGV_MAPERR), si_addr: 0x0000000000000000

Registers:
RAX=0xffff8005fff26ef0, RBX=0x0000000000000000, RCX=0x0000000000000120, RDX=0x0000000000000090
RSP=0x00007ffa19bd42e8, RBP=0x0000000000000008, RSI=0x0000000000000000, RDI=0x00007ffa000d9080
R8 =0x00007ffa102df3d8, R9 =0x0000000000000010, R10=0x0000000000023e78, R11=0x0000000000000008
R12=0x0000000000000090, R13=0x0000000000000010, R14=0x00007ffa102df3d0, R15=0x0000000000000010
RIP=0x00007ffa19094720, EFLAGS=0x0000000000010202, CSGSFS=0x0000000000000033, ERR=0x0000000000000004
  TRAPNO=0x000000000000000e

Top of Stack: (sp=0x00007ffa19bd42e8)
0x00007ffa19bd42e8:   00007ff9f2787186 0000000000000000
0x00007ffa19bd42f8:   0000000900000100 0000000100000000
0x00007ffa19bd4308:   00007ffa102bb558 0000000000000000
0x00007ffa19bd4318:   00007ffa102df1d8 0000000000000001
0x00007ffa19bd4328:   0000000000000000 00007ffa102df3d0
0x00007ffa19bd4338:   00007ff9f2787a97 ffffffffffffffff
0x00007ffa19bd4348:   0000000000000001 00007ffa19bd4370
0x00007ffa19bd4358:   0000000000000001 0000000000000000
0x00007ffa19bd4368:   0000000100000008 00007ffa102df1d8
0x00007ffa19bd4378:   ffffffffffffffff ffffffffffffffff
0x00007ffa19bd4388:   ffffffffffffffff ffffffffffffffff
0x00007ffa19bd4398:   00007ffa102bb558 0000000000000000
0x00007ffa19bd43a8:   00007ffa103f9fa0 0000000000000000
0x00007ffa19bd43b8:   0000000000000000 00007ffa103f9d60
0x00007ffa19bd43c8:   00007ff9f224b35b 0000000000000000
0x00007ffa19bd43d8:   ffffffffffffffff 1680021400000fe4
0x00007ffa19bd43e8:   00007ff9f275a282 00007ffa102bb558
0x00007ffa19bd43f8:   0000000000000000 0000000000000000
0x00007ffa19bd4408:   00007ff9f27bd8fd 00007ffa10582a50
0x00007ffa19bd4418:   00007ffa103f9d60 0000000000000000
0x00007ffa19bd4428:   0000000000000000 00007ffa107bc230
0x00007ffa19bd4438:   0000000000000000 00007ffa103f9d60
0x00007ffa19bd4448:   0000000000000001 00007ffa102bb558
0x00007ffa19bd4458:   00000000000001e0 00007ffa103f9d60
0x00007ffa19bd4468:   00007ff9f27bc9e0 0000000000000000
0x00007ffa19bd4478:   2eb3509fecf53e00 0000000000007e40
0x00007ffa19bd4488:   00007ffa102bb558 00007ff9f2bae218
0x00007ffa19bd4498:   0000000000000025 00007ffa19bd4610
0x00007ffa19bd44a8:   0000000000000000 00007ff9f2bae218
0x00007ffa19bd44b8:   00007ff9f2787d06 0922208060003f01
0x00007ffa19bd44c8:   00007ffa102bb558 00007ff9f2bae218
0x00007ffa19bd44d8:   0000000000000025 00007ffa19bd4610 

Instructions: (pc=0x00007ffa19094720)
0x00007ffa19094700:   48 89 f0 48 8d 0c 12 48 29 f8 48 29 d0 48 39 c8
0x00007ffa19094710:   0f 82 07 01 00 00 48 83 fa 10 0f 86 8b 01 00 00
0x00007ffa19094720:   f3 44 0f 6f 06 48 83 fa 20 f3 44 0f 7f 07 f3 44
0x00007ffa19094730:   0f 6f 44 16 f0 f3 44 0f 7f 44 17 f0 77 12 48 89 

Register to memory mapping:

RAX=0xffff8005fff26ef0 is an unknown value
RBX=0x0000000000000000 is an unknown value
RCX=0x0000000000000120 is an unknown value
RDX=0x0000000000000090 is an unknown value
RSP=0x00007ffa19bd42e8 is pointing into the stack for thread: 0x00007ffa10009800
RBP=0x0000000000000008 is an unknown value
RSI=0x0000000000000000 is an unknown value
RDI=0x00007ffa000d9080 is an unknown value
R8 =0x00007ffa102df3d8 is an unknown value
R9 =0x0000000000000010 is an unknown value
R10=0x0000000000023e78 is an unknown value
R11=0x0000000000000008 is an unknown value
R12=0x0000000000000090 is an unknown value
R13=0x0000000000000010 is an unknown value
R14=0x00007ffa102df3d0 is an unknown value
R15=0x0000000000000010 is an unknown value


Stack: [0x00007ffa19ad5000,0x00007ffa19bd6000],  sp=0x00007ffa19bd42e8,  free space=1020k
Native frames: (J=compiled Java code, j=interpreted, Vv=VM code, C=native code)
C  [libc.so.6+0x90720]

Java frames: (J=compiled Java code, j=interpreted, Vv=VM code)
j  org.lwjgl.system.JNI.callIIIV(JIII)V+0
j  org.lwjgl.opengl.GL11.glDrawArrays(III)V+11
j  ObjectRenderer.render()V+31
j  Client.render()V+52
j  Client.loop()V+22
j  Client.run()V+5
j  ClientLoader.main([Ljava/lang/String;)V+25
v  ~StubRoutines::call_stub

---------------  P R O C E S S  ---------------

Java Threads: ( => current thread )
  0x00007ffa10193000 JavaThread "Service Thread" daemon [_thread_blocked, id=30967, stack(0x00007ff9faec0000,0x00007ff9fafc1000)]
  0x00007ffa10186000 JavaThread "C1 CompilerThread2" daemon [_thread_blocked, id=30966, stack(0x00007ff9fafc1000,0x00007ff9fb0c2000)]
  0x00007ffa10184000 JavaThread "C2 CompilerThread1" daemon [_thread_blocked, id=30965, stack(0x00007ff9fb0c2000,0x00007ff9fb1c3000)]
  0x00007ffa10181000 JavaThread "C2 CompilerThread0" daemon [_thread_blocked, id=30964, stack(0x00007ff9fb1c3000,0x00007ff9fb2c4000)]
  0x00007ffa1017f800 JavaThread "Signal Dispatcher" daemon [_thread_blocked, id=30963, stack(0x00007ff9fb2c4000,0x00007ff9fb3c5000)]
  0x00007ffa10145800 JavaThread "Finalizer" daemon [_thread_blocked, id=30962, stack(0x00007ff9fb4f5000,0x00007ff9fb5f6000)]
  0x00007ffa10143800 JavaThread "Reference Handler" daemon [_thread_blocked, id=30961, stack(0x00007ff9fb5f6000,0x00007ff9fb6f7000)]
=>0x00007ffa10009800 JavaThread "main" [_thread_in_native, id=30955, stack(0x00007ffa19ad5000,0x00007ffa19bd6000)]

Other Threads:
  0x00007ffa1013e800 VMThread [stack: 0x00007ff9fb6f7000,0x00007ff9fb7f8000] [id=30960]
  0x00007ffa10196000 WatcherThread [stack: 0x00007ff9fadbf000,0x00007ff9faec0000] [id=30968]

VM state:not at safepoint (normal execution)

VM Mutex/Monitor currently owned by a thread: None

Heap:
 PSYoungGen      total 17920K, used 12231K [0x00000000ec780000, 0x00000000edb80000, 0x0000000100000000)
  eden space 15360K, 79% used [0x00000000ec780000,0x00000000ed371eb8,0x00000000ed680000)
  from space 2560K, 0% used [0x00000000ed900000,0x00000000ed900000,0x00000000edb80000)
  to   space 2560K, 0% used [0x00000000ed680000,0x00000000ed680000,0x00000000ed900000)
 ParOldGen       total 40960K, used 0K [0x00000000c5600000, 0x00000000c7e00000, 0x00000000ec780000)
  object space 40960K, 0% used [0x00000000c5600000,0x00000000c5600000,0x00000000c7e00000)
 Metaspace       used 6976K, capacity 8280K, committed 8576K, reserved 1056768K
  class space    used 518K, capacity 584K, committed 640K, reserved 1048576K

Card table byte_map: [0x00007ffa166fe000,0x00007ffa168d4000] byte_map_base: 0x00007ffa160d3000

Marking Bits: (ParMarkBitMap*) 0x00007ffa18fd9020
 Begin Bits: [0x00007ffa14471000, 0x00007ffa15319000)
 End Bits:   [0x00007ffa15319000, 0x00007ffa161c1000)

Polling page: 0x00007ffa19c01000

CodeCache: size=245760Kb used=1889Kb max_used=1889Kb free=243870Kb
 bounds [0x00007ffa01000000, 0x00007ffa01270000, 0x00007ffa10000000]
 total_blobs=924 nmethods=279 adapters=560
 compilation: enabled

Compilation events (10 events):
Event: 0.466 Thread 0x00007ffa10186000 nmethod 271 0x00007ffa011d3b90 code [0x00007ffa011d3d20, 0x00007ffa011d41c8]
Event: 0.466 Thread 0x00007ffa10186000  272   !   3       java.lang.StringCoding$StringEncoder::encode (179 bytes)
Event: 0.466 Thread 0x00007ffa10181000 nmethod 278 0x00007ffa011d4f90 code [0x00007ffa011d50c0, 0x00007ffa011d5138]
Event: 0.469 Thread 0x00007ffa10186000 nmethod 272 0x00007ffa011d7e50 code [0x00007ffa011d81c0, 0x00007ffa011d9e58]
Event: 0.469 Thread 0x00007ffa10186000  273       3       java.util.jar.Attributes$Name::hashCode (24 bytes)
Event: 0.469 Thread 0x00007ffa10186000 nmethod 273 0x00007ffa011d37d0 code [0x00007ffa011d3940, 0x00007ffa011d3b08]
Event: 0.469 Thread 0x00007ffa10186000  275       3       java.lang.ClassLoader::loadClass (7 bytes)
Event: 0.469 Thread 0x00007ffa10186000 nmethod 275 0x00007ffa011d33d0 code [0x00007ffa011d3540, 0x00007ffa011d3748]
Event: 0.469 Thread 0x00007ffa10186000  276       3       sun.misc.Launcher$AppClassLoader::loadClass (85 bytes)
Event: 0.470 Thread 0x00007ffa10186000 nmethod 276 0x00007ffa011d6a90 code [0x00007ffa011d6cc0, 0x00007ffa011d79c8]

GC Heap History (0 events):
No events

Deoptimization events (0 events):
No events

Internal exceptions (2 events):
Event: 0.037 Thread 0x00007ffa10009800 Exception <a 'java/lang/NoSuchMethodError': Method sun.misc.Unsafe.defineClass(Ljava/lang/String;[BII)Ljava/lang/Class; name or signature does not match> (0x00000000ec792868) thrown at [/HUDSON/workspace/8-2-build-linux-amd64/jdk8u66/4988/hotspot/src/shar
Event: 0.037 Thread 0x00007ffa10009800 Exception <a 'java/lang/NoSuchMethodError': Method sun.misc.Unsafe.prefetchRead(Ljava/lang/Object;J)V name or signature does not match> (0x00000000ec792b50) thrown at [/HUDSON/workspace/8-2-build-linux-amd64/jdk8u66/4988/hotspot/src/share/vm/prims/jni.cpp

Events (10 events):
Event: 0.465 loading class org/lwjgl/stb/STBTTAlignedQuad
Event: 0.465 loading class org/lwjgl/stb/STBTTAlignedQuad done
Event: 0.467 loading class ObjectRenderer
Event: 0.467 loading class ObjectRenderer done
Event: 0.467 loading class org/lwjgl/glfw/GLFWKeyCallback$1
Event: 0.467 loading class org/lwjgl/glfw/GLFWKeyCallback$1 done
Event: 0.470 loading class Client$1
Event: 0.470 loading class Client$1 done
Event: 0.471 loading class org/lwjgl/opengl/GLChecks
Event: 0.471 loading class org/lwjgl/opengl/GLChecks done


Dynamic libraries:
00400000-00401000 r-xp 00000000 08:01 7085876                            /usr/lib/jvm/java-8-oracle/jre/bin/java
00600000-00601000 rw-p 00000000 08:01 7085876                            /usr/lib/jvm/java-8-oracle/jre/bin/java
025a3000-025c4000 rw-p 00000000 00:00 0                                  [heap]
c5600000-c7e00000 rw-p 00000000 00:00 0 
c7e00000-ec780000 ---p 00000000 00:00 0 
ec780000-edb80000 rw-p 00000000 00:00 0 
edb80000-100000000 ---p 00000000 00:00 0 
100000000-1000a0000 rw-p 00000000 00:00 0 
1000a0000-140000000 ---p 00000000 00:00 0 
7ff9c4000000-7ff9c4021000 rw-p 00000000 00:00 0 
7ff9c4021000-7ff9c8000000 ---p 00000000 00:00 0 
7ff9c8000000-7ff9c8021000 rw-p 00000000 00:00 0 
7ff9c8021000-7ff9cc000000 ---p 00000000 00:00 0 
7ff9cc000000-7ff9cc09a000 rw-p 00000000 00:00 0 
7ff9cc09a000-7ff9d0000000 ---p 00000000 00:00 0 
7ff9d0000000-7ff9d01a2000 rw-p 00000000 00:00 0 
7ff9d01a2000-7ff9d4000000 ---p 00000000 00:00 0 
7ff9d4000000-7ff9d4021000 rw-p 00000000 00:00 0 
7ff9d4021000-7ff9d8000000 ---p 00000000 00:00 0 
7ff9d8000000-7ff9d8082000 rw-p 00000000 00:00 0 
7ff9d8082000-7ff9dc000000 ---p 00000000 00:00 0 
7ff9dc000000-7ff9dc021000 rw-p 00000000 00:00 0 
7ff9dc021000-7ff9e0000000 ---p 00000000 00:00 0 
7ff9e0000000-7ff9e0021000 rw-p 00000000 00:00 0 
7ff9e0021000-7ff9e4000000 ---p 00000000 00:00 0 
7ff9e4000000-7ff9e4021000 rw-p 00000000 00:00 0 
7ff9e4021000-7ff9e8000000 ---p 00000000 00:00 0 
7ff9e8000000-7ff9e8021000 rw-p 00000000 00:00 0 
7ff9e8021000-7ff9ec000000 ---p 00000000 00:00 0 
7ff9ec000000-7ff9ec021000 rw-p 00000000 00:00 0 
7ff9ec021000-7ff9f0000000 ---p 00000000 00:00 0 
7ff9f0115000-7ff9f12b3000 rw-p 00000000 00:00 0 
7ff9f12b3000-7ff9f12ea000 r-xp 00000000 08:01 7476861                    /usr/lib/x86_64-linux-gnu/libtxc_dxtn_s2tc.so.0.0.0
7ff9f12ea000-7ff9f14e9000 ---p 00037000 08:01 7476861                    /usr/lib/x86_64-linux-gnu/libtxc_dxtn_s2tc.so.0.0.0
7ff9f14e9000-7ff9f14ea000 r--p 00036000 08:01 7476861                    /usr/lib/x86_64-linux-gnu/libtxc_dxtn_s2tc.so.0.0.0
7ff9f14ea000-7ff9f14eb000 rw-p 00037000 08:01 7476861                    /usr/lib/x86_64-linux-gnu/libtxc_dxtn_s2tc.so.0.0.0
7ff9f14eb000-7ff9f1505000 r-xp 00000000 08:01 2361412                    /lib/x86_64-linux-gnu/libz.so.1.2.8
7ff9f1505000-7ff9f1704000 ---p 0001a000 08:01 2361412                    /lib/x86_64-linux-gnu/libz.so.1.2.8
7ff9f1704000-7ff9f1705000 r--p 00019000 08:01 2361412                    /lib/x86_64-linux-gnu/libz.so.1.2.8
7ff9f1705000-7ff9f1706000 rw-p 0001a000 08:01 2361412                    /lib/x86_64-linux-gnu/libz.so.1.2.8
7ff9f1706000-7ff9f170e000 r-xp 00000000 08:01 7476483                    /usr/lib/x86_64-linux-gnu/libpciaccess.so.0.11.1
7ff9f170e000-7ff9f190e000 ---p 00008000 08:01 7476483                    /usr/lib/x86_64-linux-gnu/libpciaccess.so.0.11.1
7ff9f190e000-7ff9f190f000 r--p 00008000 08:01 7476483                    /usr/lib/x86_64-linux-gnu/libpciaccess.so.0.11.1
7ff9f190f000-7ff9f1910000 rw-p 00009000 08:01 7476483                    /usr/lib/x86_64-linux-gnu/libpciaccess.so.0.11.1
7ff9f1910000-7ff9f1926000 r-xp 00000000 08:01 2361273                    /lib/x86_64-linux-gnu/libgcc_s.so.1
7ff9f1926000-7ff9f1b25000 ---p 00016000 08:01 2361273                    /lib/x86_64-linux-gnu/libgcc_s.so.1
7ff9f1b25000-7ff9f1b26000 rw-p 00015000 08:01 2361273                    /lib/x86_64-linux-gnu/libgcc_s.so.1
7ff9f1b26000-7ff9f1c12000 r-xp 00000000 08:01 7476755                    /usr/lib/x86_64-linux-gnu/libstdc++.so.6.0.20
7ff9f1c12000-7ff9f1e12000 ---p 000ec000 08:01 7476755                    /usr/lib/x86_64-linux-gnu/libstdc++.so.6.0.20
7ff9f1e12000-7ff9f1e1a000 r--p 000ec000 08:01 7476755                    /usr/lib/x86_64-linux-gnu/libstdc++.so.6.0.20
7ff9f1e1a000-7ff9f1e1c000 rw-p 000f4000 08:01 7476755                    /usr/lib/x86_64-linux-gnu/libstdc++.so.6.0.20
7ff9f1e1c000-7ff9f1e31000 rw-p 00000000 00:00 0 
7ff9f1e31000-7ff9f1e3d000 r-xp 00000000 08:01 7475559                    /usr/lib/x86_64-linux-gnu/libdrm_radeon.so.1.0.1
7ff9f1e3d000-7ff9f203c000 ---p 0000c000 08:01 7475559                    /usr/lib/x86_64-linux-gnu/libdrm_radeon.so.1.0.1
7ff9f203c000-7ff9f203d000 r--p 0000b000 08:01 7475559                    /usr/lib/x86_64-linux-gnu/libdrm_radeon.so.1.0.1
7ff9f203d000-7ff9f203e000 rw-p 0000c000 08:01 7475559                    /usr/lib/x86_64-linux-gnu/libdrm_radeon.so.1.0.1
7ff9f203e000-7ff9f2044000 r-xp 00000000 08:01 7475555                    /usr/lib/x86_64-linux-gnu/libdrm_nouveau.so.2.0.0
7ff9f2044000-7ff9f2243000 ---p 00006000 08:01 7475555                    /usr/lib/x86_64-linux-gnu/libdrm_nouveau.so.2.0.0
7ff9f2243000-7ff9f2244000 r--p 00005000 08:01 7475555                    /usr/lib/x86_64-linux-gnu/libdrm_nouveau.so.2.0.0
7ff9f2244000-7ff9f2245000 rw-p 00006000 08:01 7475555                    /usr/lib/x86_64-linux-gnu/libdrm_nouveau.so.2.0.0
7ff9f2245000-7ff9f2266000 r-xp 00000000 08:01 7475551                    /usr/lib/x86_64-linux-gnu/libdrm_intel.so.1.0.0
7ff9f2266000-7ff9f2465000 ---p 00021000 08:01 7475551                    /usr/lib/x86_64-linux-gnu/libdrm_intel.so.1.0.0
7ff9f2465000-7ff9f2466000 r--p 00020000 08:01 7475551                    /usr/lib/x86_64-linux-gnu/libdrm_intel.so.1.0.0
7ff9f2466000-7ff9f2467000 rw-p 00021000 08:01 7475551                    /usr/lib/x86_64-linux-gnu/libdrm_intel.so.1.0.0
7ff9f2467000-7ff9f2985000 r-xp 00000000 08:01 7473403                    /usr/lib/x86_64-linux-gnu/dri/i965_dri.so
7ff9f2985000-7ff9f2b85000 ---p 0051e000 08:01 7473403                    /usr/lib/x86_64-linux-gnu/dri/i965_dri.so
7ff9f2b85000-7ff9f2ba1000 r--p 0051e000 08:01 7473403                    /usr/lib/x86_64-linux-gnu/dri/i965_dri.so
7ff9f2ba1000-7ff9f2ba7000 rw-p 0053a000 08:01 7473403                    /usr/lib/x86_64-linux-gnu/dri/i965_dri.so
7ff9f2ba7000-7ff9f2bb2000 rw-p 00000000 00:00 0 
7ff9f2bb2000-7ff9f2bc0000 r-xp 00000000 08:01 2361397                    /lib/x86_64-linux-gnu/libudev.so.1.5.0
7ff9f2bc0000-7ff9f2dbf000 ---p 0000e000 08:01 2361397                    /lib/x86_64-linux-gnu/libudev.so.1.5.0
7ff9f2dbf000-7ff9f2dc0000 r--p 0000d000 08:01 2361397                    /lib/x86_64-linux-gnu/libudev.so.1.5.0
7ff9f2dc0000-7ff9f2dc1000 rw-p 0000e000 08:01 2361397                    /lib/x86_64-linux-gnu/libudev.so.1.5.0
7ff9f2dc1000-7ff9f2dcd000 r-xp 00000000 08:01 7475547                    /usr/lib/x86_64-linux-gnu/libdrm.so.2.4.0
7ff9f2dcd000-7ff9f2fcc000 ---p 0000c000 08:01 7475547                    /usr/lib/x86_64-linux-gnu/libdrm.so.2.4.0
7ff9f2fcc000-7ff9f2fcd000 r--p 0000b000 08:01 7475547                    /usr/lib/x86_64-linux-gnu/libdrm.so.2.4.0
7ff9f2fcd000-7ff9f2fce000 rw-p 0000c000 08:01 7475547                    /usr/lib/x86_64-linux-gnu/libdrm.so.2.4.0
7ff9f2fce000-7ff9f2fcf000 r-xp 00000000 08:01 7477146                    /usr/lib/x86_64-linux-gnu/libxshmfence.so.1.0.0
7ff9f2fcf000-7ff9f31ce000 ---p 00001000 08:01 7477146                    /usr/lib/x86_64-linux-gnu/libxshmfence.so.1.0.0
7ff9f31ce000-7ff9f31cf000 r--p 00000000 08:01 7477146                    /usr/lib/x86_64-linux-gnu/libxshmfence.so.1.0.0
7ff9f31cf000-7ff9f31d0000 rw-p 00001000 08:01 7477146                    /usr/lib/x86_64-linux-gnu/libxshmfence.so.1.0.0
7ff9f31d0000-7ff9f31d5000 r-xp 00000000 08:01 7477116                    /usr/lib/x86_64-linux-gnu/libxcb-sync.so.1.0.0
7ff9f31d5000-7ff9f33d5000 ---p 00005000 08:01 7477116                    /usr/lib/x86_64-linux-gnu/libxcb-sync.so.1.0.0
7ff9f33d5000-7ff9f33d6000 r--p 00005000 08:01 7477116                    /usr/lib/x86_64-linux-gnu/libxcb-sync.so.1.0.0
7ff9f33d6000-7ff9f33d7000 rw-p 00006000 08:01 7477116                    /usr/lib/x86_64-linux-gnu/libxcb-sync.so.1.0.0
7ff9f33d7000-7ff9f33d9000 r-xp 00000000 08:01 7477094                    /usr/lib/x86_64-linux-gnu/libxcb-present.so.0.0.0
7ff9f33d9000-7ff9f35d8000 ---p 00002000 08:01 7477094                    /usr/lib/x86_64-linux-gnu/libxcb-present.so.0.0.0
7ff9f35d8000-7ff9f35d9000 r--p 00001000 08:01 7477094                    /usr/lib/x86_64-linux-gnu/libxcb-present.so.0.0.0
7ff9f35d9000-7ff9f35da000 rw-p 00002000 08:01 7477094                    /usr/lib/x86_64-linux-gnu/libxcb-present.so.0.0.0
7ff9f35da000-7ff9f35dc000 r-xp 00000000 08:01 7477080                    /usr/lib/x86_64-linux-gnu/libxcb-dri3.so.0.0.0
7ff9f35dc000-7ff9f37db000 ---p 00002000 08:01 7477080                    /usr/lib/x86_64-linux-gnu/libxcb-dri3.so.0.0.0
7ff9f37db000-7ff9f37dc000 r--p 00001000 08:01 7477080                    /usr/lib/x86_64-linux-gnu/libxcb-dri3.so.0.0.0
7ff9f37dc000-7ff9f37dd000 rw-p 00002000 08:01 7477080                    /usr/lib/x86_64-linux-gnu/libxcb-dri3.so.0.0.0
7ff9f37dd000-7ff9f37e1000 r-xp 00000000 08:01 7477076                    /usr/lib/x86_64-linux-gnu/libxcb-dri2.so.0.0.0
7ff9f37e1000-7ff9f39e0000 ---p 00004000 08:01 7477076                    /usr/lib/x86_64-linux-gnu/libxcb-dri2.so.0.0.0
7ff9f39e0000-7ff9f39e1000 r--p 00003000 08:01 7477076                    /usr/lib/x86_64-linux-gnu/libxcb-dri2.so.0.0.0
7ff9f39e1000-7ff9f39e2000 rw-p 00004000 08:01 7477076                    /usr/lib/x86_64-linux-gnu/libxcb-dri2.so.0.0.0
7ff9f39e2000-7ff9f39f9000 r-xp 00000000 08:01 7477084                    /usr/lib/x86_64-linux-gnu/libxcb-glx.so.0.0.0
7ff9f39f9000-7ff9f3bf8000 ---p 00017000 08:01 7477084                    /usr/lib/x86_64-linux-gnu/libxcb-glx.so.0.0.0
7ff9f3bf8000-7ff9f3bfa000 r--p 00016000 08:01 7477084                    /usr/lib/x86_64-linux-gnu/libxcb-glx.so.0.0.0
7ff9f3bfa000-7ff9f3bfb000 rw-p 00018000 08:01 7477084                    /usr/lib/x86_64-linux-gnu/libxcb-glx.so.0.0.0
7ff9f3bfb000-7ff9f3bfc000 r-xp 00000000 08:01 7475209                    /usr/lib/x86_64-linux-gnu/libX11-xcb.so.1.0.0
7ff9f3bfc000-7ff9f3dfb000 ---p 00001000 08:01 7475209                    /usr/lib/x86_64-linux-gnu/libX11-xcb.so.1.0.0
7ff9f3dfb000-7ff9f3dfc000 r--p 00000000 08:01 7475209                    /usr/lib/x86_64-linux-gnu/libX11-xcb.so.1.0.0
7ff9f3dfc000-7ff9f3dfd000 rw-p 00001000 08:01 7475209                    /usr/lib/x86_64-linux-gnu/libX11-xcb.so.1.0.0
7ff9f3dfd000-7ff9f3dff000 r-xp 00000000 08:01 7475234                    /usr/lib/x86_64-linux-gnu/libXdamage.so.1.1.0
7ff9f3dff000-7ff9f3ffe000 ---p 00002000 08:01 7475234                    /usr/lib/x86_64-linux-gnu/libXdamage.so.1.1.0
7ff9f3ffe000-7ff9f3fff000 r--p 00001000 08:01 7475234                    /usr/lib/x86_64-linux-gnu/libXdamage.so.1.1.0
7ff9f3fff000-7ff9f4000000 rw-p 00002000 08:01 7475234                    /usr/lib/x86_64-linux-gnu/libXdamage.so.1.1.0
7ff9f4000000-7ff9f4021000 rw-p 00000000 00:00 0 
7ff9f4021000-7ff9f8000000 ---p 00000000 00:00 0 
7ff9f813c000-7ff9f8161000 r-xp 00000000 08:01 7475798                    /usr/lib/x86_64-linux-gnu/libglapi.so.0.0.0
7ff9f8161000-7ff9f8361000 ---p 00025000 08:01 7475798                    /usr/lib/x86_64-linux-gnu/libglapi.so.0.0.0
7ff9f8361000-7ff9f8364000 r--p 00025000 08:01 7475798                    /usr/lib/x86_64-linux-gnu/libglapi.so.0.0.0
7ff9f8364000-7ff9f8365000 rw-p 00028000 08:01 7475798                    /usr/lib/x86_64-linux-gnu/libglapi.so.0.0.0
7ff9f8365000-7ff9f8366000 rw-p 00000000 00:00 0 
7ff9f8366000-7ff9f838c000 r-xp 00000000 08:01 2361268                    /lib/x86_64-linux-gnu/libexpat.so.1.6.0
7ff9f838c000-7ff9f858b000 ---p 00026000 08:01 2361268                    /lib/x86_64-linux-gnu/libexpat.so.1.6.0
7ff9f858b000-7ff9f858e000 r--p 00025000 08:01 2361268                    /lib/x86_64-linux-gnu/libexpat.so.1.6.0
7ff9f858e000-7ff9f858f000 rw-p 00028000 08:01 2361268                    /lib/x86_64-linux-gnu/libexpat.so.1.6.0
7ff9f858f000-7ff9f8625000 r-xp 00000000 08:01 7475030                    /usr/lib/x86_64-linux-gnu/libGL.so.1.2.0
7ff9f8625000-7ff9f8824000 ---p 00096000 08:01 7475030                    /usr/lib/x86_64-linux-gnu/libGL.so.1.2.0
7ff9f8824000-7ff9f8827000 r--p 00095000 08:01 7475030                    /usr/lib/x86_64-linux-gnu/libGL.so.1.2.0
7ff9f8827000-7ff9f8828000 rw-p 00098000 08:01 7475030                    /usr/lib/x86_64-linux-gnu/libGL.so.1.2.0
7ff9f8828000-7ff9f8829000 rw-p 00000000 00:00 0 
7ff9f8829000-7ff9f882e000 r-xp 00000000 08:01 7475238                    /usr/lib/x86_64-linux-gnu/libXdmcp.so.6.0.0
7ff9f882e000-7ff9f8a2d000 ---p 00005000 08:01 7475238                    /usr/lib/x86_64-linux-gnu/libXdmcp.so.6.0.0
7ff9f8a2d000-7ff9f8a2e000 rw-p 00004000 08:01 7475238                    /usr/lib/x86_64-linux-gnu/libXdmcp.so.6.0.0
7ff9f8a2e000-7ff9f8a31000 r-xp 00000000 08:01 7475219                    /usr/lib/x86_64-linux-gnu/libXau.so.6.0.0
7ff9f8a31000-7ff9f8c30000 ---p 00003000 08:01 7475219                    /usr/lib/x86_64-linux-gnu/libXau.so.6.0.0
7ff9f8c30000-7ff9f8c31000 r--p 00002000 08:01 7475219                    /usr/lib/x86_64-linux-gnu/libXau.so.6.0.0
7ff9f8c31000-7ff9f8c32000 rw-p 00003000 08:01 7475219                    /usr/lib/x86_64-linux-gnu/libXau.so.6.0.0
7ff9f8c32000-7ff9f8c37000 r-xp 00000000 08:01 7475246                    /usr/lib/x86_64-linux-gnu/libXfixes.so.3.1.0
7ff9f8c37000-7ff9f8e36000 ---p 00005000 08:01 7475246                    /usr/lib/x86_64-linux-gnu/libXfixes.so.3.1.0
7ff9f8e36000-7ff9f8e37000 r--p 00004000 08:01 7475246                    /usr/lib/x86_64-linux-gnu/libXfixes.so.3.1.0
7ff9f8e37000-7ff9f8e38000 rw-p 00005000 08:01 7475246                    /usr/lib/x86_64-linux-gnu/libXfixes.so.3.1.0
7ff9f8e38000-7ff9f8e41000 r-xp 00000000 08:01 7475277                    /usr/lib/x86_64-linux-gnu/libXrender.so.1.3.0
7ff9f8e41000-7ff9f9040000 ---p 00009000 08:01 7475277                    /usr/lib/x86_64-linux-gnu/libXrender.so.1.3.0
7ff9f9040000-7ff9f9041000 r--p 00008000 08:01 7475277                    /usr/lib/x86_64-linux-gnu/libXrender.so.1.3.0
7ff9f9041000-7ff9f9042000 rw-p 00009000 08:01 7475277                    /usr/lib/x86_64-linux-gnu/libXrender.so.1.3.0
7ff9f9042000-7ff9f9053000 r-xp 00000000 08:01 7475242                    /usr/lib/x86_64-linux-gnu/libXext.so.6.4.0
7ff9f9053000-7ff9f9252000 ---p 00011000 08:01 7475242                    /usr/lib/x86_64-linux-gnu/libXext.so.6.4.0
7ff9f9252000-7ff9f9253000 r--p 00010000 08:01 7475242                    /usr/lib/x86_64-linux-gnu/libXext.so.6.4.0
7ff9f9253000-7ff9f9254000 rw-p 00011000 08:01 7475242                    /usr/lib/x86_64-linux-gnu/libXext.so.6.4.0
7ff9f9254000-7ff9f9275000 r-xp 00000000 08:01 7477132                    /usr/lib/x86_64-linux-gnu/libxcb.so.1.1.0
7ff9f9275000-7ff9f9474000 ---p 00021000 08:01 7477132                    /usr/lib/x86_64-linux-gnu/libxcb.so.1.1.0
7ff9f9474000-7ff9f9475000 r--p 00020000 08:01 7477132                    /usr/lib/x86_64-linux-gnu/libxcb.so.1.1.0
7ff9f9475000-7ff9f9476000 rw-p 00021000 08:01 7477132                    /usr/lib/x86_64-linux-gnu/libxcb.so.1.1.0
7ff9f9476000-7ff9f9480000 r-xp 00000000 08:01 7475230                    /usr/lib/x86_64-linux-gnu/libXcursor.so.1.0.2
7ff9f9480000-7ff9f967f000 ---p 0000a000 08:01 7475230                    /usr/lib/x86_64-linux-gnu/libXcursor.so.1.0.2
7ff9f967f000-7ff9f9680000 r--p 00009000 08:01 7475230                    /usr/lib/x86_64-linux-gnu/libXcursor.so.1.0.2
7ff9f9680000-7ff9f9681000 rw-p 0000a000 08:01 7475230                    /usr/lib/x86_64-linux-gnu/libXcursor.so.1.0.2
7ff9f9681000-7ff9f9686000 r-xp 00000000 08:01 7475297                    /usr/lib/x86_64-linux-gnu/libXxf86vm.so.1.0.0
7ff9f9686000-7ff9f9885000 ---p 00005000 08:01 7475297                    /usr/lib/x86_64-linux-gnu/libXxf86vm.so.1.0.0
7ff9f9885000-7ff9f9886000 r--p 00004000 08:01 7475297                    /usr/lib/x86_64-linux-gnu/libXxf86vm.so.1.0.0
7ff9f9886000-7ff9f9887000 rw-p 00005000 08:01 7475297                    /usr/lib/x86_64-linux-gnu/libXxf86vm.so.1.0.0
7ff9f9887000-7ff9f9896000 r-xp 00000000 08:01 7475256                    /usr/lib/x86_64-linux-gnu/libXi.so.6.1.0
7ff9f9896000-7ff9f9a95000 ---p 0000f000 08:01 7475256                    /usr/lib/x86_64-linux-gnu/libXi.so.6.1.0
7ff9f9a95000-7ff9f9a96000 r--p 0000e000 08:01 7475256                    /usr/lib/x86_64-linux-gnu/libXi.so.6.1.0
7ff9f9a96000-7ff9f9a97000 rw-p 0000f000 08:01 7475256                    /usr/lib/x86_64-linux-gnu/libXi.so.6.1.0
7ff9f9a97000-7ff9f9a99000 r-xp 00000000 08:01 7475260                    /usr/lib/x86_64-linux-gnu/libXinerama.so.1.0.0
7ff9f9a99000-7ff9f9c98000 ---p 00002000 08:01 7475260                    /usr/lib/x86_64-linux-gnu/libXinerama.so.1.0.0
7ff9f9c98000-7ff9f9c99000 r--p 00001000 08:01 7475260                    /usr/lib/x86_64-linux-gnu/libXinerama.so.1.0.0
7ff9f9c99000-7ff9f9c9a000 rw-p 00002000 08:01 7475260                    /usr/lib/x86_64-linux-gnu/libXinerama.so.1.0.0
7ff9f9c9a000-7ff9f9ca3000 r-xp 00000000 08:01 7475273                    /usr/lib/x86_64-linux-gnu/libXrandr.so.2.2.0
7ff9f9ca3000-7ff9f9ea2000 ---p 00009000 08:01 7475273                    /usr/lib/x86_64-linux-gnu/libXrandr.so.2.2.0
7ff9f9ea2000-7ff9f9ea3000 r--p 00008000 08:01 7475273                    /usr/lib/x86_64-linux-gnu/libXrandr.so.2.2.0
7ff9f9ea3000-7ff9f9ea4000 rw-p 00009000 08:01 7475273                    /usr/lib/x86_64-linux-gnu/libXrandr.so.2.2.0
7ff9f9ea4000-7ff9f9fe0000 r-xp 00000000 08:01 7475213                    /usr/lib/x86_64-linux-gnu/libX11.so.6.3.0
7ff9f9fe0000-7ff9fa1df000 ---p 0013c000 08:01 7475213                    /usr/lib/x86_64-linux-gnu/libX11.so.6.3.0
7ff9fa1df000-7ff9fa1e1000 r--p 0013b000 08:01 7475213                    /usr/lib/x86_64-linux-gnu/libX11.so.6.3.0
7ff9fa1e1000-7ff9fa1e6000 rw-p 0013d000 08:01 7475213                    /usr/lib/x86_64-linux-gnu/libX11.so.6.3.0
7ff9fa1e6000-7ff9fa1e7000 rw-p 00000000 00:00 0 
7ff9fa1e7000-7ff9fa1eb000 r-xp 00000000 08:01 3801170                    /root/Desktop/Programming/Java/Elements Game/lib/lwjgl/native/libglfw.so
7ff9fa1eb000-7ff9fa1ff000 r-xp 00000000 00:00 0 
7ff9fa1ff000-7ff9fa3fe000 ---p 00018000 08:01 3801170                    /root/Desktop/Programming/Java/Elements Game/lib/lwjgl/native/libglfw.so
7ff9fa3fe000-7ff9fa3ff000 rw-p 0000d000 08:01 3801170                    /root/Desktop/Programming/Java/Elements Game/lib/lwjgl/native/libglfw.so
7ff9fa3ff000-7ff9fa800000 rw-p 00000000 00:00 0 
7ff9fa91a000-7ff9fa91d000 r-xp 00000000 08:01 3801176                    /root/Desktop/Programming/Java/Elements Game/lib/lwjgl/native/libjemalloc.so
7ff9fa91d000-7ff9fa959000 r-xp 00000000 00:00 0 
7ff9fa959000-7ff9fab58000 ---p 0003f000 08:01 3801176                    /root/Desktop/Programming/Java/Elements Game/lib/lwjgl/native/libjemalloc.so
7ff9fab58000-7ff9fab5a000 r--p 0001c000 08:01 3801176                    /root/Desktop/Programming/Java/Elements Game/lib/lwjgl/native/libjemalloc.so
7ff9fab5a000-7ff9fab5b000 rw-p 0001e000 08:01 3801176                    /root/Desktop/Programming/Java/Elements Game/lib/lwjgl/native/libjemalloc.so
7ff9fab5b000-7ff9fab5c000 rw-p 00000000 00:00 0 
7ff9fab5c000-7ff9fab69000 r-xp 00000000 08:01 3801182                    /root/Desktop/Programming/Java/Elements Game/lib/lwjgl/native/liblwjgl.so
7ff9fab69000-7ff9fabbd000 r-xp 00000000 00:00 0 
7ff9fabbd000-7ff9fadbc000 ---p 00061000 08:01 3801182                    /root/Desktop/Programming/Java/Elements Game/lib/lwjgl/native/liblwjgl.so
7ff9fadbc000-7ff9fadbe000 rw-p 00033000 08:01 3801182                    /root/Desktop/Programming/Java/Elements Game/lib/lwjgl/native/liblwjgl.so
7ff9fadbe000-7ff9fadbf000 rw-p 00000000 00:00 0 
7ff9fadbf000-7ff9fadc0000 ---p 00000000 00:00 0 
7ff9fadc0000-7ff9faec0000 rw-p 00000000 00:00 0                          [stack:30968]
7ff9faec0000-7ff9faec3000 ---p 00000000 00:00 0 
7ff9faec3000-7ff9fafc1000 rw-p 00000000 00:00 0                          [stack:30967]
7ff9fafc1000-7ff9fafc4000 ---p 00000000 00:00 0 
7ff9fafc4000-7ff9fb0c2000 rw-p 00000000 00:00 0                          [stack:30966]
7ff9fb0c2000-7ff9fb0c5000 ---p 00000000 00:00 0 
7ff9fb0c5000-7ff9fb1c3000 rw-p 00000000 00:00 0                          [stack:30965]
7ff9fb1c3000-7ff9fb1c6000 ---p 00000000 00:00 0 
7ff9fb1c6000-7ff9fb2c4000 rw-p 00000000 00:00 0                          [stack:30964]
7ff9fb2c4000-7ff9fb2c7000 ---p 00000000 00:00 0 
7ff9fb2c7000-7ff9fb3c5000 rw-p 00000000 00:00 0                          [stack:30963]
7ff9fb3c5000-7ff9fb4f5000 r--p 00000000 08:01 6817861                    /usr/lib/locale/fr_LU.utf8/LC_COLLATE
7ff9fb4f5000-7ff9fb4f8000 ---p 00000000 00:00 0 
7ff9fb4f8000-7ff9fb5f6000 rw-p 00000000 00:00 0                          [stack:30962]
7ff9fb5f6000-7ff9fb5f9000 ---p 00000000 00:00 0 
7ff9fb5f9000-7ff9fb6f7000 rw-p 00000000 00:00 0                          [stack:30961]
7ff9fb6f7000-7ff9fb6f8000 ---p 00000000 00:00 0 
7ff9fb6f8000-7ff9fc000000 rw-p 00000000 00:00 0                          [stack:30960]
7ff9fc000000-7ff9fc021000 rw-p 00000000 00:00 0 
7ff9fc021000-7ffa00000000 ---p 00000000 00:00 0 
7ffa000d9000-7ffa000e9000 rw-s 118548000 00:06 13722                     /dev/dri/card0
7ffa000e9000-7ffa000f9000 rw-s 118538000 00:06 13722                     /dev/dri/card0
7ffa000f9000-7ffa00fc0000 rw-p 00000000 00:00 0 
7ffa00fc0000-7ffa01000000 ---p 00000000 00:00 0 
7ffa01000000-7ffa01270000 rwxp 00000000 00:00 0 
7ffa01270000-7ffa10000000 ---p 00000000 00:00 0 
7ffa10000000-7ffa10811000 rw-p 00000000 00:00 0 
7ffa10811000-7ffa14000000 ---p 00000000 00:00 0 
7ffa1400b000-7ffa1400c000 rw-p 00000000 00:00 0 
7ffa1400c000-7ffa1400e000 rw-s 00000000 00:05 315413                     /drm mm object (deleted)
7ffa1400e000-7ffa1400f000 rwxp 00000000 00:00 0 
7ffa1400f000-7ffa14011000 rw-s 00000000 00:05 314581                     /drm mm object (deleted)
7ffa14011000-7ffa14012000 rw-s 00000000 00:05 314576                     /drm mm object (deleted)
7ffa14012000-7ffa14013000 rwxp 00000000 00:00 0 
7ffa14013000-7ffa1402e000 r--s 001e6000 08:01 3670575                    /root/Desktop/Programming/Java/Elements Game/lib/lwjgl/jar/lwjgl.jar
7ffa1402e000-7ffa1402f000 r--s 00000000 08:01 2106122                    /root/Desktop/Programming/Java/Elements Game/run.jar
7ffa1402f000-7ffa1406e000 r--p 00000000 08:01 6817862                    /usr/lib/locale/fr_LU.utf8/LC_CTYPE
7ffa1406e000-7ffa1406f000 r--p 00000000 08:01 6818401                    /usr/lib/locale/ig_NG/LC_NUMERIC
7ffa1406f000-7ffa14070000 r--p 00000000 08:01 6816780                    /usr/lib/locale/en_US.utf8/LC_TIME
7ffa14070000-7ffa14071000 r--p 00000000 08:01 6816775                    /usr/lib/locale/en_US.utf8/LC_MONETARY
7ffa14071000-7ffa14072000 r--p 00000000 08:01 6816774                    /usr/lib/locale/en_US.utf8/LC_MESSAGES/SYS_LC_MESSAGES
7ffa14072000-7ffa14073000 r--p 00000000 08:01 6817464                    /usr/lib/locale/es_VE.utf8/LC_PAPER
7ffa14073000-7ffa14074000 r--p 00000000 08:01 6817994                    /usr/lib/locale/gd_GB.utf8/LC_NAME
7ffa14074000-7ffa140c3000 rw-p 00000000 00:00 0 
7ffa140c3000-7ffa1429c000 r--s 03d20000 08:01 7085982                    /usr/lib/jvm/java-8-oracle/jre/lib/rt.jar
7ffa1429c000-7ffa161c1000 rw-p 00000000 00:00 0 
7ffa161c1000-7ffa161c2000 ---p 00000000 00:00 0 
7ffa161c2000-7ffa162c2000 rw-p 00000000 00:00 0                          [stack:30959]
7ffa162c2000-7ffa162c3000 ---p 00000000 00:00 0 
7ffa162c3000-7ffa163c3000 rw-p 00000000 00:00 0                          [stack:30958]
7ffa163c3000-7ffa163c4000 ---p 00000000 00:00 0 
7ffa163c4000-7ffa164c4000 rw-p 00000000 00:00 0                          [stack:30957]
7ffa164c4000-7ffa164c5000 ---p 00000000 00:00 0 
7ffa164c5000-7ffa165d9000 rw-p 00000000 00:00 0                          [stack:30956]
7ffa165d9000-7ffa166fe000 ---p 00000000 00:00 0 
7ffa166fe000-7ffa16712000 rw-p 00000000 00:00 0 
7ffa16712000-7ffa16836000 ---p 00000000 00:00 0 
7ffa16836000-7ffa16841000 rw-p 00000000 00:00 0 
7ffa16841000-7ffa168d3000 ---p 00000000 00:00 0 
7ffa168d3000-7ffa168de000 rw-p 00000000 00:00 0 
7ffa168de000-7ffa16c94000 ---p 00000000 00:00 0 
7ffa16c94000-7ffa16cae000 r-xp 00000000 08:01 7216047                    /usr/lib/jvm/java-8-oracle/jre/lib/amd64/libzip.so
7ffa16cae000-7ffa16eae000 ---p 0001a000 08:01 7216047                    /usr/lib/jvm/java-8-oracle/jre/lib/amd64/libzip.so
7ffa16eae000-7ffa16eaf000 rw-p 0001a000 08:01 7216047                    /usr/lib/jvm/java-8-oracle/jre/lib/amd64/libzip.so
7ffa16eaf000-7ffa16eba000 r-xp 00000000 08:01 2361332                    /lib/x86_64-linux-gnu/libnss_files-2.19.so
7ffa16eba000-7ffa170b9000 ---p 0000b000 08:01 2361332                    /lib/x86_64-linux-gnu/libnss_files-2.19.so
7ffa170b9000-7ffa170ba000 r--p 0000a000 08:01 2361332                    /lib/x86_64-linux-gnu/libnss_files-2.19.so
7ffa170ba000-7ffa170bb000 rw-p 0000b000 08:01 2361332                    /lib/x86_64-linux-gnu/libnss_files-2.19.so
7ffa170bb000-7ffa170c5000 r-xp 00000000 08:01 2361343                    /lib/x86_64-linux-gnu/libnss_nis-2.19.so
7ffa170c5000-7ffa172c4000 ---p 0000a000 08:01 2361343                    /lib/x86_64-linux-gnu/libnss_nis-2.19.so
7ffa172c4000-7ffa172c5000 r--p 00009000 08:01 2361343                    /lib/x86_64-linux-gnu/libnss_nis-2.19.so
7ffa172c5000-7ffa172c6000 rw-p 0000a000 08:01 2361343                    /lib/x86_64-linux-gnu/libnss_nis-2.19.so
7ffa172c6000-7ffa172db000 r-xp 00000000 08:01 2361326                    /lib/x86_64-linux-gnu/libnsl-2.19.so
7ffa172db000-7ffa174da000 ---p 00015000 08:01 2361326                    /lib/x86_64-linux-gnu/libnsl-2.19.so
7ffa174da000-7ffa174db000 r--p 00014000 08:01 2361326                    /lib/x86_64-linux-gnu/libnsl-2.19.so
7ffa174db000-7ffa174dc000 rw-p 00015000 08:01 2361326                    /lib/x86_64-linux-gnu/libnsl-2.19.so
7ffa174dc000-7ffa174de000 rw-p 00000000 00:00 0 
7ffa174de000-7ffa174e5000 r-xp 00000000 08:01 2361328                    /lib/x86_64-linux-gnu/libnss_compat-2.19.so
7ffa174e5000-7ffa176e4000 ---p 00007000 08:01 2361328                    /lib/x86_64-linux-gnu/libnss_compat-2.19.so
7ffa176e4000-7ffa176e5000 r--p 00006000 08:01 2361328                    /lib/x86_64-linux-gnu/libnss_compat-2.19.so
7ffa176e5000-7ffa176e6000 rw-p 00007000 08:01 2361328                    /lib/x86_64-linux-gnu/libnss_compat-2.19.so
7ffa176e6000-7ffa17710000 r-xp 00000000 08:01 7216042                    /usr/lib/jvm/java-8-oracle/jre/lib/amd64/libjava.so
7ffa17710000-7ffa17910000 ---p 0002a000 08:01 7216042                    /usr/lib/jvm/java-8-oracle/jre/lib/amd64/libjava.so
7ffa17910000-7ffa17912000 rw-p 0002a000 08:01 7216042                    /usr/lib/jvm/java-8-oracle/jre/lib/amd64/libjava.so
7ffa17912000-7ffa1791f000 r-xp 00000000 08:01 7216046                    /usr/lib/jvm/java-8-oracle/jre/lib/amd64/libverify.so
7ffa1791f000-7ffa17b1f000 ---p 0000d000 08:01 7216046                    /usr/lib/jvm/java-8-oracle/jre/lib/amd64/libverify.so
7ffa17b1f000-7ffa17b21000 rw-p 0000d000 08:01 7216046                    /usr/lib/jvm/java-8-oracle/jre/lib/amd64/libverify.so
7ffa17b21000-7ffa17b28000 r-xp 00000000 08:01 2361378                    /lib/x86_64-linux-gnu/librt-2.19.so
7ffa17b28000-7ffa17d27000 ---p 00007000 08:01 2361378                    /lib/x86_64-linux-gnu/librt-2.19.so
7ffa17d27000-7ffa17d28000 r--p 00006000 08:01 2361378                    /lib/x86_64-linux-gnu/librt-2.19.so
7ffa17d28000-7ffa17d29000 rw-p 00007000 08:01 2361378                    /lib/x86_64-linux-gnu/librt-2.19.so
7ffa17d29000-7ffa17e29000 r-xp 00000000 08:01 2361305                    /lib/x86_64-linux-gnu/libm-2.19.so
7ffa17e29000-7ffa18028000 ---p 00100000 08:01 2361305                    /lib/x86_64-linux-gnu/libm-2.19.so
7ffa18028000-7ffa18029000 r--p 000ff000 08:01 2361305                    /lib/x86_64-linux-gnu/libm-2.19.so
7ffa18029000-7ffa1802a000 rw-p 00100000 08:01 2361305                    /lib/x86_64-linux-gnu/libm-2.19.so
7ffa1802a000-7ffa18ce8000 r-xp 00000000 08:01 7216025                    /usr/lib/jvm/java-8-oracle/jre/lib/amd64/server/libjvm.so
7ffa18ce8000-7ffa18ee7000 ---p 00cbe000 08:01 7216025                    /usr/lib/jvm/java-8-oracle/jre/lib/amd64/server/libjvm.so
7ffa18ee7000-7ffa18fc0000 rw-p 00cbd000 08:01 7216025                    /usr/lib/jvm/java-8-oracle/jre/lib/amd64/server/libjvm.so
7ffa18fc0000-7ffa19004000 rw-p 00000000 00:00 0 
7ffa19004000-7ffa191a3000 r-xp 00000000 08:01 2361245                    /lib/x86_64-linux-gnu/libc-2.19.so
7ffa191a3000-7ffa193a3000 ---p 0019f000 08:01 2361245                    /lib/x86_64-linux-gnu/libc-2.19.so
7ffa193a3000-7ffa193a7000 r--p 0019f000 08:01 2361245                    /lib/x86_64-linux-gnu/libc-2.19.so
7ffa193a7000-7ffa193a9000 rw-p 001a3000 08:01 2361245                    /lib/x86_64-linux-gnu/libc-2.19.so
7ffa193a9000-7ffa193ad000 rw-p 00000000 00:00 0 
7ffa193ad000-7ffa193b0000 r-xp 00000000 08:01 2361261                    /lib/x86_64-linux-gnu/libdl-2.19.so
7ffa193b0000-7ffa195af000 ---p 00003000 08:01 2361261                    /lib/x86_64-linux-gnu/libdl-2.19.so
7ffa195af000-7ffa195b0000 r--p 00002000 08:01 2361261                    /lib/x86_64-linux-gnu/libdl-2.19.so
7ffa195b0000-7ffa195b1000 rw-p 00003000 08:01 2361261                    /lib/x86_64-linux-gnu/libdl-2.19.so
7ffa195b1000-7ffa195c6000 r-xp 00000000 08:01 7216020                    /usr/lib/jvm/java-8-oracle/jre/lib/amd64/jli/libjli.so
7ffa195c6000-7ffa197c6000 ---p 00015000 08:01 7216020                    /usr/lib/jvm/java-8-oracle/jre/lib/amd64/jli/libjli.so
7ffa197c6000-7ffa197c7000 rw-p 00015000 08:01 7216020                    /usr/lib/jvm/java-8-oracle/jre/lib/amd64/jli/libjli.so
7ffa197c7000-7ffa197df000 r-xp 00000000 08:01 2361370                    /lib/x86_64-linux-gnu/libpthread-2.19.so
7ffa197df000-7ffa199de000 ---p 00018000 08:01 2361370                    /lib/x86_64-linux-gnu/libpthread-2.19.so
7ffa199de000-7ffa199df000 r--p 00017000 08:01 2361370                    /lib/x86_64-linux-gnu/libpthread-2.19.so
7ffa199df000-7ffa199e0000 rw-p 00018000 08:01 2361370                    /lib/x86_64-linux-gnu/libpthread-2.19.so
7ffa199e0000-7ffa199e4000 rw-p 00000000 00:00 0 
7ffa199e4000-7ffa19a04000 r-xp 00000000 08:01 2361219                    /lib/x86_64-linux-gnu/ld-2.19.so
7ffa19a04000-7ffa19ad5000 rw-p 00000000 00:00 0 
7ffa19ad5000-7ffa19ad8000 ---p 00000000 00:00 0 
7ffa19ad8000-7ffa19bda000 rw-p 00000000 00:00 0                          [stack:30955]
7ffa19bda000-7ffa19bdb000 r--p 00000000 08:01 6816768                    /usr/lib/locale/en_US.utf8/LC_ADDRESS
7ffa19bdb000-7ffa19bdc000 r--p 00000000 08:01 6816779                    /usr/lib/locale/en_US.utf8/LC_TELEPHONE
7ffa19bdc000-7ffa19bdd000 r--p 00000000 08:01 6817318                    /usr/lib/locale/es_PR.utf8/LC_MEASUREMENT
7ffa19bdd000-7ffa19be4000 r--s 00000000 08:01 7473973                    /usr/lib/x86_64-linux-gnu/gconv/gconv-modules.cache
7ffa19be4000-7ffa19be5000 r--p 00000000 08:01 6816771                    /usr/lib/locale/en_US.utf8/LC_IDENTIFICATION
7ffa19be5000-7ffa19bf8000 rw-p 00000000 00:00 0 
7ffa19bf8000-7ffa19c00000 rw-s 00000000 08:01 4194386                    /tmp/hsperfdata_root/30954
7ffa19c00000-7ffa19c01000 rw-p 00000000 00:00 0 
7ffa19c01000-7ffa19c02000 r--p 00000000 00:00 0 
7ffa19c02000-7ffa19c04000 rw-p 00000000 00:00 0 
7ffa19c04000-7ffa19c05000 r--p 00020000 08:01 2361219                    /lib/x86_64-linux-gnu/ld-2.19.so
7ffa19c05000-7ffa19c06000 rw-p 00021000 08:01 2361219                    /lib/x86_64-linux-gnu/ld-2.19.so
7ffa19c06000-7ffa19c07000 rw-p 00000000 00:00 0 
7ffc0de2f000-7ffc0de50000 rw-p 00000000 00:00 0                          [stack]
7ffc0df97000-7ffc0df99000 r--p 00000000 00:00 0                          [vvar]
7ffc0df99000-7ffc0df9b000 r-xp 00000000 00:00 0                          [vdso]
ffffffffff600000-ffffffffff601000 r-xp 00000000 00:00 0                  [vsyscall]

VM Arguments:
java_command: run.jar
java_class_path (initial): run.jar
Launcher Type: SUN_STANDARD

Environment Variables:
PATH=/usr/local/sbin:/usr/local/bin:/usr/sbin:/usr/bin:/sbin:/bin
USERNAME=root
SHELL=/bin/bash
DISPLAY=:0

Signal Handlers:
SIGSEGV: [libjvm.so+0xaba2a0], sa_mask[0]=11111111011111111101111111111110, sa_flags=SA_RESTART|SA_SIGINFO
SIGBUS: [libjvm.so+0xaba2a0], sa_mask[0]=11111111011111111101111111111110, sa_flags=SA_RESTART|SA_SIGINFO
SIGFPE: [libjvm.so+0x917710], sa_mask[0]=11111111011111111101111111111110, sa_flags=SA_RESTART|SA_SIGINFO
SIGPIPE: [libjvm.so+0x917710], sa_mask[0]=11111111011111111101111111111110, sa_flags=SA_RESTART|SA_SIGINFO
SIGXFSZ: [libjvm.so+0x917710], sa_mask[0]=11111111011111111101111111111110, sa_flags=SA_RESTART|SA_SIGINFO
SIGILL: [libjvm.so+0x917710], sa_mask[0]=11111111011111111101111111111110, sa_flags=SA_RESTART|SA_SIGINFO
SIGUSR1: SIG_DFL, sa_mask[0]=00000000000000000000000000000000, sa_flags=none
SIGUSR2: [libjvm.so+0x918d40], sa_mask[0]=00000000000000000000000000000000, sa_flags=SA_RESTART|SA_SIGINFO
SIGHUP: [libjvm.so+0x91a140], sa_mask[0]=11111111011111111101111111111110, sa_flags=SA_RESTART|SA_SIGINFO
SIGINT: [libjvm.so+0x91a140], sa_mask[0]=11111111011111111101111111111110, sa_flags=SA_RESTART|SA_SIGINFO
SIGTERM: [libjvm.so+0x91a140], sa_mask[0]=11111111011111111101111111111110, sa_flags=SA_RESTART|SA_SIGINFO
SIGQUIT: [libjvm.so+0x91a140], sa_mask[0]=11111111011111111101111111111110, sa_flags=SA_RESTART|SA_SIGINFO


---------------  S Y S T E M  ---------------

OS:DISTRIB_ID=Kali
DISTRIB_RELEASE=2.0
DISTRIB_CODENAME=sana
DISTRIB_DESCRIPTION="Kali GNU/Linux 2.0"

uname:Linux 4.0.0-kali1-amd64 #1 SMP Debian 4.0.4-1+kali2 (2015-06-03) x86_64
libc:glibc 2.19 NPTL 2.19 
rlimit: STACK 8192k, CORE 0k, NPROC 14918, NOFILE 65536, AS infinity
load average:0.18 0.24 0.28

/proc/meminfo:
MemTotal:        3840348 kB
MemFree:          768916 kB
MemAvailable:    2169232 kB
Buffers:          296360 kB
Cached:          1376468 kB
SwapCached:            0 kB
Active:          2164620 kB
Inactive:         686240 kB
Active(anon):    1162604 kB
Inactive(anon):   183964 kB
Active(file):    1002016 kB
Inactive(file):   502276 kB
Unevictable:           0 kB
Mlocked:               0 kB
SwapTotal:       7959548 kB
SwapFree:        7950980 kB
Dirty:               112 kB
Writeback:             0 kB
AnonPages:       1178132 kB
Mapped:           237064 kB
Shmem:            168540 kB
Slab:             159072 kB
SReclaimable:     129920 kB
SUnreclaim:        29152 kB
KernelStack:        6208 kB
PageTables:        25092 kB
NFS_Unstable:          0 kB
Bounce:                0 kB
WritebackTmp:          0 kB
CommitLimit:     9879720 kB
Committed_AS:    3827072 kB
VmallocTotal:   34359738367 kB
VmallocUsed:      546724 kB
VmallocChunk:   34359185600 kB
HardwareCorrupted:     0 kB
AnonHugePages:         0 kB
HugePages_Total:       0
HugePages_Free:        0
HugePages_Rsvd:        0
HugePages_Surp:        0
Hugepagesize:       2048 kB
DirectMap4k:      128780 kB
DirectMap2M:     3852288 kB


CPU:total 4 (2 cores per cpu, 2 threads per core) family 6 model 37 stepping 5, cmov, cx8, fxsr, mmx, sse, sse2, sse3, ssse3, sse4.1, sse4.2, popcnt, aes, clmul, ht, tsc, tscinvbit

/proc/cpuinfo:
processor	: 0
vendor_id	: GenuineIntel
cpu family	: 6
model		: 37
model name	: Intel(R) Core(TM) i7 CPU       L 640  @ 2.13GHz
stepping	: 5
microcode	: 0x4
cpu MHz		: 2134.000
cache size	: 4096 KB
physical id	: 0
siblings	: 4
core id		: 0
cpu cores	: 2
apicid		: 0
initial apicid	: 0
fpu		: yes
fpu_exception	: yes
cpuid level	: 11
wp		: yes
flags		: fpu vme de pse tsc msr pae mce cx8 apic sep mtrr pge mca cmov pat pse36 clflush dts acpi mmx fxsr sse sse2 ss ht tm pbe syscall nx rdtscp lm constant_tsc arch_perfmon pebs bts rep_good nopl xtopology nonstop_tsc aperfmperf pni pclmulqdq dtes64 monitor ds_cpl vmx smx est tm2 ssse3 cx16 xtpr pdcm pcid sse4_1 sse4_2 popcnt aes lahf_lm ida arat dtherm tpr_shadow vnmi flexpriority ept vpid
bugs		:
bogomips	: 4255.88
clflush size	: 64
cache_alignment	: 64
address sizes	: 36 bits physical, 48 bits virtual
power management:

processor	: 1
vendor_id	: GenuineIntel
cpu family	: 6
model		: 37
model name	: Intel(R) Core(TM) i7 CPU       L 640  @ 2.13GHz
stepping	: 5
microcode	: 0x4
cpu MHz		: 1866.000
cache size	: 4096 KB
physical id	: 0
siblings	: 4
core id		: 0
cpu cores	: 2
apicid		: 1
initial apicid	: 1
fpu		: yes
fpu_exception	: yes
cpuid level	: 11
wp		: yes
flags		: fpu vme de pse tsc msr pae mce cx8 apic sep mtrr pge mca cmov pat pse36 clflush dts acpi mmx fxsr sse sse2 ss ht tm pbe syscall nx rdtscp lm constant_tsc arch_perfmon pebs bts rep_good nopl xtopology nonstop_tsc aperfmperf pni pclmulqdq dtes64 monitor ds_cpl vmx smx est tm2 ssse3 cx16 xtpr pdcm pcid sse4_1 sse4_2 popcnt aes lahf_lm ida arat dtherm tpr_shadow vnmi flexpriority ept vpid
bugs		:
bogomips	: 4255.88
clflush size	: 64
cache_alignment	: 64
address sizes	: 36 bits physical, 48 bits virtual
power management:

processor	: 2
vendor_id	: GenuineIntel
cpu family	: 6
model		: 37
model name	: Intel(R) Core(TM) i7 CPU       L 640  @ 2.13GHz
stepping	: 5
microcode	: 0x4
cpu MHz		: 2134.000
cache size	: 4096 KB
physical id	: 0
siblings	: 4
core id		: 2
cpu cores	: 2
apicid		: 4
initial apicid	: 4
fpu		: yes
fpu_exception	: yes
cpuid level	: 11
wp		: yes
flags		: fpu vme de pse tsc msr pae mce cx8 apic sep mtrr pge mca cmov pat pse36 clflush dts acpi mmx fxsr sse sse2 ss ht tm pbe syscall nx rdtscp lm constant_tsc arch_perfmon pebs bts rep_good nopl xtopology nonstop_tsc aperfmperf pni pclmulqdq dtes64 monitor ds_cpl vmx smx est tm2 ssse3 cx16 xtpr pdcm pcid sse4_1 sse4_2 popcnt aes lahf_lm ida arat dtherm tpr_shadow vnmi flexpriority ept vpid
bugs		:
bogomips	: 4255.88
clflush size	: 64
cache_alignment	: 64
address sizes	: 36 bits physical, 48 bits virtual
power management:

processor	: 3
vendor_id	: GenuineIntel
cpu family	: 6
model		: 37
model name	: Intel(R) Core(TM) i7 CPU       L 640  @ 2.13GHz
stepping	: 5
microcode	: 0x4
cpu MHz		: 1599.000
cache size	: 4096 KB
physical id	: 0
siblings	: 4
core id		: 2
cpu cores	: 2
apicid		: 5
initial apicid	: 5
fpu		: yes
fpu_exception	: yes
cpuid level	: 11
wp		: yes
flags		: fpu vme de pse tsc msr pae mce cx8 apic sep mtrr pge mca cmov pat pse36 clflush dts acpi mmx fxsr sse sse2 ss ht tm pbe syscall nx rdtscp lm constant_tsc arch_perfmon pebs bts rep_good nopl xtopology nonstop_tsc aperfmperf pni pclmulqdq dtes64 monitor ds_cpl vmx smx est tm2 ssse3 cx16 xtpr pdcm pcid sse4_1 sse4_2 popcnt aes lahf_lm ida arat dtherm tpr_shadow vnmi flexpriority ept vpid
bugs		:
bogomips	: 4255.88
clflush size	: 64
cache_alignment	: 64
address sizes	: 36 bits physical, 48 bits virtual
power management:



Memory: 4k page, physical 3840348k(768420k free), swap 7959548k(7950980k free)

vm_info: Java HotSpot(TM) 64-Bit Server VM (25.66-b17) for linux-amd64 JRE (1.8.0_66-b17), built on Oct  6 2015 17:28:34 by "java_re" with gcc 4.3.0 20080428 (Red Hat 4.3.0-8)

time: Mon Jan  4 10:25:54 2016
elapsed time: 0 seconds (0d 0h 0m 0s)

