#
# A fatal error has been detected by the Java Runtime Environment:
#
#  SIGSEGV (0xb) at pc=0x00007fa6ba11c720, pid=13684, tid=140354074826496
#
# JRE version: Java(TM) SE Runtime Environment (8.0_66-b17) (build 1.8.0_66-b17)
# Java VM: Java HotSpot(TM) 64-Bit Server VM (25.66-b17 mixed mode linux-amd64 compressed oops)
# Problematic frame:
# C  [libc.so.6+0x90720]
#
# Failed to write core dump. Core dumps have been disabled. To enable core dumping, try "ulimit -c unlimited" before starting Java again
#
# If you would like to submit a bug report, please visit:
#   http://bugreport.java.com/bugreport/crash.jsp
# The crash happened outside the Java Virtual Machine in native code.
# See problematic frame for where to report the bug.
#

---------------  T H R E A D  ---------------

Current thread (0x00007fa6b4009800):  JavaThread "main" [_thread_in_native, id=13685, stack(0x00007fa6bab5d000,0x00007fa6bac5e000)]

siginfo: si_signo: 11 (SIGSEGV), si_code: 1 (SEGV_MAPERR), si_addr: 0x0000000000000000

Registers:
RAX=0xffff805963fd0f4c, RBX=0x0000000000000000, RCX=0x0000000000000060, RDX=0x0000000000000030
RSP=0x00007fa6bac5c2e8, RBP=0x0000000000000003, RSI=0x0000000000000000, RDI=0x00007fa69c02f084
R8 =0x00007fa6b42df530, R9 =0x000000000000000c, R10=0x0000000000023e60, R11=0x0000000000000003
R12=0x0000000000000030, R13=0x000000000000000c, R14=0x00007fa6b42df528, R15=0x000000000000000c
RIP=0x00007fa6ba11c720, EFLAGS=0x0000000000010202, CSGSFS=0x0000000000000033, ERR=0x0000000000000004
  TRAPNO=0x000000000000000e

Top of Stack: (sp=0x00007fa6bac5c2e8)
0x00007fa6bac5c2e8:   00007fa6679c6186 0000000000000000
0x00007fa6bac5c2f8:   0000000400000100 0000000100000000
0x00007fa6bac5c308:   00007fa6b42bb6c8 0000000000000000
0x00007fa6bac5c318:   00007fa6b42df318 0000000000000000
0x00007fa6bac5c328:   0000000000000000 00007fa6b42df528
0x00007fa6bac5c338:   00007fa6679c6a97 ffffffffffffffff
0x00007fa6bac5c348:   0000000000000002 00007fa6bac5c370
0x00007fa6bac5c358:   0000000000000000 ffffffff00000000
0x00007fa6bac5c368:   0000000200000003 00007fa6b42df318
0x00007fa6bac5c378:   00007fa6b42df348 ffffffffffffffff
0x00007fa6bac5c388:   ffffffffffffffff ffffffffffffffff
0x00007fa6bac5c398:   00007fa6b42bb6c8 0000000000000000
0x00007fa6bac5c3a8:   00007fa6b43fa120 0000000000000000
0x00007fa6bac5c3b8:   0000000000000000 00007fa6b43f9ee0
0x00007fa6bac5c3c8:   00007fa66748a35b 0000000000000000
0x00007fa6bac5c3d8:   ffffffffffffffff 1680021400000fe4
0x00007fa6bac5c3e8:   00007fa667999282 00007fa6b42bb6c8
0x00007fa6bac5c3f8:   0000000000000000 0000000000000000
0x00007fa6bac5c408:   00007fa6679fc8fd 00007fa6b4583a90
0x00007fa6bac5c418:   00007fa6b43f9ee0 0000000000000000
0x00007fa6bac5c428:   0000000000000000 00007fa6b47e4c40
0x00007fa6bac5c438:   0000000000000000 00007fa6b43f9ee0
0x00007fa6bac5c448:   0000000000000001 00007fa6b42bb6c8
0x00007fa6bac5c458:   00000000000001e0 00007fa6b43f9ee0
0x00007fa6bac5c468:   00007fa6679fb9e0 0000000000000000
0x00007fa6bac5c478:   9bd92f8ea29f9c00 0000000000007e40
0x00007fa6bac5c488:   00007fa6b42bb6c8 00007fa667ded218
0x00007fa6bac5c498:   0000000000000025 00007fa6bac5c610
0x00007fa6bac5c4a8:   0000000000000000 00007fa667ded218
0x00007fa6bac5c4b8:   00007fa6679c6d06 0922208060003f01
0x00007fa6bac5c4c8:   00007fa6b42bb6c8 00007fa667ded218
0x00007fa6bac5c4d8:   0000000000000025 00007fa6bac5c610 

Instructions: (pc=0x00007fa6ba11c720)
0x00007fa6ba11c700:   48 89 f0 48 8d 0c 12 48 29 f8 48 29 d0 48 39 c8
0x00007fa6ba11c710:   0f 82 07 01 00 00 48 83 fa 10 0f 86 8b 01 00 00
0x00007fa6ba11c720:   f3 44 0f 6f 06 48 83 fa 20 f3 44 0f 7f 07 f3 44
0x00007fa6ba11c730:   0f 6f 44 16 f0 f3 44 0f 7f 44 17 f0 77 12 48 89 

Register to memory mapping:

RAX=0xffff805963fd0f4c is an unknown value
RBX=0x0000000000000000 is an unknown value
RCX=0x0000000000000060 is an unknown value
RDX=0x0000000000000030 is an unknown value
RSP=0x00007fa6bac5c2e8 is pointing into the stack for thread: 0x00007fa6b4009800
RBP=0x0000000000000003 is an unknown value
RSI=0x0000000000000000 is an unknown value
RDI=0x00007fa69c02f084 is an unknown value
R8 =0x00007fa6b42df530 is an unknown value
R9 =0x000000000000000c is an unknown value
R10=0x0000000000023e60 is an unknown value
R11=0x0000000000000003 is an unknown value
R12=0x0000000000000030 is an unknown value
R13=0x000000000000000c is an unknown value
R14=0x00007fa6b42df528 is an unknown value
R15=0x000000000000000c is an unknown value


Stack: [0x00007fa6bab5d000,0x00007fa6bac5e000],  sp=0x00007fa6bac5c2e8,  free space=1020k
Native frames: (J=compiled Java code, j=interpreted, Vv=VM code, C=native code)
C  [libc.so.6+0x90720]

Java frames: (J=compiled Java code, j=interpreted, Vv=VM code)
j  org.lwjgl.system.JNI.callIIIV(JIII)V+0
j  org.lwjgl.opengl.GL11.glDrawArrays(III)V+11
j  ObjectRenderer.render()V+55
j  Client.render()V+52
j  Client.loop()V+22
j  Client.run()V+5
j  ClientLoader.main([Ljava/lang/String;)V+25
v  ~StubRoutines::call_stub

---------------  P R O C E S S  ---------------

Java Threads: ( => current thread )
  0x00007fa6b4193000 JavaThread "Service Thread" daemon [_thread_blocked, id=13697, stack(0x00007fa69c051000,0x00007fa69c152000)]
  0x00007fa6b4186000 JavaThread "C1 CompilerThread2" daemon [_thread_blocked, id=13696, stack(0x00007fa69c152000,0x00007fa69c253000)]
  0x00007fa6b4184000 JavaThread "C2 CompilerThread1" daemon [_thread_blocked, id=13695, stack(0x00007fa69c253000,0x00007fa69c354000)]
  0x00007fa6b4181000 JavaThread "C2 CompilerThread0" daemon [_thread_blocked, id=13694, stack(0x00007fa69c354000,0x00007fa69c455000)]
  0x00007fa6b417f800 JavaThread "Signal Dispatcher" daemon [_thread_blocked, id=13693, stack(0x00007fa69c455000,0x00007fa69c556000)]
  0x00007fa6b4145800 JavaThread "Finalizer" daemon [_thread_blocked, id=13692, stack(0x00007fa69c6c5000,0x00007fa69c7c6000)]
  0x00007fa6b4143800 JavaThread "Reference Handler" daemon [_thread_blocked, id=13691, stack(0x00007fa69c7c6000,0x00007fa69c8c7000)]
=>0x00007fa6b4009800 JavaThread "main" [_thread_in_native, id=13685, stack(0x00007fa6bab5d000,0x00007fa6bac5e000)]

Other Threads:
  0x00007fa6b413e800 VMThread [stack: 0x00007fa69c8c7000,0x00007fa69c9c8000] [id=13690]
  0x00007fa6b4196000 WatcherThread [stack: 0x00007fa66feff000,0x00007fa670000000] [id=13698]

VM state:not at safepoint (normal execution)

VM Mutex/Monitor currently owned by a thread: None

Heap:
 PSYoungGen      total 17920K, used 12230K [0x00000000ec780000, 0x00000000edb80000, 0x0000000100000000)
  eden space 15360K, 79% used [0x00000000ec780000,0x00000000ed371a28,0x00000000ed680000)
  from space 2560K, 0% used [0x00000000ed900000,0x00000000ed900000,0x00000000edb80000)
  to   space 2560K, 0% used [0x00000000ed680000,0x00000000ed680000,0x00000000ed900000)
 ParOldGen       total 40960K, used 0K [0x00000000c5600000, 0x00000000c7e00000, 0x00000000ec780000)
  object space 40960K, 0% used [0x00000000c5600000,0x00000000c5600000,0x00000000c7e00000)
 Metaspace       used 6983K, capacity 8280K, committed 8576K, reserved 1056768K
  class space    used 518K, capacity 584K, committed 640K, reserved 1048576K

Card table byte_map: [0x00007fa6a4643000,0x00007fa6a4819000] byte_map_base: 0x00007fa6a4018000

Marking Bits: (ParMarkBitMap*) 0x00007fa6ba061020
 Begin Bits: [0x00007fa69e2b0000, 0x00007fa69f158000)
 End Bits:   [0x00007fa69f158000, 0x00007fa6a0000000)

Polling page: 0x00007fa6bac89000

CodeCache: size=245760Kb used=1910Kb max_used=1920Kb free=243849Kb
 bounds [0x00007fa6a4bd9000, 0x00007fa6a4e49000, 0x00007fa6b3bd9000]
 total_blobs=927 nmethods=282 adapters=560
 compilation: enabled

Compilation events (10 events):
Event: 0.458 Thread 0x00007fa6b4186000  277       3       java.lang.ClassLoader::loadClass (7 bytes)
Event: 0.458 Thread 0x00007fa6b4186000 nmethod 277 0x00007fa6a4db0310 code [0x00007fa6a4db0480, 0x00007fa6a4db0688]
Event: 0.458 Thread 0x00007fa6b4186000  278       3       sun.misc.Launcher$AppClassLoader::loadClass (85 bytes)
Event: 0.459 Thread 0x00007fa6b4184000  280       4       java.util.concurrent.ConcurrentHashMap::tabAt (21 bytes)
Event: 0.459 Thread 0x00007fa6b4186000 nmethod 278 0x00007fa6a4db0f10 code [0x00007fa6a4db1140, 0x00007fa6a4db1e48]
Event: 0.459 Thread 0x00007fa6b4186000  279  s    3       sun.misc.URLClassPath::knownToNotExist (24 bytes)
Event: 0.459 Thread 0x00007fa6b4184000 nmethod 280 0x00007fa6a4db66d0 code [0x00007fa6a4db6800, 0x00007fa6a4db6858]
Event: 0.459 Thread 0x00007fa6b4184000  281       4       java.util.concurrent.ConcurrentHashMap::casTabAt (20 bytes)
Event: 0.459 Thread 0x00007fa6b4186000 nmethod 279 0x00007fa6a4db8f10 code [0x00007fa6a4db9080, 0x00007fa6a4db9448]
Event: 0.460 Thread 0x00007fa6b4184000 nmethod 281 0x00007fa6a4db6490 code [0x00007fa6a4db65c0, 0x00007fa6a4db6638]

GC Heap History (0 events):
No events

Deoptimization events (0 events):
No events

Internal exceptions (2 events):
Event: 0.035 Thread 0x00007fa6b4009800 Exception <a 'java/lang/NoSuchMethodError': Method sun.misc.Unsafe.defineClass(Ljava/lang/String;[BII)Ljava/lang/Class; name or signature does not match> (0x00000000ec7929f8) thrown at [/HUDSON/workspace/8-2-build-linux-amd64/jdk8u66/4988/hotspot/src/shar
Event: 0.035 Thread 0x00007fa6b4009800 Exception <a 'java/lang/NoSuchMethodError': Method sun.misc.Unsafe.prefetchRead(Ljava/lang/Object;J)V name or signature does not match> (0x00000000ec792ce0) thrown at [/HUDSON/workspace/8-2-build-linux-amd64/jdk8u66/4988/hotspot/src/share/vm/prims/jni.cpp

Events (10 events):
Event: 0.459 loading class org/lwjgl/stb/STBTTAlignedQuad
Event: 0.459 loading class org/lwjgl/stb/STBTTAlignedQuad done
Event: 0.460 loading class org/lwjgl/glfw/GLFWKeyCallback$1
Event: 0.460 loading class org/lwjgl/glfw/GLFWKeyCallback$1 done
Event: 0.462 loading class Client$1
Event: 0.462 loading class Client$1 done
Event: 0.462 loading class ObjectRenderer
Event: 0.462 loading class ObjectRenderer done
Event: 0.462 loading class org/lwjgl/opengl/GLChecks
Event: 0.462 loading class org/lwjgl/opengl/GLChecks done


Dynamic libraries:
00400000-00401000 r-xp 00000000 08:01 7085876                            /usr/lib/jvm/java-8-oracle/jre/bin/java
00600000-00601000 rw-p 00000000 08:01 7085876                            /usr/lib/jvm/java-8-oracle/jre/bin/java
02186000-021a7000 rw-p 00000000 00:00 0                                  [heap]
c5600000-c7e00000 rw-p 00000000 00:00 0 
c7e00000-ec780000 ---p 00000000 00:00 0 
ec780000-edb80000 rw-p 00000000 00:00 0 
edb80000-100000000 ---p 00000000 00:00 0 
100000000-1000a0000 rw-p 00000000 00:00 0 
1000a0000-140000000 ---p 00000000 00:00 0 
7fa665354000-7fa6664f2000 rw-p 00000000 00:00 0 
7fa6664f2000-7fa666529000 r-xp 00000000 08:01 7476861                    /usr/lib/x86_64-linux-gnu/libtxc_dxtn_s2tc.so.0.0.0
7fa666529000-7fa666728000 ---p 00037000 08:01 7476861                    /usr/lib/x86_64-linux-gnu/libtxc_dxtn_s2tc.so.0.0.0
7fa666728000-7fa666729000 r--p 00036000 08:01 7476861                    /usr/lib/x86_64-linux-gnu/libtxc_dxtn_s2tc.so.0.0.0
7fa666729000-7fa66672a000 rw-p 00037000 08:01 7476861                    /usr/lib/x86_64-linux-gnu/libtxc_dxtn_s2tc.so.0.0.0
7fa66672a000-7fa666744000 r-xp 00000000 08:01 2361412                    /lib/x86_64-linux-gnu/libz.so.1.2.8
7fa666744000-7fa666943000 ---p 0001a000 08:01 2361412                    /lib/x86_64-linux-gnu/libz.so.1.2.8
7fa666943000-7fa666944000 r--p 00019000 08:01 2361412                    /lib/x86_64-linux-gnu/libz.so.1.2.8
7fa666944000-7fa666945000 rw-p 0001a000 08:01 2361412                    /lib/x86_64-linux-gnu/libz.so.1.2.8
7fa666945000-7fa66694d000 r-xp 00000000 08:01 7476483                    /usr/lib/x86_64-linux-gnu/libpciaccess.so.0.11.1
7fa66694d000-7fa666b4d000 ---p 00008000 08:01 7476483                    /usr/lib/x86_64-linux-gnu/libpciaccess.so.0.11.1
7fa666b4d000-7fa666b4e000 r--p 00008000 08:01 7476483                    /usr/lib/x86_64-linux-gnu/libpciaccess.so.0.11.1
7fa666b4e000-7fa666b4f000 rw-p 00009000 08:01 7476483                    /usr/lib/x86_64-linux-gnu/libpciaccess.so.0.11.1
7fa666b4f000-7fa666b65000 r-xp 00000000 08:01 2361273                    /lib/x86_64-linux-gnu/libgcc_s.so.1
7fa666b65000-7fa666d64000 ---p 00016000 08:01 2361273                    /lib/x86_64-linux-gnu/libgcc_s.so.1
7fa666d64000-7fa666d65000 rw-p 00015000 08:01 2361273                    /lib/x86_64-linux-gnu/libgcc_s.so.1
7fa666d65000-7fa666e51000 r-xp 00000000 08:01 7476755                    /usr/lib/x86_64-linux-gnu/libstdc++.so.6.0.20
7fa666e51000-7fa667051000 ---p 000ec000 08:01 7476755                    /usr/lib/x86_64-linux-gnu/libstdc++.so.6.0.20
7fa667051000-7fa667059000 r--p 000ec000 08:01 7476755                    /usr/lib/x86_64-linux-gnu/libstdc++.so.6.0.20
7fa667059000-7fa66705b000 rw-p 000f4000 08:01 7476755                    /usr/lib/x86_64-linux-gnu/libstdc++.so.6.0.20
7fa66705b000-7fa667070000 rw-p 00000000 00:00 0 
7fa667070000-7fa66707c000 r-xp 00000000 08:01 7475559                    /usr/lib/x86_64-linux-gnu/libdrm_radeon.so.1.0.1
7fa66707c000-7fa66727b000 ---p 0000c000 08:01 7475559                    /usr/lib/x86_64-linux-gnu/libdrm_radeon.so.1.0.1
7fa66727b000-7fa66727c000 r--p 0000b000 08:01 7475559                    /usr/lib/x86_64-linux-gnu/libdrm_radeon.so.1.0.1
7fa66727c000-7fa66727d000 rw-p 0000c000 08:01 7475559                    /usr/lib/x86_64-linux-gnu/libdrm_radeon.so.1.0.1
7fa66727d000-7fa667283000 r-xp 00000000 08:01 7475555                    /usr/lib/x86_64-linux-gnu/libdrm_nouveau.so.2.0.0
7fa667283000-7fa667482000 ---p 00006000 08:01 7475555                    /usr/lib/x86_64-linux-gnu/libdrm_nouveau.so.2.0.0
7fa667482000-7fa667483000 r--p 00005000 08:01 7475555                    /usr/lib/x86_64-linux-gnu/libdrm_nouveau.so.2.0.0
7fa667483000-7fa667484000 rw-p 00006000 08:01 7475555                    /usr/lib/x86_64-linux-gnu/libdrm_nouveau.so.2.0.0
7fa667484000-7fa6674a5000 r-xp 00000000 08:01 7475551                    /usr/lib/x86_64-linux-gnu/libdrm_intel.so.1.0.0
7fa6674a5000-7fa6676a4000 ---p 00021000 08:01 7475551                    /usr/lib/x86_64-linux-gnu/libdrm_intel.so.1.0.0
7fa6676a4000-7fa6676a5000 r--p 00020000 08:01 7475551                    /usr/lib/x86_64-linux-gnu/libdrm_intel.so.1.0.0
7fa6676a5000-7fa6676a6000 rw-p 00021000 08:01 7475551                    /usr/lib/x86_64-linux-gnu/libdrm_intel.so.1.0.0
7fa6676a6000-7fa667bc4000 r-xp 00000000 08:01 7473403                    /usr/lib/x86_64-linux-gnu/dri/i965_dri.so
7fa667bc4000-7fa667dc4000 ---p 0051e000 08:01 7473403                    /usr/lib/x86_64-linux-gnu/dri/i965_dri.so
7fa667dc4000-7fa667de0000 r--p 0051e000 08:01 7473403                    /usr/lib/x86_64-linux-gnu/dri/i965_dri.so
7fa667de0000-7fa667de6000 rw-p 0053a000 08:01 7473403                    /usr/lib/x86_64-linux-gnu/dri/i965_dri.so
7fa667de6000-7fa667df1000 rw-p 00000000 00:00 0 
7fa667df1000-7fa667dff000 r-xp 00000000 08:01 2361397                    /lib/x86_64-linux-gnu/libudev.so.1.5.0
7fa667dff000-7fa667ffe000 ---p 0000e000 08:01 2361397                    /lib/x86_64-linux-gnu/libudev.so.1.5.0
7fa667ffe000-7fa667fff000 r--p 0000d000 08:01 2361397                    /lib/x86_64-linux-gnu/libudev.so.1.5.0
7fa667fff000-7fa668000000 rw-p 0000e000 08:01 2361397                    /lib/x86_64-linux-gnu/libudev.so.1.5.0
7fa668000000-7fa668021000 rw-p 00000000 00:00 0 
7fa668021000-7fa66c000000 ---p 00000000 00:00 0 
7fa66c0fd000-7fa66c109000 r-xp 00000000 08:01 7475547                    /usr/lib/x86_64-linux-gnu/libdrm.so.2.4.0
7fa66c109000-7fa66c308000 ---p 0000c000 08:01 7475547                    /usr/lib/x86_64-linux-gnu/libdrm.so.2.4.0
7fa66c308000-7fa66c309000 r--p 0000b000 08:01 7475547                    /usr/lib/x86_64-linux-gnu/libdrm.so.2.4.0
7fa66c309000-7fa66c30a000 rw-p 0000c000 08:01 7475547                    /usr/lib/x86_64-linux-gnu/libdrm.so.2.4.0
7fa66c30a000-7fa66c30b000 r-xp 00000000 08:01 7477146                    /usr/lib/x86_64-linux-gnu/libxshmfence.so.1.0.0
7fa66c30b000-7fa66c50a000 ---p 00001000 08:01 7477146                    /usr/lib/x86_64-linux-gnu/libxshmfence.so.1.0.0
7fa66c50a000-7fa66c50b000 r--p 00000000 08:01 7477146                    /usr/lib/x86_64-linux-gnu/libxshmfence.so.1.0.0
7fa66c50b000-7fa66c50c000 rw-p 00001000 08:01 7477146                    /usr/lib/x86_64-linux-gnu/libxshmfence.so.1.0.0
7fa66c50c000-7fa66c511000 r-xp 00000000 08:01 7477116                    /usr/lib/x86_64-linux-gnu/libxcb-sync.so.1.0.0
7fa66c511000-7fa66c711000 ---p 00005000 08:01 7477116                    /usr/lib/x86_64-linux-gnu/libxcb-sync.so.1.0.0
7fa66c711000-7fa66c712000 r--p 00005000 08:01 7477116                    /usr/lib/x86_64-linux-gnu/libxcb-sync.so.1.0.0
7fa66c712000-7fa66c713000 rw-p 00006000 08:01 7477116                    /usr/lib/x86_64-linux-gnu/libxcb-sync.so.1.0.0
7fa66c713000-7fa66c715000 r-xp 00000000 08:01 7477094                    /usr/lib/x86_64-linux-gnu/libxcb-present.so.0.0.0
7fa66c715000-7fa66c914000 ---p 00002000 08:01 7477094                    /usr/lib/x86_64-linux-gnu/libxcb-present.so.0.0.0
7fa66c914000-7fa66c915000 r--p 00001000 08:01 7477094                    /usr/lib/x86_64-linux-gnu/libxcb-present.so.0.0.0
7fa66c915000-7fa66c916000 rw-p 00002000 08:01 7477094                    /usr/lib/x86_64-linux-gnu/libxcb-present.so.0.0.0
7fa66c916000-7fa66c918000 r-xp 00000000 08:01 7477080                    /usr/lib/x86_64-linux-gnu/libxcb-dri3.so.0.0.0
7fa66c918000-7fa66cb17000 ---p 00002000 08:01 7477080                    /usr/lib/x86_64-linux-gnu/libxcb-dri3.so.0.0.0
7fa66cb17000-7fa66cb18000 r--p 00001000 08:01 7477080                    /usr/lib/x86_64-linux-gnu/libxcb-dri3.so.0.0.0
7fa66cb18000-7fa66cb19000 rw-p 00002000 08:01 7477080                    /usr/lib/x86_64-linux-gnu/libxcb-dri3.so.0.0.0
7fa66cb19000-7fa66cb1d000 r-xp 00000000 08:01 7477076                    /usr/lib/x86_64-linux-gnu/libxcb-dri2.so.0.0.0
7fa66cb1d000-7fa66cd1c000 ---p 00004000 08:01 7477076                    /usr/lib/x86_64-linux-gnu/libxcb-dri2.so.0.0.0
7fa66cd1c000-7fa66cd1d000 r--p 00003000 08:01 7477076                    /usr/lib/x86_64-linux-gnu/libxcb-dri2.so.0.0.0
7fa66cd1d000-7fa66cd1e000 rw-p 00004000 08:01 7477076                    /usr/lib/x86_64-linux-gnu/libxcb-dri2.so.0.0.0
7fa66cd1e000-7fa66cd35000 r-xp 00000000 08:01 7477084                    /usr/lib/x86_64-linux-gnu/libxcb-glx.so.0.0.0
7fa66cd35000-7fa66cf34000 ---p 00017000 08:01 7477084                    /usr/lib/x86_64-linux-gnu/libxcb-glx.so.0.0.0
7fa66cf34000-7fa66cf36000 r--p 00016000 08:01 7477084                    /usr/lib/x86_64-linux-gnu/libxcb-glx.so.0.0.0
7fa66cf36000-7fa66cf37000 rw-p 00018000 08:01 7477084                    /usr/lib/x86_64-linux-gnu/libxcb-glx.so.0.0.0
7fa66cf37000-7fa66cf38000 r-xp 00000000 08:01 7475209                    /usr/lib/x86_64-linux-gnu/libX11-xcb.so.1.0.0
7fa66cf38000-7fa66d137000 ---p 00001000 08:01 7475209                    /usr/lib/x86_64-linux-gnu/libX11-xcb.so.1.0.0
7fa66d137000-7fa66d138000 r--p 00000000 08:01 7475209                    /usr/lib/x86_64-linux-gnu/libX11-xcb.so.1.0.0
7fa66d138000-7fa66d139000 rw-p 00001000 08:01 7475209                    /usr/lib/x86_64-linux-gnu/libX11-xcb.so.1.0.0
7fa66d139000-7fa66d13b000 r-xp 00000000 08:01 7475234                    /usr/lib/x86_64-linux-gnu/libXdamage.so.1.1.0
7fa66d13b000-7fa66d33a000 ---p 00002000 08:01 7475234                    /usr/lib/x86_64-linux-gnu/libXdamage.so.1.1.0
7fa66d33a000-7fa66d33b000 r--p 00001000 08:01 7475234                    /usr/lib/x86_64-linux-gnu/libXdamage.so.1.1.0
7fa66d33b000-7fa66d33c000 rw-p 00002000 08:01 7475234                    /usr/lib/x86_64-linux-gnu/libXdamage.so.1.1.0
7fa66d33c000-7fa66d361000 r-xp 00000000 08:01 7475798                    /usr/lib/x86_64-linux-gnu/libglapi.so.0.0.0
7fa66d361000-7fa66d561000 ---p 00025000 08:01 7475798                    /usr/lib/x86_64-linux-gnu/libglapi.so.0.0.0
7fa66d561000-7fa66d564000 r--p 00025000 08:01 7475798                    /usr/lib/x86_64-linux-gnu/libglapi.so.0.0.0
7fa66d564000-7fa66d565000 rw-p 00028000 08:01 7475798                    /usr/lib/x86_64-linux-gnu/libglapi.so.0.0.0
7fa66d565000-7fa66d566000 rw-p 00000000 00:00 0 
7fa66d566000-7fa66d58c000 r-xp 00000000 08:01 2361268                    /lib/x86_64-linux-gnu/libexpat.so.1.6.0
7fa66d58c000-7fa66d78b000 ---p 00026000 08:01 2361268                    /lib/x86_64-linux-gnu/libexpat.so.1.6.0
7fa66d78b000-7fa66d78e000 r--p 00025000 08:01 2361268                    /lib/x86_64-linux-gnu/libexpat.so.1.6.0
7fa66d78e000-7fa66d78f000 rw-p 00028000 08:01 2361268                    /lib/x86_64-linux-gnu/libexpat.so.1.6.0
7fa66d78f000-7fa66d825000 r-xp 00000000 08:01 7475030                    /usr/lib/x86_64-linux-gnu/libGL.so.1.2.0
7fa66d825000-7fa66da24000 ---p 00096000 08:01 7475030                    /usr/lib/x86_64-linux-gnu/libGL.so.1.2.0
7fa66da24000-7fa66da27000 r--p 00095000 08:01 7475030                    /usr/lib/x86_64-linux-gnu/libGL.so.1.2.0
7fa66da27000-7fa66da28000 rw-p 00098000 08:01 7475030                    /usr/lib/x86_64-linux-gnu/libGL.so.1.2.0
7fa66da28000-7fa66da29000 rw-p 00000000 00:00 0 
7fa66da29000-7fa66da2e000 r-xp 00000000 08:01 7475238                    /usr/lib/x86_64-linux-gnu/libXdmcp.so.6.0.0
7fa66da2e000-7fa66dc2d000 ---p 00005000 08:01 7475238                    /usr/lib/x86_64-linux-gnu/libXdmcp.so.6.0.0
7fa66dc2d000-7fa66dc2e000 rw-p 00004000 08:01 7475238                    /usr/lib/x86_64-linux-gnu/libXdmcp.so.6.0.0
7fa66dc2e000-7fa66dc31000 r-xp 00000000 08:01 7475219                    /usr/lib/x86_64-linux-gnu/libXau.so.6.0.0
7fa66dc31000-7fa66de30000 ---p 00003000 08:01 7475219                    /usr/lib/x86_64-linux-gnu/libXau.so.6.0.0
7fa66de30000-7fa66de31000 r--p 00002000 08:01 7475219                    /usr/lib/x86_64-linux-gnu/libXau.so.6.0.0
7fa66de31000-7fa66de32000 rw-p 00003000 08:01 7475219                    /usr/lib/x86_64-linux-gnu/libXau.so.6.0.0
7fa66de32000-7fa66de37000 r-xp 00000000 08:01 7475246                    /usr/lib/x86_64-linux-gnu/libXfixes.so.3.1.0
7fa66de37000-7fa66e036000 ---p 00005000 08:01 7475246                    /usr/lib/x86_64-linux-gnu/libXfixes.so.3.1.0
7fa66e036000-7fa66e037000 r--p 00004000 08:01 7475246                    /usr/lib/x86_64-linux-gnu/libXfixes.so.3.1.0
7fa66e037000-7fa66e038000 rw-p 00005000 08:01 7475246                    /usr/lib/x86_64-linux-gnu/libXfixes.so.3.1.0
7fa66e038000-7fa66e041000 r-xp 00000000 08:01 7475277                    /usr/lib/x86_64-linux-gnu/libXrender.so.1.3.0
7fa66e041000-7fa66e240000 ---p 00009000 08:01 7475277                    /usr/lib/x86_64-linux-gnu/libXrender.so.1.3.0
7fa66e240000-7fa66e241000 r--p 00008000 08:01 7475277                    /usr/lib/x86_64-linux-gnu/libXrender.so.1.3.0
7fa66e241000-7fa66e242000 rw-p 00009000 08:01 7475277                    /usr/lib/x86_64-linux-gnu/libXrender.so.1.3.0
7fa66e242000-7fa66e253000 r-xp 00000000 08:01 7475242                    /usr/lib/x86_64-linux-gnu/libXext.so.6.4.0
7fa66e253000-7fa66e452000 ---p 00011000 08:01 7475242                    /usr/lib/x86_64-linux-gnu/libXext.so.6.4.0
7fa66e452000-7fa66e453000 r--p 00010000 08:01 7475242                    /usr/lib/x86_64-linux-gnu/libXext.so.6.4.0
7fa66e453000-7fa66e454000 rw-p 00011000 08:01 7475242                    /usr/lib/x86_64-linux-gnu/libXext.so.6.4.0
7fa66e454000-7fa66e475000 r-xp 00000000 08:01 7477132                    /usr/lib/x86_64-linux-gnu/libxcb.so.1.1.0
7fa66e475000-7fa66e674000 ---p 00021000 08:01 7477132                    /usr/lib/x86_64-linux-gnu/libxcb.so.1.1.0
7fa66e674000-7fa66e675000 r--p 00020000 08:01 7477132                    /usr/lib/x86_64-linux-gnu/libxcb.so.1.1.0
7fa66e675000-7fa66e676000 rw-p 00021000 08:01 7477132                    /usr/lib/x86_64-linux-gnu/libxcb.so.1.1.0
7fa66e676000-7fa66e680000 r-xp 00000000 08:01 7475230                    /usr/lib/x86_64-linux-gnu/libXcursor.so.1.0.2
7fa66e680000-7fa66e87f000 ---p 0000a000 08:01 7475230                    /usr/lib/x86_64-linux-gnu/libXcursor.so.1.0.2
7fa66e87f000-7fa66e880000 r--p 00009000 08:01 7475230                    /usr/lib/x86_64-linux-gnu/libXcursor.so.1.0.2
7fa66e880000-7fa66e881000 rw-p 0000a000 08:01 7475230                    /usr/lib/x86_64-linux-gnu/libXcursor.so.1.0.2
7fa66e881000-7fa66e886000 r-xp 00000000 08:01 7475297                    /usr/lib/x86_64-linux-gnu/libXxf86vm.so.1.0.0
7fa66e886000-7fa66ea85000 ---p 00005000 08:01 7475297                    /usr/lib/x86_64-linux-gnu/libXxf86vm.so.1.0.0
7fa66ea85000-7fa66ea86000 r--p 00004000 08:01 7475297                    /usr/lib/x86_64-linux-gnu/libXxf86vm.so.1.0.0
7fa66ea86000-7fa66ea87000 rw-p 00005000 08:01 7475297                    /usr/lib/x86_64-linux-gnu/libXxf86vm.so.1.0.0
7fa66ea87000-7fa66ea96000 r-xp 00000000 08:01 7475256                    /usr/lib/x86_64-linux-gnu/libXi.so.6.1.0
7fa66ea96000-7fa66ec95000 ---p 0000f000 08:01 7475256                    /usr/lib/x86_64-linux-gnu/libXi.so.6.1.0
7fa66ec95000-7fa66ec96000 r--p 0000e000 08:01 7475256                    /usr/lib/x86_64-linux-gnu/libXi.so.6.1.0
7fa66ec96000-7fa66ec97000 rw-p 0000f000 08:01 7475256                    /usr/lib/x86_64-linux-gnu/libXi.so.6.1.0
7fa66ec97000-7fa66ec99000 r-xp 00000000 08:01 7475260                    /usr/lib/x86_64-linux-gnu/libXinerama.so.1.0.0
7fa66ec99000-7fa66ee98000 ---p 00002000 08:01 7475260                    /usr/lib/x86_64-linux-gnu/libXinerama.so.1.0.0
7fa66ee98000-7fa66ee99000 r--p 00001000 08:01 7475260                    /usr/lib/x86_64-linux-gnu/libXinerama.so.1.0.0
7fa66ee99000-7fa66ee9a000 rw-p 00002000 08:01 7475260                    /usr/lib/x86_64-linux-gnu/libXinerama.so.1.0.0
7fa66ee9a000-7fa66eea3000 r-xp 00000000 08:01 7475273                    /usr/lib/x86_64-linux-gnu/libXrandr.so.2.2.0
7fa66eea3000-7fa66f0a2000 ---p 00009000 08:01 7475273                    /usr/lib/x86_64-linux-gnu/libXrandr.so.2.2.0
7fa66f0a2000-7fa66f0a3000 r--p 00008000 08:01 7475273                    /usr/lib/x86_64-linux-gnu/libXrandr.so.2.2.0
7fa66f0a3000-7fa66f0a4000 rw-p 00009000 08:01 7475273                    /usr/lib/x86_64-linux-gnu/libXrandr.so.2.2.0
7fa66f0a4000-7fa66f1e0000 r-xp 00000000 08:01 7475213                    /usr/lib/x86_64-linux-gnu/libX11.so.6.3.0
7fa66f1e0000-7fa66f3df000 ---p 0013c000 08:01 7475213                    /usr/lib/x86_64-linux-gnu/libX11.so.6.3.0
7fa66f3df000-7fa66f3e1000 r--p 0013b000 08:01 7475213                    /usr/lib/x86_64-linux-gnu/libX11.so.6.3.0
7fa66f3e1000-7fa66f3e6000 rw-p 0013d000 08:01 7475213                    /usr/lib/x86_64-linux-gnu/libX11.so.6.3.0
7fa66f3e6000-7fa66f3e7000 rw-p 00000000 00:00 0 
7fa66f3e7000-7fa66f3eb000 r-xp 00000000 08:01 3801170                    /root/Desktop/Programming/Java/Elements Game/lib/lwjgl/native/libglfw.so
7fa66f3eb000-7fa66f3ff000 r-xp 00000000 00:00 0 
7fa66f3ff000-7fa66f5fe000 ---p 00018000 08:01 3801170                    /root/Desktop/Programming/Java/Elements Game/lib/lwjgl/native/libglfw.so
7fa66f5fe000-7fa66f5ff000 rw-p 0000d000 08:01 3801170                    /root/Desktop/Programming/Java/Elements Game/lib/lwjgl/native/libglfw.so
7fa66f5ff000-7fa66fa00000 rw-p 00000000 00:00 0 
7fa66fa5a000-7fa66fa5d000 r-xp 00000000 08:01 3801176                    /root/Desktop/Programming/Java/Elements Game/lib/lwjgl/native/libjemalloc.so
7fa66fa5d000-7fa66fa99000 r-xp 00000000 00:00 0 
7fa66fa99000-7fa66fc98000 ---p 0003f000 08:01 3801176                    /root/Desktop/Programming/Java/Elements Game/lib/lwjgl/native/libjemalloc.so
7fa66fc98000-7fa66fc9a000 r--p 0001c000 08:01 3801176                    /root/Desktop/Programming/Java/Elements Game/lib/lwjgl/native/libjemalloc.so
7fa66fc9a000-7fa66fc9b000 rw-p 0001e000 08:01 3801176                    /root/Desktop/Programming/Java/Elements Game/lib/lwjgl/native/libjemalloc.so
7fa66fc9b000-7fa66fc9c000 rw-p 00000000 00:00 0 
7fa66fc9c000-7fa66fca9000 r-xp 00000000 08:01 3801182                    /root/Desktop/Programming/Java/Elements Game/lib/lwjgl/native/liblwjgl.so
7fa66fca9000-7fa66fcfd000 r-xp 00000000 00:00 0 
7fa66fcfd000-7fa66fefc000 ---p 00061000 08:01 3801182                    /root/Desktop/Programming/Java/Elements Game/lib/lwjgl/native/liblwjgl.so
7fa66fefc000-7fa66fefe000 rw-p 00033000 08:01 3801182                    /root/Desktop/Programming/Java/Elements Game/lib/lwjgl/native/liblwjgl.so
7fa66fefe000-7fa66feff000 rw-p 00000000 00:00 0 
7fa66feff000-7fa66ff00000 ---p 00000000 00:00 0 
7fa66ff00000-7fa670000000 rw-p 00000000 00:00 0                          [stack:13698]
7fa670000000-7fa670184000 rw-p 00000000 00:00 0 
7fa670184000-7fa674000000 ---p 00000000 00:00 0 
7fa674000000-7fa674021000 rw-p 00000000 00:00 0 
7fa674021000-7fa678000000 ---p 00000000 00:00 0 
7fa678000000-7fa678133000 rw-p 00000000 00:00 0 
7fa678133000-7fa67c000000 ---p 00000000 00:00 0 
7fa67c000000-7fa67c033000 rw-p 00000000 00:00 0 
7fa67c033000-7fa680000000 ---p 00000000 00:00 0 
7fa680000000-7fa680021000 rw-p 00000000 00:00 0 
7fa680021000-7fa684000000 ---p 00000000 00:00 0 
7fa684000000-7fa684021000 rw-p 00000000 00:00 0 
7fa684021000-7fa688000000 ---p 00000000 00:00 0 
7fa688000000-7fa688021000 rw-p 00000000 00:00 0 
7fa688021000-7fa68c000000 ---p 00000000 00:00 0 
7fa68c000000-7fa68c021000 rw-p 00000000 00:00 0 
7fa68c021000-7fa690000000 ---p 00000000 00:00 0 
7fa690000000-7fa690021000 rw-p 00000000 00:00 0 
7fa690021000-7fa694000000 ---p 00000000 00:00 0 
7fa694000000-7fa694021000 rw-p 00000000 00:00 0 
7fa694021000-7fa698000000 ---p 00000000 00:00 0 
7fa698000000-7fa698021000 rw-p 00000000 00:00 0 
7fa698021000-7fa69c000000 ---p 00000000 00:00 0 
7fa69c02c000-7fa69c02d000 rw-p 00000000 00:00 0 
7fa69c02d000-7fa69c02f000 rw-s 00000000 00:05 180396                     /drm mm object (deleted)
7fa69c02f000-7fa69c03f000 rw-s 10b545000 00:06 13722                     /dev/dri/card0
7fa69c03f000-7fa69c04f000 rw-s 10b48f000 00:06 13722                     /dev/dri/card0
7fa69c04f000-7fa69c051000 rw-s 00000000 00:05 181315                     /drm mm object (deleted)
7fa69c051000-7fa69c054000 ---p 00000000 00:00 0 
7fa69c054000-7fa69c152000 rw-p 00000000 00:00 0                          [stack:13697]
7fa69c152000-7fa69c155000 ---p 00000000 00:00 0 
7fa69c155000-7fa69c253000 rw-p 00000000 00:00 0                          [stack:13696]
7fa69c253000-7fa69c256000 ---p 00000000 00:00 0 
7fa69c256000-7fa69c354000 rw-p 00000000 00:00 0                          [stack:13695]
7fa69c354000-7fa69c357000 ---p 00000000 00:00 0 
7fa69c357000-7fa69c455000 rw-p 00000000 00:00 0                          [stack:13694]
7fa69c455000-7fa69c458000 ---p 00000000 00:00 0 
7fa69c458000-7fa69c556000 rw-p 00000000 00:00 0                          [stack:13693]
7fa69c556000-7fa69c595000 r--p 00000000 08:01 6817862                    /usr/lib/locale/fr_LU.utf8/LC_CTYPE
7fa69c595000-7fa69c6c5000 r--p 00000000 08:01 6817861                    /usr/lib/locale/fr_LU.utf8/LC_COLLATE
7fa69c6c5000-7fa69c6c8000 ---p 00000000 00:00 0 
7fa69c6c8000-7fa69c7c6000 rw-p 00000000 00:00 0                          [stack:13692]
7fa69c7c6000-7fa69c7c9000 ---p 00000000 00:00 0 
7fa69c7c9000-7fa69c8c7000 rw-p 00000000 00:00 0                          [stack:13691]
7fa69c8c7000-7fa69c8c8000 ---p 00000000 00:00 0 
7fa69c8c8000-7fa69d8d7000 rw-p 00000000 00:00 0                          [stack:13690]
7fa69d8d7000-7fa69dab0000 r--s 03d20000 08:01 7085982                    /usr/lib/jvm/java-8-oracle/jre/lib/rt.jar
7fa69dab0000-7fa69e270000 rw-p 00000000 00:00 0 
7fa69e270000-7fa69e2b0000 ---p 00000000 00:00 0 
7fa69e2b0000-7fa6a0000000 rw-p 00000000 00:00 0 
7fa6a0000000-7fa6a0021000 rw-p 00000000 00:00 0 
7fa6a0021000-7fa6a4000000 ---p 00000000 00:00 0 
7fa6a4000000-7fa6a401b000 r--s 001e6000 08:01 3670575                    /root/Desktop/Programming/Java/Elements Game/lib/lwjgl/jar/lwjgl.jar
7fa6a401b000-7fa6a423f000 rw-p 00000000 00:00 0 
7fa6a423f000-7fa6a4240000 ---p 00000000 00:00 0 
7fa6a4240000-7fa6a4340000 rw-p 00000000 00:00 0                          [stack:13689]
7fa6a4340000-7fa6a4341000 ---p 00000000 00:00 0 
7fa6a4341000-7fa6a4441000 rw-p 00000000 00:00 0                          [stack:13688]
7fa6a4441000-7fa6a4442000 ---p 00000000 00:00 0 
7fa6a4442000-7fa6a4542000 rw-p 00000000 00:00 0                          [stack:13687]
7fa6a4542000-7fa6a4543000 ---p 00000000 00:00 0 
7fa6a4543000-7fa6a4657000 rw-p 00000000 00:00 0                          [stack:13686]
7fa6a4657000-7fa6a477b000 ---p 00000000 00:00 0 
7fa6a477b000-7fa6a4786000 rw-p 00000000 00:00 0 
7fa6a4786000-7fa6a4818000 ---p 00000000 00:00 0 
7fa6a4818000-7fa6a4823000 rw-p 00000000 00:00 0 
7fa6a4823000-7fa6a4bd9000 ---p 00000000 00:00 0 
7fa6a4bd9000-7fa6a4e49000 rwxp 00000000 00:00 0 
7fa6a4e49000-7fa6b3bd9000 ---p 00000000 00:00 0 
7fa6b3bd9000-7fa6b3bf3000 r-xp 00000000 08:01 7216047                    /usr/lib/jvm/java-8-oracle/jre/lib/amd64/libzip.so
7fa6b3bf3000-7fa6b3df3000 ---p 0001a000 08:01 7216047                    /usr/lib/jvm/java-8-oracle/jre/lib/amd64/libzip.so
7fa6b3df3000-7fa6b3df4000 rw-p 0001a000 08:01 7216047                    /usr/lib/jvm/java-8-oracle/jre/lib/amd64/libzip.so
7fa6b3df4000-7fa6b3dff000 r-xp 00000000 08:01 2361332                    /lib/x86_64-linux-gnu/libnss_files-2.19.so
7fa6b3dff000-7fa6b3ffe000 ---p 0000b000 08:01 2361332                    /lib/x86_64-linux-gnu/libnss_files-2.19.so
7fa6b3ffe000-7fa6b3fff000 r--p 0000a000 08:01 2361332                    /lib/x86_64-linux-gnu/libnss_files-2.19.so
7fa6b3fff000-7fa6b4000000 rw-p 0000b000 08:01 2361332                    /lib/x86_64-linux-gnu/libnss_files-2.19.so
7fa6b4000000-7fa6b482a000 rw-p 00000000 00:00 0 
7fa6b482a000-7fa6b8000000 ---p 00000000 00:00 0 
7fa6b8000000-7fa6b8001000 rwxp 00000000 00:00 0 
7fa6b8001000-7fa6b8002000 rw-s 00000000 00:05 181310                     /drm mm object (deleted)
7fa6b8002000-7fa6b8003000 rwxp 00000000 00:00 0 
7fa6b8003000-7fa6b8004000 r--s 00000000 08:01 2106122                    /root/Desktop/Programming/Java/Elements Game/run.jar
7fa6b8004000-7fa6b8005000 r--p 00000000 08:01 6818401                    /usr/lib/locale/ig_NG/LC_NUMERIC
7fa6b8005000-7fa6b8006000 r--p 00000000 08:01 6816780                    /usr/lib/locale/en_US.utf8/LC_TIME
7fa6b8006000-7fa6b8007000 r--p 00000000 08:01 6816775                    /usr/lib/locale/en_US.utf8/LC_MONETARY
7fa6b8007000-7fa6b8008000 r--p 00000000 08:01 6816774                    /usr/lib/locale/en_US.utf8/LC_MESSAGES/SYS_LC_MESSAGES
7fa6b8008000-7fa6b8009000 r--p 00000000 08:01 6817464                    /usr/lib/locale/es_VE.utf8/LC_PAPER
7fa6b8009000-7fa6b800a000 r--p 00000000 08:01 6817994                    /usr/lib/locale/gd_GB.utf8/LC_NAME
7fa6b800a000-7fa6b801e000 rw-p 00000000 00:00 0 
7fa6b801e000-7fa6b8143000 ---p 00000000 00:00 0 
7fa6b8143000-7fa6b814d000 r-xp 00000000 08:01 2361343                    /lib/x86_64-linux-gnu/libnss_nis-2.19.so
7fa6b814d000-7fa6b834c000 ---p 0000a000 08:01 2361343                    /lib/x86_64-linux-gnu/libnss_nis-2.19.so
7fa6b834c000-7fa6b834d000 r--p 00009000 08:01 2361343                    /lib/x86_64-linux-gnu/libnss_nis-2.19.so
7fa6b834d000-7fa6b834e000 rw-p 0000a000 08:01 2361343                    /lib/x86_64-linux-gnu/libnss_nis-2.19.so
7fa6b834e000-7fa6b8363000 r-xp 00000000 08:01 2361326                    /lib/x86_64-linux-gnu/libnsl-2.19.so
7fa6b8363000-7fa6b8562000 ---p 00015000 08:01 2361326                    /lib/x86_64-linux-gnu/libnsl-2.19.so
7fa6b8562000-7fa6b8563000 r--p 00014000 08:01 2361326                    /lib/x86_64-linux-gnu/libnsl-2.19.so
7fa6b8563000-7fa6b8564000 rw-p 00015000 08:01 2361326                    /lib/x86_64-linux-gnu/libnsl-2.19.so
7fa6b8564000-7fa6b8566000 rw-p 00000000 00:00 0 
7fa6b8566000-7fa6b856d000 r-xp 00000000 08:01 2361328                    /lib/x86_64-linux-gnu/libnss_compat-2.19.so
7fa6b856d000-7fa6b876c000 ---p 00007000 08:01 2361328                    /lib/x86_64-linux-gnu/libnss_compat-2.19.so
7fa6b876c000-7fa6b876d000 r--p 00006000 08:01 2361328                    /lib/x86_64-linux-gnu/libnss_compat-2.19.so
7fa6b876d000-7fa6b876e000 rw-p 00007000 08:01 2361328                    /lib/x86_64-linux-gnu/libnss_compat-2.19.so
7fa6b876e000-7fa6b8798000 r-xp 00000000 08:01 7216042                    /usr/lib/jvm/java-8-oracle/jre/lib/amd64/libjava.so
7fa6b8798000-7fa6b8998000 ---p 0002a000 08:01 7216042                    /usr/lib/jvm/java-8-oracle/jre/lib/amd64/libjava.so
7fa6b8998000-7fa6b899a000 rw-p 0002a000 08:01 7216042                    /usr/lib/jvm/java-8-oracle/jre/lib/amd64/libjava.so
7fa6b899a000-7fa6b89a7000 r-xp 00000000 08:01 7216046                    /usr/lib/jvm/java-8-oracle/jre/lib/amd64/libverify.so
7fa6b89a7000-7fa6b8ba7000 ---p 0000d000 08:01 7216046                    /usr/lib/jvm/java-8-oracle/jre/lib/amd64/libverify.so
7fa6b8ba7000-7fa6b8ba9000 rw-p 0000d000 08:01 7216046                    /usr/lib/jvm/java-8-oracle/jre/lib/amd64/libverify.so
7fa6b8ba9000-7fa6b8bb0000 r-xp 00000000 08:01 2361378                    /lib/x86_64-linux-gnu/librt-2.19.so
7fa6b8bb0000-7fa6b8daf000 ---p 00007000 08:01 2361378                    /lib/x86_64-linux-gnu/librt-2.19.so
7fa6b8daf000-7fa6b8db0000 r--p 00006000 08:01 2361378                    /lib/x86_64-linux-gnu/librt-2.19.so
7fa6b8db0000-7fa6b8db1000 rw-p 00007000 08:01 2361378                    /lib/x86_64-linux-gnu/librt-2.19.so
7fa6b8db1000-7fa6b8eb1000 r-xp 00000000 08:01 2361305                    /lib/x86_64-linux-gnu/libm-2.19.so
7fa6b8eb1000-7fa6b90b0000 ---p 00100000 08:01 2361305                    /lib/x86_64-linux-gnu/libm-2.19.so
7fa6b90b0000-7fa6b90b1000 r--p 000ff000 08:01 2361305                    /lib/x86_64-linux-gnu/libm-2.19.so
7fa6b90b1000-7fa6b90b2000 rw-p 00100000 08:01 2361305                    /lib/x86_64-linux-gnu/libm-2.19.so
7fa6b90b2000-7fa6b9d70000 r-xp 00000000 08:01 7216025                    /usr/lib/jvm/java-8-oracle/jre/lib/amd64/server/libjvm.so
7fa6b9d70000-7fa6b9f6f000 ---p 00cbe000 08:01 7216025                    /usr/lib/jvm/java-8-oracle/jre/lib/amd64/server/libjvm.so
7fa6b9f6f000-7fa6ba048000 rw-p 00cbd000 08:01 7216025                    /usr/lib/jvm/java-8-oracle/jre/lib/amd64/server/libjvm.so
7fa6ba048000-7fa6ba08c000 rw-p 00000000 00:00 0 
7fa6ba08c000-7fa6ba22b000 r-xp 00000000 08:01 2361245                    /lib/x86_64-linux-gnu/libc-2.19.so
7fa6ba22b000-7fa6ba42b000 ---p 0019f000 08:01 2361245                    /lib/x86_64-linux-gnu/libc-2.19.so
7fa6ba42b000-7fa6ba42f000 r--p 0019f000 08:01 2361245                    /lib/x86_64-linux-gnu/libc-2.19.so
7fa6ba42f000-7fa6ba431000 rw-p 001a3000 08:01 2361245                    /lib/x86_64-linux-gnu/libc-2.19.so
7fa6ba431000-7fa6ba435000 rw-p 00000000 00:00 0 
7fa6ba435000-7fa6ba438000 r-xp 00000000 08:01 2361261                    /lib/x86_64-linux-gnu/libdl-2.19.so
7fa6ba438000-7fa6ba637000 ---p 00003000 08:01 2361261                    /lib/x86_64-linux-gnu/libdl-2.19.so
7fa6ba637000-7fa6ba638000 r--p 00002000 08:01 2361261                    /lib/x86_64-linux-gnu/libdl-2.19.so
7fa6ba638000-7fa6ba639000 rw-p 00003000 08:01 2361261                    /lib/x86_64-linux-gnu/libdl-2.19.so
7fa6ba639000-7fa6ba64e000 r-xp 00000000 08:01 7216020                    /usr/lib/jvm/java-8-oracle/jre/lib/amd64/jli/libjli.so
7fa6ba64e000-7fa6ba84e000 ---p 00015000 08:01 7216020                    /usr/lib/jvm/java-8-oracle/jre/lib/amd64/jli/libjli.so
7fa6ba84e000-7fa6ba84f000 rw-p 00015000 08:01 7216020                    /usr/lib/jvm/java-8-oracle/jre/lib/amd64/jli/libjli.so
7fa6ba84f000-7fa6ba867000 r-xp 00000000 08:01 2361370                    /lib/x86_64-linux-gnu/libpthread-2.19.so
7fa6ba867000-7fa6baa66000 ---p 00018000 08:01 2361370                    /lib/x86_64-linux-gnu/libpthread-2.19.so
7fa6baa66000-7fa6baa67000 r--p 00017000 08:01 2361370                    /lib/x86_64-linux-gnu/libpthread-2.19.so
7fa6baa67000-7fa6baa68000 rw-p 00018000 08:01 2361370                    /lib/x86_64-linux-gnu/libpthread-2.19.so
7fa6baa68000-7fa6baa6c000 rw-p 00000000 00:00 0 
7fa6baa6c000-7fa6baa8c000 r-xp 00000000 08:01 2361219                    /lib/x86_64-linux-gnu/ld-2.19.so
7fa6baa8c000-7fa6bab5d000 rw-p 00000000 00:00 0 
7fa6bab5d000-7fa6bab60000 ---p 00000000 00:00 0 
7fa6bab60000-7fa6bac62000 rw-p 00000000 00:00 0                          [stack:13685]
7fa6bac62000-7fa6bac63000 r--p 00000000 08:01 6816768                    /usr/lib/locale/en_US.utf8/LC_ADDRESS
7fa6bac63000-7fa6bac64000 r--p 00000000 08:01 6816779                    /usr/lib/locale/en_US.utf8/LC_TELEPHONE
7fa6bac64000-7fa6bac65000 r--p 00000000 08:01 6817318                    /usr/lib/locale/es_PR.utf8/LC_MEASUREMENT
7fa6bac65000-7fa6bac6c000 r--s 00000000 08:01 7473973                    /usr/lib/x86_64-linux-gnu/gconv/gconv-modules.cache
7fa6bac6c000-7fa6bac6d000 r--p 00000000 08:01 6816771                    /usr/lib/locale/en_US.utf8/LC_IDENTIFICATION
7fa6bac6d000-7fa6bac80000 rw-p 00000000 00:00 0 
7fa6bac80000-7fa6bac88000 rw-s 00000000 08:01 4194373                    /tmp/hsperfdata_root/13684
7fa6bac88000-7fa6bac89000 rw-p 00000000 00:00 0 
7fa6bac89000-7fa6bac8a000 r--p 00000000 00:00 0 
7fa6bac8a000-7fa6bac8c000 rw-p 00000000 00:00 0 
7fa6bac8c000-7fa6bac8d000 r--p 00020000 08:01 2361219                    /lib/x86_64-linux-gnu/ld-2.19.so
7fa6bac8d000-7fa6bac8e000 rw-p 00021000 08:01 2361219                    /lib/x86_64-linux-gnu/ld-2.19.so
7fa6bac8e000-7fa6bac8f000 rw-p 00000000 00:00 0 
7ffc182dc000-7ffc182fd000 rw-p 00000000 00:00 0                          [stack]
7ffc1834a000-7ffc1834c000 r--p 00000000 00:00 0                          [vvar]
7ffc1834c000-7ffc1834e000 r-xp 00000000 00:00 0                          [vdso]
ffffffffff600000-ffffffffff601000 r-xp 00000000 00:00 0                  [vsyscall]

VM Arguments:
java_command: run.jar
java_class_path (initial): run.jar
Launcher Type: SUN_STANDARD

Environment Variables:
PATH=/usr/local/sbin:/usr/local/bin:/usr/sbin:/usr/bin:/sbin:/bin
USERNAME=root
SHELL=/bin/bash
DISPLAY=:0

Signal Handlers:
SIGSEGV: [libjvm.so+0xaba2a0], sa_mask[0]=11111111011111111101111111111110, sa_flags=SA_RESTART|SA_SIGINFO
SIGBUS: [libjvm.so+0xaba2a0], sa_mask[0]=11111111011111111101111111111110, sa_flags=SA_RESTART|SA_SIGINFO
SIGFPE: [libjvm.so+0x917710], sa_mask[0]=11111111011111111101111111111110, sa_flags=SA_RESTART|SA_SIGINFO
SIGPIPE: [libjvm.so+0x917710], sa_mask[0]=11111111011111111101111111111110, sa_flags=SA_RESTART|SA_SIGINFO
SIGXFSZ: [libjvm.so+0x917710], sa_mask[0]=11111111011111111101111111111110, sa_flags=SA_RESTART|SA_SIGINFO
SIGILL: [libjvm.so+0x917710], sa_mask[0]=11111111011111111101111111111110, sa_flags=SA_RESTART|SA_SIGINFO
SIGUSR1: SIG_DFL, sa_mask[0]=00000000000000000000000000000000, sa_flags=none
SIGUSR2: [libjvm.so+0x918d40], sa_mask[0]=00000000000000000000000000000000, sa_flags=SA_RESTART|SA_SIGINFO
SIGHUP: [libjvm.so+0x91a140], sa_mask[0]=11111111011111111101111111111110, sa_flags=SA_RESTART|SA_SIGINFO
SIGINT: [libjvm.so+0x91a140], sa_mask[0]=11111111011111111101111111111110, sa_flags=SA_RESTART|SA_SIGINFO
SIGTERM: [libjvm.so+0x91a140], sa_mask[0]=11111111011111111101111111111110, sa_flags=SA_RESTART|SA_SIGINFO
SIGQUIT: [libjvm.so+0x91a140], sa_mask[0]=11111111011111111101111111111110, sa_flags=SA_RESTART|SA_SIGINFO


---------------  S Y S T E M  ---------------

OS:DISTRIB_ID=Kali
DISTRIB_RELEASE=2.0
DISTRIB_CODENAME=sana
DISTRIB_DESCRIPTION="Kali GNU/Linux 2.0"

uname:Linux 4.0.0-kali1-amd64 #1 SMP Debian 4.0.4-1+kali2 (2015-06-03) x86_64
libc:glibc 2.19 NPTL 2.19 
rlimit: STACK 8192k, CORE 0k, NPROC 14918, NOFILE 65536, AS infinity
load average:0.22 0.28 0.33

/proc/meminfo:
MemTotal:        3840348 kB
MemFree:          896944 kB
MemAvailable:    2273136 kB
Buffers:          258824 kB
Cached:          1399728 kB
SwapCached:            0 kB
Active:          1973024 kB
Inactive:         762856 kB
Active(anon):    1079508 kB
Inactive(anon):   171560 kB
Active(file):     893516 kB
Inactive(file):   591296 kB
Unevictable:           0 kB
Mlocked:               0 kB
SwapTotal:       7959548 kB
SwapFree:        7959548 kB
Dirty:              1504 kB
Writeback:             0 kB
AnonPages:       1077684 kB
Mapped:           222200 kB
Shmem:            173744 kB
Slab:             148252 kB
SReclaimable:     120632 kB
SUnreclaim:        27620 kB
KernelStack:        6208 kB
PageTables:        22508 kB
NFS_Unstable:          0 kB
Bounce:                0 kB
WritebackTmp:          0 kB
CommitLimit:     9879720 kB
Committed_AS:    3429628 kB
VmallocTotal:   34359738367 kB
VmallocUsed:      546724 kB
VmallocChunk:   34359185600 kB
HardwareCorrupted:     0 kB
AnonHugePages:         0 kB
HugePages_Total:       0
HugePages_Free:        0
HugePages_Rsvd:        0
HugePages_Surp:        0
Hugepagesize:       2048 kB
DirectMap4k:      122636 kB
DirectMap2M:     3858432 kB


CPU:total 4 (2 cores per cpu, 2 threads per core) family 6 model 37 stepping 5, cmov, cx8, fxsr, mmx, sse, sse2, sse3, ssse3, sse4.1, sse4.2, popcnt, aes, clmul, ht, tsc, tscinvbit

/proc/cpuinfo:
processor	: 0
vendor_id	: GenuineIntel
cpu family	: 6
model		: 37
model name	: Intel(R) Core(TM) i7 CPU       L 640  @ 2.13GHz
stepping	: 5
microcode	: 0x4
cpu MHz		: 1733.000
cache size	: 4096 KB
physical id	: 0
siblings	: 4
core id		: 0
cpu cores	: 2
apicid		: 0
initial apicid	: 0
fpu		: yes
fpu_exception	: yes
cpuid level	: 11
wp		: yes
flags		: fpu vme de pse tsc msr pae mce cx8 apic sep mtrr pge mca cmov pat pse36 clflush dts acpi mmx fxsr sse sse2 ss ht tm pbe syscall nx rdtscp lm constant_tsc arch_perfmon pebs bts rep_good nopl xtopology nonstop_tsc aperfmperf pni pclmulqdq dtes64 monitor ds_cpl vmx smx est tm2 ssse3 cx16 xtpr pdcm pcid sse4_1 sse4_2 popcnt aes lahf_lm ida arat dtherm tpr_shadow vnmi flexpriority ept vpid
bugs		:
bogomips	: 4255.88
clflush size	: 64
cache_alignment	: 64
address sizes	: 36 bits physical, 48 bits virtual
power management:

processor	: 1
vendor_id	: GenuineIntel
cpu family	: 6
model		: 37
model name	: Intel(R) Core(TM) i7 CPU       L 640  @ 2.13GHz
stepping	: 5
microcode	: 0x4
cpu MHz		: 1866.000
cache size	: 4096 KB
physical id	: 0
siblings	: 4
core id		: 0
cpu cores	: 2
apicid		: 1
initial apicid	: 1
fpu		: yes
fpu_exception	: yes
cpuid level	: 11
wp		: yes
flags		: fpu vme de pse tsc msr pae mce cx8 apic sep mtrr pge mca cmov pat pse36 clflush dts acpi mmx fxsr sse sse2 ss ht tm pbe syscall nx rdtscp lm constant_tsc arch_perfmon pebs bts rep_good nopl xtopology nonstop_tsc aperfmperf pni pclmulqdq dtes64 monitor ds_cpl vmx smx est tm2 ssse3 cx16 xtpr pdcm pcid sse4_1 sse4_2 popcnt aes lahf_lm ida arat dtherm tpr_shadow vnmi flexpriority ept vpid
bugs		:
bogomips	: 4255.88
clflush size	: 64
cache_alignment	: 64
address sizes	: 36 bits physical, 48 bits virtual
power management:

processor	: 2
vendor_id	: GenuineIntel
cpu family	: 6
model		: 37
model name	: Intel(R) Core(TM) i7 CPU       L 640  @ 2.13GHz
stepping	: 5
microcode	: 0x4
cpu MHz		: 2134.000
cache size	: 4096 KB
physical id	: 0
siblings	: 4
core id		: 2
cpu cores	: 2
apicid		: 4
initial apicid	: 4
fpu		: yes
fpu_exception	: yes
cpuid level	: 11
wp		: yes
flags		: fpu vme de pse tsc msr pae mce cx8 apic sep mtrr pge mca cmov pat pse36 clflush dts acpi mmx fxsr sse sse2 ss ht tm pbe syscall nx rdtscp lm constant_tsc arch_perfmon pebs bts rep_good nopl xtopology nonstop_tsc aperfmperf pni pclmulqdq dtes64 monitor ds_cpl vmx smx est tm2 ssse3 cx16 xtpr pdcm pcid sse4_1 sse4_2 popcnt aes lahf_lm ida arat dtherm tpr_shadow vnmi flexpriority ept vpid
bugs		:
bogomips	: 4255.88
clflush size	: 64
cache_alignment	: 64
address sizes	: 36 bits physical, 48 bits virtual
power management:

processor	: 3
vendor_id	: GenuineIntel
cpu family	: 6
model		: 37
model name	: Intel(R) Core(TM) i7 CPU       L 640  @ 2.13GHz
stepping	: 5
microcode	: 0x4
cpu MHz		: 1733.000
cache size	: 4096 KB
physical id	: 0
siblings	: 4
core id		: 2
cpu cores	: 2
apicid		: 5
initial apicid	: 5
fpu		: yes
fpu_exception	: yes
cpuid level	: 11
wp		: yes
flags		: fpu vme de pse tsc msr pae mce cx8 apic sep mtrr pge mca cmov pat pse36 clflush dts acpi mmx fxsr sse sse2 ss ht tm pbe syscall nx rdtscp lm constant_tsc arch_perfmon pebs bts rep_good nopl xtopology nonstop_tsc aperfmperf pni pclmulqdq dtes64 monitor ds_cpl vmx smx est tm2 ssse3 cx16 xtpr pdcm pcid sse4_1 sse4_2 popcnt aes lahf_lm ida arat dtherm tpr_shadow vnmi flexpriority ept vpid
bugs		:
bogomips	: 4255.88
clflush size	: 64
cache_alignment	: 64
address sizes	: 36 bits physical, 48 bits virtual
power management:



Memory: 4k page, physical 3840348k(896944k free), swap 7959548k(7959548k free)

vm_info: Java HotSpot(TM) 64-Bit Server VM (25.66-b17) for linux-amd64 JRE (1.8.0_66-b17), built on Oct  6 2015 17:28:34 by "java_re" with gcc 4.3.0 20080428 (Red Hat 4.3.0-8)

time: Sat Jan  2 21:57:08 2016
elapsed time: 0 seconds (0d 0h 0m 0s)

