#
# A fatal error has been detected by the Java Runtime Environment:
#
#  SIGSEGV (0xb) at pc=0x00007ff47658b720, pid=21115, tid=140687946073856
#
# JRE version: Java(TM) SE Runtime Environment (8.0_66-b17) (build 1.8.0_66-b17)
# Java VM: Java HotSpot(TM) 64-Bit Server VM (25.66-b17 mixed mode linux-amd64 compressed oops)
# Problematic frame:
# C  [libc.so.6+0x90720]
#
# Failed to write core dump. Core dumps have been disabled. To enable core dumping, try "ulimit -c unlimited" before starting Java again
#
# If you would like to submit a bug report, please visit:
#   http://bugreport.java.com/bugreport/crash.jsp
# The crash happened outside the Java Virtual Machine in native code.
# See problematic frame for where to report the bug.
#

---------------  T H R E A D  ---------------

Current thread (0x00007ff470009800):  JavaThread "main" [_thread_in_native, id=21116, stack(0x00007ff476fcc000,0x00007ff4770cd000)]

siginfo: si_signo: 11 (SIGSEGV), si_code: 1 (SEGV_MAPERR), si_addr: 0x0000000000000000

Registers:
RAX=0xffff800b9ffccf40, RBX=0x0000000000000000, RCX=0x0000000000000080, RDX=0x0000000000000040
RSP=0x00007ff4770cb2e8, RBP=0x0000000000000003, RSI=0x0000000000000000, RDI=0x00007ff460033080
R8 =0x00007ff4702a99f0, R9 =0x0000000000000010, R10=0x0000000000000000, R11=0x0000000000000003
R12=0x0000000000000040, R13=0x0000000000000010, R14=0x00007ff4702a99e8, R15=0x0000000000000010
RIP=0x00007ff47658b720, EFLAGS=0x0000000000010206, CSGSFS=0x0000000000000033, ERR=0x0000000000000004
  TRAPNO=0x000000000000000e

Top of Stack: (sp=0x00007ff4770cb2e8)
0x00007ff4770cb2e8:   00007ff423bd5186 0000000000000000
0x00007ff4770cb2f8:   0000000400000100 0000000100000000
0x00007ff4770cb308:   00007ff470285b88 00007ff4702a97d8
0x00007ff4770cb318:   00007ff4702a99e8 00007ff4702a9808
0x00007ff4770cb328:   0000000000000002 0000000000000010
0x00007ff4770cb338:   00007ff423bd5bfe ffffffffffffffff
0x00007ff4770cb348:   00007ff4702a9d00 0000000000000000
0x00007ff4770cb358:   0000000000000000 ffffffff00000000
0x00007ff4770cb368:   0000000300000003 00007ff4702a97d8
0x00007ff4770cb378:   00007ff4702a9808 ffffffffffffffff
0x00007ff4770cb388:   ffffffffffffffff ffffffffffffffff
0x00007ff4770cb398:   00007ff470285b88 0000000000000000
0x00007ff4770cb3a8:   00007ff4703c45e0 0000000000000000
0x00007ff4770cb3b8:   0000000000000000 00007ff4703c43a0
0x00007ff4770cb3c8:   00007ff42369935b 0000000000000000
0x00007ff4770cb3d8:   ffffffffffffffff 1680021400000fe4
0x00007ff4770cb3e8:   00007ff423ba8282 00007ff470285b88
0x00007ff4770cb3f8:   0000000000000000 0000000000000000
0x00007ff4770cb408:   00007ff423c0b8fd 00007ff47054d9b0
0x00007ff4770cb418:   00007ff4703c43a0 0000000000000000
0x00007ff4770cb428:   0000000000000000 00007ff47074fee0
0x00007ff4770cb438:   0000000000000000 00007ff4703c43a0
0x00007ff4770cb448:   0000000000000001 00007ff470285b88
0x00007ff4770cb458:   00000000000001e0 00007ff4703c43a0
0x00007ff4770cb468:   00007ff423c0a9e0 0000000000000000
0x00007ff4770cb478:   a5428d73ea33a800 0000000000007e40
0x00007ff4770cb488:   00007ff470285b88 00007ff423ffc218
0x00007ff4770cb498:   0000000000000025 00007ff4770cb610
0x00007ff4770cb4a8:   0000000000000000 00007ff423ffc218
0x00007ff4770cb4b8:   00007ff423bd5d06 0922208060003f01
0x00007ff4770cb4c8:   00007ff470285b88 00007ff423ffc218
0x00007ff4770cb4d8:   0000000000000025 00007ff4770cb610 

Instructions: (pc=0x00007ff47658b720)
0x00007ff47658b700:   48 89 f0 48 8d 0c 12 48 29 f8 48 29 d0 48 39 c8
0x00007ff47658b710:   0f 82 07 01 00 00 48 83 fa 10 0f 86 8b 01 00 00
0x00007ff47658b720:   f3 44 0f 6f 06 48 83 fa 20 f3 44 0f 7f 07 f3 44
0x00007ff47658b730:   0f 6f 44 16 f0 f3 44 0f 7f 44 17 f0 77 12 48 89 

Register to memory mapping:

RAX=0xffff800b9ffccf40 is an unknown value
RBX=0x0000000000000000 is an unknown value
RCX=0x0000000000000080 is an unknown value
RDX=0x0000000000000040 is an unknown value
RSP=0x00007ff4770cb2e8 is pointing into the stack for thread: 0x00007ff470009800
RBP=0x0000000000000003 is an unknown value
RSI=0x0000000000000000 is an unknown value
RDI=0x00007ff460033080 is an unknown value
R8 =0x00007ff4702a99f0 is an unknown value
R9 =0x0000000000000010 is an unknown value
R10=0x0000000000000000 is an unknown value
R11=0x0000000000000003 is an unknown value
R12=0x0000000000000040 is an unknown value
R13=0x0000000000000010 is an unknown value
R14=0x00007ff4702a99e8 is an unknown value
R15=0x0000000000000010 is an unknown value


Stack: [0x00007ff476fcc000,0x00007ff4770cd000],  sp=0x00007ff4770cb2e8,  free space=1020k
Native frames: (J=compiled Java code, j=interpreted, Vv=VM code, C=native code)
C  [libc.so.6+0x90720]

Java frames: (J=compiled Java code, j=interpreted, Vv=VM code)
j  org.lwjgl.system.JNI.callIIIV(JIII)V+0
j  org.lwjgl.opengl.GL11.glDrawArrays(III)V+11
j  ObjectRenderer.render()V+21
j  Client.render()V+52
j  Client.loop()V+22
j  Client.run()V+5
j  ClientLoader.main([Ljava/lang/String;)V+25
v  ~StubRoutines::call_stub

---------------  P R O C E S S  ---------------

Java Threads: ( => current thread )
  0x00007ff47018d000 JavaThread "Service Thread" daemon [_thread_blocked, id=21128, stack(0x00007ff45846b000,0x00007ff45856c000)]
  0x00007ff470188000 JavaThread "C1 CompilerThread2" daemon [_thread_blocked, id=21127, stack(0x00007ff45856c000,0x00007ff45866d000)]
  0x00007ff470186800 JavaThread "C2 CompilerThread1" daemon [_thread_blocked, id=21126, stack(0x00007ff45866d000,0x00007ff45876e000)]
  0x00007ff470183800 JavaThread "C2 CompilerThread0" daemon [_thread_blocked, id=21125, stack(0x00007ff45876e000,0x00007ff45886f000)]
  0x00007ff470182000 JavaThread "Signal Dispatcher" daemon [_thread_blocked, id=21124, stack(0x00007ff45886f000,0x00007ff458970000)]
  0x00007ff470145800 JavaThread "Finalizer" daemon [_thread_blocked, id=21123, stack(0x00007ff458aa0000,0x00007ff458ba1000)]
  0x00007ff470143800 JavaThread "Reference Handler" daemon [_thread_blocked, id=21122, stack(0x00007ff458ba1000,0x00007ff458ca2000)]
=>0x00007ff470009800 JavaThread "main" [_thread_in_native, id=21116, stack(0x00007ff476fcc000,0x00007ff4770cd000)]

Other Threads:
  0x00007ff47013e800 VMThread [stack: 0x00007ff458ca2000,0x00007ff458da3000] [id=21121]
  0x00007ff470190000 WatcherThread [stack: 0x00007ff45836a000,0x00007ff45846b000] [id=21129]

VM state:not at safepoint (normal execution)

VM Mutex/Monitor currently owned by a thread: None

Heap:
 PSYoungGen      total 17920K, used 12230K [0x00000000ec780000, 0x00000000edb80000, 0x0000000100000000)
  eden space 15360K, 79% used [0x00000000ec780000,0x00000000ed371a78,0x00000000ed680000)
  from space 2560K, 0% used [0x00000000ed900000,0x00000000ed900000,0x00000000edb80000)
  to   space 2560K, 0% used [0x00000000ed680000,0x00000000ed680000,0x00000000ed900000)
 ParOldGen       total 40960K, used 0K [0x00000000c5600000, 0x00000000c7e00000, 0x00000000ec780000)
  object space 40960K, 0% used [0x00000000c5600000,0x00000000c5600000,0x00000000c7e00000)
 Metaspace       used 6971K, capacity 8280K, committed 8576K, reserved 1056768K
  class space    used 517K, capacity 584K, committed 640K, reserved 1048576K

Card table byte_map: [0x00007ff460a6a000,0x00007ff460c40000] byte_map_base: 0x00007ff46043f000

Marking Bits: (ParMarkBitMap*) 0x00007ff4764d0020
 Begin Bits: [0x00007ff45a2b0000, 0x00007ff45b158000)
 End Bits:   [0x00007ff45b158000, 0x00007ff45c000000)

Polling page: 0x00007ff4770f8000

CodeCache: size=245760Kb used=1905Kb max_used=1909Kb free=243854Kb
 bounds [0x00007ff461000000, 0x00007ff461270000, 0x00007ff470000000]
 total_blobs=932 nmethods=287 adapters=560
 compilation: enabled

Compilation events (10 events):
Event: 0.493 Thread 0x00007ff470188000  282       3       java.lang.ClassLoader::loadClass (7 bytes)
Event: 0.493 Thread 0x00007ff470188000 nmethod 282 0x00007ff4611d6450 code [0x00007ff4611d65c0, 0x00007ff4611d67c8]
Event: 0.493 Thread 0x00007ff470188000  283       3       sun.misc.Launcher$AppClassLoader::loadClass (85 bytes)
Event: 0.494 Thread 0x00007ff470186800  285       4       java.util.concurrent.ConcurrentHashMap::tabAt (21 bytes)
Event: 0.494 Thread 0x00007ff470183800  286       4       java.util.concurrent.ConcurrentHashMap::casTabAt (20 bytes)
Event: 0.494 Thread 0x00007ff470186800 nmethod 285 0x00007ff4611dc5d0 code [0x00007ff4611dc700, 0x00007ff4611dc758]
Event: 0.494 Thread 0x00007ff470183800 nmethod 286 0x00007ff4611ddd10 code [0x00007ff4611dde40, 0x00007ff4611ddeb8]
Event: 0.495 Thread 0x00007ff470188000 nmethod 283 0x00007ff4611d7050 code [0x00007ff4611d7280, 0x00007ff4611d7f88]
Event: 0.495 Thread 0x00007ff470188000  284  s    3       sun.misc.URLClassPath::knownToNotExist (24 bytes)
Event: 0.496 Thread 0x00007ff470188000 nmethod 284 0x00007ff4611dd710 code [0x00007ff4611dd880, 0x00007ff4611ddc48]

GC Heap History (0 events):
No events

Deoptimization events (0 events):
No events

Internal exceptions (2 events):
Event: 0.034 Thread 0x00007ff470009800 Exception <a 'java/lang/NoSuchMethodError': Method sun.misc.Unsafe.defineClass(Ljava/lang/String;[BII)Ljava/lang/Class; name or signature does not match> (0x00000000ec792b98) thrown at [/HUDSON/workspace/8-2-build-linux-amd64/jdk8u66/4988/hotspot/src/shar
Event: 0.034 Thread 0x00007ff470009800 Exception <a 'java/lang/NoSuchMethodError': Method sun.misc.Unsafe.prefetchRead(Ljava/lang/Object;J)V name or signature does not match> (0x00000000ec792e80) thrown at [/HUDSON/workspace/8-2-build-linux-amd64/jdk8u66/4988/hotspot/src/share/vm/prims/jni.cpp

Events (10 events):
Event: 0.493 loading class java/io/IOException
Event: 0.493 loading class java/io/IOException done
Event: 0.494 loading class org/lwjgl/stb/STBTTAlignedQuad
Event: 0.494 loading class org/lwjgl/stb/STBTTAlignedQuad done
Event: 0.495 loading class ObjectRenderer
Event: 0.495 loading class ObjectRenderer done
Event: 0.496 loading class org/lwjgl/glfw/GLFWKeyCallback$1
Event: 0.496 loading class org/lwjgl/glfw/GLFWKeyCallback$1 done
Event: 0.498 loading class Client$1
Event: 0.498 loading class Client$1 done


Dynamic libraries:
00400000-00401000 r-xp 00000000 08:01 7085876                            /usr/lib/jvm/java-8-oracle/jre/bin/java
00600000-00601000 rw-p 00000000 08:01 7085876                            /usr/lib/jvm/java-8-oracle/jre/bin/java
01daf000-01dd0000 rw-p 00000000 00:00 0                                  [heap]
c5600000-c7e00000 rw-p 00000000 00:00 0 
c7e00000-ec780000 ---p 00000000 00:00 0 
ec780000-edb80000 rw-p 00000000 00:00 0 
edb80000-100000000 ---p 00000000 00:00 0 
100000000-1000a0000 rw-p 00000000 00:00 0 
1000a0000-140000000 ---p 00000000 00:00 0 
7ff421563000-7ff422701000 rw-p 00000000 00:00 0 
7ff422701000-7ff422738000 r-xp 00000000 08:01 7476861                    /usr/lib/x86_64-linux-gnu/libtxc_dxtn_s2tc.so.0.0.0
7ff422738000-7ff422937000 ---p 00037000 08:01 7476861                    /usr/lib/x86_64-linux-gnu/libtxc_dxtn_s2tc.so.0.0.0
7ff422937000-7ff422938000 r--p 00036000 08:01 7476861                    /usr/lib/x86_64-linux-gnu/libtxc_dxtn_s2tc.so.0.0.0
7ff422938000-7ff422939000 rw-p 00037000 08:01 7476861                    /usr/lib/x86_64-linux-gnu/libtxc_dxtn_s2tc.so.0.0.0
7ff422939000-7ff422953000 r-xp 00000000 08:01 2361412                    /lib/x86_64-linux-gnu/libz.so.1.2.8
7ff422953000-7ff422b52000 ---p 0001a000 08:01 2361412                    /lib/x86_64-linux-gnu/libz.so.1.2.8
7ff422b52000-7ff422b53000 r--p 00019000 08:01 2361412                    /lib/x86_64-linux-gnu/libz.so.1.2.8
7ff422b53000-7ff422b54000 rw-p 0001a000 08:01 2361412                    /lib/x86_64-linux-gnu/libz.so.1.2.8
7ff422b54000-7ff422b5c000 r-xp 00000000 08:01 7476483                    /usr/lib/x86_64-linux-gnu/libpciaccess.so.0.11.1
7ff422b5c000-7ff422d5c000 ---p 00008000 08:01 7476483                    /usr/lib/x86_64-linux-gnu/libpciaccess.so.0.11.1
7ff422d5c000-7ff422d5d000 r--p 00008000 08:01 7476483                    /usr/lib/x86_64-linux-gnu/libpciaccess.so.0.11.1
7ff422d5d000-7ff422d5e000 rw-p 00009000 08:01 7476483                    /usr/lib/x86_64-linux-gnu/libpciaccess.so.0.11.1
7ff422d5e000-7ff422d74000 r-xp 00000000 08:01 2361273                    /lib/x86_64-linux-gnu/libgcc_s.so.1
7ff422d74000-7ff422f73000 ---p 00016000 08:01 2361273                    /lib/x86_64-linux-gnu/libgcc_s.so.1
7ff422f73000-7ff422f74000 rw-p 00015000 08:01 2361273                    /lib/x86_64-linux-gnu/libgcc_s.so.1
7ff422f74000-7ff423060000 r-xp 00000000 08:01 7476755                    /usr/lib/x86_64-linux-gnu/libstdc++.so.6.0.20
7ff423060000-7ff423260000 ---p 000ec000 08:01 7476755                    /usr/lib/x86_64-linux-gnu/libstdc++.so.6.0.20
7ff423260000-7ff423268000 r--p 000ec000 08:01 7476755                    /usr/lib/x86_64-linux-gnu/libstdc++.so.6.0.20
7ff423268000-7ff42326a000 rw-p 000f4000 08:01 7476755                    /usr/lib/x86_64-linux-gnu/libstdc++.so.6.0.20
7ff42326a000-7ff42327f000 rw-p 00000000 00:00 0 
7ff42327f000-7ff42328b000 r-xp 00000000 08:01 7475559                    /usr/lib/x86_64-linux-gnu/libdrm_radeon.so.1.0.1
7ff42328b000-7ff42348a000 ---p 0000c000 08:01 7475559                    /usr/lib/x86_64-linux-gnu/libdrm_radeon.so.1.0.1
7ff42348a000-7ff42348b000 r--p 0000b000 08:01 7475559                    /usr/lib/x86_64-linux-gnu/libdrm_radeon.so.1.0.1
7ff42348b000-7ff42348c000 rw-p 0000c000 08:01 7475559                    /usr/lib/x86_64-linux-gnu/libdrm_radeon.so.1.0.1
7ff42348c000-7ff423492000 r-xp 00000000 08:01 7475555                    /usr/lib/x86_64-linux-gnu/libdrm_nouveau.so.2.0.0
7ff423492000-7ff423691000 ---p 00006000 08:01 7475555                    /usr/lib/x86_64-linux-gnu/libdrm_nouveau.so.2.0.0
7ff423691000-7ff423692000 r--p 00005000 08:01 7475555                    /usr/lib/x86_64-linux-gnu/libdrm_nouveau.so.2.0.0
7ff423692000-7ff423693000 rw-p 00006000 08:01 7475555                    /usr/lib/x86_64-linux-gnu/libdrm_nouveau.so.2.0.0
7ff423693000-7ff4236b4000 r-xp 00000000 08:01 7475551                    /usr/lib/x86_64-linux-gnu/libdrm_intel.so.1.0.0
7ff4236b4000-7ff4238b3000 ---p 00021000 08:01 7475551                    /usr/lib/x86_64-linux-gnu/libdrm_intel.so.1.0.0
7ff4238b3000-7ff4238b4000 r--p 00020000 08:01 7475551                    /usr/lib/x86_64-linux-gnu/libdrm_intel.so.1.0.0
7ff4238b4000-7ff4238b5000 rw-p 00021000 08:01 7475551                    /usr/lib/x86_64-linux-gnu/libdrm_intel.so.1.0.0
7ff4238b5000-7ff423dd3000 r-xp 00000000 08:01 7473403                    /usr/lib/x86_64-linux-gnu/dri/i965_dri.so
7ff423dd3000-7ff423fd3000 ---p 0051e000 08:01 7473403                    /usr/lib/x86_64-linux-gnu/dri/i965_dri.so
7ff423fd3000-7ff423fef000 r--p 0051e000 08:01 7473403                    /usr/lib/x86_64-linux-gnu/dri/i965_dri.so
7ff423fef000-7ff423ff5000 rw-p 0053a000 08:01 7473403                    /usr/lib/x86_64-linux-gnu/dri/i965_dri.so
7ff423ff5000-7ff424000000 rw-p 00000000 00:00 0 
7ff424000000-7ff424021000 rw-p 00000000 00:00 0 
7ff424021000-7ff428000000 ---p 00000000 00:00 0 
7ff428000000-7ff428021000 rw-p 00000000 00:00 0 
7ff428021000-7ff42c000000 ---p 00000000 00:00 0 
7ff42c000000-7ff42c076000 rw-p 00000000 00:00 0 
7ff42c076000-7ff430000000 ---p 00000000 00:00 0 
7ff430000000-7ff4301b3000 rw-p 00000000 00:00 0 
7ff4301b3000-7ff434000000 ---p 00000000 00:00 0 
7ff434000000-7ff434021000 rw-p 00000000 00:00 0 
7ff434021000-7ff438000000 ---p 00000000 00:00 0 
7ff438000000-7ff4380b0000 rw-p 00000000 00:00 0 
7ff4380b0000-7ff43c000000 ---p 00000000 00:00 0 
7ff43c000000-7ff43c021000 rw-p 00000000 00:00 0 
7ff43c021000-7ff440000000 ---p 00000000 00:00 0 
7ff440000000-7ff440021000 rw-p 00000000 00:00 0 
7ff440021000-7ff444000000 ---p 00000000 00:00 0 
7ff444000000-7ff444021000 rw-p 00000000 00:00 0 
7ff444021000-7ff448000000 ---p 00000000 00:00 0 
7ff448000000-7ff448021000 rw-p 00000000 00:00 0 
7ff448021000-7ff44c000000 ---p 00000000 00:00 0 
7ff44c000000-7ff44c021000 rw-p 00000000 00:00 0 
7ff44c021000-7ff450000000 ---p 00000000 00:00 0 
7ff4500ee000-7ff4500fc000 r-xp 00000000 08:01 2361397                    /lib/x86_64-linux-gnu/libudev.so.1.5.0
7ff4500fc000-7ff4502fb000 ---p 0000e000 08:01 2361397                    /lib/x86_64-linux-gnu/libudev.so.1.5.0
7ff4502fb000-7ff4502fc000 r--p 0000d000 08:01 2361397                    /lib/x86_64-linux-gnu/libudev.so.1.5.0
7ff4502fc000-7ff4502fd000 rw-p 0000e000 08:01 2361397                    /lib/x86_64-linux-gnu/libudev.so.1.5.0
7ff4502fd000-7ff450309000 r-xp 00000000 08:01 7475547                    /usr/lib/x86_64-linux-gnu/libdrm.so.2.4.0
7ff450309000-7ff450508000 ---p 0000c000 08:01 7475547                    /usr/lib/x86_64-linux-gnu/libdrm.so.2.4.0
7ff450508000-7ff450509000 r--p 0000b000 08:01 7475547                    /usr/lib/x86_64-linux-gnu/libdrm.so.2.4.0
7ff450509000-7ff45050a000 rw-p 0000c000 08:01 7475547                    /usr/lib/x86_64-linux-gnu/libdrm.so.2.4.0
7ff45050a000-7ff45050b000 r-xp 00000000 08:01 7477146                    /usr/lib/x86_64-linux-gnu/libxshmfence.so.1.0.0
7ff45050b000-7ff45070a000 ---p 00001000 08:01 7477146                    /usr/lib/x86_64-linux-gnu/libxshmfence.so.1.0.0
7ff45070a000-7ff45070b000 r--p 00000000 08:01 7477146                    /usr/lib/x86_64-linux-gnu/libxshmfence.so.1.0.0
7ff45070b000-7ff45070c000 rw-p 00001000 08:01 7477146                    /usr/lib/x86_64-linux-gnu/libxshmfence.so.1.0.0
7ff45070c000-7ff450711000 r-xp 00000000 08:01 7477116                    /usr/lib/x86_64-linux-gnu/libxcb-sync.so.1.0.0
7ff450711000-7ff450911000 ---p 00005000 08:01 7477116                    /usr/lib/x86_64-linux-gnu/libxcb-sync.so.1.0.0
7ff450911000-7ff450912000 r--p 00005000 08:01 7477116                    /usr/lib/x86_64-linux-gnu/libxcb-sync.so.1.0.0
7ff450912000-7ff450913000 rw-p 00006000 08:01 7477116                    /usr/lib/x86_64-linux-gnu/libxcb-sync.so.1.0.0
7ff450913000-7ff450915000 r-xp 00000000 08:01 7477094                    /usr/lib/x86_64-linux-gnu/libxcb-present.so.0.0.0
7ff450915000-7ff450b14000 ---p 00002000 08:01 7477094                    /usr/lib/x86_64-linux-gnu/libxcb-present.so.0.0.0
7ff450b14000-7ff450b15000 r--p 00001000 08:01 7477094                    /usr/lib/x86_64-linux-gnu/libxcb-present.so.0.0.0
7ff450b15000-7ff450b16000 rw-p 00002000 08:01 7477094                    /usr/lib/x86_64-linux-gnu/libxcb-present.so.0.0.0
7ff450b16000-7ff450b18000 r-xp 00000000 08:01 7477080                    /usr/lib/x86_64-linux-gnu/libxcb-dri3.so.0.0.0
7ff450b18000-7ff450d17000 ---p 00002000 08:01 7477080                    /usr/lib/x86_64-linux-gnu/libxcb-dri3.so.0.0.0
7ff450d17000-7ff450d18000 r--p 00001000 08:01 7477080                    /usr/lib/x86_64-linux-gnu/libxcb-dri3.so.0.0.0
7ff450d18000-7ff450d19000 rw-p 00002000 08:01 7477080                    /usr/lib/x86_64-linux-gnu/libxcb-dri3.so.0.0.0
7ff450d19000-7ff450d1d000 r-xp 00000000 08:01 7477076                    /usr/lib/x86_64-linux-gnu/libxcb-dri2.so.0.0.0
7ff450d1d000-7ff450f1c000 ---p 00004000 08:01 7477076                    /usr/lib/x86_64-linux-gnu/libxcb-dri2.so.0.0.0
7ff450f1c000-7ff450f1d000 r--p 00003000 08:01 7477076                    /usr/lib/x86_64-linux-gnu/libxcb-dri2.so.0.0.0
7ff450f1d000-7ff450f1e000 rw-p 00004000 08:01 7477076                    /usr/lib/x86_64-linux-gnu/libxcb-dri2.so.0.0.0
7ff450f1e000-7ff450f35000 r-xp 00000000 08:01 7477084                    /usr/lib/x86_64-linux-gnu/libxcb-glx.so.0.0.0
7ff450f35000-7ff451134000 ---p 00017000 08:01 7477084                    /usr/lib/x86_64-linux-gnu/libxcb-glx.so.0.0.0
7ff451134000-7ff451136000 r--p 00016000 08:01 7477084                    /usr/lib/x86_64-linux-gnu/libxcb-glx.so.0.0.0
7ff451136000-7ff451137000 rw-p 00018000 08:01 7477084                    /usr/lib/x86_64-linux-gnu/libxcb-glx.so.0.0.0
7ff451137000-7ff451138000 r-xp 00000000 08:01 7475209                    /usr/lib/x86_64-linux-gnu/libX11-xcb.so.1.0.0
7ff451138000-7ff451337000 ---p 00001000 08:01 7475209                    /usr/lib/x86_64-linux-gnu/libX11-xcb.so.1.0.0
7ff451337000-7ff451338000 r--p 00000000 08:01 7475209                    /usr/lib/x86_64-linux-gnu/libX11-xcb.so.1.0.0
7ff451338000-7ff451339000 rw-p 00001000 08:01 7475209                    /usr/lib/x86_64-linux-gnu/libX11-xcb.so.1.0.0
7ff451339000-7ff45133b000 r-xp 00000000 08:01 7475234                    /usr/lib/x86_64-linux-gnu/libXdamage.so.1.1.0
7ff45133b000-7ff45153a000 ---p 00002000 08:01 7475234                    /usr/lib/x86_64-linux-gnu/libXdamage.so.1.1.0
7ff45153a000-7ff45153b000 r--p 00001000 08:01 7475234                    /usr/lib/x86_64-linux-gnu/libXdamage.so.1.1.0
7ff45153b000-7ff45153c000 rw-p 00002000 08:01 7475234                    /usr/lib/x86_64-linux-gnu/libXdamage.so.1.1.0
7ff45153c000-7ff451561000 r-xp 00000000 08:01 7475798                    /usr/lib/x86_64-linux-gnu/libglapi.so.0.0.0
7ff451561000-7ff451761000 ---p 00025000 08:01 7475798                    /usr/lib/x86_64-linux-gnu/libglapi.so.0.0.0
7ff451761000-7ff451764000 r--p 00025000 08:01 7475798                    /usr/lib/x86_64-linux-gnu/libglapi.so.0.0.0
7ff451764000-7ff451765000 rw-p 00028000 08:01 7475798                    /usr/lib/x86_64-linux-gnu/libglapi.so.0.0.0
7ff451765000-7ff451766000 rw-p 00000000 00:00 0 
7ff451766000-7ff45178c000 r-xp 00000000 08:01 2361268                    /lib/x86_64-linux-gnu/libexpat.so.1.6.0
7ff45178c000-7ff45198b000 ---p 00026000 08:01 2361268                    /lib/x86_64-linux-gnu/libexpat.so.1.6.0
7ff45198b000-7ff45198e000 r--p 00025000 08:01 2361268                    /lib/x86_64-linux-gnu/libexpat.so.1.6.0
7ff45198e000-7ff45198f000 rw-p 00028000 08:01 2361268                    /lib/x86_64-linux-gnu/libexpat.so.1.6.0
7ff45198f000-7ff451a25000 r-xp 00000000 08:01 7475030                    /usr/lib/x86_64-linux-gnu/libGL.so.1.2.0
7ff451a25000-7ff451c24000 ---p 00096000 08:01 7475030                    /usr/lib/x86_64-linux-gnu/libGL.so.1.2.0
7ff451c24000-7ff451c27000 r--p 00095000 08:01 7475030                    /usr/lib/x86_64-linux-gnu/libGL.so.1.2.0
7ff451c27000-7ff451c28000 rw-p 00098000 08:01 7475030                    /usr/lib/x86_64-linux-gnu/libGL.so.1.2.0
7ff451c28000-7ff451c29000 rw-p 00000000 00:00 0 
7ff451c29000-7ff451c2e000 r-xp 00000000 08:01 7475238                    /usr/lib/x86_64-linux-gnu/libXdmcp.so.6.0.0
7ff451c2e000-7ff451e2d000 ---p 00005000 08:01 7475238                    /usr/lib/x86_64-linux-gnu/libXdmcp.so.6.0.0
7ff451e2d000-7ff451e2e000 rw-p 00004000 08:01 7475238                    /usr/lib/x86_64-linux-gnu/libXdmcp.so.6.0.0
7ff451e2e000-7ff451e31000 r-xp 00000000 08:01 7475219                    /usr/lib/x86_64-linux-gnu/libXau.so.6.0.0
7ff451e31000-7ff452030000 ---p 00003000 08:01 7475219                    /usr/lib/x86_64-linux-gnu/libXau.so.6.0.0
7ff452030000-7ff452031000 r--p 00002000 08:01 7475219                    /usr/lib/x86_64-linux-gnu/libXau.so.6.0.0
7ff452031000-7ff452032000 rw-p 00003000 08:01 7475219                    /usr/lib/x86_64-linux-gnu/libXau.so.6.0.0
7ff452032000-7ff452037000 r-xp 00000000 08:01 7475246                    /usr/lib/x86_64-linux-gnu/libXfixes.so.3.1.0
7ff452037000-7ff452236000 ---p 00005000 08:01 7475246                    /usr/lib/x86_64-linux-gnu/libXfixes.so.3.1.0
7ff452236000-7ff452237000 r--p 00004000 08:01 7475246                    /usr/lib/x86_64-linux-gnu/libXfixes.so.3.1.0
7ff452237000-7ff452238000 rw-p 00005000 08:01 7475246                    /usr/lib/x86_64-linux-gnu/libXfixes.so.3.1.0
7ff452238000-7ff452241000 r-xp 00000000 08:01 7475277                    /usr/lib/x86_64-linux-gnu/libXrender.so.1.3.0
7ff452241000-7ff452440000 ---p 00009000 08:01 7475277                    /usr/lib/x86_64-linux-gnu/libXrender.so.1.3.0
7ff452440000-7ff452441000 r--p 00008000 08:01 7475277                    /usr/lib/x86_64-linux-gnu/libXrender.so.1.3.0
7ff452441000-7ff452442000 rw-p 00009000 08:01 7475277                    /usr/lib/x86_64-linux-gnu/libXrender.so.1.3.0
7ff452442000-7ff452453000 r-xp 00000000 08:01 7475242                    /usr/lib/x86_64-linux-gnu/libXext.so.6.4.0
7ff452453000-7ff452652000 ---p 00011000 08:01 7475242                    /usr/lib/x86_64-linux-gnu/libXext.so.6.4.0
7ff452652000-7ff452653000 r--p 00010000 08:01 7475242                    /usr/lib/x86_64-linux-gnu/libXext.so.6.4.0
7ff452653000-7ff452654000 rw-p 00011000 08:01 7475242                    /usr/lib/x86_64-linux-gnu/libXext.so.6.4.0
7ff452654000-7ff452675000 r-xp 00000000 08:01 7477132                    /usr/lib/x86_64-linux-gnu/libxcb.so.1.1.0
7ff452675000-7ff452874000 ---p 00021000 08:01 7477132                    /usr/lib/x86_64-linux-gnu/libxcb.so.1.1.0
7ff452874000-7ff452875000 r--p 00020000 08:01 7477132                    /usr/lib/x86_64-linux-gnu/libxcb.so.1.1.0
7ff452875000-7ff452876000 rw-p 00021000 08:01 7477132                    /usr/lib/x86_64-linux-gnu/libxcb.so.1.1.0
7ff452876000-7ff452880000 r-xp 00000000 08:01 7475230                    /usr/lib/x86_64-linux-gnu/libXcursor.so.1.0.2
7ff452880000-7ff452a7f000 ---p 0000a000 08:01 7475230                    /usr/lib/x86_64-linux-gnu/libXcursor.so.1.0.2
7ff452a7f000-7ff452a80000 r--p 00009000 08:01 7475230                    /usr/lib/x86_64-linux-gnu/libXcursor.so.1.0.2
7ff452a80000-7ff452a81000 rw-p 0000a000 08:01 7475230                    /usr/lib/x86_64-linux-gnu/libXcursor.so.1.0.2
7ff452a81000-7ff452a86000 r-xp 00000000 08:01 7475297                    /usr/lib/x86_64-linux-gnu/libXxf86vm.so.1.0.0
7ff452a86000-7ff452c85000 ---p 00005000 08:01 7475297                    /usr/lib/x86_64-linux-gnu/libXxf86vm.so.1.0.0
7ff452c85000-7ff452c86000 r--p 00004000 08:01 7475297                    /usr/lib/x86_64-linux-gnu/libXxf86vm.so.1.0.0
7ff452c86000-7ff452c87000 rw-p 00005000 08:01 7475297                    /usr/lib/x86_64-linux-gnu/libXxf86vm.so.1.0.0
7ff452c87000-7ff452c96000 r-xp 00000000 08:01 7475256                    /usr/lib/x86_64-linux-gnu/libXi.so.6.1.0
7ff452c96000-7ff452e95000 ---p 0000f000 08:01 7475256                    /usr/lib/x86_64-linux-gnu/libXi.so.6.1.0
7ff452e95000-7ff452e96000 r--p 0000e000 08:01 7475256                    /usr/lib/x86_64-linux-gnu/libXi.so.6.1.0
7ff452e96000-7ff452e97000 rw-p 0000f000 08:01 7475256                    /usr/lib/x86_64-linux-gnu/libXi.so.6.1.0
7ff452e97000-7ff452e99000 r-xp 00000000 08:01 7475260                    /usr/lib/x86_64-linux-gnu/libXinerama.so.1.0.0
7ff452e99000-7ff453098000 ---p 00002000 08:01 7475260                    /usr/lib/x86_64-linux-gnu/libXinerama.so.1.0.0
7ff453098000-7ff453099000 r--p 00001000 08:01 7475260                    /usr/lib/x86_64-linux-gnu/libXinerama.so.1.0.0
7ff453099000-7ff45309a000 rw-p 00002000 08:01 7475260                    /usr/lib/x86_64-linux-gnu/libXinerama.so.1.0.0
7ff45309a000-7ff4530a3000 r-xp 00000000 08:01 7475273                    /usr/lib/x86_64-linux-gnu/libXrandr.so.2.2.0
7ff4530a3000-7ff4532a2000 ---p 00009000 08:01 7475273                    /usr/lib/x86_64-linux-gnu/libXrandr.so.2.2.0
7ff4532a2000-7ff4532a3000 r--p 00008000 08:01 7475273                    /usr/lib/x86_64-linux-gnu/libXrandr.so.2.2.0
7ff4532a3000-7ff4532a4000 rw-p 00009000 08:01 7475273                    /usr/lib/x86_64-linux-gnu/libXrandr.so.2.2.0
7ff4532a4000-7ff4533e0000 r-xp 00000000 08:01 7475213                    /usr/lib/x86_64-linux-gnu/libX11.so.6.3.0
7ff4533e0000-7ff4535df000 ---p 0013c000 08:01 7475213                    /usr/lib/x86_64-linux-gnu/libX11.so.6.3.0
7ff4535df000-7ff4535e1000 r--p 0013b000 08:01 7475213                    /usr/lib/x86_64-linux-gnu/libX11.so.6.3.0
7ff4535e1000-7ff4535e6000 rw-p 0013d000 08:01 7475213                    /usr/lib/x86_64-linux-gnu/libX11.so.6.3.0
7ff4535e6000-7ff4535e7000 rw-p 00000000 00:00 0 
7ff4535e7000-7ff4535eb000 r-xp 00000000 08:01 3801170                    /root/Desktop/Programming/Java/Elements Game/lib/lwjgl/native/libglfw.so
7ff4535eb000-7ff4535ff000 r-xp 00000000 00:00 0 
7ff4535ff000-7ff4537fe000 ---p 00018000 08:01 3801170                    /root/Desktop/Programming/Java/Elements Game/lib/lwjgl/native/libglfw.so
7ff4537fe000-7ff4537ff000 rw-p 0000d000 08:01 3801170                    /root/Desktop/Programming/Java/Elements Game/lib/lwjgl/native/libglfw.so
7ff4537ff000-7ff453c00000 rw-p 00000000 00:00 0 
7ff453dbe000-7ff453dc1000 r-xp 00000000 08:01 3801176                    /root/Desktop/Programming/Java/Elements Game/lib/lwjgl/native/libjemalloc.so
7ff453dc1000-7ff453dfd000 r-xp 00000000 00:00 0 
7ff453dfd000-7ff453ffc000 ---p 0003f000 08:01 3801176                    /root/Desktop/Programming/Java/Elements Game/lib/lwjgl/native/libjemalloc.so
7ff453ffc000-7ff453ffe000 r--p 0001c000 08:01 3801176                    /root/Desktop/Programming/Java/Elements Game/lib/lwjgl/native/libjemalloc.so
7ff453ffe000-7ff453fff000 rw-p 0001e000 08:01 3801176                    /root/Desktop/Programming/Java/Elements Game/lib/lwjgl/native/libjemalloc.so
7ff453fff000-7ff454000000 rw-p 00000000 00:00 0 
7ff454000000-7ff454021000 rw-p 00000000 00:00 0 
7ff454021000-7ff458000000 ---p 00000000 00:00 0 
7ff458107000-7ff458114000 r-xp 00000000 08:01 3801182                    /root/Desktop/Programming/Java/Elements Game/lib/lwjgl/native/liblwjgl.so
7ff458114000-7ff458168000 r-xp 00000000 00:00 0 
7ff458168000-7ff458367000 ---p 00061000 08:01 3801182                    /root/Desktop/Programming/Java/Elements Game/lib/lwjgl/native/liblwjgl.so
7ff458367000-7ff458369000 rw-p 00033000 08:01 3801182                    /root/Desktop/Programming/Java/Elements Game/lib/lwjgl/native/liblwjgl.so
7ff458369000-7ff45836a000 rw-p 00000000 00:00 0 
7ff45836a000-7ff45836b000 ---p 00000000 00:00 0 
7ff45836b000-7ff45846b000 rw-p 00000000 00:00 0                          [stack:21129]
7ff45846b000-7ff45846e000 ---p 00000000 00:00 0 
7ff45846e000-7ff45856c000 rw-p 00000000 00:00 0                          [stack:21128]
7ff45856c000-7ff45856f000 ---p 00000000 00:00 0 
7ff45856f000-7ff45866d000 rw-p 00000000 00:00 0                          [stack:21127]
7ff45866d000-7ff458670000 ---p 00000000 00:00 0 
7ff458670000-7ff45876e000 rw-p 00000000 00:00 0                          [stack:21126]
7ff45876e000-7ff458771000 ---p 00000000 00:00 0 
7ff458771000-7ff45886f000 rw-p 00000000 00:00 0                          [stack:21125]
7ff45886f000-7ff458872000 ---p 00000000 00:00 0 
7ff458872000-7ff458970000 rw-p 00000000 00:00 0                          [stack:21124]
7ff458970000-7ff458aa0000 r--p 00000000 08:01 6817861                    /usr/lib/locale/fr_LU.utf8/LC_COLLATE
7ff458aa0000-7ff458aa3000 ---p 00000000 00:00 0 
7ff458aa3000-7ff458ba1000 rw-p 00000000 00:00 0                          [stack:21123]
7ff458ba1000-7ff458ba4000 ---p 00000000 00:00 0 
7ff458ba4000-7ff458ca2000 rw-p 00000000 00:00 0                          [stack:21122]
7ff458ca2000-7ff458ca3000 ---p 00000000 00:00 0 
7ff458ca3000-7ff45a270000 rw-p 00000000 00:00 0                          [stack:21121]
7ff45a270000-7ff45a2b0000 ---p 00000000 00:00 0 
7ff45a2b0000-7ff45c000000 rw-p 00000000 00:00 0 
7ff45c000000-7ff45c021000 rw-p 00000000 00:00 0 
7ff45c021000-7ff460000000 ---p 00000000 00:00 0 
7ff460030000-7ff460031000 rw-p 00000000 00:00 0 
7ff460031000-7ff460033000 rw-s 00000000 00:05 242464                     /drm mm object (deleted)
7ff460033000-7ff460043000 rw-s 112a74000 00:06 13722                     /dev/dri/card0
7ff460043000-7ff460044000 rwxp 00000000 00:00 0 
7ff460044000-7ff460054000 rw-s 11286f000 00:06 13722                     /dev/dri/card0
7ff460054000-7ff460056000 rw-s 00000000 00:05 243180                     /drm mm object (deleted)
7ff460056000-7ff460057000 rw-s 00000000 00:05 243175                     /drm mm object (deleted)
7ff460057000-7ff460058000 rwxp 00000000 00:00 0 
7ff460058000-7ff460073000 r--s 001e6000 08:01 3670575                    /root/Desktop/Programming/Java/Elements Game/lib/lwjgl/jar/lwjgl.jar
7ff460073000-7ff460074000 r--s 00000000 08:01 2106122                    /root/Desktop/Programming/Java/Elements Game/run.jar
7ff460074000-7ff4600b3000 r--p 00000000 08:01 6817862                    /usr/lib/locale/fr_LU.utf8/LC_CTYPE
7ff4600b3000-7ff4600b4000 r--p 00000000 08:01 6818401                    /usr/lib/locale/ig_NG/LC_NUMERIC
7ff4600b4000-7ff4600b5000 r--p 00000000 08:01 6816780                    /usr/lib/locale/en_US.utf8/LC_TIME
7ff4600b5000-7ff4600b6000 r--p 00000000 08:01 6816775                    /usr/lib/locale/en_US.utf8/LC_MONETARY
7ff4600b6000-7ff4602b8000 rw-p 00000000 00:00 0 
7ff4602b8000-7ff460491000 r--s 03d20000 08:01 7085982                    /usr/lib/jvm/java-8-oracle/jre/lib/rt.jar
7ff460491000-7ff460666000 rw-p 00000000 00:00 0 
7ff460666000-7ff460667000 ---p 00000000 00:00 0 
7ff460667000-7ff460767000 rw-p 00000000 00:00 0                          [stack:21120]
7ff460767000-7ff460768000 ---p 00000000 00:00 0 
7ff460768000-7ff460868000 rw-p 00000000 00:00 0                          [stack:21119]
7ff460868000-7ff460869000 ---p 00000000 00:00 0 
7ff460869000-7ff460969000 rw-p 00000000 00:00 0                          [stack:21118]
7ff460969000-7ff46096a000 ---p 00000000 00:00 0 
7ff46096a000-7ff460a7e000 rw-p 00000000 00:00 0                          [stack:21117]
7ff460a7e000-7ff460ba2000 ---p 00000000 00:00 0 
7ff460ba2000-7ff460bad000 rw-p 00000000 00:00 0 
7ff460bad000-7ff460c3f000 ---p 00000000 00:00 0 
7ff460c3f000-7ff460c4a000 rw-p 00000000 00:00 0 
7ff460c4a000-7ff461000000 ---p 00000000 00:00 0 
7ff461000000-7ff461270000 rwxp 00000000 00:00 0 
7ff461270000-7ff470000000 ---p 00000000 00:00 0 
7ff470000000-7ff470793000 rw-p 00000000 00:00 0 
7ff470793000-7ff474000000 ---p 00000000 00:00 0 
7ff474000000-7ff474001000 r--p 00000000 08:01 6816774                    /usr/lib/locale/en_US.utf8/LC_MESSAGES/SYS_LC_MESSAGES
7ff474001000-7ff474002000 r--p 00000000 08:01 6817464                    /usr/lib/locale/es_VE.utf8/LC_PAPER
7ff474002000-7ff474003000 r--p 00000000 08:01 6817994                    /usr/lib/locale/gd_GB.utf8/LC_NAME
7ff474003000-7ff474066000 rw-p 00000000 00:00 0 
7ff474066000-7ff47418b000 ---p 00000000 00:00 0 
7ff47418b000-7ff4741a5000 r-xp 00000000 08:01 7216047                    /usr/lib/jvm/java-8-oracle/jre/lib/amd64/libzip.so
7ff4741a5000-7ff4743a5000 ---p 0001a000 08:01 7216047                    /usr/lib/jvm/java-8-oracle/jre/lib/amd64/libzip.so
7ff4743a5000-7ff4743a6000 rw-p 0001a000 08:01 7216047                    /usr/lib/jvm/java-8-oracle/jre/lib/amd64/libzip.so
7ff4743a6000-7ff4743b1000 r-xp 00000000 08:01 2361332                    /lib/x86_64-linux-gnu/libnss_files-2.19.so
7ff4743b1000-7ff4745b0000 ---p 0000b000 08:01 2361332                    /lib/x86_64-linux-gnu/libnss_files-2.19.so
7ff4745b0000-7ff4745b1000 r--p 0000a000 08:01 2361332                    /lib/x86_64-linux-gnu/libnss_files-2.19.so
7ff4745b1000-7ff4745b2000 rw-p 0000b000 08:01 2361332                    /lib/x86_64-linux-gnu/libnss_files-2.19.so
7ff4745b2000-7ff4745bc000 r-xp 00000000 08:01 2361343                    /lib/x86_64-linux-gnu/libnss_nis-2.19.so
7ff4745bc000-7ff4747bb000 ---p 0000a000 08:01 2361343                    /lib/x86_64-linux-gnu/libnss_nis-2.19.so
7ff4747bb000-7ff4747bc000 r--p 00009000 08:01 2361343                    /lib/x86_64-linux-gnu/libnss_nis-2.19.so
7ff4747bc000-7ff4747bd000 rw-p 0000a000 08:01 2361343                    /lib/x86_64-linux-gnu/libnss_nis-2.19.so
7ff4747bd000-7ff4747d2000 r-xp 00000000 08:01 2361326                    /lib/x86_64-linux-gnu/libnsl-2.19.so
7ff4747d2000-7ff4749d1000 ---p 00015000 08:01 2361326                    /lib/x86_64-linux-gnu/libnsl-2.19.so
7ff4749d1000-7ff4749d2000 r--p 00014000 08:01 2361326                    /lib/x86_64-linux-gnu/libnsl-2.19.so
7ff4749d2000-7ff4749d3000 rw-p 00015000 08:01 2361326                    /lib/x86_64-linux-gnu/libnsl-2.19.so
7ff4749d3000-7ff4749d5000 rw-p 00000000 00:00 0 
7ff4749d5000-7ff4749dc000 r-xp 00000000 08:01 2361328                    /lib/x86_64-linux-gnu/libnss_compat-2.19.so
7ff4749dc000-7ff474bdb000 ---p 00007000 08:01 2361328                    /lib/x86_64-linux-gnu/libnss_compat-2.19.so
7ff474bdb000-7ff474bdc000 r--p 00006000 08:01 2361328                    /lib/x86_64-linux-gnu/libnss_compat-2.19.so
7ff474bdc000-7ff474bdd000 rw-p 00007000 08:01 2361328                    /lib/x86_64-linux-gnu/libnss_compat-2.19.so
7ff474bdd000-7ff474c07000 r-xp 00000000 08:01 7216042                    /usr/lib/jvm/java-8-oracle/jre/lib/amd64/libjava.so
7ff474c07000-7ff474e07000 ---p 0002a000 08:01 7216042                    /usr/lib/jvm/java-8-oracle/jre/lib/amd64/libjava.so
7ff474e07000-7ff474e09000 rw-p 0002a000 08:01 7216042                    /usr/lib/jvm/java-8-oracle/jre/lib/amd64/libjava.so
7ff474e09000-7ff474e16000 r-xp 00000000 08:01 7216046                    /usr/lib/jvm/java-8-oracle/jre/lib/amd64/libverify.so
7ff474e16000-7ff475016000 ---p 0000d000 08:01 7216046                    /usr/lib/jvm/java-8-oracle/jre/lib/amd64/libverify.so
7ff475016000-7ff475018000 rw-p 0000d000 08:01 7216046                    /usr/lib/jvm/java-8-oracle/jre/lib/amd64/libverify.so
7ff475018000-7ff47501f000 r-xp 00000000 08:01 2361378                    /lib/x86_64-linux-gnu/librt-2.19.so
7ff47501f000-7ff47521e000 ---p 00007000 08:01 2361378                    /lib/x86_64-linux-gnu/librt-2.19.so
7ff47521e000-7ff47521f000 r--p 00006000 08:01 2361378                    /lib/x86_64-linux-gnu/librt-2.19.so
7ff47521f000-7ff475220000 rw-p 00007000 08:01 2361378                    /lib/x86_64-linux-gnu/librt-2.19.so
7ff475220000-7ff475320000 r-xp 00000000 08:01 2361305                    /lib/x86_64-linux-gnu/libm-2.19.so
7ff475320000-7ff47551f000 ---p 00100000 08:01 2361305                    /lib/x86_64-linux-gnu/libm-2.19.so
7ff47551f000-7ff475520000 r--p 000ff000 08:01 2361305                    /lib/x86_64-linux-gnu/libm-2.19.so
7ff475520000-7ff475521000 rw-p 00100000 08:01 2361305                    /lib/x86_64-linux-gnu/libm-2.19.so
7ff475521000-7ff4761df000 r-xp 00000000 08:01 7216025                    /usr/lib/jvm/java-8-oracle/jre/lib/amd64/server/libjvm.so
7ff4761df000-7ff4763de000 ---p 00cbe000 08:01 7216025                    /usr/lib/jvm/java-8-oracle/jre/lib/amd64/server/libjvm.so
7ff4763de000-7ff4764b7000 rw-p 00cbd000 08:01 7216025                    /usr/lib/jvm/java-8-oracle/jre/lib/amd64/server/libjvm.so
7ff4764b7000-7ff4764fb000 rw-p 00000000 00:00 0 
7ff4764fb000-7ff47669a000 r-xp 00000000 08:01 2361245                    /lib/x86_64-linux-gnu/libc-2.19.so
7ff47669a000-7ff47689a000 ---p 0019f000 08:01 2361245                    /lib/x86_64-linux-gnu/libc-2.19.so
7ff47689a000-7ff47689e000 r--p 0019f000 08:01 2361245                    /lib/x86_64-linux-gnu/libc-2.19.so
7ff47689e000-7ff4768a0000 rw-p 001a3000 08:01 2361245                    /lib/x86_64-linux-gnu/libc-2.19.so
7ff4768a0000-7ff4768a4000 rw-p 00000000 00:00 0 
7ff4768a4000-7ff4768a7000 r-xp 00000000 08:01 2361261                    /lib/x86_64-linux-gnu/libdl-2.19.so
7ff4768a7000-7ff476aa6000 ---p 00003000 08:01 2361261                    /lib/x86_64-linux-gnu/libdl-2.19.so
7ff476aa6000-7ff476aa7000 r--p 00002000 08:01 2361261                    /lib/x86_64-linux-gnu/libdl-2.19.so
7ff476aa7000-7ff476aa8000 rw-p 00003000 08:01 2361261                    /lib/x86_64-linux-gnu/libdl-2.19.so
7ff476aa8000-7ff476abd000 r-xp 00000000 08:01 7216020                    /usr/lib/jvm/java-8-oracle/jre/lib/amd64/jli/libjli.so
7ff476abd000-7ff476cbd000 ---p 00015000 08:01 7216020                    /usr/lib/jvm/java-8-oracle/jre/lib/amd64/jli/libjli.so
7ff476cbd000-7ff476cbe000 rw-p 00015000 08:01 7216020                    /usr/lib/jvm/java-8-oracle/jre/lib/amd64/jli/libjli.so
7ff476cbe000-7ff476cd6000 r-xp 00000000 08:01 2361370                    /lib/x86_64-linux-gnu/libpthread-2.19.so
7ff476cd6000-7ff476ed5000 ---p 00018000 08:01 2361370                    /lib/x86_64-linux-gnu/libpthread-2.19.so
7ff476ed5000-7ff476ed6000 r--p 00017000 08:01 2361370                    /lib/x86_64-linux-gnu/libpthread-2.19.so
7ff476ed6000-7ff476ed7000 rw-p 00018000 08:01 2361370                    /lib/x86_64-linux-gnu/libpthread-2.19.so
7ff476ed7000-7ff476edb000 rw-p 00000000 00:00 0 
7ff476edb000-7ff476efb000 r-xp 00000000 08:01 2361219                    /lib/x86_64-linux-gnu/ld-2.19.so
7ff476efb000-7ff476fcc000 rw-p 00000000 00:00 0 
7ff476fcc000-7ff476fcf000 ---p 00000000 00:00 0 
7ff476fcf000-7ff4770d1000 rw-p 00000000 00:00 0                          [stack:21116]
7ff4770d1000-7ff4770d2000 r--p 00000000 08:01 6816768                    /usr/lib/locale/en_US.utf8/LC_ADDRESS
7ff4770d2000-7ff4770d3000 r--p 00000000 08:01 6816779                    /usr/lib/locale/en_US.utf8/LC_TELEPHONE
7ff4770d3000-7ff4770d4000 r--p 00000000 08:01 6817318                    /usr/lib/locale/es_PR.utf8/LC_MEASUREMENT
7ff4770d4000-7ff4770db000 r--s 00000000 08:01 7473973                    /usr/lib/x86_64-linux-gnu/gconv/gconv-modules.cache
7ff4770db000-7ff4770dc000 r--p 00000000 08:01 6816771                    /usr/lib/locale/en_US.utf8/LC_IDENTIFICATION
7ff4770dc000-7ff4770ef000 rw-p 00000000 00:00 0 
7ff4770ef000-7ff4770f7000 rw-s 00000000 08:01 4194373                    /tmp/hsperfdata_root/21115
7ff4770f7000-7ff4770f8000 rw-p 00000000 00:00 0 
7ff4770f8000-7ff4770f9000 r--p 00000000 00:00 0 
7ff4770f9000-7ff4770fb000 rw-p 00000000 00:00 0 
7ff4770fb000-7ff4770fc000 r--p 00020000 08:01 2361219                    /lib/x86_64-linux-gnu/ld-2.19.so
7ff4770fc000-7ff4770fd000 rw-p 00021000 08:01 2361219                    /lib/x86_64-linux-gnu/ld-2.19.so
7ff4770fd000-7ff4770fe000 rw-p 00000000 00:00 0 
7ffd0dc7d000-7ffd0dc9e000 rw-p 00000000 00:00 0                          [stack]
7ffd0dd78000-7ffd0dd7a000 r--p 00000000 00:00 0                          [vvar]
7ffd0dd7a000-7ffd0dd7c000 r-xp 00000000 00:00 0                          [vdso]
ffffffffff600000-ffffffffff601000 r-xp 00000000 00:00 0                  [vsyscall]

VM Arguments:
java_command: run.jar
java_class_path (initial): run.jar
Launcher Type: SUN_STANDARD

Environment Variables:
PATH=/usr/local/sbin:/usr/local/bin:/usr/sbin:/usr/bin:/sbin:/bin
USERNAME=root
SHELL=/bin/bash
DISPLAY=:0

Signal Handlers:
SIGSEGV: [libjvm.so+0xaba2a0], sa_mask[0]=11111111011111111101111111111110, sa_flags=SA_RESTART|SA_SIGINFO
SIGBUS: [libjvm.so+0xaba2a0], sa_mask[0]=11111111011111111101111111111110, sa_flags=SA_RESTART|SA_SIGINFO
SIGFPE: [libjvm.so+0x917710], sa_mask[0]=11111111011111111101111111111110, sa_flags=SA_RESTART|SA_SIGINFO
SIGPIPE: [libjvm.so+0x917710], sa_mask[0]=11111111011111111101111111111110, sa_flags=SA_RESTART|SA_SIGINFO
SIGXFSZ: [libjvm.so+0x917710], sa_mask[0]=11111111011111111101111111111110, sa_flags=SA_RESTART|SA_SIGINFO
SIGILL: [libjvm.so+0x917710], sa_mask[0]=11111111011111111101111111111110, sa_flags=SA_RESTART|SA_SIGINFO
SIGUSR1: SIG_DFL, sa_mask[0]=00000000000000000000000000000000, sa_flags=none
SIGUSR2: [libjvm.so+0x918d40], sa_mask[0]=00000000000000000000000000000000, sa_flags=SA_RESTART|SA_SIGINFO
SIGHUP: [libjvm.so+0x91a140], sa_mask[0]=11111111011111111101111111111110, sa_flags=SA_RESTART|SA_SIGINFO
SIGINT: [libjvm.so+0x91a140], sa_mask[0]=11111111011111111101111111111110, sa_flags=SA_RESTART|SA_SIGINFO
SIGTERM: [libjvm.so+0x91a140], sa_mask[0]=11111111011111111101111111111110, sa_flags=SA_RESTART|SA_SIGINFO
SIGQUIT: [libjvm.so+0x91a140], sa_mask[0]=11111111011111111101111111111110, sa_flags=SA_RESTART|SA_SIGINFO


---------------  S Y S T E M  ---------------

OS:DISTRIB_ID=Kali
DISTRIB_RELEASE=2.0
DISTRIB_CODENAME=sana
DISTRIB_DESCRIPTION="Kali GNU/Linux 2.0"

uname:Linux 4.0.0-kali1-amd64 #1 SMP Debian 4.0.4-1+kali2 (2015-06-03) x86_64
libc:glibc 2.19 NPTL 2.19 
rlimit: STACK 8192k, CORE 0k, NPROC 14918, NOFILE 65536, AS infinity
load average:0.77 0.49 0.53

/proc/meminfo:
MemTotal:        3840348 kB
MemFree:          779708 kB
MemAvailable:    2133212 kB
Buffers:          282168 kB
Cached:          1325672 kB
SwapCached:            0 kB
Active:          2098584 kB
Inactive:         749104 kB
Active(anon):    1222512 kB
Inactive(anon):   164780 kB
Active(file):     876072 kB
Inactive(file):   584324 kB
Unevictable:           0 kB
Mlocked:               0 kB
SwapTotal:       7959548 kB
SwapFree:        7950980 kB
Dirty:              2416 kB
Writeback:             0 kB
AnonPages:       1239964 kB
Mapped:           238352 kB
Shmem:            147448 kB
Slab:             151936 kB
SReclaimable:     124088 kB
SUnreclaim:        27848 kB
KernelStack:        6496 kB
PageTables:        24352 kB
NFS_Unstable:          0 kB
Bounce:                0 kB
WritebackTmp:          0 kB
CommitLimit:     9879720 kB
Committed_AS:    3895608 kB
VmallocTotal:   34359738367 kB
VmallocUsed:      546724 kB
VmallocChunk:   34359185600 kB
HardwareCorrupted:     0 kB
AnonHugePages:         0 kB
HugePages_Total:       0
HugePages_Free:        0
HugePages_Rsvd:        0
HugePages_Surp:        0
Hugepagesize:       2048 kB
DirectMap4k:      126732 kB
DirectMap2M:     3854336 kB


CPU:total 4 (2 cores per cpu, 2 threads per core) family 6 model 37 stepping 5, cmov, cx8, fxsr, mmx, sse, sse2, sse3, ssse3, sse4.1, sse4.2, popcnt, aes, clmul, ht, tsc, tscinvbit

/proc/cpuinfo:
processor	: 0
vendor_id	: GenuineIntel
cpu family	: 6
model		: 37
model name	: Intel(R) Core(TM) i7 CPU       L 640  @ 2.13GHz
stepping	: 5
microcode	: 0x4
cpu MHz		: 1599.000
cache size	: 4096 KB
physical id	: 0
siblings	: 4
core id		: 0
cpu cores	: 2
apicid		: 0
initial apicid	: 0
fpu		: yes
fpu_exception	: yes
cpuid level	: 11
wp		: yes
flags		: fpu vme de pse tsc msr pae mce cx8 apic sep mtrr pge mca cmov pat pse36 clflush dts acpi mmx fxsr sse sse2 ss ht tm pbe syscall nx rdtscp lm constant_tsc arch_perfmon pebs bts rep_good nopl xtopology nonstop_tsc aperfmperf pni pclmulqdq dtes64 monitor ds_cpl vmx smx est tm2 ssse3 cx16 xtpr pdcm pcid sse4_1 sse4_2 popcnt aes lahf_lm ida arat dtherm tpr_shadow vnmi flexpriority ept vpid
bugs		:
bogomips	: 4255.88
clflush size	: 64
cache_alignment	: 64
address sizes	: 36 bits physical, 48 bits virtual
power management:

processor	: 1
vendor_id	: GenuineIntel
cpu family	: 6
model		: 37
model name	: Intel(R) Core(TM) i7 CPU       L 640  @ 2.13GHz
stepping	: 5
microcode	: 0x4
cpu MHz		: 2134.000
cache size	: 4096 KB
physical id	: 0
siblings	: 4
core id		: 0
cpu cores	: 2
apicid		: 1
initial apicid	: 1
fpu		: yes
fpu_exception	: yes
cpuid level	: 11
wp		: yes
flags		: fpu vme de pse tsc msr pae mce cx8 apic sep mtrr pge mca cmov pat pse36 clflush dts acpi mmx fxsr sse sse2 ss ht tm pbe syscall nx rdtscp lm constant_tsc arch_perfmon pebs bts rep_good nopl xtopology nonstop_tsc aperfmperf pni pclmulqdq dtes64 monitor ds_cpl vmx smx est tm2 ssse3 cx16 xtpr pdcm pcid sse4_1 sse4_2 popcnt aes lahf_lm ida arat dtherm tpr_shadow vnmi flexpriority ept vpid
bugs		:
bogomips	: 4255.88
clflush size	: 64
cache_alignment	: 64
address sizes	: 36 bits physical, 48 bits virtual
power management:

processor	: 2
vendor_id	: GenuineIntel
cpu family	: 6
model		: 37
model name	: Intel(R) Core(TM) i7 CPU       L 640  @ 2.13GHz
stepping	: 5
microcode	: 0x4
cpu MHz		: 2134.000
cache size	: 4096 KB
physical id	: 0
siblings	: 4
core id		: 2
cpu cores	: 2
apicid		: 4
initial apicid	: 4
fpu		: yes
fpu_exception	: yes
cpuid level	: 11
wp		: yes
flags		: fpu vme de pse tsc msr pae mce cx8 apic sep mtrr pge mca cmov pat pse36 clflush dts acpi mmx fxsr sse sse2 ss ht tm pbe syscall nx rdtscp lm constant_tsc arch_perfmon pebs bts rep_good nopl xtopology nonstop_tsc aperfmperf pni pclmulqdq dtes64 monitor ds_cpl vmx smx est tm2 ssse3 cx16 xtpr pdcm pcid sse4_1 sse4_2 popcnt aes lahf_lm ida arat dtherm tpr_shadow vnmi flexpriority ept vpid
bugs		:
bogomips	: 4255.88
clflush size	: 64
cache_alignment	: 64
address sizes	: 36 bits physical, 48 bits virtual
power management:

processor	: 3
vendor_id	: GenuineIntel
cpu family	: 6
model		: 37
model name	: Intel(R) Core(TM) i7 CPU       L 640  @ 2.13GHz
stepping	: 5
microcode	: 0x4
cpu MHz		: 1466.000
cache size	: 4096 KB
physical id	: 0
siblings	: 4
core id		: 2
cpu cores	: 2
apicid		: 5
initial apicid	: 5
fpu		: yes
fpu_exception	: yes
cpuid level	: 11
wp		: yes
flags		: fpu vme de pse tsc msr pae mce cx8 apic sep mtrr pge mca cmov pat pse36 clflush dts acpi mmx fxsr sse sse2 ss ht tm pbe syscall nx rdtscp lm constant_tsc arch_perfmon pebs bts rep_good nopl xtopology nonstop_tsc aperfmperf pni pclmulqdq dtes64 monitor ds_cpl vmx smx est tm2 ssse3 cx16 xtpr pdcm pcid sse4_1 sse4_2 popcnt aes lahf_lm ida arat dtherm tpr_shadow vnmi flexpriority ept vpid
bugs		:
bogomips	: 4255.88
clflush size	: 64
cache_alignment	: 64
address sizes	: 36 bits physical, 48 bits virtual
power management:



Memory: 4k page, physical 3840348k(779708k free), swap 7959548k(7950980k free)

vm_info: Java HotSpot(TM) 64-Bit Server VM (25.66-b17) for linux-amd64 JRE (1.8.0_66-b17), built on Oct  6 2015 17:28:34 by "java_re" with gcc 4.3.0 20080428 (Red Hat 4.3.0-8)

time: Sun Jan  3 11:25:51 2016
elapsed time: 0 seconds (0d 0h 0m 0s)

